"../../../sep6/Content/CaptureBlueprint.uasset" 0
"../../../Engine/Content/BasicShapes/BasicShapeMaterial.uasset" 1
"../../../Engine/Content/Functions/Engine_MaterialFunctions01/Opacity/CameraDepthFade.uasset" 2
"../../../Engine/Content/EngineMaterials/T_Default_Material_Grid_M.uasset" 3
"../../../Engine/Content/EngineMaterials/T_Default_Material_Grid_N.uasset" 4
"../../../Engine/Content/EngineMaterials/WorldGridMaterial.uasset" 5
"../../../Engine/Content/BasicShapes/Cube.uasset" 6
"../../../sep6/Content/FloorTrigger.uasset" 7
"../../../sep6/Content/lambert1.uasset" 8
"../../../sep6/Content/TestDoor.uasset" 9
"../../../sep6/Content/wtf_BuiltData.uasset" 10
"../../../sep6/Content/AnimStarterPack/UE4_Mannequin/Mesh/UE4_Mannequin_Skeleton.uasset" 11
"../../../sep6/Content/AnimStarterPack/Aim_Space_Hip.uasset" 12
"../../../sep6/Content/AnimStarterPack/Aim_Space_Ironsights.uasset" 13
"../../../sep6/Content/AnimStarterPack/Crouch_to_Stand_Rifle_Hip.uasset" 14
"../../../sep6/Content/AnimStarterPack/Crouch_to_Stand_Rifle_Ironsights.uasset" 15
"../../../sep6/Content/AnimStarterPack/Crouch_Walk_Bwd_Rifle_Ironsights.uasset" 16
"../../../sep6/Content/AnimStarterPack/Crouch_Walk_Lt_Rifle_Ironsights.uasset" 17
"../../../sep6/Content/AnimStarterPack/Crouch_Walk_Rt_Rifle_Ironsights.uasset" 18
"../../../sep6/Content/AnimStarterPack/Death_1.uasset" 19
"../../../sep6/Content/AnimStarterPack/Death_2.uasset" 20
"../../../sep6/Content/AnimStarterPack/Death_3.uasset" 21
"../../../sep6/Content/AnimStarterPack/Death_Ironsights_1.uasset" 22
"../../../sep6/Content/AnimStarterPack/Death_Ironsights_2.uasset" 23
"../../../sep6/Content/AnimStarterPack/Equip_Rifle_Standing.uasset" 24
"../../../sep6/Content/AnimStarterPack/Fire_Rifle_Hip.uasset" 25
"../../../sep6/Content/AnimStarterPack/Fire_Shotgun_Hip.uasset" 26
"../../../sep6/Content/AnimStarterPack/Fire_Shotgun_Ironsights.uasset" 27
"../../../sep6/Content/AnimStarterPack/Hit_React_4.uasset" 28
"../../../sep6/Content/AnimStarterPack/Idle_Pistol.uasset" 29
"../../../sep6/Content/AnimStarterPack/Idle_Rifle_Ironsights.uasset" 30
"../../../sep6/Content/AnimStarterPack/Jump_From_Stand_Ironsights.uasset" 31
"../../../sep6/Content/AnimStarterPack/Prone_Death_1.uasset" 32
"../../../sep6/Content/AnimStarterPack/Prone_Death_2.uasset" 33
"../../../sep6/Content/AnimStarterPack/Prone_Fire_1.uasset" 34
"../../../sep6/Content/AnimStarterPack/Prone_Fire_2.uasset" 35
"../../../sep6/Content/AnimStarterPack/Prone_Idle.uasset" 36
"../../../sep6/Content/AnimStarterPack/Prone_Reload_Rifle.uasset" 37
"../../../sep6/Content/AnimStarterPack/Prone_Reload_Shotgun.uasset" 38
"../../../sep6/Content/AnimStarterPack/Prone_To_Stand.uasset" 39
"../../../sep6/Content/AnimStarterPack/Reload_Pistol.uasset" 40
"../../../sep6/Content/AnimStarterPack/Reload_Rifle_Ironsights.uasset" 41
"../../../sep6/Content/AnimStarterPack/Reload_Shotgun_Hip.uasset" 42
"../../../sep6/Content/AnimStarterPack/Reload_Shotgun_Ironsights.uasset" 43
"../../../sep6/Content/AnimStarterPack/Sprint_Fwd_Rifle.uasset" 44
"../../../sep6/Content/AnimStarterPack/Stand_to_Crouch_Rifle_Hip.uasset" 45
"../../../sep6/Content/AnimStarterPack/Stand_to_Crouch_Rifle_Ironsights.uasset" 46
"../../../sep6/Content/AnimStarterPack/Stand_To_Prone.uasset" 47
"../../../sep6/Content/AnimStarterPack/Walk_Bwd_Rifle_Ironsights.uasset" 48
"../../../sep6/Content/AnimStarterPack/Walk_Lt_Rifle_Ironsights.uasset" 49
"../../../sep6/Content/AnimStarterPack/Walk_Rt_Rifle_Ironsights.uasset" 50
"../../../sep6/Content/FPSWeaponPackVol2/Weapons/Textures/Patterns/T_Stripes__Pattern.uasset" 51
"../../../sep6/Content/FPSWeaponPackVol2/Weapons/Textures/Shot12/T_Shot12_ALB.uasset" 52
"../../../sep6/Content/FPSWeaponPackVol2/Weapons/Textures/Shot12/T_Shot12_M_MSK.uasset" 53
"../../../sep6/Content/FPSWeaponPackVol2/Weapons/Textures/Shot12/T_Shot12_NRM.uasset" 54
"../../../sep6/Content/FPSWeaponPackVol2/Weapons/Materials/Master_Material/M_Weapon_Master.uasset" 55
"../../../sep6/Content/FPSWeaponPackVol2/Weapons/Textures/1911/T_1911_Classic_ALB.uasset" 56
"../../../sep6/Content/FPSWeaponPackVol2/Weapons/Textures/1911/T_1911_Classic_M_MSK.uasset" 57
"../../../sep6/Content/FPSWeaponPackVol2/Weapons/Textures/1911/T_1911_Classic_NRM.uasset" 58
"../../../sep6/Content/FPSWeaponPackVol2/Weapons/Materials/1911/M_Classic_1911.uasset" 59
"../../../sep6/Content/FPSWeaponPackVol2/Weapons/Materials/1911/M_Classic_1911_Striped.uasset" 60
"../../../sep6/Content/FPSWeaponPackVol2/Weapons/Textures/1911/T_1911_Modern_ALB.uasset" 61
"../../../sep6/Content/FPSWeaponPackVol2/Weapons/Textures/1911/T_1911_Modern_M_MSK.uasset" 62
"../../../sep6/Content/FPSWeaponPackVol2/Weapons/Materials/1911/M_Modern_1911.uasset" 63
"../../../sep6/Content/FPSWeaponPackVol2/Weapons/Textures/Patterns/T_Ink_Pattern.uasset" 64
"../../../sep6/Content/FPSWeaponPackVol2/Weapons/Materials/1911/M_Modern_1911_Ink.uasset" 65
"../../../sep6/Content/FPSWeaponPackVol2/Weapons/Textures/KA5c/T_KA5C_ALB.uasset" 66
"../../../sep6/Content/FPSWeaponPackVol2/Weapons/Textures/KA5c/T_KA5C_M_MSK.uasset" 67
"../../../sep6/Content/FPSWeaponPackVol2/Weapons/Textures/KA5c/T_KA5C_NRM.uasset" 68
"../../../sep6/Content/FPSWeaponPackVol2/Weapons/Materials/KA5c/M_KA5c.uasset" 69
"../../../sep6/Content/FPSWeaponPackVol2/Weapons/Textures/KA5c/T_KA5C_Black_ALB.uasset" 70
"../../../sep6/Content/FPSWeaponPackVol2/Weapons/Materials/KA5c/M_ka5c_Black.uasset" 71
"../../../sep6/Content/FPSWeaponPackVol2/Weapons/Materials/KA5c/M_ka5c_Black_Yellow.uasset" 72
"../../../sep6/Content/FPSWeaponPackVol2/Weapons/Textures/KA_Val/T_KA_Val_ALB.uasset" 73
"../../../sep6/Content/FPSWeaponPackVol2/Weapons/Textures/KA_Val/T_KA_Val_M_MSK.uasset" 74
"../../../sep6/Content/FPSWeaponPackVol2/Weapons/Textures/KA_Val/T_KA_Val_NRM.uasset" 75
"../../../sep6/Content/FPSWeaponPackVol2/Weapons/Materials/KA_Val/M_KA_Val.uasset" 76
"../../../sep6/Content/FPSWeaponPackVol2/Weapons/Textures/KA_Val/T_KA_Val_Black_ALB.uasset" 77
"../../../sep6/Content/FPSWeaponPackVol2/Weapons/Materials/KA_Val/M_KA_Val_Black.uasset" 78
"../../../sep6/Content/FPSWeaponPackVol2/Weapons/Textures/Patterns/T_Wood_Marpat_Pattern.uasset" 79
"../../../sep6/Content/FPSWeaponPackVol2/Weapons/Materials/KA_Val/M_KA_Val_Black_Camo.uasset" 80
"../../../sep6/Content/FPSWeaponPackVol2/Weapons/Materials/KA_Val/M_KA_Val_Black_Striped.uasset" 81
"../../../sep6/Content/FPSWeaponPackVol2/Weapons/Textures/RDS/T_RDS_01.uasset" 82
"../../../sep6/Content/FPSWeaponPackVol2/Weapons/Materials/Master_Material/M_RDS_Master.uasset" 83
"../../../sep6/Content/FPSWeaponPackVol2/Weapons/Materials/RDS/M_RDS_01.uasset" 84
"../../../sep6/Content/FPSWeaponPackVol2/Weapons/Textures/RDS/T_RDS_02.uasset" 85
"../../../sep6/Content/FPSWeaponPackVol2/Weapons/Materials/RDS/M_RDS_02.uasset" 86
"../../../sep6/Content/FPSWeaponPackVol2/Weapons/Textures/RDS/T_RDS_03.uasset" 87
"../../../sep6/Content/FPSWeaponPackVol2/Weapons/Materials/RDS/M_RDS_03.uasset" 88
"../../../sep6/Content/FPSWeaponPackVol2/Weapons/Materials/Shot12/M_Shot12.uasset" 89
"../../../sep6/Content/FPSWeaponPackVol2/Weapons/Textures/Shot12/T_Shot12__Desert_ALB.uasset" 90
"../../../sep6/Content/FPSWeaponPackVol2/Weapons/Materials/Shot12/M_Shot12_Desert.uasset" 91
"../../../sep6/Content/FPSWeaponPackVol2/Weapons/Materials/Shot12/M_Shot12_Green.uasset" 92
"../../../sep6/Content/FPSWeaponPackVol2/Weapons/Textures/SMG11/T_SMG11_ALB.uasset" 93
"../../../sep6/Content/FPSWeaponPackVol2/Weapons/Textures/SMG11/T_SMG11_M_MSK.uasset" 94
"../../../sep6/Content/FPSWeaponPackVol2/Weapons/Textures/SMG11/T_SMG11_NRM.uasset" 95
"../../../sep6/Content/FPSWeaponPackVol2/Weapons/Materials/SMG11/M_SMG11.uasset" 96
"../../../sep6/Content/FPSWeaponPackVol2/Weapons/Textures/Patterns/T_Urban_Marpat_Pattern.uasset" 97
"../../../sep6/Content/FPSWeaponPackVol2/Weapons/Materials/SMG11/M_SMG11_Camo.uasset" 98
"../../../sep6/Content/FPSWeaponPackVol2/Weapons/Materials/SMG11/M_SMG11_Color.uasset" 99
"../../../sep6/Content/FPSWeaponPackVol2/Weapons/Textures/SMG90/T_SMG90_ALB.uasset" 100
"../../../sep6/Content/FPSWeaponPackVol2/Weapons/Textures/SMG90/T_SMG90_M_MSK.uasset" 101
"../../../sep6/Content/FPSWeaponPackVol2/Weapons/Textures/SMG90/T_SMG90_NRM.uasset" 102
"../../../sep6/Content/FPSWeaponPackVol2/Weapons/Materials/SMG90/M_SMG90.uasset" 103
"../../../sep6/Content/FPSWeaponPackVol2/Weapons/Textures/Patterns/T_80s_Pattern.uasset" 104
"../../../sep6/Content/FPSWeaponPackVol2/Weapons/Materials/SMG90/M_SMG90_80s.uasset" 105
"../../../sep6/Content/FPSWeaponPackVol2/Weapons/Textures/Patterns/T_Cracks_Pattern.uasset" 106
"../../../sep6/Content/FPSWeaponPackVol2/Weapons/Materials/SMG90/M_SMG90_Cracks.uasset" 107
"../../../sep6/Content/FPSWeaponPackVol2/Weapons/Meshes/1911/SM_1911_Mag_X.uasset" 108
"../../../sep6/Content/FPSWeaponPackVol2/Weapons/Meshes/1911/SM_1911_Mag_Y.uasset" 109
"../../../sep6/Content/FPSWeaponPackVol2/Weapons/Meshes/1911/SM_1911_X.uasset" 110
"../../../sep6/Content/FPSWeaponPackVol2/Weapons/Textures/Ammunition/T_45ap_ALB.uasset" 111
"../../../sep6/Content/FPSWeaponPackVol2/Weapons/Textures/Ammunition/T_45ap_M_MSK.uasset" 112
"../../../sep6/Content/FPSWeaponPackVol2/Weapons/Textures/Ammunition/T_45ap_NRM.uasset" 113
"../../../sep6/Content/FPSWeaponPackVol2/Weapons/Materials/Ammunition/M_45ap.uasset" 114
"../../../sep6/Content/FPSWeaponPackVol2/Weapons/Meshes/Ammunition/SM_Shell_45ap.uasset" 115
"../../../sep6/Content/FPSWeaponPackVol2/Weapons/Meshes/Ammunition/SM_Shell_45ap_Empty.uasset" 116
"../../../sep6/Content/FPSWeaponPackVol2/Weapons/Textures/KA5c/T_G203_ALB.uasset" 117
"../../../sep6/Content/FPSWeaponPackVol2/Weapons/Textures/KA5c/T_G203_M_MSK.uasset" 118
"../../../sep6/Content/FPSWeaponPackVol2/Weapons/Textures/KA5c/T_G203_NRM.uasset" 119
"../../../sep6/Content/FPSWeaponPackVol2/Weapons/Materials/KA5c/M_KA5c_G203.uasset" 120
"../../../sep6/Content/FPSWeaponPackVol2/Weapons/Meshes/KA5c/SM_KA5c_G203_X.uasset" 121
"../../../sep6/Content/FPSWeaponPackVol2/Weapons/Meshes/KA5c/SM_KA5c_Mag_X.uasset" 122
"../../../sep6/Content/FPSWeaponPackVol2/Weapons/Meshes/KA5c/SM_KA5c_Mag_Y.uasset" 123
"../../../sep6/Content/FPSWeaponPackVol2/Weapons/Meshes/KA5c/SM_KA5c_X.uasset" 124
"../../../sep6/Content/FPSWeaponPackVol2/Weapons/Meshes/KA_Val/SM_KA_Val_Mag_X.uasset" 125
"../../../sep6/Content/FPSWeaponPackVol2/Weapons/Meshes/KA_Val/SM_KA_Val_Mag_Y.uasset" 126
"../../../sep6/Content/FPSWeaponPackVol2/Weapons/Meshes/KA_Val/SM_KA_Val_X.uasset" 127
"../../../sep6/Content/FPSWeaponPackVol2/Weapons/Meshes/Shot12/SM_Shot12_Nostock_X.uasset" 128
"../../../sep6/Content/FPSWeaponPackVol2/Weapons/Textures/Shot12/T_Shot12_Stock_ALB.uasset" 129
"../../../sep6/Content/FPSWeaponPackVol2/Weapons/Textures/Shot12/T_Shot12_Stock_M_MSK.uasset" 130
"../../../sep6/Content/FPSWeaponPackVol2/Weapons/Textures/Shot12/T_Shot12_Stock_NRM.uasset" 131
"../../../sep6/Content/FPSWeaponPackVol2/Weapons/Materials/Shot12/M_Shot12_Stock.uasset" 132
"../../../sep6/Content/FPSWeaponPackVol2/Weapons/Meshes/Shot12/SM_Shot12_X.uasset" 133
"../../../sep6/Content/FPSWeaponPackVol2/Weapons/Meshes/SMG11/SM_SMG11_Mag_X.uasset" 134
"../../../sep6/Content/FPSWeaponPackVol2/Weapons/Meshes/SMG11/SM_SMG11_Mag_Y.uasset" 135
"../../../sep6/Content/FPSWeaponPackVol2/Weapons/Textures/SMG11/T_SMG11_Rem_ALB.uasset" 136
"../../../sep6/Content/FPSWeaponPackVol2/Weapons/Textures/SMG11/T_SMG11_Rem_M_MSK.uasset" 137
"../../../sep6/Content/FPSWeaponPackVol2/Weapons/Textures/SMG11/T_SMG11_Rem_NRM.uasset" 138
"../../../sep6/Content/FPSWeaponPackVol2/Weapons/Materials/SMG11/M_SMG11_Rem.uasset" 139
"../../../sep6/Content/FPSWeaponPackVol2/Weapons/Meshes/SMG11/SM_SMG11_Nostock_X.uasset" 140
"../../../sep6/Content/FPSWeaponPackVol2/Weapons/Meshes/SMG11/SM_SMG11_X.uasset" 141
"../../../sep6/Content/FPSWeaponPackVol2/Weapons/Materials/SMG90/M_SMG90_Mag.uasset" 142
"../../../sep6/Content/FPSWeaponPackVol2/Weapons/Textures/SMG90/T_SMG90_Inside_ALB.uasset" 143
"../../../sep6/Content/FPSWeaponPackVol2/Weapons/Textures/SMG90/T_SMG90_Inside_M_MSK.uasset" 144
"../../../sep6/Content/FPSWeaponPackVol2/Weapons/Textures/SMG90/T_SMG90_Inside_NRM.uasset" 145
"../../../sep6/Content/FPSWeaponPackVol2/Weapons/Materials/SMG90/M_SMG90_Inside.uasset" 146
"../../../sep6/Content/FPSWeaponPackVol2/Weapons/Meshes/SMG90/SM_SMG90_Mag_X.uasset" 147
"../../../sep6/Content/FPSWeaponPackVol2/Weapons/Meshes/SMG90/SM_SMG90_Mag_Y.uasset" 148
"../../../sep6/Content/FPSWeaponPackVol2/Weapons/Meshes/SMG90/SM_SMG90_No_Alpha_Mag_X.uasset" 149
"../../../sep6/Content/FPSWeaponPackVol2/Weapons/Meshes/SMG90/SM_SMG90_No_Alpha_Mag_Y.uasset" 150
"../../../sep6/Content/FPSWeaponPackVol2/Weapons/Meshes/SMG90/SM_SMG90_No_Alpha_X.uasset" 151
"../../../sep6/Content/FPSWeaponPackVol2/Weapons/Meshes/SMG90/SM_SMG90_X.uasset" 152
"../../../sep6/Content/FPSWeaponPackVol2/Weapons/Textures/Patterns/T_Chochip_Pattern.uasset" 153
"../../../sep6/Content/FPSWeaponPackVol2/Weapons/Textures/Patterns/T_Desert_Marpat_Pattern.uasset" 154
"../../../sep6/Content/FPSWeaponPackVol2/Weapons/Textures/Patterns/T_Hexagon_Glow_Pattern.uasset" 155
"../../../sep6/Content/FPSWeaponPackVol2/Weapons/Textures/Patterns/T_Hexagon_Pattern.uasset" 156
"../../../sep6/Content/FPSWeaponPackVol2/Weapons/Textures/Patterns/T_LeafSpray_Pattern.uasset" 157
"../../../sep6/Content/FPSWeaponPackVol2/Weapons/Textures/Patterns/T_W90K_Pattern.uasset" 158
"../../../sep6/Content/FPSWeaponPackVol2/Weapons/Textures/Patterns/T_W90_Pattern.uasset" 159
"../../../sep6/Content/Items/Door/lambert1.uasset" 160
"../../../sep6/Content/Items/Door/Dooframe_double.uasset" 161
"../../../sep6/Content/Items/Door/Doorframe_single.uasset" 162
"../../../sep6/Content/Items/Door/Door_01_pCube1.uasset" 163
"../../../sep6/Content/Items/Door/Door_01_pCube2.uasset" 164
"../../../sep6/Content/Items/Door/Door_01_pCube3.uasset" 165
"../../../sep6/Content/Items/Door/Door_01_polySurface5.uasset" 166
"../../../sep6/Content/Items/Door/M_UE4Man_Body.uasset" 167
"../../../sep6/Content/Items/Door/M_UE4Man_ChestLogo.uasset" 168
"../../../sep6/Content/Items/Door/Door_01_SK_Mannequin.uasset" 169
"../../../sep6/Content/Items/Flashlight/lambert1.uasset" 170
"../../../sep6/Content/Items/Flashlight/ConcreteWall.uasset" 171
"../../../Engine/Content/EngineMaterials/DefaultMaterial.uasset" 172
"../../../Engine/Content/BasicShapes/Cone.uasset" 173
"../../../Engine/Content/BasicShapes/Sphere.uasset" 174
"../../../Engine/Content/EditorLandscapeResources/DataLayer.uasset" 175
"../../../Engine/Content/EditorMaterials/GizmoMaterial.uasset" 176
"../../../Engine/Content/EditorMaterials/MAT_Groups_Toggle.uasset" 177
"../../../Engine/Content/EditorMaterials/MAT_Groups_Visibility.uasset" 178
"../../../Engine/Content/EditorMaterials/PreviewShadowIndicator.uasset" 179
"../../../Engine/Content/EditorMaterials/PreviewShadowIndicatorMaterial.uasset" 180
"../../../Engine/Content/EditorMaterials/AssetViewer/EpicQuadPanorama_CC+EV1.uasset" 181
"../../../Engine/Content/EditorMaterials/MatineeGroups/MAT_ColorTrack.uasset" 182
"../../../Engine/Content/EditorMaterials/MatineeGroups/MAT_Groups_Anim.uasset" 183
"../../../Engine/Content/EditorMaterials/MatineeGroups/MAT_Groups_AudioMaster.uasset" 184
"../../../Engine/Content/EditorMaterials/MatineeGroups/MAT_Groups_Director.uasset" 185
"../../../Engine/Content/EditorMaterials/MatineeGroups/MAT_Groups_Event.uasset" 186
"../../../Engine/Content/EditorMaterials/MatineeGroups/MAT_Groups_Fade.uasset" 187
"../../../Engine/Content/EditorMaterials/MatineeGroups/MAT_Groups_Float.uasset" 188
"../../../Engine/Content/EditorMaterials/MatineeGroups/MAT_Groups_Move.uasset" 189
"../../../Engine/Content/EditorMaterials/MatineeGroups/MAT_Groups_Slomo.uasset" 190
"../../../Engine/Content/EditorMaterials/MatineeGroups/MAT_Groups_Sound.uasset" 191
"../../../Engine/Content/EditorMaterials/MatineeGroups/MAT_Groups_Vector.uasset" 192
"../../../Engine/Content/EditorMaterials/ParticleSystems/PSysThumbnail_NoImage.uasset" 193
"../../../Engine/Content/EditorMaterials/ParticleSystems/PSysThumbnail_OOD.uasset" 194
"../../../Engine/Content/EditorMaterials/Camera/CineMat.uasset" 195
"../../../Engine/Content/EditorMaterials/Camera/MI_CineMat_Rig.uasset" 196
"../../../Engine/Content/EditorMeshes/Camera/SM_CraneRig_Arm.uasset" 197
"../../../Engine/Content/EditorMeshes/Camera/SM_CraneRig_Base.uasset" 198
"../../../Engine/Content/EditorMeshes/Camera/SM_CraneRig_Body.uasset" 199
"../../../Engine/Content/EditorMeshes/Camera/SM_CraneRig_Mount.uasset" 200
"../../../Engine/Content/EditorMeshes/Camera/SM_RailRig_Mount.uasset" 201
"../../../Engine/Content/EditorMeshes/Camera/SM_RailRig_Track.uasset" 202
"../../../Engine/Content/EditorMeshes/ColorCalibrator/M_ChromeBall.uasset" 203
"../../../Engine/Content/EditorMeshes/ColorCalibrator/M_ClearCoat.uasset" 204
"../../../Engine/Content/EditorMeshes/ColorCalibrator/M_ClearCoatBlack.uasset" 205
"../../../Engine/Content/EditorMeshes/ColorCalibrator/T_ColorGrid.uasset" 206
"../../../Engine/Content/EditorMeshes/ColorCalibrator/M_ColorGrid.uasset" 207
"../../../Engine/Content/EditorMeshes/ColorCalibrator/M_GreyBall.uasset" 208
"../../../Engine/Content/EditorMeshes/ColorCalibrator/SM_ColorCalibrator.uasset" 209
"../../../Engine/Content/EditorResources/BSPVertex.uasset" 210
"../../../Engine/Content/EditorResources/EmptyActor.uasset" 211
"../../../Engine/Content/EditorResources/S_Actor.uasset" 212
"../../../Engine/Content/EditorResources/S_Trigger.uasset" 213
"../../../Engine/Content/EditorResources/AudioIcons/S_AudioComponent_AutoActivate.uasset" 214
"../../../Engine/Content/EditorResources/LightIcons/S_LightError.uasset" 215
"../../../Engine/Content/EditorResources/SequenceRecorder/Countdown.uasset" 216
"../../../Engine/Content/EditorResources/SequenceRecorder/RecordingIndicator.uasset" 217
"../../../Engine/Content/EditorSounds/Notifications/CompileFailed.uasset" 218
"../../../Engine/Content/EditorSounds/Notifications/CompileFailed_Cue.uasset" 219
"../../../Engine/Content/EditorSounds/Notifications/CompileSuccess.uasset" 220
"../../../Engine/Content/EditorSounds/Notifications/CompileStart_Cue.uasset" 221
"../../../Engine/Content/EditorSounds/Notifications/CompileSuccess_Cue.uasset" 222
"../../../Engine/Content/EngineDamageTypes/DmgTypeBP_Environmental.uasset" 223
"../../../Engine/Content/EngineDebugMaterials/HeatmapGradient.uasset" 224
"../../../Engine/Content/EngineDebugMaterials/BoneWeightMaterial.uasset" 225
"../../../Engine/Content/EngineDebugMaterials/ClothMaterial.uasset" 226
"../../../Engine/Content/EngineDebugMaterials/DebugMeshMaterial.uasset" 227
"../../../Engine/Content/EngineDebugMaterials/GeomMaterial.uasset" 228
"../../../Engine/Content/EngineFonts/Faces/RobotoBold.uasset" 229
"../../../Engine/Content/EngineFonts/Faces/RobotoBoldItalic.uasset" 230
"../../../Engine/Content/EngineFonts/Faces/RobotoItalic.uasset" 231
"../../../Engine/Content/EngineFonts/Faces/RobotoLight.uasset" 232
"../../../Engine/Content/EngineFonts/Faces/RobotoRegular.uasset" 233
"../../../Engine/Content/EngineFonts/Roboto.uasset" 234
"../../../Engine/Content/EngineFonts/Faces/RobotoTiny.uasset" 235
"../../../Engine/Content/EngineFonts/RobotoTiny.uasset" 236
"../../../Engine/Content/EngineMaterials/DefaultBloomKernel.uasset" 237
"../../../Engine/Content/EngineMaterials/DefaultBokeh.uasset" 238
"../../../Engine/Content/EngineMaterials/DefaultDiffuse.uasset" 239
"../../../Engine/Content/EngineMaterials/DefaultDeferredDecalMaterial.uasset" 240
"../../../Engine/Content/EngineMaterials/DefaultLightFunctionMaterial.uasset" 241
"../../../Engine/Content/EngineMaterials/DefaultPhysicalMaterial.uasset" 242
"../../../Engine/Content/Functions/Engine_MaterialFunctions02/Utility/BreakOutFloat2Components.uasset" 243
"../../../Engine/Content/EngineMaterials/DefaultPostProcessMaterial.uasset" 244
"../../../Engine/Content/EngineFonts/RobotoDistanceField.uasset" 245
"../../../Engine/Content/EngineMaterials/DefaultTextMaterialOpaque.uasset" 246
"../../../Engine/Content/EngineMaterials/DefaultWhiteGrid.uasset" 247
"../../../Engine/Content/EngineMaterials/EditorBrushMaterial.uasset" 248
"../../../Engine/Content/EngineMaterials/Good64x64TilingNoiseHighFreq.uasset" 249
"../../../Engine/Content/EngineMaterials/MiniFont.uasset" 250
"../../../Engine/Content/EngineMaterials/InvalidLightmapSettings.uasset" 251
"../../../Engine/Content/EngineMaterials/M_InvalidLightmapSettings.uasset" 252
"../../../Engine/Content/EngineMaterials/PhAT_JointLimitMaterial.uasset" 253
"../../../Engine/Content/EngineMaterials/PreintegratedSkinBRDF.uasset" 254
"../../../Engine/Content/EngineMaterials/RemoveSurfaceMaterial.uasset" 255
"../../../Engine/Content/EngineMaterials/WeightMapPlaceholderTexture.uasset" 256
"../../../Engine/Content/EngineResources/WhiteSquareTexture.uasset" 257
"../../../Engine/Content/EngineMaterials/Widget3DPassThrough.uasset" 258
"../../../Engine/Content/EngineMaterials/Widget3DPassThrough_Masked.uasset" 259
"../../../Engine/Content/EngineMaterials/Widget3DPassThrough_Opaque.uasset" 260
"../../../Engine/Content/EngineMaterials/Widget3DPassThrough_Masked_OneSided.uasset" 261
"../../../Engine/Content/EngineMaterials/Widget3DPassThrough_Opaque_OneSided.uasset" 262
"../../../Engine/Content/EngineMaterials/Widget3DPassThrough_Translucent.uasset" 263
"../../../Engine/Content/EngineMaterials/Widget3DPassThrough_Translucent_OneSided.uasset" 264
"../../../Engine/Content/EngineMeshes/Cube.uasset" 265
"../../../Engine/Content/EngineMeshes/Cylinder.uasset" 266
"../../../Engine/Content/EngineMeshes/Sphere.uasset" 267
"../../../Engine/Content/EngineResources/Black.uasset" 268
"../../../Engine/Content/EngineResources/DefaultTexture.uasset" 269
"../../../Engine/Content/EngineResources/DefaultTextureCube.uasset" 270
"../../../Engine/Content/EngineResources/GradientTexture0.uasset" 271
"../../../Engine/Content/EngineSounds/Master.uasset" 272
"../../../Engine/Content/Functions/Engine_MaterialFunctions01/Shading/ConvertFromDiffSpec.uasset" 273
"../../../Engine/Content/Functions/Engine_MaterialFunctions01/Shading/PowerToRoughness.uasset" 274
"../../../Engine/Content/Maps/Templates/Thumbnails/Default.uasset" 275
"../../../Engine/Content/Maps/Templates/Thumbnails/VR-Basic.uasset" 276
"../../../Engine/Content/MobileResources/T_MobileControls_texture.uasset" 277
"../../../Engine/Content/MobileResources/T_MobileMenu2.uasset" 278
"../../../Engine/Content/MobileResources/HUD/AnalogHat.uasset" 279
"../../../Engine/Content/MobileResources/HUD/VirtualJoystick_Background.uasset" 280
"../../../Engine/Content/MobileResources/HUD/VirtualJoystick_Thumb.uasset" 281
"../../../Engine/Content/MobileResources/HUD/DefaultVirtualJoysticks.uasset" 282
"../../../Engine/Content/MobileResources/HUD/LeftVirtualJoystickOnly.uasset" 283
"../../../Engine/Content/MobileResources/HUD/MobileHUDButton1_off.uasset" 284
"../../../Engine/Content/MobileResources/HUD/MobileHUDButton1_on.uasset" 285
"../../../Engine/Content/MobileResources/HUD/MobileHUDButton2_off.uasset" 286
"../../../Engine/Content/MobileResources/HUD/MobileHUDButton2_on.uasset" 287
"../../../Engine/Content/MobileResources/HUD/MobileHUDButton3.uasset" 288
"../../../Engine/Content/MobileResources/HUD/MobileHUDButtonFire.uasset" 289
"../../../Engine/Content/MobileResources/HUD/MobileHUDDirectionPad.uasset" 290
"../../../Engine/Content/MobileResources/HUD/MobileHUDDirectionPad2.uasset" 291
"../../../Engine/Content/MobileResources/HUD/MobileHUDDirectionPad3.uasset" 292
"../../../Engine/Content/MobileResources/HUD/MobileHUDDirectionStick.uasset" 293
"../../../Engine/Content/MobileResources/HUD/T_Castle_ThumbstickInner.uasset" 294
"../../../Engine/Content/MobileResources/HUD/T_Castle_ThumbstickOutter.uasset" 295
"../../../Engine/Content/Tutorial/ContentIntroCurve.uasset" 296
"../../../Engine/Content/Tutorial/Basics/TutorialAssets/icon_tab_Levels_40x.uasset" 297
"../../../Engine/Content/Tutorial/BlueprintTutorials/TutorialAssets/BlueprintInterface_64x.uasset" 298
"../../../Engine/Content/Tutorial/BlueprintTutorials/TutorialAssets/BlueprintMacroLibrary_64x.uasset" 299
"../../../Engine/Content/Tutorial/BlueprintTutorials/TutorialAssets/Blueprint_64x.uasset" 300
"../../../Engine/Content/Tutorial/BlueprintTutorials/TutorialAssets/Tutorial_BP_Interface.uasset" 301
"../../../Engine/Content/Tutorial/Foliage/TutorialAssets/Foliage.uasset" 302
"../../../Engine/Content/Tutorial/Landscape/TutorialAssets/Landscape.uasset" 303
"../../../Engine/Content/Tutorial/Paper2D/TutorialAssets/Paper2DFlipbook_TutorialIcon.uasset" 304
"../../../Engine/Content/Tutorial/Paper2D/TutorialAssets/Paper2DSprite_TutorialIcon.uasset" 305
"../../../Engine/Content/Tutorial/SubEditors/TutorialAssets/icon_Editor_Preferences_General_40x.uasset" 306
"../../../Engine/Content/Tutorial/SubEditors/TutorialAssets/icon_ShowSkeletalMeshes_40x.uasset" 307
"../../../Engine/Content/Tutorial/SubEditors/TutorialAssets/TutorialMaterial.uasset" 308
"../../../Engine/Content/Tutorial/SubEditors/TutorialAssets/T_SmokeSubUV_8X8.uasset" 309
"../../../Engine/Content/Tutorial/SubEditors/TutorialAssets/T_soft_smoke.uasset" 310
"../../../Engine/Content/Tutorial/SubEditors/TutorialAssets/M_smoke_subUV_blackbody.uasset" 311
"../../../Engine/Content/Tutorial/SubEditors/TutorialAssets/TutorialParticleSystem.uasset" 312
"../../../Engine/Content/EditorMeshes/EditorCube.uasset" 313
"../../../Engine/Content/Tutorial/SubEditors/TutorialAssets/Tutorial_DM.uasset" 314
"../../../Engine/Content/VREditor/Devices/Generic/GenericHMDMaterial.uasset" 315
"../../../Engine/Content/VREditor/Devices/Generic/GenericHMD.uasset" 316
"../../../Engine/Content/VREditor/FloatingText/LineMaterial.uasset" 317
"../../../Engine/Content/VREditor/FloatingText/JointSphere.uasset" 318
"../../../Engine/Content/VREditor/FloatingText/LineSegmentCylinder.uasset" 319
"../../../Engine/Content/VREditor/Fonts/VRText_RobotoLarge.uasset" 320
"../../../Engine/Content/VREditor/Fonts/VRTextMaterial.uasset" 321
"../../../Engine/Content/VREditor/Fonts/TranslucentVRTextMaterial.uasset" 322
"../../../Engine/Content/VREditor/LaserPointer/VR_LaserPower_01.uasset" 323
"../../../Engine/Content/VREditor/TransformGizmo/TransformGizmoMaterial.uasset" 324
"../../../Engine/Content/VREditor/LaserPointer/HoverMaterial.uasset" 325
"../../../Engine/Content/VREditor/TransformGizmo/TranslucentTransformGizmoMaterial.uasset" 326
"../../../Engine/Content/VREditor/LaserPointer/TranslucentHoverMaterial.uasset" 327
"../../../Engine/Content/VREditor/LaserPointer/HoverMesh.uasset" 328
"../../../Engine/Content/VREditor/LaserPointer/LaserPointerMaterial.uasset" 329
"../../../Engine/Content/VREditor/LaserPointer/LaserPointerMaterialInst.uasset" 330
"../../../Engine/Content/VREditor/LaserPointer/TranslucentLaserPointerMaterialInst.uasset" 331
"../../../Engine/Content/VREditor/LaserPointer/LaserPointerMesh.uasset" 332
"../../../Engine/Content/VREditor/LaserPointer/LaserPointerMesh_End.uasset" 333
"../../../Engine/Content/VREditor/LaserPointer/LaserPointerMesh_Start.uasset" 334
"../../../Engine/Content/Functions/Engine_MaterialFunctions02/Utility/BreakOutFloat3Components.uasset" 335
"../../../Engine/Content/Functions/Engine_MaterialFunctions02/Math/Transform3x3Matrix.uasset" 336
"../../../Engine/Content/Functions/Engine_MaterialFunctions02/SplitComponents.uasset" 337
"../../../Engine/Content/Functions/Engine_MaterialFunctions02/Utility/MakeFloat3.uasset" 338
"../../../Engine/Content/VREditor/SnapGrid/SnapGridMaterial.uasset" 339
"../../../Engine/Content/VREditor/SnapGrid/SnapGridPlaneMesh.uasset" 340
"../../../Engine/Content/VREditor/Sounds/VR_teleport_Cue.uasset" 341
"../../../Engine/Content/VREditor/Sounds/UI/Click_on_Button_Cue.uasset" 342
"../../../Engine/Content/VREditor/Sounds/UI/Dockable_Window_Close.uasset" 343
"../../../Engine/Content/VREditor/Sounds/UI/Dockable_Window_Drop.uasset" 344
"../../../Engine/Content/VREditor/Sounds/UI/Dockable_Window_Open.uasset" 345
"../../../Engine/Content/VREditor/Sounds/UI/Dockable_Window_Pick_Up.uasset" 346
"../../../Engine/Content/VREditor/Sounds/UI/Drop_Item_From_ContentBrowser.uasset" 347
"../../../Engine/Content/VREditor/Sounds/UI/Floating_UI_Open-001.uasset" 348
"../../../Engine/Content/VREditor/Sounds/UI/Gizmo_Handle_Clicked.uasset" 349
"../../../Engine/Content/VREditor/Sounds/UI/Object_PickUp.uasset" 350
"../../../Engine/Content/VREditor/Sounds/UI/Object_Snaps_To_Another_Actor.uasset" 351
"../../../Engine/Content/VREditor/Sounds/UI/Object_Snaps_To_Grid.uasset" 352
"../../../Engine/Content/VREditor/Sounds/UI/Radial_Menu_FadeOut.uasset" 353
"../../../Engine/Content/VREditor/Sounds/UI/Scaling_Down.uasset" 354
"../../../Engine/Content/VREditor/Sounds/UI/Scaling_Up.uasset" 355
"../../../Engine/Content/VREditor/Sounds/UI/Selection_Changes.uasset" 356
"../../../Engine/Content/VREditor/Sounds/UI/Teleport_Mode_Entered.uasset" 357
"../../../Engine/Content/VREditor/Teleport/TeleportDirectionMaterial.uasset" 358
"../../../Engine/Content/VREditor/Teleport/TeleportDirectionMaterial_Inst.uasset" 359
"../../../Engine/Content/VREditor/Teleport/TeleportDirectionMesh.uasset" 360
"../../../Engine/Content/VREditor/TransformGizmo/BoundingBoxCorner.uasset" 361
"../../../Engine/Content/VREditor/TransformGizmo/BoundingBoxEdge.uasset" 362
"../../../Engine/Content/VREditor/TransformGizmo/PlaneTranslationHandle.uasset" 363
"../../../Engine/Content/VREditor/TransformGizmo/RotationHandle.uasset" 364
"../../../Engine/Content/VREditor/TransformGizmo/RotationHandleFull.uasset" 365
"../../../Engine/Content/VREditor/TransformGizmo/RotationHandleIndicator.uasset" 366
"../../../Engine/Content/VREditor/TransformGizmo/RotationHandleQuarter.uasset" 367
"../../../Engine/Content/VREditor/TransformGizmo/Main.uasset" 368
"../../../Engine/Content/VREditor/TransformGizmo/Xray.uasset" 369
"../../../Engine/Content/VREditor/TransformGizmo/SM_Dialog_Close.uasset" 370
"../../../Engine/Content/VREditor/TransformGizmo/SM_Dialog_Move.uasset" 371
"../../../Engine/Content/VREditor/TransformGizmo/SM_Sequencer_Key.uasset" 372
"../../../Engine/Content/VREditor/TransformGizmo/StartRotationHandleIndicator.uasset" 373
"../../../Engine/Content/VREditor/TransformGizmo/TransformGizmoMaterial_Inst.uasset" 374
"../../../Engine/Content/VREditor/TransformGizmo/TranslateArrowHandle.uasset" 375
"../../../Engine/Content/VREditor/TransformGizmo/TranslationHandle.uasset" 376
"../../../Engine/Content/VREditor/TransformGizmo/TranslucentTransformGizmoMaterial_Inst.uasset" 377
"../../../Engine/Content/VREditor/TransformGizmo/UniformScaleHandle.uasset" 378
"../../../Engine/Content/VREditor/UI/KeyDiskMaterial.uasset" 379
"../../../Engine/Content/VREditor/UI/DiscMaterial.uasset" 380
"../../../Engine/Content/VREditor/UI/SM_Radial_Disk.uasset" 381
"../../../Engine/Content/Functions/Engine_MaterialFunctions01/Gradient/RadialGradient.uasset" 382
"../../../Engine/Content/VREditor/WorldMovementGrid/SimpleGrid.uasset" 383
"../../../Engine/Content/VREditor/WorldMovementGrid/GridMaterial.uasset" 384
"../../../Engine/Content/Functions/Engine_MaterialFunctions01/Density/ExponentialDensity.uasset" 385
"../../../Engine/Content/VREditor/WorldMovementGrid/GridPostProcess.uasset" 386
"../../../Engine/Content/EditorLandscapeResources/FlattenHeightMat.uasset" 387
"../../../Engine/Content/VREditor/WorldMovementGrid/PlaneMesh.uasset" 388
"../../../Engine/Plugins/2D/Paper2D/Content/DummySprite.uasset" 389
"../../../Engine/Plugins/2D/Paper2D/Content/DefaultPaperTerrainMaterial.uasset" 390
"../../../Engine/Plugins/2D/Paper2D/Content/DefaultSpriteMaterial.uasset" 391
"../../../Engine/Plugins/2D/Paper2D/Content/MaskedUnlitSpriteMaterial.uasset" 392
"../../../Engine/Plugins/2D/Paper2D/Content/OpaqueUnlitSpriteMaterial.uasset" 393
"../../../Engine/Plugins/2D/Paper2D/Content/PlaceholderTextures/DummySpriteTexture.uasset" 394
"../../../Engine/Plugins/Runtime/GearVR/Content/Textures/GearVRController_AO.uasset" 395
"../../../Engine/Plugins/Runtime/GearVR/Content/Textures/GearVRController_Color.uasset" 396
"../../../Engine/Plugins/Runtime/GearVR/Content/Textures/GearVRController_Normal.uasset" 397
"../../../Engine/Plugins/Runtime/GearVR/Content/Materials/GearVRControllerMaterial.uasset" 398
"../../../Engine/Plugins/Runtime/GearVR/Content/Meshes/GearVrController.uasset" 399
"../../../sep6/Content/Audio/spookyVoices.uasset" 400
"../../../sep6/Content/SoundTrigger.uasset" 401
"../../../sep6/Content/Items/Door/Door_01_pCube4.uasset" 402
"../../../sep6/Content/Items/Door/Door_01_polySurface3.uasset" 403
"../../../sep6/Content/DoorActor.uasset" 404
"../../../sep6/Content/HangLight.uasset" 405
"../../../sep6/Content/Inventory/Inventory_1.uasset" 406
"../../../sep6/Content/Flashlight/lambert1.uasset" 407
"../../../sep6/Content/Flashlight/Flashlight.uasset" 408
"../../../sep6/Content/PickupUI.uasset" 409
"../../../sep6/Content/Items/Flashlight/Flashlight.uasset" 410
"../../../Engine/Content/EditorBlueprintResources/StandardMacros.uasset" 411
"../../../sep6/Content/FPSWeaponPackVol2/Weapons/Meshes/1911/SK_1911_X_Physics.uasset" 412
"../../../sep6/Content/FPSWeaponPackVol2/Weapons/Meshes/1911/SK_1911_X_Skeleton.uasset" 413
"../../../sep6/Content/FPSWeaponPackVol2/Weapons/Meshes/1911/SK_1911_X.uasset" 414
"../../../sep6/Content/SM_Shell_45ap_Empty.uasset" 415
"../../../sep6/Content/M1911_BP.uasset" 416
"../../../sep6/Content/InventoryHUD.uasset" 417
"../../../Engine/Content/Functions/Engine_MaterialFunctions02/Utility/BlendAngleCorrectedNormals.uasset" 418
"../../../Engine/Content/Functions/MaterialLayerFunctions/MatLayerBlend_AO.uasset" 419
"../../../Engine/Content/Functions/MaterialLayerFunctions/MatLayerBlend_NormalBlend.uasset" 420
"../../../Engine/Content/Functions/MaterialLayerFunctions/MatLayerBlend_Simple.uasset" 421
"../../../sep6/Content/AnimStarterPack/UE4_Mannequin/Materials/MaterialLayers/T_ML_Rubber_Blue_01_D.uasset" 422
"../../../sep6/Content/AnimStarterPack/UE4_Mannequin/Materials/MaterialLayers/T_ML_Rubber_Blue_01_N.uasset" 423
"../../../sep6/Content/AnimStarterPack/UE4_Mannequin/Materials/MaterialLayers/ML_GlossyBlack_Latex_UE4.uasset" 424
"../../../sep6/Content/AnimStarterPack/UE4_Mannequin/Materials/MaterialLayers/ML_Plastic_Shiny_Beige.uasset" 425
"../../../sep6/Content/AnimStarterPack/UE4_Mannequin/Textures/UE4_LOGO_CARD.uasset" 426
"../../../sep6/Content/AnimStarterPack/UE4_Mannequin/Materials/MaterialLayers/ML_Plastic_Shiny_Beige_LOGO.uasset" 427
"../../../sep6/Content/AnimStarterPack/UE4_Mannequin/Materials/MaterialLayers/T_ML_Aluminum01.uasset" 428
"../../../sep6/Content/AnimStarterPack/UE4_Mannequin/Materials/MaterialLayers/T_ML_Aluminum01_N.uasset" 429
"../../../sep6/Content/AnimStarterPack/UE4_Mannequin/Materials/MaterialLayers/ML_SoftMetal_UE4.uasset" 430
"../../../sep6/Content/AnimStarterPack/UE4_Mannequin/Textures/UE4_Mannequin__normals.uasset" 431
"../../../sep6/Content/AnimStarterPack/UE4_Mannequin/Textures/UE4_Mannequin_MAT_MASKA.uasset" 432
"../../../sep6/Content/AnimStarterPack/UE4_Mannequin/Textures/UE4_Mannequin_occlusion_Mobile.uasset" 433
"../../../sep6/Content/AnimStarterPack/UE4_Mannequin/Materials/M_UE4Man_Body.uasset" 434
"../../../sep6/Content/AnimStarterPack/UE4_Mannequin/Textures/UE4Man_Logo_N.uasset" 435
"../../../sep6/Content/AnimStarterPack/UE4_Mannequin/Materials/M_UE4Man_ChestLogo.uasset" 436
"../../../sep6/Content/AnimStarterPack/UE4_Mannequin/Mesh/SK_Mannequin_PhysicsAsset.uasset" 437
"../../../sep6/Content/AnimStarterPack/UE4_Mannequin/Mesh/SK_Mannequin.uasset" 438
"../../../sep6/Content/HoldingObjectUI.uasset" 439
"../../../sep6/Content/Alex.uasset" 440
"../../../sep6/Content/MovementSimulator.uasset" 441
"../../../sep6/Content/HorrorPrototype_BuiltData.uasset" 442
"../../../Engine/Content/BasicShapes/Cylinder.uasset" 443
"../../../Engine/Content/BasicShapes/Plane.uasset" 444
"../../../sep6/Content/HorrorPrototype.umap" 445
"../../../Engine/Content/EngineSky/C_Sky_Cloud_Color.uasset" 446
"../../../Engine/Content/EngineSky/C_Sky_Horizon_Color.uasset" 447
"../../../Engine/Content/EngineSky/C_Sky_Zenith_Color.uasset" 448
"../../../Engine/Content/EngineSky/T_Sky_Blue.uasset" 449
"../../../Engine/Content/EngineSky/T_Sky_Clouds_M.uasset" 450
"../../../Engine/Content/EngineSky/T_Sky_Stars.uasset" 451
"../../../Engine/Content/EngineSky/M_Sky_Panning_Clouds2.uasset" 452
"../../../Engine/Content/EngineSky/SM_SkySphere.uasset" 453
"../../../Engine/Content/EngineSky/BP_Sky_Sphere.uasset" 454
"../../../sep6/Content/MadhouseTitle.uasset" 455
"../../../sep6/Content/MainMenuWidget.uasset" 456
"../../../sep6/Content/MainMenuHUD.uasset" 457
"../../../sep6/Content/MenuMousePlayerController.uasset" 458
"../../../sep6/Content/MainMenuGameMode.uasset" 459
"../../../sep6/Content/MainMenu_BuiltData.uasset" 460
"../../../Engine/Content/MapTemplates/SM_Template_Map_Floor.uasset" 461
"../../../sep6/Content/MainMenu.umap" 462
"../../../sep6/Content/MenuTesting.umap" 463
"../../../sep6/Content/TestMap.umap" 464
"../../../sep6/Content/Untitled.umap" 465
"../../../sep6/Content/AnimStarterPack/Crouch_Idle_Rifle_Hip.uasset" 466
"../../../sep6/Content/AnimStarterPack/Crouch_Idle_Rifle_Ironsights.uasset" 467
"../../../sep6/Content/AnimStarterPack/Crouch_Walk_Fwd_Rifle_Ironsights.uasset" 468
"../../../sep6/Content/AnimStarterPack/Equip_Pistol_Standing.uasset" 469
"../../../sep6/Content/AnimStarterPack/Fire_Rifle_Ironsights.uasset" 470
"../../../sep6/Content/AnimStarterPack/Hit_React_1.uasset" 471
"../../../sep6/Content/AnimStarterPack/Hit_React_2.uasset" 472
"../../../sep6/Content/AnimStarterPack/Hit_React_3.uasset" 473
"../../../sep6/Content/AnimStarterPack/Idle_Rifle_Hip_Break1.uasset" 474
"../../../sep6/Content/AnimStarterPack/Idle_Rifle_Hip_Break2.uasset" 475
"../../../sep6/Content/AnimStarterPack/Reload_Rifle_Hip.uasset" 476
"../../../sep6/Content/AnimStarterPack/Walk_Fwd_Rifle_Ironsights.uasset" 477
"../../../Engine/Content/TemplateResources/M_Template_Master.uasset" 478
"../../../Engine/Content/TemplateResources/MI_Template_BaseGray_03_Metal.uasset" 479
"../../../sep6/Content/AnimStarterPack/Showcase.umap" 480
"../../../sep6/Content/FPSWeaponPackVol2/Weapons/Textures/1911/T_1911_Gold_ALB.uasset" 481
"../../../sep6/Content/FPSWeaponPackVol2/Weapons/Textures/1911/T_1911_Gold_M_MSK.uasset" 482
"../../../sep6/Content/FPSWeaponPackVol2/Weapons/Materials/1911/M_Gold_1911.uasset" 483
"../../../sep6/Content/FPSWeaponPackVol2/Weapons/Textures/Accessories/T_V_Grip_ALB.uasset" 484
"../../../sep6/Content/FPSWeaponPackVol2/Weapons/Textures/Accessories/T_V_Grip_M_MSK.uasset" 485
"../../../sep6/Content/FPSWeaponPackVol2/Weapons/Textures/Accessories/T_V_Grip_NRM.uasset" 486
"../../../sep6/Content/FPSWeaponPackVol2/Weapons/Materials/Accessories/M_V_Grip.uasset" 487
"../../../sep6/Content/FPSWeaponPackVol2/Weapons/Materials/Accessories/M_V_Grip_Green.uasset" 488
"../../../sep6/Content/FPSWeaponPackVol2/Weapons/Textures/Ammunition/T_12Gauge_ALB.uasset" 489
"../../../sep6/Content/FPSWeaponPackVol2/Weapons/Textures/Ammunition/T_12Gauge_M_MSK.uasset" 490
"../../../sep6/Content/FPSWeaponPackVol2/Weapons/Textures/Ammunition/T_12Gauge_NRM.uasset" 491
"../../../sep6/Content/FPSWeaponPackVol2/Weapons/Materials/Ammunition/M_Ammo_12gauge.uasset" 492
"../../../sep6/Content/FPSWeaponPackVol2/Weapons/Textures/SMG90/T_SMG90_Green_ALB.uasset" 493
"../../../sep6/Content/FPSWeaponPackVol2/Weapons/Materials/SMG90/M_SMG90_Green.uasset" 494
"../../../sep6/Content/FPSWeaponPackVol2/Weapons/Meshes/1911/SK_1911_Y_Physics.uasset" 495
"../../../sep6/Content/FPSWeaponPackVol2/Weapons/Meshes/1911/SK_1911_Y_Skeleton.uasset" 496
"../../../sep6/Content/FPSWeaponPackVol2/Weapons/Meshes/1911/SK_1911_Y.uasset" 497
"../../../sep6/Content/FPSWeaponPackVol2/Weapons/Meshes/1911/SM_1911_Y.uasset" 498
"../../../sep6/Content/FPSWeaponPackVol2/Weapons/Meshes/Accessories/SM_Vertgrip.uasset" 499
"../../../sep6/Content/FPSWeaponPackVol2/Weapons/Meshes/Ammunition/SM_Shell_12Gauge.uasset" 500
"../../../sep6/Content/FPSWeaponPackVol2/Weapons/Meshes/Ammunition/SM_Shell_12Gauge_Empty.uasset" 501
"../../../sep6/Content/FPSWeaponPackVol2/Weapons/Textures/Ammunition/T_40mm_Grenade_ALB.uasset" 502
"../../../sep6/Content/FPSWeaponPackVol2/Weapons/Textures/Ammunition/T_40mm_Grenade_M_MSK.uasset" 503
"../../../sep6/Content/FPSWeaponPackVol2/Weapons/Textures/Ammunition/T_40mm_Grenade_NRM.uasset" 504
"../../../sep6/Content/FPSWeaponPackVol2/Weapons/Materials/Ammunition/M_40mm_Grenade.uasset" 505
"../../../sep6/Content/FPSWeaponPackVol2/Weapons/Meshes/Ammunition/SM_Shell_40mm_G.uasset" 506
"../../../sep6/Content/FPSWeaponPackVol2/Weapons/Meshes/Ammunition/SM_Shell_40mm_G_Empty.uasset" 507
"../../../sep6/Content/FPSWeaponPackVol2/Weapons/Textures/Ammunition/T_Shell_50_ALB.uasset" 508
"../../../sep6/Content/FPSWeaponPackVol2/Weapons/Textures/Ammunition/T_Shell_50_M_MSK.uasset" 509
"../../../sep6/Content/FPSWeaponPackVol2/Weapons/Textures/Ammunition/T_Shell_50_NRM.uasset" 510
"../../../sep6/Content/FPSWeaponPackVol2/Weapons/Materials/Ammunition/M_50Cal.uasset" 511
"../../../sep6/Content/FPSWeaponPackVol2/Weapons/Meshes/Ammunition/SM_Shell_50Cal.uasset" 512
"../../../sep6/Content/FPSWeaponPackVol2/Weapons/Meshes/Ammunition/SM_Shell_50Cal_Empty.uasset" 513
"../../../sep6/Content/FPSWeaponPackVol2/Weapons/Textures/Ammunition/T_762x39_ALB.uasset" 514
"../../../sep6/Content/FPSWeaponPackVol2/Weapons/Textures/Ammunition/T_762x39_M_MSK.uasset" 515
"../../../sep6/Content/FPSWeaponPackVol2/Weapons/Textures/Ammunition/T_762x39_NRM.uasset" 516
"../../../sep6/Content/FPSWeaponPackVol2/Weapons/Materials/Ammunition/M_762x39_Empty.uasset" 517
"../../../sep6/Content/FPSWeaponPackVol2/Weapons/Meshes/Ammunition/SM_Shell_556x45.uasset" 518
"../../../sep6/Content/FPSWeaponPackVol2/Weapons/Meshes/Ammunition/SM_Shell_556x45_Empty.uasset" 519
"../../../sep6/Content/FPSWeaponPackVol2/Weapons/Meshes/Ammunition/SM_Shell_762x39.uasset" 520
"../../../sep6/Content/FPSWeaponPackVol2/Weapons/Meshes/Ammunition/SM_Shell_762x39_Empty.uasset" 521
"../../../sep6/Content/FPSWeaponPackVol2/Weapons/Textures/Ammunition/T_9mm_ALB.uasset" 522
"../../../sep6/Content/FPSWeaponPackVol2/Weapons/Textures/Ammunition/T_9mm_M_MSK.uasset" 523
"../../../sep6/Content/FPSWeaponPackVol2/Weapons/Textures/Ammunition/T_9mm_NRM.uasset" 524
"../../../sep6/Content/FPSWeaponPackVol2/Weapons/Materials/Ammunition/M_9mm.uasset" 525
"../../../sep6/Content/FPSWeaponPackVol2/Weapons/Meshes/Ammunition/SM_Shell_9mm.uasset" 526
"../../../sep6/Content/FPSWeaponPackVol2/Weapons/Meshes/Ammunition/SM_Shell_9mm_Empty.uasset" 527
"../../../sep6/Content/FPSWeaponPackVol2/Weapons/Textures/Ammunition/T_9x39_ALB.uasset" 528
"../../../sep6/Content/FPSWeaponPackVol2/Weapons/Textures/Ammunition/T_9x39_M_MSK.uasset" 529
"../../../sep6/Content/FPSWeaponPackVol2/Weapons/Textures/Ammunition/T_9x39_NRM.uasset" 530
"../../../sep6/Content/FPSWeaponPackVol2/Weapons/Materials/Ammunition/M_9x39.uasset" 531
"../../../sep6/Content/FPSWeaponPackVol2/Weapons/Meshes/Ammunition/SM_Shell_9x39.uasset" 532
"../../../sep6/Content/FPSWeaponPackVol2/Weapons/Meshes/Ammunition/SM_Shell_9x39_Empty.uasset" 533
"../../../sep6/Content/FPSWeaponPackVol2/Weapons/Meshes/KA5c/SK_KA5c_G203_Y_Physics.uasset" 534
"../../../sep6/Content/FPSWeaponPackVol2/Weapons/Meshes/KA5c/SK_KA5c_G203_Y_Skeleton.uasset" 535
"../../../sep6/Content/FPSWeaponPackVol2/Weapons/Meshes/KA5c/SK_KA5c_G203_Y.uasset" 536
"../../../sep6/Content/FPSWeaponPackVol2/Weapons/Meshes/KA5c/SK_KA5c_Y_Physics.uasset" 537
"../../../sep6/Content/FPSWeaponPackVol2/Weapons/Meshes/KA5c/SK_KA5c_Y_Skeleton.uasset" 538
"../../../sep6/Content/FPSWeaponPackVol2/Weapons/Meshes/KA5c/SK_KA5c_Y.uasset" 539
"../../../sep6/Content/FPSWeaponPackVol2/Weapons/Meshes/KA5c/SM_KA5c_G203_Y.uasset" 540
"../../../sep6/Content/FPSWeaponPackVol2/Weapons/Meshes/KA5c/SM_KA5c_Y.uasset" 541
"../../../sep6/Content/FPSWeaponPackVol2/Weapons/Meshes/KA_Val/SK_KA_Val_Y_Physics.uasset" 542
"../../../sep6/Content/FPSWeaponPackVol2/Weapons/Meshes/KA_Val/SK_KA_Val_Y_Skeleton.uasset" 543
"../../../sep6/Content/FPSWeaponPackVol2/Weapons/Meshes/KA_Val/SK_KA_Val_Y.uasset" 544
"../../../sep6/Content/FPSWeaponPackVol2/Weapons/Meshes/KA_Val/SM_KA_Val_Y.uasset" 545
"../../../sep6/Content/FPSWeaponPackVol2/Weapons/Meshes/Shot12/SK_Shot12_Folded_Y_Physics.uasset" 546
"../../../sep6/Content/FPSWeaponPackVol2/Weapons/Meshes/Shot12/SK_Shot12_Folded_Y_Skeleton.uasset" 547
"../../../sep6/Content/FPSWeaponPackVol2/Weapons/Meshes/Shot12/SK_Shot12_Folded_Y.uasset" 548
"../../../sep6/Content/FPSWeaponPackVol2/Weapons/Meshes/Shot12/SK_Shot12_NoStock_Y_Physics.uasset" 549
"../../../sep6/Content/FPSWeaponPackVol2/Weapons/Meshes/Shot12/SK_Shot12_NoStock_Y_Skeleton.uasset" 550
"../../../sep6/Content/FPSWeaponPackVol2/Weapons/Meshes/Shot12/SK_Shot12_NoStock_Y.uasset" 551
"../../../sep6/Content/FPSWeaponPackVol2/Weapons/Meshes/Shot12/SM_Shot12_Nostock_Y.uasset" 552
"../../../sep6/Content/FPSWeaponPackVol2/Weapons/Meshes/Shot12/SM_Shot12_Y.uasset" 553
"../../../sep6/Content/FPSWeaponPackVol2/Weapons/Meshes/SMG11/SK_SMG11_Nostock_Y_Physics.uasset" 554
"../../../sep6/Content/FPSWeaponPackVol2/Weapons/Meshes/SMG11/SK_SMG11_Nostock_Y_Skeleton.uasset" 555
"../../../sep6/Content/FPSWeaponPackVol2/Weapons/Meshes/SMG11/SK_SMG11_Nostock_Y.uasset" 556
"../../../sep6/Content/FPSWeaponPackVol2/Weapons/Meshes/SMG11/SK_SMG11_Y_Physics.uasset" 557
"../../../sep6/Content/FPSWeaponPackVol2/Weapons/Meshes/SMG11/SK_SMG11_Y_Skeleton.uasset" 558
"../../../sep6/Content/FPSWeaponPackVol2/Weapons/Meshes/SMG11/SK_SMG11_Y.uasset" 559
"../../../sep6/Content/FPSWeaponPackVol2/Weapons/Meshes/SMG11/SM_SMG11_Nostock_Y.uasset" 560
"../../../sep6/Content/FPSWeaponPackVol2/Weapons/Meshes/SMG11/SM_SMG11_Y.uasset" 561
"../../../sep6/Content/FPSWeaponPackVol2/Weapons/Meshes/SMG90/SK_SMG90_No_Alpha_Y_Physics.uasset" 562
"../../../sep6/Content/FPSWeaponPackVol2/Weapons/Meshes/SMG90/SK_SMG90_No_Alpha_Y_Skeleton.uasset" 563
"../../../sep6/Content/FPSWeaponPackVol2/Weapons/Meshes/SMG90/SK_SMG90_No_Alpha_Y.uasset" 564
"../../../sep6/Content/FPSWeaponPackVol2/Weapons/Meshes/SMG90/SK_SMG90_Y_Physics.uasset" 565
"../../../sep6/Content/FPSWeaponPackVol2/Weapons/Meshes/SMG90/SK_SMG90_Y_Skeleton.uasset" 566
"../../../sep6/Content/FPSWeaponPackVol2/Weapons/Meshes/SMG90/SK_SMG90_Y.uasset" 567
"../../../sep6/Content/FPSWeaponPackVol2/Weapons/Meshes/SMG90/SM_SMG90_No_Alpha_Y.uasset" 568
"../../../sep6/Content/FPSWeaponPackVol2/Weapons/Meshes/SMG90/SM_SMG90_Y.uasset" 569
"../../../sep6/Content/FPSWeaponPackVol2/Levels/Weapons_Showcase.umap" 570
"../../../Engine/Content/Maps/Entry.umap" 571
