Log file open, 10/14/17 17:13:07
LogInit:Display: Running engine for game: sep6
LogPlatformFile: Not using cached read wrapper
LogInit:Display: RandInit(-1507384200) SRandInit(-1507384200).
LogTaskGraph: Started task graph with 5 named threads and 8 total threads with 1 sets of task threads.
LogStats: Stats thread started at 0.129385
LogInit: Using libcurl 7.47.1
LogInit:  - built for x86_64-pc-win32
LogInit:  - supports SSL with OpenSSL/1.0.2g
LogInit:  - supports HTTP deflate (compression) using libz 1.2.8
LogInit:  - other features:
LogInit:      CURL_VERSION_SSL
LogInit:      CURL_VERSION_LIBZ
LogInit:      CURL_VERSION_IPV6
LogInit:      CURL_VERSION_ASYNCHDNS
LogInit:      CURL_VERSION_LARGEFILE
LogInit:      CURL_VERSION_IDN
LogInit:  CurlRequestOptions (configurable via config and command line):
LogInit:  - bVerifyPeer = false  - Libcurl will NOT verify peer certificate
LogInit:  - bUseHttpProxy = false  - Libcurl will NOT use HTTP proxy
LogInit:  - bDontReuseConnections = false  - Libcurl will reuse connections
LogInit:  - CertBundlePath = nullptr  - Libcurl will use whatever was configured at build time.
LogInit: Build: ++UE4+Release-4.16-CL-3561208
LogInit: Engine Version: 4.16.3-3561208+++UE4+Release-4.16
LogInit: Compatible Engine Version: 4.16.0-3452394+++UE4+Release-4.16
LogInit: Net CL: 3452394
LogDevObjectVersion: Number of dev versions registered: 16
LogDevObjectVersion:   Dev-Blueprints (B0D832E4-1F89-4F0D-ACCF-7EB736FD4AA2): 9
LogDevObjectVersion:   Dev-Build (E1C64328-A22C-4D53-A36C-8E866417BD8C): 0
LogDevObjectVersion:   Dev-Core (375EC13C-06E4-48FB-B500-84F0262A717E): 2
LogDevObjectVersion:   Dev-Editor (E4B068ED-F494-42E9-A231-DA0B2E46BB41): 17
LogDevObjectVersion:   Dev-Framework (CFFC743F-43B0-4480-9391-14DF171D2073): 23
LogDevObjectVersion:   Dev-Mobile (B02B49B5-BB20-44E9-A304-32B752E40360): 0
LogDevObjectVersion:   Dev-Networking (A4E4105C-59A1-49B5-A7C5-40C4547EDFEE): 0
LogDevObjectVersion:   Dev-Online (39C831C9-5AE6-47DC-9A44-9C173E1C8E7C): 0
LogDevObjectVersion:   Dev-Physics (78F01B33-EBEA-4F98-B9B4-84EACCB95AA2): 0
LogDevObjectVersion:   Dev-Platform (6631380F-2D4D-43E0-8009-CF276956A95A): 0
LogDevObjectVersion:   Dev-Rendering (12F88B9F-8875-4AFC-A67C-D90C383ABD29): 15
LogDevObjectVersion:   Dev-Sequencer (7B5AE74C-D270-4C10-A958-57980B212A5A): 4
LogDevObjectVersion:   Dev-VR (D7296918-1DD6-4BDD-9DE2-64A83CC13884): 0
LogDevObjectVersion:   Dev-LoadTimes (C2A15278-BFE7-4AFE-6C17-90FF531DF755): 1
LogDevObjectVersion:   Private-Geometry (6EACA3D4-40EC-4CC1-B786-8BED09428FC5): 1
LogDevObjectVersion:   Dev-AnimPhys (29E575DD-E0A3-4627-9D10-D276232CDCEA): 3
LogInit: Compiled (64-bit): Jul 28 2017 11:49:47
LogInit: Compiled with Visual C++: 19.00.24215.01
LogInit: Build Configuration: Development
LogInit: Branch Name: ++UE4+Release-4.16
LogInit: Command line: -EpicPortal 
LogInit: Base directory: D:/UE_4.16/Engine/Binaries/Win64/
LogInit: Installed Engine Build: 1
LogInit: Presizing for max 8388607 objects, including 0 objects not considered by GC, pre-allocating 0 bytes for permanent pool.
LogInit: Object subsystem initialized
[2017.10.14-21.13.08:837][  0]LogInit: Selected Device Profile: [Windows]
[2017.10.14-21.13.08:837][  0]LogInit: Applying CVar settings loaded from the selected device profile: [Windows]
[2017.10.14-21.13.08:853][  0]LogInit: Computer: DESKTOP-SJRNNB5
[2017.10.14-21.13.08:853][  0]LogInit: User: Alex
[2017.10.14-21.13.08:853][  0]LogInit: CPU Page size=4096, Cores=4
[2017.10.14-21.13.08:853][  0]LogInit: High frequency timer resolution =2.338347 MHz
[2017.10.14-21.13.08:853][  0]LogMemory: Memory total: Physical=7.9GB (8GB approx)
[2017.10.14-21.13.08:853][  0]LogMemory: Platform Memory Stats for Windows
[2017.10.14-21.13.08:853][  0]LogMemory: Process Physical Memory: 272.77 MB used, 272.77 MB peak
[2017.10.14-21.13.08:853][  0]LogMemory: Process Virtual Memory: 261.29 MB used, 261.29 MB peak
[2017.10.14-21.13.08:853][  0]LogMemory: Physical Memory: 4505.45 MB used,  3602.91 MB free, 8108.36 MB total
[2017.10.14-21.13.08:853][  0]LogMemory: Virtual Memory: 639.42 MB used,  3602.91 MB free, 134217728.00 MB total
[2017.10.14-21.13.09:106][  0]LogInit: Using OS detected language (en-US).
[2017.10.14-21.13.09:106][  0]LogInit: Using OS detected locale (en-US).
[2017.10.14-21.13.09:111][  0]LogTextLocalizationManager: No specific localization for 'en-US' exists, so the 'en' localization will be used.
[2017.10.14-21.13.10:579][  0]LogD3D11RHI: D3D11 adapters:
[2017.10.14-21.13.10:613][  0]LogD3D11RHI:    0. 'NVIDIA GeForce GT 755M' (Feature Level 11_0)
[2017.10.14-21.13.10:613][  0]LogD3D11RHI:       2019/0/4054 MB DedicatedVideo/DedicatedSystem/SharedSystem, Outputs:1, VendorId:0x10de
[2017.10.14-21.13.10:620][  0]LogD3D11RHI:    1. 'Intel(R) HD Graphics 4600' (Feature Level 11_0)
[2017.10.14-21.13.10:620][  0]LogD3D11RHI:       112/0/4054 MB DedicatedVideo/DedicatedSystem/SharedSystem, Outputs:0, VendorId:0x8086
[2017.10.14-21.13.10:622][  0]LogD3D11RHI:    2. 'Microsoft Basic Render Driver' (Feature Level 11_0)
[2017.10.14-21.13.10:622][  0]LogD3D11RHI:       0/0/4054 MB DedicatedVideo/DedicatedSystem/SharedSystem, Outputs:0, VendorId:0x1414
[2017.10.14-21.13.10:622][  0]LogD3D11RHI: Chosen D3D11 Adapter: 0
[2017.10.14-21.13.10:627][  0]LogD3D11RHI: Creating new Direct3DDevice
[2017.10.14-21.13.10:627][  0]LogD3D11RHI:     GPU DeviceId: 0xfcd (for the marketing name, search the web for "GPU Device Id")
[2017.10.14-21.13.10:627][  0]LogWindows: EnumDisplayDevices:
[2017.10.14-21.13.10:627][  0]LogWindows:    0. 'Intel(R) HD Graphics 4600' (P:1 D:1)
[2017.10.14-21.13.10:627][  0]LogWindows:    1. 'Intel(R) HD Graphics 4600' (P:0 D:0)
[2017.10.14-21.13.10:627][  0]LogWindows:    2. 'Intel(R) HD Graphics 4600' (P:0 D:0)
[2017.10.14-21.13.10:628][  0]LogWindows: DebugString: PrimaryIsNotTheChoosenAdapter PrimaryIsNotTheChoosenAdapter PrimaryIsNotTheChoosenAdapter FoundDriverCount:0 
[2017.10.14-21.13.10:628][  0]LogD3D11RHI:     Adapter Name: NVIDIA GeForce GT 755M
[2017.10.14-21.13.10:628][  0]LogD3D11RHI:   Driver Version: Unknown (internal:Unknown, unified:Unknown)
[2017.10.14-21.13.10:628][  0]LogD3D11RHI:      Driver Date: Unknown
[2017.10.14-21.13.10:628][  0]LogRHI: Texture pool is 1361 MB (70% of 1945 MB)
[2017.10.14-21.13.10:650][  0]LogD3D11RHI: Async texture creation enabled
[2017.10.14-21.13.10:667][  0]LogD3D11RHI: GPU Timing Frequency: 1000.000000 (Debug: 2 2)
[2017.10.14-21.13.10:668][  0]LogShaderCompilers: Guid format shader working directory is -12 characters bigger than the processId version (C:/Users/Alex/Desktop/GitHubRepos/GGS_VerticalSlice/sep6/Intermediate/Shaders/WorkingDirectory/11780/).
[2017.10.14-21.13.10:668][  0]LogShaderCompilers: Cleaned the shader compiler working directory 'C:/Users/Alex/AppData/Local/Temp/UnrealShaderWorkingDir/DDAB021B48BB2831903F64B2E3AE4B9E/'.
[2017.10.14-21.13.10:668][  0]LogShaderCompilers:Display: Using Local Shader Compiler.
[2017.10.14-21.13.12:285][  0]LogTemp:Display: Loaded TP AllDesktopTargetPlatform
[2017.10.14-21.13.12:443][  0]LogTemp:Display: Loaded TP MacClientTargetPlatform
[2017.10.14-21.13.12:605][  0]LogTemp:Display: Loaded TP MacNoEditorTargetPlatform
[2017.10.14-21.13.12:765][  0]LogTemp:Display: Loaded TP MacServerTargetPlatform
[2017.10.14-21.13.12:927][  0]LogTemp:Display: Loaded TP MacTargetPlatform
[2017.10.14-21.13.13:087][  0]LogTemp:Display: Loaded TP WindowsClientTargetPlatform
[2017.10.14-21.13.13:248][  0]LogTemp:Display: Loaded TP WindowsNoEditorTargetPlatform
[2017.10.14-21.13.13:406][  0]LogTemp:Display: Loaded TP WindowsServerTargetPlatform
[2017.10.14-21.13.13:556][  0]LogTemp:Display: Loaded TP WindowsTargetPlatform
[2017.10.14-21.13.13:747][  0]LogTemp:Display: Loaded TP AndroidTargetPlatform
[2017.10.14-21.13.13:920][  0]LogTemp:Display: Loaded TP Android_ASTCTargetPlatform
[2017.10.14-21.13.14:083][  0]LogTemp:Display: Loaded TP Android_ATCTargetPlatform
[2017.10.14-21.13.14:239][  0]LogTemp:Display: Loaded TP Android_DXTTargetPlatform
[2017.10.14-21.13.14:396][  0]LogTemp:Display: Loaded TP Android_ETC1TargetPlatform
[2017.10.14-21.13.14:550][  0]LogTemp:Display: Loaded TP Android_ETC2TargetPlatform
[2017.10.14-21.13.14:868][  0]LogTemp:Display: Loaded TP Android_MultiTargetPlatform
[2017.10.14-21.13.14:868][  0]LogTemp:Display: Loaded TP Android_PVRTCTargetPlatform
[2017.10.14-21.13.15:018][  0]LogTemp:Display: Loaded TP HTML5TargetPlatform
[2017.10.14-21.13.15:287][  0]LogTemp:Display: Loaded TP IOSTargetPlatform
[2017.10.14-21.13.15:383][  0]LogTemp:Display: Loaded TP TVOSTargetPlatform
[2017.10.14-21.13.15:540][  0]LogTemp:Display: Loaded TP LinuxClientTargetPlatform
[2017.10.14-21.13.15:701][  0]LogTemp:Display: Loaded TP LinuxNoEditorTargetPlatform
[2017.10.14-21.13.15:859][  0]LogTemp:Display: Loaded TP LinuxServerTargetPlatform
[2017.10.14-21.13.16:022][  0]LogTemp:Display: Loaded TP LinuxTargetPlatform
[2017.10.14-21.13.16:022][  0]LogTargetPlatformManager:Display: Building Assets For Windows
[2017.10.14-21.13.17:805][  0]LogDerivedDataCache:Display: Max Cache Size: 512 MB
[2017.10.14-21.13.17:947][  0]LogDerivedDataCache: Loaded boot cache 0.14s 90MB C:/Users/Alex/AppData/Local/UnrealEngine/4.16/DerivedDataCache/Boot.ddc.
[2017.10.14-21.13.17:947][  0]LogDerivedDataCache:Display: Loaded Boot cache: C:/Users/Alex/AppData/Local/UnrealEngine/4.16/DerivedDataCache/Boot.ddc
[2017.10.14-21.13.17:947][  0]LogDerivedDataCache: FDerivedDataBackendGraph:  Pak pak cache file C:/Users/Alex/Desktop/GitHubRepos/GGS_VerticalSlice/sep6/DerivedDataCache/DDC.ddp not found, will not use a pak cache.
[2017.10.14-21.13.17:947][  0]LogDerivedDataCache: Unable to find inner node Pak for hierarchical cache Hierarchy.
[2017.10.14-21.13.17:947][  0]LogDerivedDataCache: FDerivedDataBackendGraph:  CompressedPak pak cache file C:/Users/Alex/Desktop/GitHubRepos/GGS_VerticalSlice/sep6/DerivedDataCache/Compressed.ddp not found, will not use a pak cache.
[2017.10.14-21.13.17:947][  0]LogDerivedDataCache: Unable to find inner node CompressedPak for hierarchical cache Hierarchy.
[2017.10.14-21.13.17:974][  0]LogDerivedDataCache:Display: Pak cache opened for reading ../../../Engine/DerivedDataCache/Compressed.ddp.
[2017.10.14-21.13.17:986][  0]LogDerivedDataCache: Using Local data cache path C:/Users/Alex/AppData/Local/UnrealEngine/Common/DerivedDataCache: Writable
[2017.10.14-21.13.18:000][  0]LogMaterial: Verifying Global Shaders for PCD3D_SM5
[2017.10.14-21.13.18:000][  0]LogSlate: Using Freetype 2.6.0
[2017.10.14-21.13.18:001][  0]LogSlate: SlateFontCache - WITH_FREETYPE: 1, WITH_HARFBUZZ: 1
[2017.10.14-21.13.18:001][  0]LogSlate: SlateFontCache - WITH_FREETYPE: 1, WITH_HARFBUZZ: 1
[2017.10.14-21.13.18:491][  0]LogInit: Selected Device Profile: [Windows]
[2017.10.14-21.13.18:603][  0]LogContentStreaming: Texture pool size is 0.00 MB
[2017.10.14-21.13.18:978][  0]LogMeshUtilities: Using QuadricMeshReduction for automatic static mesh reduction
[2017.10.14-21.13.19:135][  0]LogSimplygon: Simplygon DLL not present - disabling.
[2017.10.14-21.13.19:308][  0]LogMeshUtilities: Using SimplygonSwarm for distributed automatic mesh merging
[2017.10.14-21.13.19:308][  0]LogMeshUtilities: No automatic skeletal mesh reduction module available
[2017.10.14-21.13.19:308][  0]LogMeshUtilities: No automatic mesh merging module available
[2017.10.14-21.13.20:610][  0]LogNetVersion: sep6 , NetCL: 3452394, EngineNetVer: 2, GameNetVer: 0 (Checksum: 1248976798)
[2017.10.14-21.13.20:748][  0]LogAssetRegistry: FAssetRegistry took 0.0277 seconds to start up
[2017.10.14-21.13.20:881][  0]LogPackageLocalizationCache: Processed 4 localized package path(s) for 2 prioritized culture(s) in 0.042945 seconds
[2017.10.14-21.13.20:890][  0]LogUObjectArray: 34194 objects as part of root set at end of initial load.
[2017.10.14-21.13.20:890][  0]LogUObjectAllocator: 7260416 out of 0 bytes used by permanent object pool.
[2017.10.14-21.13.20:890][  0]LogUObjectArray: CloseDisregardForGC: 0/0 objects in disregard for GC pool
[2017.10.14-21.13.21:149][  0]LogInit: WinSock: version 1.1 (2.2), MaxSocks=32767, MaxUdp=65467
[2017.10.14-21.13.27:365][  0]LogTcpMessaging: Initializing TcpMessaging bridge
[2017.10.14-21.13.27:476][  0]LogUdpMessaging: Initializing bridge on interface 0.0.0.0:0 to multicast group 230.0.0.1:6666.
[2017.10.14-21.13.29:031][  0]LogMaterial: Uniform references updated for custom material expression Custom.
[2017.10.14-21.13.30:244][  0]SourceControl: Info Source control is disabled
[2017.10.14-21.13.30:246][  0]SourceControl: Info Source control is disabled
[2017.10.14-21.13.30:412][  0]SourceControl: Info Source control is disabled
[2017.10.14-21.13.30:573][  0]SourceControl: Info Source control is disabled
[2017.10.14-21.13.32:887][  0]LogAndroidPermission: UAndroidPermissionCallbackProxy::GetInstance
[2017.10.14-21.13.34:815][  0]LogEngine: Initializing Engine...
[2017.10.14-21.13.34:815][  0]LogHMD: Failed to initialize OpenVR with code 110
[2017.10.14-21.13.35:094][  0]LogStats: UGameplayTagsManager::ConstructGameplayTagTree: Construct from data asset -  0.000 s
[2017.10.14-21.13.35:094][  0]LogStats: UGameplayTagsManager::ConstructGameplayTagTree: GameplayTagTreeChangedEvent.Broadcast -  0.000 s
[2017.10.14-21.13.35:546][  0]LogAIModule: Creating AISystem for world Untitled
[2017.10.14-21.13.35:553][  0]LogInit: XAudio2 using 'Speakers (Realtek High Definition Audio)' : 2 channels at 48 kHz using 32 bits per sample (channel mask 0x3)
[2017.10.14-21.13.35:568][  0]LogInit: FAudioDevice initialized.
[2017.10.14-21.13.35:638][  0]LogDerivedDataCache: Saved boot cache 0.07s 90MB C:/Users/Alex/AppData/Local/UnrealEngine/4.16/DerivedDataCache/Boot.ddc.
[2017.10.14-21.13.35:663][  0]LogInit: Texture streaming: Enabled
[2017.10.14-21.13.36:025][  0]LogEngineSessionManager: EngineSessionManager initialized
[2017.10.14-21.13.36:781][  0]LogInit: Transaction tracking system initialized
[2017.10.14-21.13.37:908][  0]BlueprintLog: New page: Editor Load
[2017.10.14-21.13.41:296][  0]LocalizationService: Info Localization service is disabled
[2017.10.14-21.13.43:685][  0]LogConsoleResponse:Display: 
[2017.10.14-21.13.43:958][  0]LogCook:Display: Max memory allowance for cook 16384mb min free memory 0mb
[2017.10.14-21.13.43:958][  0]LogCook:Display: Mobile HDR setting 1
[2017.10.14-21.13.44:478][  0]LogFileCache: Scanning file cache for directory 'C:/Users/Alex/Desktop/GitHubRepos/GGS_VerticalSlice/sep6/Content/' took 0.02s
[2017.10.14-21.13.47:543][  0]SourceControl: Info Source control is disabled
[2017.10.14-21.13.47:543][  0]Cmd: MAP LOAD FILE="C:/Users/Alex/Desktop/GitHubRepos/GGS_VerticalSlice/sep6/Content/MergedLevelTest.umap" TEMPLATE=0 SHOWPROGRESS=1 FEATURELEVEL=3
[2017.10.14-21.13.47:543][  0]LogEditorServer:Warning: Can't find file 'C:/Users/Alex/Desktop/GitHubRepos/GGS_VerticalSlice/sep6/Content/MergedLevelTest.umap'
[2017.10.14-21.13.47:543][  0]Cmd: MAP CHECKDEP NOCLEARLOG
[2017.10.14-21.13.47:658][  0]MapCheck: Info Map check complete: 0 Error(s), 0 Warning(s), took 114.409ms to complete.
[2017.10.14-21.13.47:658][  0]LogFileHelpers: Loading map 'MergedLevelTest' took 0.115
[2017.10.14-21.13.47:860][  0]LogCollectionManager: Loaded 0 collections in 0.001989 seconds
[2017.10.14-21.13.48:050][  0]LogFileCache: Scanning file cache for directory 'C:/Users/Alex/Desktop/GitHubRepos/GGS_VerticalSlice/sep6/Saved/Collections/' took 0.01s
[2017.10.14-21.13.48:050][  0]LogFileCache: Scanning file cache for directory 'C:/Users/Alex/Desktop/GitHubRepos/GGS_VerticalSlice/sep6/Content/Developers/Alex/Collections/' took 0.01s
[2017.10.14-21.13.48:050][  0]LogFileCache: Scanning file cache for directory 'C:/Users/Alex/Desktop/GitHubRepos/GGS_VerticalSlice/sep6/Content/Collections/' took 0.01s
[2017.10.14-21.13.48:050][  0]LogCollectionManager: Rebuilt the GUID cache for 0 collections in 0.000002 seconds
[2017.10.14-21.13.48:063][  0]LogContentBrowser: Native class hierarchy populated in 0.0124 seconds. Added 2329 classes and 491 folders.
[2017.10.14-21.13.48:302][  0]LogContentBrowser: Native class hierarchy updated for 'WidgetCarousel' in 0.0007 seconds. Added 0 classes and 0 folders.
[2017.10.14-21.13.48:376][  0]LogContentBrowser: Native class hierarchy updated for 'AddContentDialog' in 0.0008 seconds. Added 0 classes and 0 folders.
[2017.10.14-21.13.48:528][  0]LogContentBrowser: Native class hierarchy updated for 'SceneOutliner' in 0.0007 seconds. Added 1 classes and 2 folders.
[2017.10.14-21.13.48:642][  0]LogCrashTracker: Crashtracker disabled due to settings.
[2017.10.14-21.13.48:647][  0]LogSlate: Took 0.000358 seconds to synchronously load lazily loaded font '../../../Engine/Content/Slate/Fonts/Roboto-Regular.ttf' (155K)
[2017.10.14-21.13.48:650][  0]LogSlate: Took 0.000389 seconds to synchronously load lazily loaded font '../../../Engine/Content/Slate/Fonts/Roboto-Bold.ttf' (160K)
[2017.10.14-21.13.48:659][  0]LogSlate: Took 0.000332 seconds to synchronously load lazily loaded font '../../../Engine/Content/Editor/Slate/Fonts/FontAwesome.ttf' (139K)
[2017.10.14-21.13.48:837][  0]LogRenderer: Reallocating scene render targets to support 1208x576 NumSamples 1 (Frame:1).
[2017.10.14-21.13.49:028][  0]LogUObjectGlobals:Warning: Failed to find object 'Class None.'
[2017.10.14-21.13.49:201][  0]LogContentBrowser: Native class hierarchy updated for 'HierarchicalLODOutliner' in 0.0008 seconds. Added 1 classes and 2 folders.
[2017.10.14-21.13.49:202][  0]LogLoad: (Engine Initialization) Total time: 44.01 seconds
[2017.10.14-21.13.49:202][  0]LogLoad: (Engine Initialization) Total Blueprint compile time: 0.18 seconds
[2017.10.14-21.13.49:202][  0]LogExternalProfiler: No external profilers were discovered.  External profiling features will not be available.
[2017.10.14-21.13.49:211][  0]LogOcInput: OculusInput pre-init called
[2017.10.14-21.13.49:211][  0]LogHMD: Starting GearVRController plugin
[2017.10.14-21.13.49:230][  0]LogContentStreaming: Texture pool size now 1000 MB
[2017.10.14-21.13.49:302][  1]LogAssetRegistry: Asset discovery search completed in 28.5758 seconds
[2017.10.14-21.13.49:304][  1]LogCollectionManager: Rebuilt the object cache for 0 collections in 0.000000 seconds (found 0 objects)
[2017.10.14-21.13.49:304][  1]LogCollectionManager: Fixed up redirectors for 0 collections in 0.000032 seconds (updated 0 objects)
[2017.10.14-21.13.53:298][375]LogSlate: Took 0.000611 seconds to synchronously load lazily loaded font '../../../Engine/Content/Slate/Fonts/Roboto-Light.ttf' (159K)
[2017.10.14-21.13.56:165][615]LogSlate: Took 0.000236 seconds to synchronously load lazily loaded font '../../../Engine/Content/Slate/Fonts/Roboto-Light.ttf' (159K)
[2017.10.14-21.13.57:291][615]LogAIModule: Creating AISystem for world VSpath
[2017.10.14-21.13.57:331][615]LogSlate: Took 0.000235 seconds to synchronously load lazily loaded font '../../../Engine/Content/Slate/Fonts/Roboto-Regular.ttf' (155K)
[2017.10.14-21.13.57:420][615]Cmd: MAP LOAD FILE="C:/Users/Alex/Desktop/GitHubRepos/GGS_VerticalSlice/sep6/Content/0Levels/VSpath.umap" TEMPLATE=0 SHOWPROGRESS=1 FEATURELEVEL=3
[2017.10.14-21.13.57:420][615]LightingResults: New page: Lighting Build
[2017.10.14-21.13.57:568][615]LogContentBrowser: Native class hierarchy updated for 'StatsViewer' in 0.0008 seconds. Added 5 classes and 0 folders.
[2017.10.14-21.13.57:569][615]LoadErrors: New page: Loading map: VSpath.umap
[2017.10.14-21.13.57:570][615]MapCheck: New page: Map Check
[2017.10.14-21.13.57:570][615]LightingResults: New page: Lighting Build
[2017.10.14-21.13.57:628][615]LogEditorServer: Finished looking for orphan Actors (0.000 secs)
[2017.10.14-21.13.57:702][615]Cmd: MAP CHECKDEP NOCLEARLOG
[2017.10.14-21.13.57:821][615]MapCheck: Info Map check complete: 0 Error(s), 0 Warning(s), took 119.013ms to complete.
[2017.10.14-21.13.57:823][615]LogFileHelpers: Loading map 'VSpath' took 0.404
[2017.10.14-21.14.59:501][720]LogTemp: Repeting last play command: Selected Viewport
[2017.10.14-21.14.59:602][720]LogPlayLevel: PlayLevel: No blueprints needed recompiling
[2017.10.14-21.14.59:602][720]PIE: New page: PIE session: VSpath (Oct 14, 2017, 1:14:59 PM)
[2017.10.14-21.14.59:609][720]LogPlayLevel: Creating play world package: /Game/0Levels/UEDPIE_0_VSpath
[2017.10.14-21.14.59:658][720]LogPlayLevel: PIE: StaticDuplicateObject took: (0.049442s)
[2017.10.14-21.14.59:659][720]LogAIModule: Creating AISystem for world VSpath
[2017.10.14-21.14.59:659][720]LogPlayLevel: PIE: World Init took: (0.000939s)
[2017.10.14-21.14.59:660][720]LogPlayLevel: PIE: Created PIE world by copying editor world from /Game/0Levels/VSpath.VSpath to /Game/0Levels/UEDPIE_0_VSpath.VSpath (0.050930s)
[2017.10.14-21.14.59:678][720]LogInit: XAudio2 using 'Speakers (Realtek High Definition Audio)' : 2 channels at 48 kHz using 32 bits per sample (channel mask 0x3)
[2017.10.14-21.14.59:688][720]LogInit: FAudioDevice initialized.
[2017.10.14-21.15.00:357][720]LogLoad: Game class is 'MovementSimulator_C'
[2017.10.14-21.15.00:380][720]LogWorld: Bringing World /Game/0Levels/UEDPIE_0_VSpath.VSpath up for play (max tick rate 0) at 2017.10.14-17.15.00
[2017.10.14-21.15.00:381][720]LogWorld: Bringing up level for play took: 0.021650
[2017.10.14-21.15.00:533][720]LogContentBrowser: Native class hierarchy updated for 'MovieSceneCapture' in 0.0008 seconds. Added 11 classes and 0 folders.
[2017.10.14-21.15.00:537][720]PIE: Info Play in editor start time for /Game/0Levels/UEDPIE_0_VSpath 1.408
[2017.10.14-21.16.23:720][466]LogEditorViewport: Clicking on Actor (LMB): BP_Sky_Sphere_C (Sky Sphere)
[2017.10.14-21.16.34:757][ 15]LogContentBrowser: Native class hierarchy updated for 'BlueprintGraph' in 0.0013 seconds. Added 112 classes and 0 folders.
[2017.10.14-21.16.36:003][ 15]LogSlate: Took 0.019456 seconds to synchronously load lazily loaded font '../../../Engine/Content/Editor/Slate/Fonts/Roboto-BoldCondensed.ttf' (158K)
[2017.10.14-21.16.39:348][186]LogRenderer: Reallocating scene render targets to support 1208x900 NumSamples 1 (Frame:1).
[2017.10.14-21.16.45:018][522]LogSlate: Took 0.047144 seconds to synchronously load lazily loaded font '../../../Engine/Content/Editor/Slate/Fonts/Roboto-Italic.ttf' (157K)
[2017.10.14-21.17.34:750][843]BlueprintLog: New page: Compile TallWindowWall
[2017.10.14-21.17.37:650][ 11]Cmd: OBJ SAVEPACKAGE PACKAGE="/Game/Blueprints/Walls/TallWindowWall" FILE="C:/Users/Alex/Desktop/GitHubRepos/GGS_VerticalSlice/sep6/Content/Blueprints/Walls/TallWindowWall.uasset" SILENT=true
[2017.10.14-21.17.37:695][ 11]LogSavePackage: Save=30.46ms
[2017.10.14-21.17.37:695][ 11]LogSavePackage: Moving 'C:/Users/Alex/Desktop/GitHubRepos/GGS_VerticalSlice/sep6/Saved/TallWindowWallE8E11DBA4E08BEB25F78B7A822FFE927.tmp' to 'C:/Users/Alex/Desktop/GitHubRepos/GGS_VerticalSlice/sep6/Content/Blueprints/Walls/TallWindowWall.uasset'
[2017.10.14-21.17.37:701][ 11]LogSavePackage:Display: Finished SavePackage C:/Users/Alex/Desktop/GitHubRepos/GGS_VerticalSlice/sep6/Content/Blueprints/Walls/TallWindowWall.uasset
[2017.10.14-21.18.34:202][105]BlueprintLog: New page: Compile TallWindowWall
[2017.10.14-21.18.59:712][862]BlueprintLog: New page: Compile TallWindowWall
[2017.10.14-21.19.00:405][894]Cmd: OBJ SAVEPACKAGE PACKAGE="/Game/Blueprints/Walls/TallWindowWall" FILE="C:/Users/Alex/Desktop/GitHubRepos/GGS_VerticalSlice/sep6/Content/Blueprints/Walls/TallWindowWall.uasset" SILENT=true
[2017.10.14-21.19.00:441][894]LogSavePackage: Save=31.66ms
[2017.10.14-21.19.00:441][894]LogSavePackage: Moving 'C:/Users/Alex/Desktop/GitHubRepos/GGS_VerticalSlice/sep6/Saved/TallWindowWall26C306814BFCEEC060CA3DB51E06A4B4.tmp' to 'C:/Users/Alex/Desktop/GitHubRepos/GGS_VerticalSlice/sep6/Content/Blueprints/Walls/TallWindowWall.uasset'
[2017.10.14-21.19.00:444][894]LogSavePackage:Display: Finished SavePackage C:/Users/Alex/Desktop/GitHubRepos/GGS_VerticalSlice/sep6/Content/Blueprints/Walls/TallWindowWall.uasset
[2017.10.14-21.19.54:182][415]LogEditorViewport: Clicking on Actor (LMB): StaticMeshActor (Tall_window_wall)
[2017.10.14-21.19.57:679][629]LogEditorViewport: Clicking on Actor (LMB): StaticMeshActor (Tall_window_wall)
[2017.10.14-21.19.58:430][683]Cmd: DELETE
[2017.10.14-21.19.58:430][683]Cmd: ACTOR DELETE
[2017.10.14-21.19.58:436][683]LogEditorActor: Deleted Actor: StaticMeshActor
[2017.10.14-21.19.58:470][683]LogEditorActor: Deleted 1 Actors (0.040 secs)
[2017.10.14-21.20.00:621][860]LogEditorViewport: Clicking on Actor (LMB): TallWindowWall_C (TallWindowWall)
[2017.10.14-21.20.07:794][326]Cmd: OBJ SAVEPACKAGE PACKAGE="/Game/0Levels/VSpath" FILE="C:/Users/Alex/Desktop/GitHubRepos/GGS_VerticalSlice/sep6/Content/0Levels/VSpath.umap" SILENT=true AUTOSAVING=false KEEPDIRTY=false
[2017.10.14-21.20.10:806][326]LogSavePackage: Save=2934.62ms
[2017.10.14-21.20.10:806][326]LogSavePackage: Moving 'C:/Users/Alex/Desktop/GitHubRepos/GGS_VerticalSlice/sep6/Saved/VSpath0F91E67D4B583C2B9C06179856D06AB6.tmp' to 'C:/Users/Alex/Desktop/GitHubRepos/GGS_VerticalSlice/sep6/Content/0Levels/VSpath.umap'
[2017.10.14-21.20.10:817][326]LogSavePackage:Display: Finished SavePackage C:/Users/Alex/Desktop/GitHubRepos/GGS_VerticalSlice/sep6/Content/0Levels/VSpath.umap
[2017.10.14-21.20.36:666][167]LogEditorViewport: Clicking on Actor (LMB): StaticMeshActor (Base_arch)
[2017.10.14-21.20.40:314][406]LogEditorViewport: Clicking on Actor (LMB): StaticMeshActor (Arch_door)
[2017.10.14-21.20.41:032][454]LogEditorViewport: Clicking on Actor (LMB): StaticMeshActor (Arch_extra_stuff)
[2017.10.14-21.20.43:600][640]LogEditorViewport: Clicking on Actor (LMB): StaticMeshActor (Arch_extra_stuff)
[2017.10.14-21.20.44:496][701]LogEditorViewport: Clicking on Actor (LMB): StaticMeshActor (Arch_extra_stuff)
[2017.10.14-21.20.45:382][763]LogEditorViewport: Clicking on Actor (LMB): StaticMeshActor (Arch_extra_stuff)
[2017.10.14-21.20.46:202][819]LogEditorViewport: Clicking on Actor (LMB): StaticMeshActor (Arch_extra_stuff)
[2017.10.14-21.20.48:305][950]LogEditorViewport: Clicking on Actor (LMB): StaticMeshActor (Plane)
[2017.10.14-21.20.48:775][978]LogEditorViewport: Clicking on Actor (LMB): StaticMeshActor (Arch_extra_stuff)
[2017.10.14-21.20.53:062][240]Cmd: TRANSACTION UNDO
[2017.10.14-21.20.53:062][240]LogEditorTransaction: Undo Move Actors
[2017.10.14-21.20.53:088][240]LogSlate: Took 0.000336 seconds to synchronously load lazily loaded font '../../../Engine/Content/Slate/Fonts/Roboto-Light.ttf' (159K)
[2017.10.14-21.20.56:171][429]LogEditorViewport: Clicking on Actor (LMB): StaticMeshActor (Base_arch)
[2017.10.14-21.21.05:228][836]LogEditorViewport: Clicking on Actor (LMB): StaticMeshActor (Base_arch)
[2017.10.14-21.22.45:114][  7]LogEditorViewport: Clicking on Actor (LMB): StaticMeshActor (Arch_door)
[2017.10.14-21.23.13:427][834]BlueprintLog: New page: Compile ArchWithExtraStuff
[2017.10.14-21.23.14:617][888]Cmd: OBJ SAVEPACKAGE PACKAGE="/Game/Blueprints/Walls/ArchWithExtraStuff" FILE="C:/Users/Alex/Desktop/GitHubRepos/GGS_VerticalSlice/sep6/Content/Blueprints/Walls/ArchWithExtraStuff.uasset" SILENT=true
[2017.10.14-21.23.14:649][888]LogSavePackage: Save=30.36ms
[2017.10.14-21.23.14:649][888]LogSavePackage: Moving 'C:/Users/Alex/Desktop/GitHubRepos/GGS_VerticalSlice/sep6/Saved/ArchWithExtraStuff97075F164406DE9C45760C8F466CCED6.tmp' to 'C:/Users/Alex/Desktop/GitHubRepos/GGS_VerticalSlice/sep6/Content/Blueprints/Walls/ArchWithExtraStuff.uasset'
[2017.10.14-21.23.14:652][888]LogSavePackage:Display: Finished SavePackage C:/Users/Alex/Desktop/GitHubRepos/GGS_VerticalSlice/sep6/Content/Blueprints/Walls/ArchWithExtraStuff.uasset
[2017.10.14-21.23.27:254][546]LogActorFactory: Actor Factory created Arch_door
[2017.10.14-21.23.29:108][651]LogActorFactory: Actor Factory created Arch_door
[2017.10.14-21.23.35:353][ 18]Cmd: DELETE
[2017.10.14-21.23.35:353][ 18]Cmd: ACTOR DELETE
[2017.10.14-21.23.35:358][ 18]LogEditorActor: Deleted Actor: StaticMeshActor
[2017.10.14-21.23.35:387][ 18]LogEditorActor: Deleted 1 Actors (0.034 secs)
[2017.10.14-21.23.41:488][266]Cmd: TRANSACTION UNDO
[2017.10.14-21.23.41:488][266]LogEditorTransaction: Undo Delete Actors
[2017.10.14-21.23.55:499][ 43]LogEditorViewport: Clicking on Actor (LMB): StaticMeshActor (Arch_door2)
[2017.10.14-21.23.58:681][265]Cmd: DELETE
[2017.10.14-21.23.58:681][265]Cmd: ACTOR DELETE
[2017.10.14-21.23.58:687][265]LogEditorActor: Deleted Actor: StaticMeshActor
[2017.10.14-21.23.58:720][265]LogEditorActor: Deleted 1 Actors (0.039 secs)
[2017.10.14-21.23.59:245][310]LogEditorViewport: Clicking on Actor (LMB): Door_Child_Rotated_C (Door_Child_Rotated)
[2017.10.14-21.23.59:438][321]Cmd: DELETE
[2017.10.14-21.23.59:438][321]Cmd: ACTOR DELETE
[2017.10.14-21.23.59:441][321]LogEditorActor: Deleted Actor: Door_Child_Rotated_C
[2017.10.14-21.23.59:462][321]LogEditorActor: Deleted 1 Actors (0.024 secs)
[2017.10.14-21.24.26:127][161]BlueprintLog: New page: Compile ArchWithExtraStuff
[2017.10.14-21.24.27:289][224]Cmd: OBJ SAVEPACKAGE PACKAGE="/Game/Blueprints/Walls/ArchWithExtraStuff" FILE="C:/Users/Alex/Desktop/GitHubRepos/GGS_VerticalSlice/sep6/Content/Blueprints/Walls/ArchWithExtraStuff.uasset" SILENT=true
[2017.10.14-21.24.27:330][224]LogSavePackage: Save=29.83ms
[2017.10.14-21.24.27:330][224]LogSavePackage: Moving 'C:/Users/Alex/Desktop/GitHubRepos/GGS_VerticalSlice/sep6/Saved/ArchWithExtraStuffDB0F524D42F78C345C5265910732F389.tmp' to 'C:/Users/Alex/Desktop/GitHubRepos/GGS_VerticalSlice/sep6/Content/Blueprints/Walls/ArchWithExtraStuff.uasset'
[2017.10.14-21.24.27:334][224]LogSavePackage:Display: Finished SavePackage C:/Users/Alex/Desktop/GitHubRepos/GGS_VerticalSlice/sep6/Content/Blueprints/Walls/ArchWithExtraStuff.uasset
[2017.10.14-21.25.22:524][ 53]BlueprintLog: New page: Compile ArchWithExtraStuff
[2017.10.14-21.25.23:476][ 87]Cmd: OBJ SAVEPACKAGE PACKAGE="/Game/Blueprints/Walls/ArchWithExtraStuff" FILE="C:/Users/Alex/Desktop/GitHubRepos/GGS_VerticalSlice/sep6/Content/Blueprints/Walls/ArchWithExtraStuff.uasset" SILENT=true
[2017.10.14-21.25.23:511][ 87]LogSavePackage: Save=30.40ms
[2017.10.14-21.25.23:511][ 87]LogSavePackage: Moving 'C:/Users/Alex/Desktop/GitHubRepos/GGS_VerticalSlice/sep6/Saved/ArchWithExtraStuff22D6720A44E9A4D9D118B7A4B523FE29.tmp' to 'C:/Users/Alex/Desktop/GitHubRepos/GGS_VerticalSlice/sep6/Content/Blueprints/Walls/ArchWithExtraStuff.uasset'
[2017.10.14-21.25.23:514][ 87]LogSavePackage:Display: Finished SavePackage C:/Users/Alex/Desktop/GitHubRepos/GGS_VerticalSlice/sep6/Content/Blueprints/Walls/ArchWithExtraStuff.uasset
[2017.10.14-21.25.28:325][470]LogEditorViewport: Clicking on Actor (LMB): StaticMeshActor (Base_arch)
[2017.10.14-21.25.30:084][593]LogEditorViewport: Clicking on Actor (LMB): StaticMeshActor (Arch_extra_stuff)
[2017.10.14-21.25.31:028][658]Cmd: DELETE
[2017.10.14-21.25.31:028][658]Cmd: ACTOR DELETE
[2017.10.14-21.25.31:033][658]LogEditorActor: Deleted Actor: StaticMeshActor
[2017.10.14-21.25.31:067][658]LogEditorActor: Deleted 1 Actors (0.038 secs)
[2017.10.14-21.25.31:646][709]LogEditorViewport: Clicking on Actor (LMB): StaticMeshActor (Arch_door)
[2017.10.14-21.25.31:988][730]Cmd: DELETE
[2017.10.14-21.25.31:988][730]Cmd: ACTOR DELETE
[2017.10.14-21.25.31:993][730]LogEditorActor: Deleted Actor: StaticMeshActor
[2017.10.14-21.25.32:016][730]LogEditorActor: Deleted 1 Actors (0.027 secs)
[2017.10.14-21.25.32:636][785]LogEditorViewport: Clicking on Actor (LMB): StaticMeshActor (Base_arch)
[2017.10.14-21.25.35:849][978]Cmd: DELETE
[2017.10.14-21.25.35:849][978]Cmd: ACTOR DELETE
[2017.10.14-21.25.35:854][978]LogEditorActor: Deleted Actor: StaticMeshActor
[2017.10.14-21.25.35:888][978]LogEditorActor: Deleted 1 Actors (0.039 secs)
[2017.10.14-21.25.57:725][371]BlueprintLog: New page: Compile ArchWithExtraStuff
[2017.10.14-21.25.58:312][396]Cmd: OBJ SAVEPACKAGE PACKAGE="/Game/Blueprints/Walls/ArchWithExtraStuff" FILE="C:/Users/Alex/Desktop/GitHubRepos/GGS_VerticalSlice/sep6/Content/Blueprints/Walls/ArchWithExtraStuff.uasset" SILENT=true
[2017.10.14-21.25.58:349][396]LogSavePackage: Save=31.15ms
[2017.10.14-21.25.58:349][396]LogSavePackage: Moving 'C:/Users/Alex/Desktop/GitHubRepos/GGS_VerticalSlice/sep6/Saved/ArchWithExtraStuffC0DB16594EBB7C2B9D6C9EA881B6C1DE.tmp' to 'C:/Users/Alex/Desktop/GitHubRepos/GGS_VerticalSlice/sep6/Content/Blueprints/Walls/ArchWithExtraStuff.uasset'
[2017.10.14-21.25.58:353][396]LogSavePackage:Display: Finished SavePackage C:/Users/Alex/Desktop/GitHubRepos/GGS_VerticalSlice/sep6/Content/Blueprints/Walls/ArchWithExtraStuff.uasset
[2017.10.14-21.25.59:353][475]LogTemp: Repeting last play command: Selected Viewport
[2017.10.14-21.25.59:411][475]LogPlayLevel: PlayLevel: No blueprints needed recompiling
[2017.10.14-21.25.59:412][475]PIE: New page: PIE session: VSpath (Oct 14, 2017, 1:25:59 PM)
[2017.10.14-21.25.59:412][475]LogPlayLevel: Creating play world package: /Game/0Levels/UEDPIE_0_VSpath
[2017.10.14-21.25.59:462][475]LogPlayLevel: PIE: StaticDuplicateObject took: (0.049654s)
[2017.10.14-21.25.59:463][475]LogAIModule: Creating AISystem for world VSpath
[2017.10.14-21.25.59:463][475]LogPlayLevel: PIE: World Init took: (0.000896s)
[2017.10.14-21.25.59:463][475]LogPlayLevel: PIE: Created PIE world by copying editor world from /Game/0Levels/VSpath.VSpath to /Game/0Levels/UEDPIE_0_VSpath.VSpath (0.051073s)
[2017.10.14-21.25.59:486][475]LogInit: XAudio2 using 'Speakers (Realtek High Definition Audio)' : 2 channels at 48 kHz using 32 bits per sample (channel mask 0x3)
[2017.10.14-21.25.59:495][475]LogInit: FAudioDevice initialized.
[2017.10.14-21.25.59:534][475]LogLoad: Game class is 'MovementSimulator_C'
[2017.10.14-21.25.59:556][475]LogWorld: Bringing World /Game/0Levels/UEDPIE_0_VSpath.VSpath up for play (max tick rate 0) at 2017.10.14-17.25.59
[2017.10.14-21.25.59:557][475]LogWorld: Bringing up level for play took: 0.021763
[2017.10.14-21.25.59:592][475]PIE: Info Play in editor start time for /Game/0Levels/UEDPIE_0_VSpath 0.463
[2017.10.14-21.25.59:689][475]LogRenderer: Reallocating scene render targets to support 1292x900 NumSamples 1 (Frame:1).
[2017.10.14-21.26.18:402][555]LogEditorViewport: Clicking on Actor (LMB): ArchWithExtraStuff_C (ArchWithExtraStuff)
[2017.10.14-21.26.19:258][614]LogEditorViewport: Clicking on Actor (LMB): ArchWithExtraStuff_C (ArchWithExtraStuff)
[2017.10.14-21.26.36:608][760]Cmd: SELECT NONE
[2017.10.14-21.27.54:084][475]BlueprintLog: New page: Compile ArchWithoutDoor
[2017.10.14-21.27.54:812][502]Cmd: OBJ SAVEPACKAGE PACKAGE="/Game/Blueprints/Walls/ArchWithoutDoor" FILE="C:/Users/Alex/Desktop/GitHubRepos/GGS_VerticalSlice/sep6/Content/Blueprints/Walls/ArchWithoutDoor.uasset" SILENT=true
[2017.10.14-21.27.54:839][502]LogSavePackage: Save=24.08ms
[2017.10.14-21.27.54:839][502]LogSavePackage: Moving 'C:/Users/Alex/Desktop/GitHubRepos/GGS_VerticalSlice/sep6/Saved/ArchWithoutDoor2D7F48FC4CD0D6CD084FFF837718C2A5.tmp' to 'C:/Users/Alex/Desktop/GitHubRepos/GGS_VerticalSlice/sep6/Content/Blueprints/Walls/ArchWithoutDoor.uasset'
[2017.10.14-21.27.54:841][502]LogSavePackage:Display: Finished SavePackage C:/Users/Alex/Desktop/GitHubRepos/GGS_VerticalSlice/sep6/Content/Blueprints/Walls/ArchWithoutDoor.uasset
[2017.10.14-21.28.13:888][935]Cmd: DELETE
[2017.10.14-21.28.13:888][935]Cmd: ACTOR DELETE
[2017.10.14-21.28.13:891][935]LogEditorActor: Deleted Actor: ArchWithoutDoor_C
[2017.10.14-21.28.13:924][935]LogEditorActor: Deleted 1 Actors (0.037 secs)
[2017.10.14-21.30.22:555][  3]LogSavePackage: Save=2955.53ms
[2017.10.14-21.30.22:555][  3]LogSavePackage: Moving 'C:/Users/Alex/Desktop/GitHubRepos/GGS_VerticalSlice/sep6/Saved/VSpath_Auto1F0B203AE4ED55690243EB48446EBA0D6.tmp' to 'C:/Users/Alex/Desktop/GitHubRepos/GGS_VerticalSlice/sep6/Saved/Autosaves/Game/0Levels/VSpath_Auto1.umap'
[2017.10.14-21.30.22:556][  3]LogSavePackage:Display: Finished SavePackage C:/Users/Alex/Desktop/GitHubRepos/GGS_VerticalSlice/sep6/Saved/Autosaves/Game/0Levels/VSpath_Auto1.umap
[2017.10.14-21.30.22:559][  3]LogFileHelpers: Editor autosave (incl. sublevels) for '/Game/0Levels/VSpath' took 3.038
[2017.10.14-21.30.22:559][  3]LogFileHelpers: Editor autosave (incl. sublevels) for all levels took 3.038
[2017.10.14-21.33.31:593][241]Cmd: DELETE
[2017.10.14-21.33.31:593][241]Cmd: ACTOR DELETE
[2017.10.14-21.33.31:598][241]LogEditorActor: Deleted Actor: WallWithDoor_C
[2017.10.14-21.33.31:632][241]LogEditorActor: Deleted 1 Actors (0.039 secs)
[2017.10.14-21.34.12:183][948]LogEditorViewport: Clicking on Actor (LMB): StaticMeshActor (Base_arch21)
[2017.10.14-21.34.16:049][189]LogEditorViewport: Clicking on Actor (LMB): StaticMeshActor (Base_arch3)
[2017.10.14-21.34.17:451][262]LogEditorViewport: Clicking on Actor (LMB): StaticMeshActor (Side_pillar11)
[2017.10.14-21.34.33:875][330]LogEditorViewport: Clicking on Actor (LMB): WallWithDoor_C (WallWithDoor2)
[2017.10.14-21.34.34:885][394]Cmd: DELETE
[2017.10.14-21.34.34:885][394]Cmd: ACTOR DELETE
[2017.10.14-21.34.34:890][394]LogEditorActor: Deleted Actor: WallWithDoor_C
[2017.10.14-21.34.34:923][394]LogEditorActor: Deleted 1 Actors (0.038 secs)
[2017.10.14-21.34.39:655][766]LogEditorViewport: Clicking on Actor (LMB): StaticMeshActor (Short_door_frame25)
[2017.10.14-21.34.40:402][814]LogEditorViewport: Clicking on Actor (LMB): StaticMeshActor (short_door_wall47)
[2017.10.14-21.34.41:340][878]LogEditorViewport: Clicking on Actor (CTRL LMB): StaticMeshActor (Short_door_frame25)
[2017.10.14-21.34.43:302][ 10]LogEditorViewport: Clicking on Actor (LMB): StaticMeshActor (short_door_wall47)
[2017.10.14-21.35.12:171][211]LogMetaData: Removing '/Game/Blueprints/Walls/TallDoor.TallDoor:UserConstructionScript.K2Node_FunctionEntry_0' ref from Metadata '/Game/Blueprints/Walls/WallWithDoor.PackageMetaData'
[2017.10.14-21.35.12:171][211]LogMetaData: Removing '/Game/Blueprints/Walls/TallDoor.TallDoor_C' ref from Metadata '/Game/Blueprints/Walls/WallWithDoor.PackageMetaData'
[2017.10.14-21.35.12:171][211]LogMetaData: Removing '/Game/Blueprints/Walls/TallDoor.TallDoor:EventGraph.K2Node_Event_0' ref from Metadata '/Game/Blueprints/Walls/WallWithDoor.PackageMetaData'
[2017.10.14-21.35.12:171][211]LogMetaData: Removing '/Game/Blueprints/Walls/TallDoor.TallDoor:EventGraph.K2Node_Event_1' ref from Metadata '/Game/Blueprints/Walls/WallWithDoor.PackageMetaData'
[2017.10.14-21.35.12:171][211]LogMetaData: Removing '/Game/Blueprints/Walls/TallDoor.TallDoor:EventGraph.K2Node_Event_2' ref from Metadata '/Game/Blueprints/Walls/WallWithDoor.PackageMetaData'
[2017.10.14-21.35.12:171][211]LogMetaData: Removing '/Game/Blueprints/Walls/TallDoor.SKEL_TallDoor_C' ref from Metadata '/Game/Blueprints/Walls/WallWithDoor.PackageMetaData'
[2017.10.14-21.35.12:268][211]Cmd: OBJ SAVEPACKAGE PACKAGE="/Game/Blueprints/Walls/TallDoor" FILE="C:/Users/Alex/Desktop/GitHubRepos/GGS_VerticalSlice/sep6/Content/Blueprints/Walls/TallDoor.uasset" SILENT=true
[2017.10.14-21.35.12:301][211]LogSavePackage: Save=31.49ms
[2017.10.14-21.35.12:301][211]LogSavePackage: Moving 'C:/Users/Alex/Desktop/GitHubRepos/GGS_VerticalSlice/sep6/Saved/TallDoor431CBC284A677778D1248E9DC30DB20F.tmp' to 'C:/Users/Alex/Desktop/GitHubRepos/GGS_VerticalSlice/sep6/Content/Blueprints/Walls/TallDoor.uasset'
[2017.10.14-21.35.12:304][211]LogSavePackage:Display: Finished SavePackage C:/Users/Alex/Desktop/GitHubRepos/GGS_VerticalSlice/sep6/Content/Blueprints/Walls/TallDoor.uasset
[2017.10.14-21.35.12:309][211]Cmd: OBJ SAVEPACKAGE PACKAGE="/Game/Blueprints/Walls/WallWithDoor" FILE="C:/Users/Alex/Desktop/GitHubRepos/GGS_VerticalSlice/sep6/Content/Blueprints/Walls/WallWithDoor.uasset" SILENT=true
[2017.10.14-21.35.12:325][211]LogSavePackage: Save=5.63ms
[2017.10.14-21.35.12:325][211]LogSavePackage: Moving 'C:/Users/Alex/Desktop/GitHubRepos/GGS_VerticalSlice/sep6/Saved/WallWithDoor2D888CB848549DC95323B488DBB3A099.tmp' to 'C:/Users/Alex/Desktop/GitHubRepos/GGS_VerticalSlice/sep6/Content/Blueprints/Walls/WallWithDoor.uasset'
[2017.10.14-21.35.12:330][211]LogSavePackage:Display: Finished SavePackage C:/Users/Alex/Desktop/GitHubRepos/GGS_VerticalSlice/sep6/Content/Blueprints/Walls/WallWithDoor.uasset
[2017.10.14-21.35.17:713][496]Cmd: DELETE
[2017.10.14-21.35.17:713][496]Cmd: ACTOR DELETE
[2017.10.14-21.35.17:719][496]LogEditorActor: Deleted Actor: TallDoor_C
[2017.10.14-21.35.17:748][496]LogEditorActor: Deleted 1 Actors (0.035 secs)
[2017.10.14-21.35.25:433][807]LogMetaData: Removing '/Game/Blueprints/Walls/TallDoorWithWall.TallDoorWithWall_C' ref from Metadata '/Game/Blueprints/Walls/TallDoor.PackageMetaData'
[2017.10.14-21.35.25:433][807]LogMetaData: Removing '/Game/Blueprints/Walls/TallDoorWithWall.SKEL_TallDoorWithWall_C' ref from Metadata '/Game/Blueprints/Walls/TallDoor.PackageMetaData'
[2017.10.14-21.35.25:433][807]LogMetaData: Removing '/Game/Blueprints/Walls/TallDoorWithWall.TallDoorWithWall:EventGraph.K2Node_Event_0' ref from Metadata '/Game/Blueprints/Walls/TallDoor.PackageMetaData'
[2017.10.14-21.35.25:433][807]LogMetaData: Removing '/Game/Blueprints/Walls/TallDoorWithWall.TallDoorWithWall:EventGraph.K2Node_Event_1' ref from Metadata '/Game/Blueprints/Walls/TallDoor.PackageMetaData'
[2017.10.14-21.35.25:433][807]LogMetaData: Removing '/Game/Blueprints/Walls/TallDoorWithWall.TallDoorWithWall:EventGraph.K2Node_Event_2' ref from Metadata '/Game/Blueprints/Walls/TallDoor.PackageMetaData'
[2017.10.14-21.35.25:433][807]LogMetaData: Removing '/Game/Blueprints/Walls/TallDoorWithWall.TallDoorWithWall:UserConstructionScript.K2Node_FunctionEntry_0' ref from Metadata '/Game/Blueprints/Walls/TallDoor.PackageMetaData'
[2017.10.14-21.35.25:513][807]Cmd: OBJ SAVEPACKAGE PACKAGE="/Game/Blueprints/Walls/TallDoorWithWall" FILE="C:/Users/Alex/Desktop/GitHubRepos/GGS_VerticalSlice/sep6/Content/Blueprints/Walls/TallDoorWithWall.uasset" SILENT=true
[2017.10.14-21.35.25:547][807]LogSavePackage: Save=32.15ms
[2017.10.14-21.35.25:547][807]LogSavePackage: Moving 'C:/Users/Alex/Desktop/GitHubRepos/GGS_VerticalSlice/sep6/Saved/TallDoorWithWall22AF27384589BC9A8D2DCCB067CF4E1D.tmp' to 'C:/Users/Alex/Desktop/GitHubRepos/GGS_VerticalSlice/sep6/Content/Blueprints/Walls/TallDoorWithWall.uasset'
[2017.10.14-21.35.25:550][807]LogSavePackage:Display: Finished SavePackage C:/Users/Alex/Desktop/GitHubRepos/GGS_VerticalSlice/sep6/Content/Blueprints/Walls/TallDoorWithWall.uasset
[2017.10.14-21.35.25:785][807]Cmd: OBJ SAVEPACKAGE PACKAGE="/Game/Blueprints/Walls/WallWithDoor" FILE="C:/Users/Alex/Desktop/GitHubRepos/GGS_VerticalSlice/sep6/Content/Blueprints/Walls/WallWithDoor.uasset" SILENT=true
[2017.10.14-21.35.25:816][807]LogSavePackage: Save=27.30ms
[2017.10.14-21.35.25:816][807]LogSavePackage: Moving 'C:/Users/Alex/Desktop/GitHubRepos/GGS_VerticalSlice/sep6/Saved/WallWithDoor2671CDD24BE5287146D185B1A85679AA.tmp' to 'C:/Users/Alex/Desktop/GitHubRepos/GGS_VerticalSlice/sep6/Content/Blueprints/Walls/WallWithDoor.uasset'
[2017.10.14-21.35.25:818][807]LogSavePackage:Display: Finished SavePackage C:/Users/Alex/Desktop/GitHubRepos/GGS_VerticalSlice/sep6/Content/Blueprints/Walls/WallWithDoor.uasset
[2017.10.14-21.37.13:661][880]BlueprintLog: New page: Compile ShortDoorWithWall
[2017.10.14-21.37.14:530][912]Cmd: OBJ SAVEPACKAGE PACKAGE="/Game/Blueprints/Walls/ShortDoorWithWall" FILE="C:/Users/Alex/Desktop/GitHubRepos/GGS_VerticalSlice/sep6/Content/Blueprints/Walls/ShortDoorWithWall.uasset" SILENT=true
[2017.10.14-21.37.14:564][912]LogSavePackage: Save=31.37ms
[2017.10.14-21.37.14:564][912]LogSavePackage: Moving 'C:/Users/Alex/Desktop/GitHubRepos/GGS_VerticalSlice/sep6/Saved/ShortDoorWithWallFCEEE0CF4C36FC217D5F6D9C43143690.tmp' to 'C:/Users/Alex/Desktop/GitHubRepos/GGS_VerticalSlice/sep6/Content/Blueprints/Walls/ShortDoorWithWall.uasset'
[2017.10.14-21.37.14:568][912]LogSavePackage:Display: Finished SavePackage C:/Users/Alex/Desktop/GitHubRepos/GGS_VerticalSlice/sep6/Content/Blueprints/Walls/ShortDoorWithWall.uasset
[2017.10.14-21.38.27:353][ 71]LogEditorTransaction: Undo Modify Component(s)
[2017.10.14-21.38.39:461][908]LogEditorTransaction: Undo Duplicate Component
[2017.10.14-21.39.04:142][532]LogEditorTransaction: Undo Modify Component(s)
[2017.10.14-21.39.41:594][235]BlueprintLog: New page: Compile ShortDoorWithWall
[2017.10.14-21.39.42:502][257]Cmd: OBJ SAVEPACKAGE PACKAGE="/Game/Blueprints/Walls/ShortDoorWithWall" FILE="C:/Users/Alex/Desktop/GitHubRepos/GGS_VerticalSlice/sep6/Content/Blueprints/Walls/ShortDoorWithWall.uasset" SILENT=true
[2017.10.14-21.39.42:543][257]LogSavePackage: Save=31.41ms
[2017.10.14-21.39.42:543][257]LogSavePackage: Moving 'C:/Users/Alex/Desktop/GitHubRepos/GGS_VerticalSlice/sep6/Saved/ShortDoorWithWallB9AA56BA4FCC0E17FA5C5B8E73C36F7F.tmp' to 'C:/Users/Alex/Desktop/GitHubRepos/GGS_VerticalSlice/sep6/Content/Blueprints/Walls/ShortDoorWithWall.uasset'
[2017.10.14-21.39.42:546][257]LogSavePackage:Display: Finished SavePackage C:/Users/Alex/Desktop/GitHubRepos/GGS_VerticalSlice/sep6/Content/Blueprints/Walls/ShortDoorWithWall.uasset
[2017.10.14-21.39.49:067][769]LogEditorViewport: Clicking on Actor (LMB): StaticMeshActor (short_door_wall47)
[2017.10.14-21.39.52:225][950]LogEditorViewport: Clicking on Actor (LMB): StaticMeshActor (Short_door37)
[2017.10.14-21.39.52:736][980]Cmd: DELETE
[2017.10.14-21.39.52:736][980]Cmd: ACTOR DELETE
[2017.10.14-21.39.52:741][980]LogEditorActor: Deleted Actor: StaticMeshActor
[2017.10.14-21.39.52:779][980]LogEditorActor: Deleted 1 Actors (0.043 secs)
[2017.10.14-21.39.55:701][226]Cmd: TRANSACTION UNDO
[2017.10.14-21.39.55:701][226]LogEditorTransaction: Undo Delete Actors
[2017.10.14-21.39.56:116][240]Cmd: TRANSACTION UNDO
[2017.10.14-21.39.56:116][240]LogEditorTransaction: Undo Clicking on Actors
[2017.10.14-21.39.57:219][303]Cmd: OBJ SAVEPACKAGE PACKAGE="/Game/0Levels/VSpath" FILE="C:/Users/Alex/Desktop/GitHubRepos/GGS_VerticalSlice/sep6/Content/0Levels/VSpath.umap" SILENT=true AUTOSAVING=false KEEPDIRTY=false
[2017.10.14-21.40.00:213][303]LogSavePackage: Save=2914.05ms
[2017.10.14-21.40.00:213][303]LogSavePackage: Moving 'C:/Users/Alex/Desktop/GitHubRepos/GGS_VerticalSlice/sep6/Saved/VSpathF9E427674BD1515F1B2B248E5B0FE110.tmp' to 'C:/Users/Alex/Desktop/GitHubRepos/GGS_VerticalSlice/sep6/Content/0Levels/VSpath.umap'
[2017.10.14-21.40.00:225][303]LogSavePackage:Display: Finished SavePackage C:/Users/Alex/Desktop/GitHubRepos/GGS_VerticalSlice/sep6/Content/0Levels/VSpath.umap
[2017.10.14-21.41.54:727][734]LogActorComponent: UnregisterComponent: (/Engine/Transient.EditorFloorComp) Not registered. Aborting.
[2017.10.14-21.41.54:791][734]LogActorComponent: UnregisterComponent: (/Engine/Transient.EditorFloorComp) Not registered. Aborting.
[2017.10.14-21.41.55:203][735]Cmd: QUIT_EDITOR
[2017.10.14-21.41.55:352][735]LogWindowsTextInputMethodSystem:Display: IME system now deactivated.
[2017.10.14-21.41.55:368][735]LogExit: Preparing to exit.
[2017.10.14-21.41.56:424][735]LogExit: Editor shut down
[2017.10.14-21.41.56:466][735]LogExit: Transaction tracking system shut down
[2017.10.14-21.41.56:713][735]LogObj: Freed 0b from 0 cluster array pools.
[2017.10.14-21.41.56:714][735]LogExit: Object subsystem successfully closed.
[2017.10.14-21.41.56:765][735]LogD3D11RHI: Shutdown
[2017.10.14-21.41.56:765][735]LogD3D11RHI: CleanupD3DDevice
[2017.10.14-21.41.56:946][735]LogD3D11RHI: ~FD3D11DynamicRHI
[2017.10.14-21.41.56:990][735]LogModuleManager: Shutting down and abandoning module HierarchicalLODUtilities (532)
[2017.10.14-21.41.56:990][735]LogModuleManager: Shutting down and abandoning module BlueprintGraph (530)
[2017.10.14-21.41.56:990][735]LogModuleManager: Shutting down and abandoning module BlueprintProfiler (528)
[2017.10.14-21.41.56:990][735]LogModuleManager: Shutting down and abandoning module MovieSceneCapture (526)
[2017.10.14-21.41.56:990][735]LogModuleManager: Shutting down and abandoning module StatsViewer (524)
[2017.10.14-21.41.56:990][735]LogModuleManager: Shutting down and abandoning module HierarchicalLODOutliner (522)
[2017.10.14-21.41.56:990][735]LogModuleManager: Shutting down and abandoning module CrashTracker (520)
[2017.10.14-21.41.56:990][735]LogModuleManager: Shutting down and abandoning module SceneOutliner (518)
[2017.10.14-21.41.56:990][735]LogModuleManager: Shutting down and abandoning module AddContentDialog (516)
[2017.10.14-21.41.56:991][735]LogDirectoryWatcher: A directory notification for 'D:/UE_4.16/FeaturePacks/' was aborted.
[2017.10.14-21.41.57:001][735]LogModuleManager: Shutting down and abandoning module WidgetCarousel (515)
[2017.10.14-21.41.57:001][735]LogModuleManager: Shutting down and abandoning module EditorWidgets (512)
[2017.10.14-21.41.57:001][735]LogModuleManager: Shutting down and abandoning module CollectionManager (510)
[2017.10.14-21.41.57:001][735]LogDirectoryWatcher: A directory notification for 'C:/Users/Alex/Desktop/GitHubRepos/GGS_VerticalSlice/sep6/Content/Collections/' was aborted.
[2017.10.14-21.41.57:001][735]LogDirectoryWatcher: A directory notification for 'C:/Users/Alex/Desktop/GitHubRepos/GGS_VerticalSlice/sep6/Content/Developers/Alex/Collections/' was aborted.
[2017.10.14-21.41.57:001][735]LogDirectoryWatcher: A directory notification for 'C:/Users/Alex/Desktop/GitHubRepos/GGS_VerticalSlice/sep6/Saved/Collections/' was aborted.
[2017.10.14-21.41.57:001][735]LogModuleManager: Shutting down and abandoning module FoliageEdit (508)
[2017.10.14-21.41.57:001][735]LogModuleManager: Shutting down and abandoning module LandscapeEditor (506)
[2017.10.14-21.41.57:001][735]LogModuleManager: Shutting down and abandoning module MeshPaintMode (504)
[2017.10.14-21.41.57:001][735]LogModuleManager: Shutting down and abandoning module SceneDepthPickerMode (502)
[2017.10.14-21.41.57:001][735]LogModuleManager: Shutting down and abandoning module ActorPickerMode (500)
[2017.10.14-21.41.57:001][735]LogModuleManager: Shutting down and abandoning module GeometryMode (498)
[2017.10.14-21.41.57:001][735]LogModuleManager: Shutting down and abandoning module TextureAlignMode (496)
[2017.10.14-21.41.57:001][735]LogModuleManager: Shutting down and abandoning module BspMode (494)
[2017.10.14-21.41.57:002][735]LogModuleManager: Shutting down and abandoning module HardwareSurvey (492)
[2017.10.14-21.41.57:002][735]LogModuleManager: Shutting down and abandoning module SequenceRecorderSections (490)
[2017.10.14-21.41.57:002][735]LogModuleManager: Shutting down and abandoning module AutomationWorker (488)
[2017.10.14-21.41.57:002][735]LogModuleManager: Shutting down and abandoning module MatineeToLevelSequence (486)
[2017.10.14-21.41.57:002][735]LogModuleManager: Shutting down and abandoning module LevelSequenceEditor (484)
[2017.10.14-21.41.57:002][735]LogModuleManager: Shutting down and abandoning module PlacementMode (483)
[2017.10.14-21.41.57:002][735]LogModuleManager: Shutting down and abandoning module WmfMediaFactory (480)
[2017.10.14-21.41.57:002][735]LogModuleManager: Shutting down and abandoning module WmfMediaEditor (478)
[2017.10.14-21.41.57:002][735]LogModuleManager: Shutting down and abandoning module AvfMediaFactory (476)
[2017.10.14-21.41.57:002][735]LogModuleManager: Shutting down and abandoning module AvfMediaEditor (474)
[2017.10.14-21.41.57:002][735]LogModuleManager: Shutting down and abandoning module AndroidMediaFactory (472)
[2017.10.14-21.41.57:002][735]LogModuleManager: Shutting down and abandoning module Media (471)
[2017.10.14-21.41.57:002][735]LogModuleManager: Shutting down and abandoning module AndroidMediaEditor (468)
[2017.10.14-21.41.57:002][735]LogModuleManager: Shutting down and abandoning module CharacterAI (466)
[2017.10.14-21.41.57:002][735]LogModuleManager: Shutting down and abandoning module AudioCapture (464)
[2017.10.14-21.41.57:002][735]LogModuleManager: Shutting down and abandoning module SequenceRecorder (463)
[2017.10.14-21.41.57:002][735]LogModuleManager: Shutting down and abandoning module SmartSnapping (460)
[2017.10.14-21.41.57:002][735]LogModuleManager: Shutting down and abandoning module SessionServices (458)
[2017.10.14-21.41.57:002][735]LogModuleManager: Shutting down and abandoning module ViewportSnapping (456)
[2017.10.14-21.41.57:002][735]LogModuleManager: Shutting down and abandoning module ViewportInteraction (454)
[2017.10.14-21.41.57:002][735]LogModuleManager: Shutting down and abandoning module ClothPainter (452)
[2017.10.14-21.41.57:002][735]LogModuleManager: Shutting down and abandoning module LogVisualizer (450)
[2017.10.14-21.41.57:002][735]LogModuleManager: Shutting down and abandoning module IntroTutorials (448)
[2017.10.14-21.41.57:002][735]LogModuleManager: Shutting down and abandoning module GameProjectGeneration (447)
[2017.10.14-21.41.57:002][735]LogModuleManager: Shutting down and abandoning module EditorLiveStreaming (444)
[2017.10.14-21.41.57:002][735]LogModuleManager: Shutting down and abandoning module IOSPlatformEditor (442)
[2017.10.14-21.41.57:002][735]LogModuleManager: Shutting down and abandoning module HTML5PlatformEditor (440)
[2017.10.14-21.41.57:002][735]LogModuleManager: Shutting down and abandoning module AndroidPlatformEditor (438)
[2017.10.14-21.41.57:002][735]LogModuleManager: Shutting down and abandoning module AndroidDeviceDetection (437)
[2017.10.14-21.41.57:893][735]LogModuleManager: Shutting down and abandoning module IOSRuntimeSettings (434)
[2017.10.14-21.41.57:893][735]LogModuleManager: Shutting down and abandoning module AndroidRuntimeSettings (432)
[2017.10.14-21.41.57:893][735]LogModuleManager: Shutting down and abandoning module InputBindingEditor (430)
[2017.10.14-21.41.57:893][735]LogModuleManager: Shutting down and abandoning module MergeActors (428)
[2017.10.14-21.41.57:893][735]LogModuleManager: Shutting down and abandoning module SizeMap (426)
[2017.10.14-21.41.57:893][735]LogModuleManager: Shutting down and abandoning module TreeMap (424)
[2017.10.14-21.41.57:893][735]LogModuleManager: Shutting down and abandoning module ReferenceViewer (422)
[2017.10.14-21.41.57:893][735]LogModuleManager: Shutting down and abandoning module LocalizationDashboard (420)
[2017.10.14-21.41.57:893][735]LogModuleManager: Shutting down and abandoning module LocalizationService (419)
[2017.10.14-21.41.57:894][735]LogModuleManager: Shutting down and abandoning module HardwareTargeting (416)
[2017.10.14-21.41.57:894][735]LogModuleManager: Shutting down and abandoning module DeviceProfileEditor (414)
[2017.10.14-21.41.57:894][735]LogModuleManager: Shutting down and abandoning module UndoHistory (412)
[2017.10.14-21.41.57:894][735]LogModuleManager: Shutting down and abandoning module UserFeedback (410)
[2017.10.14-21.41.57:894][735]LogModuleManager: Shutting down and abandoning module XmlParser (408)
[2017.10.14-21.41.57:894][735]LogModuleManager: Shutting down and abandoning module Blutility (406)
[2017.10.14-21.41.57:894][735]LogModuleManager: Shutting down and abandoning module ProjectSettingsViewer (404)
[2017.10.14-21.41.57:894][735]LogModuleManager: Shutting down and abandoning module ProjectTargetPlatformEditor (403)
[2017.10.14-21.41.57:894][735]LogModuleManager: Shutting down and abandoning module EditorSettingsViewer (400)
[2017.10.14-21.41.57:894][735]LogModuleManager: Shutting down and abandoning module SettingsEditor (398)
[2017.10.14-21.41.57:894][735]LogModuleManager: Shutting down and abandoning module ProjectLauncher (396)
[2017.10.14-21.41.57:894][735]LogModuleManager: Shutting down and abandoning module SessionFrontend (394)
[2017.10.14-21.41.57:894][735]LogModuleManager: Shutting down and abandoning module ProfilerClient (392)
[2017.10.14-21.41.57:894][735]LogModuleManager: Shutting down and abandoning module DeviceManager (390)
[2017.10.14-21.41.57:894][735]LogModuleManager: Shutting down and abandoning module TargetDeviceServices (389)
[2017.10.14-21.41.57:947][735]LogModuleManager: Shutting down and abandoning module AutomationController (386)
[2017.10.14-21.41.57:947][735]LogModuleManager: Shutting down and abandoning module AutomationWindow (384)
[2017.10.14-21.41.57:947][735]LogModuleManager: Shutting down and abandoning module Layers (382)
[2017.10.14-21.41.57:947][735]LogModuleManager: Shutting down and abandoning module ComponentVisualizers (380)
[2017.10.14-21.41.57:947][735]LogModuleManager: Shutting down and abandoning module DetailCustomizations (378)
[2017.10.14-21.41.57:947][735]LogModuleManager: Shutting down and abandoning module PackagesDialog (376)
[2017.10.14-21.41.57:947][735]LogModuleManager: Shutting down and abandoning module Persona (374)
[2017.10.14-21.41.57:947][735]LogModuleManager: Shutting down and abandoning module AdvancedPreviewScene (373)
[2017.10.14-21.41.57:947][735]LogModuleManager: Shutting down and abandoning module AnimGraph (371)
[2017.10.14-21.41.57:947][735]LogModuleManager: Shutting down and abandoning module Kismet (368)
[2017.10.14-21.41.57:957][735]LogModuleManager: Shutting down and abandoning module ClassViewer (366)
[2017.10.14-21.41.57:959][735]LogModuleManager: Shutting down and abandoning module Toolbox (364)
[2017.10.14-21.41.57:959][735]LogModuleManager: Shutting down and abandoning module ModuleUI (362)
[2017.10.14-21.41.57:959][735]LogModuleManager: Shutting down and abandoning module MovieSceneTools (360)
[2017.10.14-21.41.57:959][735]LogModuleManager: Shutting down and abandoning module OutputLog (358)
[2017.10.14-21.41.57:959][735]LogModuleManager: Shutting down and abandoning module GammaUI (356)
[2017.10.14-21.41.57:959][735]LogModuleManager: Shutting down and abandoning module Documentation (354)
[2017.10.14-21.41.57:959][735]LogModuleManager: Shutting down and abandoning module MovieSceneTracks (352)
[2017.10.14-21.41.57:959][735]LogModuleManager: Shutting down and abandoning module MovieScene (350)
[2017.10.14-21.41.57:959][735]LogModuleManager: Shutting down and abandoning module Niagara (348)
[2017.10.14-21.41.57:959][735]LogModuleManager: Shutting down and abandoning module NiagaraEditor (347)
[2017.10.14-21.41.57:959][735]LogModuleManager: Shutting down and abandoning module StreamingPauseRendering (344)
[2017.10.14-21.41.57:959][735]LogModuleManager: Shutting down and abandoning module AnalyticsET (342)
[2017.10.14-21.41.57:959][735]LogModuleManager: Shutting down and abandoning module PortalServices (340)
[2017.10.14-21.41.57:959][735]LogModuleManager: Shutting down and abandoning module PortalRpc (338)
[2017.10.14-21.41.57:959][735]LogModuleManager: Shutting down and abandoning module MessagingRpc (336)
[2017.10.14-21.41.57:959][735]LogModuleManager: Shutting down and abandoning module AIModule (334)
[2017.10.14-21.41.57:959][735]LogModuleManager: Shutting down and abandoning module GameplayDebugger (333)
[2017.10.14-21.41.57:959][735]LogModuleManager: Shutting down and abandoning module AITestSuite (331)
[2017.10.14-21.41.57:959][735]LogModuleManager: Shutting down and abandoning module ProfilerService (328)
[2017.10.14-21.41.58:121][735]LogModuleManager: Shutting down and abandoning module TaskGraph (326)
[2017.10.14-21.41.58:121][735]LogModuleManager: Shutting down and abandoning module SteamVRController (324)
[2017.10.14-21.41.58:121][735]LogModuleManager: Shutting down and abandoning module SteamVR (322)
[2017.10.14-21.41.58:121][735]LogModuleManager: Shutting down and abandoning module ProceduralMeshComponentEditor (320)
[2017.10.14-21.41.58:121][735]LogModuleManager: Shutting down and abandoning module ProceduralMeshComponent (318)
[2017.10.14-21.41.58:121][735]LogModuleManager: Shutting down and abandoning module OculusLibrary (316)
[2017.10.14-21.41.58:121][735]LogModuleManager: Shutting down and abandoning module OculusInput (314)
[2017.10.14-21.41.58:121][735]LogModuleManager: Shutting down and abandoning module MobilePatchingUtils (312)
[2017.10.14-21.41.58:121][735]LogModuleManager: Shutting down and abandoning module CustomMeshComponent (310)
[2017.10.14-21.41.58:121][735]LogModuleManager: Shutting down and abandoning module CableComponent (308)
[2017.10.14-21.41.58:122][735]LogModuleManager: Shutting down and abandoning module ArchVisCharacter (306)
[2017.10.14-21.41.58:122][735]LogModuleManager: Shutting down and abandoning module AndroidPermission (304)
[2017.10.14-21.41.58:122][735]LogModuleManager: Shutting down and abandoning module MediaPlayerEditor (300)
[2017.10.14-21.41.58:122][735]LogModuleManager: Shutting down and abandoning module HTML5Networking (298)
[2017.10.14-21.41.58:122][735]LogModuleManager: Shutting down and abandoning module AlembicImporter (296)
[2017.10.14-21.41.58:122][735]LogModuleManager: Shutting down and abandoning module AlembicLibrary (295)
[2017.10.14-21.41.58:122][735]LogModuleManager: Shutting down and abandoning module GeometryCache (294)
[2017.10.14-21.41.58:122][735]LogModuleManager: Shutting down and abandoning module GeometryCacheEd (293)
[2017.10.14-21.41.58:122][735]LogModuleManager: Shutting down and abandoning module SuperSearchEditor (288)
[2017.10.14-21.41.58:122][735]LogModuleManager: Shutting down and abandoning module SuperSearch (287)
[2017.10.14-21.41.58:122][735]LogModuleManager: Shutting down and abandoning module SpeedTreeImporter (284)
[2017.10.14-21.41.58:122][735]LogModuleManager: Shutting down and abandoning module PluginBrowser (282)
[2017.10.14-21.41.58:122][735]LogModuleManager: Shutting down and abandoning module MobileLauncherProfileWizard (280)
[2017.10.14-21.41.58:122][735]LogModuleManager: Shutting down and abandoning module VisualStudioSourceCodeAccess (278)
[2017.10.14-21.41.58:122][735]LogModuleManager: Shutting down and abandoning module DesktopPlatform (277)
[2017.10.14-21.41.58:122][735]LogModuleManager: Shutting down and abandoning module UObjectPlugin (274)
[2017.10.14-21.41.58:122][735]LogModuleManager: Shutting down and abandoning module SubversionSourceControl (272)
[2017.10.14-21.41.58:122][735]LogModuleManager: Shutting down and abandoning module PerforceSourceControl (270)
[2017.10.14-21.41.58:122][735]LogModuleManager: Shutting down and abandoning module GitSourceControl (268)
[2017.10.14-21.41.58:122][735]LogModuleManager: Shutting down and abandoning module SourceControl (267)
[2017.10.14-21.41.58:122][735]LogModuleManager: Shutting down and abandoning module LightPropagationVolumeEditor (264)
[2017.10.14-21.41.58:122][735]LogModuleManager: Shutting down and abandoning module PaperTiledImporter (262)
[2017.10.14-21.41.58:122][735]LogModuleManager: Shutting down and abandoning module PaperSpriteSheetImporter (260)
[2017.10.14-21.41.58:122][735]LogModuleManager: Shutting down and abandoning module Paper2DEditor (258)
[2017.10.14-21.41.58:122][735]LogModuleManager: Shutting down and abandoning module MeshPaint (257)
[2017.10.14-21.41.58:122][735]LogModuleManager: Shutting down and abandoning module LevelEditor (255)
[2017.10.14-21.41.58:124][735]LogModuleManager: Shutting down and abandoning module PixelInspectorModule (254)
[2017.10.14-21.41.58:124][735]LogModuleManager: Shutting down and abandoning module MainFrame (252)
[2017.10.14-21.41.58:124][735]LogModuleManager: Shutting down and abandoning module HotReload (251)
[2017.10.14-21.41.58:124][735]LogModuleManager: Shutting down and abandoning module PhysXVehiclesEditor (246)
[2017.10.14-21.41.58:124][735]LogModuleManager: Shutting down and abandoning module PhysXVehicles (244)
[2017.10.14-21.41.58:124][735]LogModuleManager: Shutting down and abandoning module LocationServicesBPLibrary (242)
[2017.10.14-21.41.58:124][735]LogModuleManager: Shutting down and abandoning module ImmediatePhysicsEditor (240)
[2017.10.14-21.41.58:124][735]LogModuleManager: Shutting down and abandoning module ImmediatePhysics (238)
[2017.10.14-21.41.58:124][735]LogModuleManager: Shutting down and abandoning module UdpMessaging (236)
[2017.10.14-21.41.58:225][735]LogModuleManager: Shutting down and abandoning module TcpMessaging (234)
[2017.10.14-21.41.58:325][735]LogModuleManager: Shutting down and abandoning module GameplayTagsEditor (232)
[2017.10.14-21.41.58:325][735]LogModuleManager: Shutting down and abandoning module FacialAnimationEditor (230)
[2017.10.14-21.41.58:325][735]LogModuleManager: Shutting down and abandoning module FacialAnimation (228)
[2017.10.14-21.41.58:325][735]LogModuleManager: Shutting down and abandoning module AssetManagerEditor (226)
[2017.10.14-21.41.58:325][735]LogModuleManager: Shutting down and abandoning module GraphEditor (225)
[2017.10.14-21.41.58:325][735]LogModuleManager: Shutting down and abandoning module ContentBrowser (223)
[2017.10.14-21.41.58:327][735]LogModuleManager: Shutting down and abandoning module LightPropagationVolumeRuntime (220)
[2017.10.14-21.41.58:327][735]LogModuleManager: Shutting down and abandoning module Paper2D (218)
[2017.10.14-21.41.58:327][735]LogModuleManager: Shutting down and abandoning module WindowsMoviePlayer (216)
[2017.10.14-21.41.58:327][735]LogModuleManager: Shutting down and abandoning module WmfMedia (214)
[2017.10.14-21.41.58:329][735]LogModuleManager: Shutting down and abandoning module ClothingSystemEditor (212)
[2017.10.14-21.41.58:329][735]LogModuleManager: Shutting down and abandoning module ClothingSystemRuntime (210)
[2017.10.14-21.41.58:329][735]LogModuleManager: Shutting down and abandoning module MediaAssets (208)
[2017.10.14-21.41.58:329][735]LogModuleManager: Shutting down and abandoning module GameLiveStreaming (206)
[2017.10.14-21.41.58:329][735]LogModuleManager: Shutting down and abandoning module VREditor (204)
[2017.10.14-21.41.58:329][735]LogModuleManager: Shutting down and abandoning module StringTableEditor (202)
[2017.10.14-21.41.58:329][735]LogModuleManager: Shutting down and abandoning module GameplayTasksEditor (200)
[2017.10.14-21.41.58:329][735]LogModuleManager: Shutting down and abandoning module BehaviorTreeEditor (198)
[2017.10.14-21.41.58:329][735]LogModuleManager: Shutting down and abandoning module FunctionalTesting (196)
[2017.10.14-21.41.58:329][735]LogModuleManager: Shutting down and abandoning module CollisionAnalyzer (194)
[2017.10.14-21.41.58:329][735]LogModuleManager: Shutting down and abandoning module UMG (192)
[2017.10.14-21.41.58:329][735]LogModuleManager: Shutting down and abandoning module UMGEditor (191)
[2017.10.14-21.41.58:329][735]LogModuleManager: Shutting down and abandoning module Sequencer (190)
[2017.10.14-21.41.58:329][735]LogModuleManager: Shutting down and abandoning module AssetTools (188)
[2017.10.14-21.41.58:329][735]LogModuleManager: Shutting down and abandoning module MessageLog (187)
[2017.10.14-21.41.58:329][735]LogModuleManager: Shutting down and abandoning module WorkspaceMenuStructure (186)
[2017.10.14-21.41.58:329][735]LogModuleManager: Shutting down and abandoning module SlateReflector (180)
[2017.10.14-21.41.58:329][735]LogModuleManager: Shutting down and abandoning module Slate (178)
[2017.10.14-21.41.58:329][735]LogModuleManager: Shutting down and abandoning module EditorStyle (176)
[2017.10.14-21.41.58:335][735]LogModuleManager: Shutting down and abandoning module SourceCodeAccess (174)
[2017.10.14-21.41.58:335][735]LogModuleManager: Shutting down and abandoning module HeadMountedDisplay (172)
[2017.10.14-21.41.58:335][735]LogModuleManager: Shutting down and abandoning module XAudio2 (170)
[2017.10.14-21.41.58:335][735]LogModuleManager: Shutting down and abandoning module Networking (168)
[2017.10.14-21.41.58:335][735]LogModuleManager: Shutting down and abandoning module Core (164)
[2017.10.14-21.41.58:335][735]LogModuleManager: Shutting down and abandoning module AssetRegistry (162)
[2017.10.14-21.41.58:503][735]LogDirectoryWatcher: A directory notification for '../../../Engine/Content/' was aborted.
[2017.10.14-21.41.58:503][735]LogDirectoryWatcher: A directory notification for 'C:/Users/Alex/Desktop/GitHubRepos/GGS_VerticalSlice/sep6/Content/' was aborted.
[2017.10.14-21.41.58:503][735]LogDirectoryWatcher: A directory notification for '../../../Engine/Plugins/2D/Paper2D/Content/' was aborted.
[2017.10.14-21.41.58:503][735]LogDirectoryWatcher: A directory notification for '../../../Engine/Plugins/Runtime/GearVR/Content/' was aborted.
[2017.10.14-21.41.58:512][735]LogModuleManager: Shutting down and abandoning module DirectoryWatcher (161)
[2017.10.14-21.41.58:519][735]LogModuleManager: Shutting down and abandoning module KismetCompiler (158)
[2017.10.14-21.41.58:519][735]LogModuleManager: Shutting down and abandoning module LevelSequence (156)
[2017.10.14-21.41.58:519][735]LogModuleManager: Shutting down and abandoning module PhysXFormats (154)
[2017.10.14-21.41.58:519][735]LogModuleManager: Shutting down and abandoning module MeshUtilities (152)
[2017.10.14-21.41.58:519][735]LogModuleManager: Shutting down and abandoning module SimplygonSwarm (151)
[2017.10.14-21.41.58:520][735]LogModuleManager: Shutting down and abandoning module SimplygonMeshReduction (149)
[2017.10.14-21.41.58:520][735]LogModuleManager: Shutting down and abandoning module QuadricMeshReduction (147)
[2017.10.14-21.41.58:520][735]LogModuleManager: Shutting down and abandoning module DerivedDataCache (144)
[2017.10.14-21.41.58:554][735]LogDerivedDataCache: Shutdown
[2017.10.14-21.41.58:554][735]LogModuleManager: Shutting down and abandoning module TargetPlatform (142)
[2017.10.14-21.41.58:554][735]LogModuleManager: Shutting down and abandoning module VulkanShaderFormat (141)
[2017.10.14-21.41.58:554][735]LogModuleManager: Shutting down and abandoning module ShaderFormatVectorVM (139)
[2017.10.14-21.41.58:555][735]LogModuleManager: Shutting down and abandoning module ShaderFormatOpenGL (137)
[2017.10.14-21.41.58:555][735]LogModuleManager: Shutting down and abandoning module ShaderFormatD3D (135)
[2017.10.14-21.41.58:555][735]LogModuleManager: Shutting down and abandoning module MetalShaderFormat (133)
[2017.10.14-21.41.58:555][735]LogModuleManager: Shutting down and abandoning module TextureFormatUncompressed (131)
[2017.10.14-21.41.58:555][735]LogModuleManager: Shutting down and abandoning module TextureFormatPVR (129)
[2017.10.14-21.41.58:555][735]LogModuleManager: Shutting down and abandoning module TextureFormatDXT (127)
[2017.10.14-21.41.58:555][735]LogModuleManager: Shutting down and abandoning module TextureFormatIntelISPCTexComp (125)
[2017.10.14-21.41.58:555][735]LogModuleManager: Shutting down and abandoning module TextureFormatASTC (123)
[2017.10.14-21.41.58:555][735]LogModuleManager: Shutting down and abandoning module ImageWrapper (122)
[2017.10.14-21.41.58:555][735]LogModuleManager: Shutting down and abandoning module TextureFormatAndroid (119)
[2017.10.14-21.41.58:555][735]LogModuleManager: Shutting down and abandoning module AudioFormatOpus (117)
[2017.10.14-21.41.58:555][735]LogModuleManager: Shutting down and abandoning module AudioFormatOgg (115)
[2017.10.14-21.41.58:555][735]LogModuleManager: Shutting down and abandoning module AudioFormatADPCM (113)
[2017.10.14-21.41.58:555][735]LogModuleManager: Shutting down and abandoning module LinuxTargetPlatform (111)
[2017.10.14-21.41.58:555][735]LogModuleManager: Shutting down and abandoning module LinuxServerTargetPlatform (109)
[2017.10.14-21.41.58:555][735]LogModuleManager: Shutting down and abandoning module LinuxNoEditorTargetPlatform (107)
[2017.10.14-21.41.58:555][735]LogModuleManager: Shutting down and abandoning module LinuxClientTargetPlatform (105)
[2017.10.14-21.41.58:555][735]LogModuleManager: Shutting down and abandoning module TVOSTargetPlatform (103)
[2017.10.14-21.41.58:555][735]LogModuleManager: Shutting down and abandoning module Messaging (101)
[2017.10.14-21.41.58:555][735]LogModuleManager: Shutting down and abandoning module IOSTargetPlatform (99)
[2017.10.14-21.41.58:555][735]LogModuleManager: Shutting down and abandoning module HTML5TargetPlatform (97)
[2017.10.14-21.41.58:555][735]LogModuleManager: Shutting down and abandoning module Android_PVRTCTargetPlatform (95)
[2017.10.14-21.41.58:555][735]LogModuleManager: Shutting down and abandoning module Android_MultiTargetPlatform (93)
[2017.10.14-21.41.58:555][735]LogModuleManager: Shutting down and abandoning module Android_ETC2TargetPlatform (91)
[2017.10.14-21.41.58:555][735]LogModuleManager: Shutting down and abandoning module Android_ETC1TargetPlatform (89)
[2017.10.14-21.41.58:555][735]LogModuleManager: Shutting down and abandoning module Android_DXTTargetPlatform (87)
[2017.10.14-21.41.58:555][735]LogModuleManager: Shutting down and abandoning module Android_ATCTargetPlatform (85)
[2017.10.14-21.41.58:555][735]LogModuleManager: Shutting down and abandoning module Android_ASTCTargetPlatform (83)
[2017.10.14-21.41.58:556][735]LogModuleManager: Shutting down and abandoning module AndroidTargetPlatform (81)
[2017.10.14-21.41.58:556][735]LogModuleManager: Shutting down and abandoning module WindowsTargetPlatform (79)
[2017.10.14-21.41.58:556][735]LogModuleManager: Shutting down and abandoning module WindowsServerTargetPlatform (77)
[2017.10.14-21.41.58:556][735]LogModuleManager: Shutting down and abandoning module WindowsNoEditorTargetPlatform (75)
[2017.10.14-21.41.58:556][735]LogModuleManager: Shutting down and abandoning module WindowsClientTargetPlatform (73)
[2017.10.14-21.41.58:556][735]LogModuleManager: Shutting down and abandoning module MacTargetPlatform (71)
[2017.10.14-21.41.58:556][735]LogModuleManager: Shutting down and abandoning module MacServerTargetPlatform (69)
[2017.10.14-21.41.58:556][735]LogModuleManager: Shutting down and abandoning module MacNoEditorTargetPlatform (67)
[2017.10.14-21.41.58:556][735]LogModuleManager: Shutting down and abandoning module MacClientTargetPlatform (65)
[2017.10.14-21.41.58:556][735]LogModuleManager: Shutting down and abandoning module AllDesktopTargetPlatform (63)
[2017.10.14-21.41.58:556][735]LogModuleManager: Shutting down and abandoning module InputCore (60)
[2017.10.14-21.41.58:556][735]LogModuleManager: Shutting down and abandoning module Settings (58)
[2017.10.14-21.41.58:556][735]LogModuleManager: Shutting down and abandoning module OculusRift (56)
[2017.10.14-21.41.58:556][735]LogModuleManager: Shutting down and abandoning module GearVRController (54)
[2017.10.14-21.41.58:556][735]LogModuleManager: Shutting down and abandoning module GearVR (52)
[2017.10.14-21.41.58:556][735]LogModuleManager: Shutting down and abandoning module ExampleDeviceProfileSelector (50)
[2017.10.14-21.41.58:556][735]LogModuleManager: Shutting down and abandoning module OnlineBlueprintSupport (48)
[2017.10.14-21.41.58:556][735]LogModuleManager: Shutting down and abandoning module OnlineSubsystem (44)
[2017.10.14-21.41.58:556][735]LogOnline:Display: Unloading online subsystem: NULL
[2017.10.14-21.41.58:556][735]LogModuleManager: Shutting down and abandoning module XMPP (43)
[2017.10.14-21.41.58:556][735]LogModuleManager: Shutting down and abandoning module HTTP (41)
[2017.10.14-21.41.58:556][735]LogHttp:Display: Http module shutting down, but needs to wait on 1 outstanding Http requests:
[2017.10.14-21.41.58:556][735]LogHttp:Display: 	verb=[POST] url=[https://datarouter.ol.epicgames.com/datarouter/api/v1/public/data?SessionID=%7B95E0F712-4295-F0FB-11FC-B8B3E8E3FB61%7D&AppID=UEEditor.Rocket.Release&AppVersion=4.16.3-3561208%2B%2B%2BUE4%2BRelease-4.16&UserID=430aab904b24fa3c519b54a4516b68c4%7C1bc16facf7194014b1dad69c7d6aeb15%7Ca31eaa0d-8852-4504-a476-c2dcc755c708&AppEnvironment=datacollector-binary&UploadType=eteventstream] status=Processing
[2017.10.14-21.41.58:581][735]LogModuleManager: Shutting down and abandoning module SSL (40)
[2017.10.14-21.41.58:583][735]LogModuleManager: Shutting down and abandoning module HTTPChunkInstaller (36)
[2017.10.14-21.41.58:583][735]LogModuleManager: Shutting down and abandoning module AnimationModifiers (34)
[2017.10.14-21.41.58:583][735]LogModuleManager: Shutting down and abandoning module PropertyEditor (33)
[2017.10.14-21.41.58:583][735]LogModuleManager: Shutting down and abandoning module AudioEditor (30)
[2017.10.14-21.41.58:583][735]LogModuleManager: Shutting down and abandoning module TextureCompressor (28)
[2017.10.14-21.41.58:583][735]LogModuleManager: Shutting down and abandoning module ShaderCore (26)
[2017.10.14-21.41.58:583][735]LogModuleManager: Shutting down and abandoning module Landscape (24)
[2017.10.14-21.41.58:583][735]LogModuleManager: Shutting down and abandoning module SlateRHIRenderer (22)
[2017.10.14-21.41.58:587][735]LogModuleManager: Shutting down and abandoning module OpenGLDrv (20)
[2017.10.14-21.41.58:587][735]LogModuleManager: Shutting down and abandoning module D3D11RHI (18)
[2017.10.14-21.41.58:587][735]LogModuleManager: Shutting down and abandoning module AnimGraphRuntime (16)
[2017.10.14-21.41.58:587][735]LogModuleManager: Shutting down and abandoning module Renderer (14)
[2017.10.14-21.41.58:587][735]LogModuleManager: Shutting down and abandoning module Engine (12)
[2017.10.14-21.41.58:587][735]LogModuleManager: Shutting down and abandoning module CoreUObject (10)
[2017.10.14-21.41.58:587][735]LogModuleManager: Shutting down and abandoning module NetworkFile (8)
[2017.10.14-21.41.58:587][735]LogModuleManager: Shutting down and abandoning module StreamingFile (6)
[2017.10.14-21.41.58:587][735]LogModuleManager: Shutting down and abandoning module SandboxFile (4)
[2017.10.14-21.41.58:587][735]LogModuleManager: Shutting down and abandoning module PakFile (2)
[2017.10.14-21.41.58:590][735]LogExit: Exiting.
[2017.10.14-21.41.58:626][735]Log file closed, 10/14/17 17:41:58
