Log file open, 10/14/17 19:26:43
LogInit:Display: Running engine for game: sep6
LogPlatformFile: Not using cached read wrapper
LogInit:Display: RandInit(-989739591) SRandInit(-989739591).
LogTaskGraph: Started task graph with 5 named threads and 8 total threads with 1 sets of task threads.
LogStats: Stats thread started at 0.099333
LogInit: Using libcurl 7.47.1
LogInit:  - built for x86_64-pc-win32
LogInit:  - supports SSL with OpenSSL/1.0.2g
LogInit:  - supports HTTP deflate (compression) using libz 1.2.8
LogInit:  - other features:
LogInit:      CURL_VERSION_SSL
LogInit:      CURL_VERSION_LIBZ
LogInit:      CURL_VERSION_IPV6
LogInit:      CURL_VERSION_ASYNCHDNS
LogInit:      CURL_VERSION_LARGEFILE
LogInit:      CURL_VERSION_IDN
LogInit:  CurlRequestOptions (configurable via config and command line):
LogInit:  - bVerifyPeer = false  - Libcurl will NOT verify peer certificate
LogInit:  - bUseHttpProxy = false  - Libcurl will NOT use HTTP proxy
LogInit:  - bDontReuseConnections = false  - Libcurl will reuse connections
LogInit:  - CertBundlePath = nullptr  - Libcurl will use whatever was configured at build time.
LogInit: Build: ++UE4+Release-4.16-CL-3561208
LogInit: Engine Version: 4.16.3-3561208+++UE4+Release-4.16
LogInit: Compatible Engine Version: 4.16.0-3452394+++UE4+Release-4.16
LogInit: Net CL: 3452394
LogDevObjectVersion: Number of dev versions registered: 16
LogDevObjectVersion:   Dev-Blueprints (B0D832E4-1F89-4F0D-ACCF-7EB736FD4AA2): 9
LogDevObjectVersion:   Dev-Build (E1C64328-A22C-4D53-A36C-8E866417BD8C): 0
LogDevObjectVersion:   Dev-Core (375EC13C-06E4-48FB-B500-84F0262A717E): 2
LogDevObjectVersion:   Dev-Editor (E4B068ED-F494-42E9-A231-DA0B2E46BB41): 17
LogDevObjectVersion:   Dev-Framework (CFFC743F-43B0-4480-9391-14DF171D2073): 23
LogDevObjectVersion:   Dev-Mobile (B02B49B5-BB20-44E9-A304-32B752E40360): 0
LogDevObjectVersion:   Dev-Networking (A4E4105C-59A1-49B5-A7C5-40C4547EDFEE): 0
LogDevObjectVersion:   Dev-Online (39C831C9-5AE6-47DC-9A44-9C173E1C8E7C): 0
LogDevObjectVersion:   Dev-Physics (78F01B33-EBEA-4F98-B9B4-84EACCB95AA2): 0
LogDevObjectVersion:   Dev-Platform (6631380F-2D4D-43E0-8009-CF276956A95A): 0
LogDevObjectVersion:   Dev-Rendering (12F88B9F-8875-4AFC-A67C-D90C383ABD29): 15
LogDevObjectVersion:   Dev-Sequencer (7B5AE74C-D270-4C10-A958-57980B212A5A): 4
LogDevObjectVersion:   Dev-VR (D7296918-1DD6-4BDD-9DE2-64A83CC13884): 0
LogDevObjectVersion:   Dev-LoadTimes (C2A15278-BFE7-4AFE-6C17-90FF531DF755): 1
LogDevObjectVersion:   Private-Geometry (6EACA3D4-40EC-4CC1-B786-8BED09428FC5): 1
LogDevObjectVersion:   Dev-AnimPhys (29E575DD-E0A3-4627-9D10-D276232CDCEA): 3
LogInit: Compiled (64-bit): Jul 28 2017 11:49:47
LogInit: Compiled with Visual C++: 19.00.24215.01
LogInit: Build Configuration: Development
LogInit: Branch Name: ++UE4+Release-4.16
LogInit: Command line: -EpicPortal 
LogInit: Base directory: C:/Program Files/Epic Games/UE_4.16/Engine/Binaries/Win64/
LogInit: Installed Engine Build: 1
LogInit: Presizing for max 8388607 objects, including 0 objects not considered by GC, pre-allocating 0 bytes for permanent pool.
LogInit: Object subsystem initialized
[2017.10.14-23.26.44:221][  0]LogInit: Selected Device Profile: [Windows]
[2017.10.14-23.26.44:221][  0]LogInit: Applying CVar settings loaded from the selected device profile: [Windows]
[2017.10.14-23.26.44:235][  0]LogInit: Computer: DESKTOP-BVQ6MAL
[2017.10.14-23.26.44:235][  0]LogInit: User: AlexDesktop
[2017.10.14-23.26.44:235][  0]LogInit: CPU Page size=4096, Cores=4
[2017.10.14-23.26.44:235][  0]LogInit: High frequency timer resolution =3.312789 MHz
[2017.10.14-23.26.44:235][  0]LogMemory: Memory total: Physical=16.0GB (16GB approx)
[2017.10.14-23.26.44:235][  0]LogMemory: Platform Memory Stats for Windows
[2017.10.14-23.26.44:235][  0]LogMemory: Process Physical Memory: 273.30 MB used, 273.30 MB peak
[2017.10.14-23.26.44:235][  0]LogMemory: Process Virtual Memory: 260.96 MB used, 260.96 MB peak
[2017.10.14-23.26.44:235][  0]LogMemory: Physical Memory: 5709.20 MB used,  10631.05 MB free, 16340.25 MB total
[2017.10.14-23.26.44:235][  0]LogMemory: Virtual Memory: 638.43 MB used,  10631.05 MB free, 134217728.00 MB total
[2017.10.14-23.26.44:323][  0]LogInit: Using OS detected language (en-US).
[2017.10.14-23.26.44:323][  0]LogInit: Using OS detected locale (en-US).
[2017.10.14-23.26.44:327][  0]LogTextLocalizationManager: No specific localization for 'en-US' exists, so the 'en' localization will be used.
[2017.10.14-23.26.45:414][  0]LogD3D11RHI: D3D11 adapters:
[2017.10.14-23.26.46:028][  0]LogD3D11RHI:    0. 'NVIDIA GeForce GTX 970' (Feature Level 11_0)
[2017.10.14-23.26.46:028][  0]LogD3D11RHI:       4058/0/8170 MB DedicatedVideo/DedicatedSystem/SharedSystem, Outputs:3, VendorId:0x10de
[2017.10.14-23.26.46:029][  0]LogD3D11RHI:    1. 'Microsoft Basic Render Driver' (Feature Level 11_0)
[2017.10.14-23.26.46:029][  0]LogD3D11RHI:       0/0/8170 MB DedicatedVideo/DedicatedSystem/SharedSystem, Outputs:0, VendorId:0x1414
[2017.10.14-23.26.46:029][  0]LogD3D11RHI: Chosen D3D11 Adapter: 0
[2017.10.14-23.26.46:036][  0]LogD3D11RHI: Creating new Direct3DDevice
[2017.10.14-23.26.46:036][  0]LogD3D11RHI:     GPU DeviceId: 0x13c2 (for the marketing name, search the web for "GPU Device Id")
[2017.10.14-23.26.46:036][  0]LogWindows: EnumDisplayDevices:
[2017.10.14-23.26.46:036][  0]LogWindows:    0. 'NVIDIA GeForce GTX 970' (P:0 D:1)
[2017.10.14-23.26.46:036][  0]LogWindows:    1. 'NVIDIA GeForce GTX 970' (P:1 D:1)
[2017.10.14-23.26.46:036][  0]LogWindows:    2. 'NVIDIA GeForce GTX 970' (P:0 D:1)
[2017.10.14-23.26.46:036][  0]LogWindows:    3. 'NVIDIA GeForce GTX 970' (P:0 D:0)
[2017.10.14-23.26.46:036][  0]LogWindows: DebugString: FoundDriverCount:4 
[2017.10.14-23.26.46:036][  0]LogD3D11RHI:     Adapter Name: NVIDIA GeForce GTX 970
[2017.10.14-23.26.46:036][  0]LogD3D11RHI:   Driver Version: 384.76 (internal:22.21.13.8476, unified:384.76)
[2017.10.14-23.26.46:036][  0]LogD3D11RHI:      Driver Date: 6-27-2017
[2017.10.14-23.26.46:036][  0]LogRHI: Texture pool is 1361 MB (70% of 1945 MB)
[2017.10.14-23.26.46:600][  0]LogD3D11RHI: Async texture creation enabled
[2017.10.14-23.26.46:639][  0]LogD3D11RHI: GPU Timing Frequency: 1000.000000 (Debug: 2 1)
[2017.10.14-23.26.46:690][  0]LogShaderCompilers: Guid format shader working directory is -7 characters bigger than the processId version (D:/Alex/Madhouse Alex/GithubMadhouse/GGS_VerticalSlice/sep6/Intermediate/Shaders/WorkingDirectory/18144/).
[2017.10.14-23.26.46:690][  0]LogShaderCompilers: Cleaned the shader compiler working directory 'C:/Users/Alex Desktop/AppData/Local/Temp/UnrealShaderWorkingDir/197822A443C769FB2A3C3E886293A289/'.
[2017.10.14-23.26.46:690][  0]LogShaderCompilers:Display: Using Local Shader Compiler.
[2017.10.14-23.26.47:896][  0]LogTemp:Display: Loaded TP AllDesktopTargetPlatform
[2017.10.14-23.26.47:966][  0]LogTemp:Display: Loaded TP MacClientTargetPlatform
[2017.10.14-23.26.48:032][  0]LogTemp:Display: Loaded TP MacNoEditorTargetPlatform
[2017.10.14-23.26.48:101][  0]LogTemp:Display: Loaded TP MacServerTargetPlatform
[2017.10.14-23.26.48:167][  0]LogTemp:Display: Loaded TP MacTargetPlatform
[2017.10.14-23.26.48:231][  0]LogTemp:Display: Loaded TP WindowsClientTargetPlatform
[2017.10.14-23.26.48:296][  0]LogTemp:Display: Loaded TP WindowsNoEditorTargetPlatform
[2017.10.14-23.26.48:361][  0]LogTemp:Display: Loaded TP WindowsServerTargetPlatform
[2017.10.14-23.26.48:416][  0]LogTemp:Display: Loaded TP WindowsTargetPlatform
[2017.10.14-23.26.48:476][  0]LogTemp:Display: Loaded TP AndroidTargetPlatform
[2017.10.14-23.26.48:540][  0]LogTemp:Display: Loaded TP Android_ASTCTargetPlatform
[2017.10.14-23.26.48:605][  0]LogTemp:Display: Loaded TP Android_ATCTargetPlatform
[2017.10.14-23.26.48:671][  0]LogTemp:Display: Loaded TP Android_DXTTargetPlatform
[2017.10.14-23.26.48:734][  0]LogTemp:Display: Loaded TP Android_ETC1TargetPlatform
[2017.10.14-23.26.48:804][  0]LogTemp:Display: Loaded TP Android_ETC2TargetPlatform
[2017.10.14-23.26.48:937][  0]LogTemp:Display: Loaded TP Android_MultiTargetPlatform
[2017.10.14-23.26.48:937][  0]LogTemp:Display: Loaded TP Android_PVRTCTargetPlatform
[2017.10.14-23.26.48:988][  0]LogTemp:Display: Loaded TP HTML5TargetPlatform
[2017.10.14-23.26.49:105][  0]LogTemp:Display: Loaded TP IOSTargetPlatform
[2017.10.14-23.26.49:148][  0]LogTemp:Display: Loaded TP TVOSTargetPlatform
[2017.10.14-23.26.49:209][  0]LogTemp:Display: Loaded TP LinuxClientTargetPlatform
[2017.10.14-23.26.49:271][  0]LogTemp:Display: Loaded TP LinuxNoEditorTargetPlatform
[2017.10.14-23.26.49:332][  0]LogTemp:Display: Loaded TP LinuxServerTargetPlatform
[2017.10.14-23.26.49:399][  0]LogTemp:Display: Loaded TP LinuxTargetPlatform
[2017.10.14-23.26.49:399][  0]LogTargetPlatformManager:Display: Building Assets For Windows
[2017.10.14-23.26.50:034][  0]LogDerivedDataCache:Display: Max Cache Size: 512 MB
[2017.10.14-23.26.50:139][  0]LogDerivedDataCache: Loaded boot cache 0.10s 90MB C:/Users/Alex Desktop/AppData/Local/UnrealEngine/4.16/DerivedDataCache/Boot.ddc.
[2017.10.14-23.26.50:139][  0]LogDerivedDataCache:Display: Loaded Boot cache: C:/Users/Alex Desktop/AppData/Local/UnrealEngine/4.16/DerivedDataCache/Boot.ddc
[2017.10.14-23.26.50:139][  0]LogDerivedDataCache: FDerivedDataBackendGraph:  Pak pak cache file D:/Alex/Madhouse Alex/GithubMadhouse/GGS_VerticalSlice/sep6/DerivedDataCache/DDC.ddp not found, will not use a pak cache.
[2017.10.14-23.26.50:139][  0]LogDerivedDataCache: Unable to find inner node Pak for hierarchical cache Hierarchy.
[2017.10.14-23.26.50:139][  0]LogDerivedDataCache: FDerivedDataBackendGraph:  CompressedPak pak cache file D:/Alex/Madhouse Alex/GithubMadhouse/GGS_VerticalSlice/sep6/DerivedDataCache/Compressed.ddp not found, will not use a pak cache.
[2017.10.14-23.26.50:139][  0]LogDerivedDataCache: Unable to find inner node CompressedPak for hierarchical cache Hierarchy.
[2017.10.14-23.26.50:157][  0]LogDerivedDataCache:Display: Pak cache opened for reading ../../../Engine/DerivedDataCache/Compressed.ddp.
[2017.10.14-23.26.50:170][  0]LogDerivedDataCache: Using Local data cache path C:/Users/Alex Desktop/AppData/Local/UnrealEngine/Common/DerivedDataCache: Writable
[2017.10.14-23.26.50:181][  0]LogMaterial: Verifying Global Shaders for PCD3D_SM5
[2017.10.14-23.26.50:181][  0]LogSlate: Using Freetype 2.6.0
[2017.10.14-23.26.50:182][  0]LogSlate: SlateFontCache - WITH_FREETYPE: 1, WITH_HARFBUZZ: 1
[2017.10.14-23.26.50:182][  0]LogSlate: SlateFontCache - WITH_FREETYPE: 1, WITH_HARFBUZZ: 1
[2017.10.14-23.26.50:597][  0]LogInit: Selected Device Profile: [Windows]
[2017.10.14-23.26.50:687][  0]LogContentStreaming: Texture pool size is 0.00 MB
[2017.10.14-23.26.50:890][  0]LogMeshUtilities: Using QuadricMeshReduction for automatic static mesh reduction
[2017.10.14-23.26.50:950][  0]LogSimplygon: Simplygon DLL not present - disabling.
[2017.10.14-23.26.51:016][  0]LogMeshUtilities: Using SimplygonSwarm for distributed automatic mesh merging
[2017.10.14-23.26.51:016][  0]LogMeshUtilities: No automatic skeletal mesh reduction module available
[2017.10.14-23.26.51:016][  0]LogMeshUtilities: No automatic mesh merging module available
[2017.10.14-23.26.51:696][  0]LogNetVersion: sep6 , NetCL: 3452394, EngineNetVer: 2, GameNetVer: 0 (Checksum: 1248976798)
[2017.10.14-23.26.51:767][  0]LogAssetRegistry: FAssetRegistry took 0.0268 seconds to start up
[2017.10.14-23.26.51:843][  0]LogPackageLocalizationCache: Processed 4 localized package path(s) for 2 prioritized culture(s) in 0.045720 seconds
[2017.10.14-23.26.51:849][  0]LogUObjectArray: 34194 objects as part of root set at end of initial load.
[2017.10.14-23.26.51:849][  0]LogUObjectAllocator: 7260424 out of 0 bytes used by permanent object pool.
[2017.10.14-23.26.51:849][  0]LogUObjectArray: CloseDisregardForGC: 0/0 objects in disregard for GC pool
[2017.10.14-23.26.51:939][  0]LogInit: WinSock: version 1.1 (2.2), MaxSocks=32767, MaxUdp=65467
[2017.10.14-23.26.55:077][  0]LogTcpMessaging: Initializing TcpMessaging bridge
[2017.10.14-23.26.55:124][  0]LogUdpMessaging: Initializing bridge on interface 0.0.0.0:0 to multicast group 230.0.0.1:6666.
[2017.10.14-23.26.55:797][  0]LogMaterial: Uniform references updated for custom material expression Custom.
[2017.10.14-23.26.56:331][  0]SourceControl: Info Source control is disabled
[2017.10.14-23.26.56:368][  0]SourceControl: Info Source control is disabled
[2017.10.14-23.26.56:435][  0]SourceControl: Info Source control is disabled
[2017.10.14-23.26.56:496][  0]SourceControl: Info Source control is disabled
[2017.10.14-23.26.56:845][  0]LogLinker:Warning: Can't find file '/Game/FirstPersonBP/FirstPersonOverview'
[2017.10.14-23.26.56:845][  0]LogLinker:Warning: Can't find file '/Game/FirstPersonBP/FirstPersonOverview'
[2017.10.14-23.26.56:845][  0]LogUObjectGlobals:Warning: Failed to find object 'Class /Game/FirstPersonBP/FirstPersonOverview.FirstPersonOverview_C'
[2017.10.14-23.26.57:397][  0]LogAndroidPermission: UAndroidPermissionCallbackProxy::GetInstance
[2017.10.14-23.26.58:149][  0]LogEngine: Initializing Engine...
[2017.10.14-23.26.58:164][  0]LogHMD: Failed to initialize OpenVR with code 108
[2017.10.14-23.26.58:392][  0]LogStats: UGameplayTagsManager::ConstructGameplayTagTree: Construct from data asset -  0.000 s
[2017.10.14-23.26.58:392][  0]LogStats: UGameplayTagsManager::ConstructGameplayTagTree: GameplayTagTreeChangedEvent.Broadcast -  0.000 s
[2017.10.14-23.26.58:567][  0]LogAIModule: Creating AISystem for world Untitled
[2017.10.14-23.26.58:587][  0]LogInit: XAudio2 using 'Back of PC (VIA HD Audio)' : 2 channels at 48 kHz using 32 bits per sample (channel mask 0x3)
[2017.10.14-23.26.58:621][  0]LogInit: FAudioDevice initialized.
[2017.10.14-23.26.58:669][  0]LogDerivedDataCache: Saved boot cache 0.05s 90MB C:/Users/Alex Desktop/AppData/Local/UnrealEngine/4.16/DerivedDataCache/Boot.ddc.
[2017.10.14-23.26.58:703][  0]LogInit: Texture streaming: Enabled
[2017.10.14-23.26.58:838][  0]LogEngineSessionManager: EngineSessionManager initialized
[2017.10.14-23.26.59:196][  0]LogInit: Transaction tracking system initialized
[2017.10.14-23.26.59:648][  0]BlueprintLog: New page: Editor Load
[2017.10.14-23.27.01:074][  0]LocalizationService: Info Localization service is disabled
[2017.10.14-23.27.01:974][  0]LogConsoleResponse:Display: 
[2017.10.14-23.27.02:138][  0]LogCook:Display: Max memory allowance for cook 16384mb min free memory 0mb
[2017.10.14-23.27.02:138][  0]LogCook:Display: Mobile HDR setting 1
[2017.10.14-23.27.02:408][  0]LogFileCache: Scanning file cache for directory 'D:/Alex/Madhouse Alex/GithubMadhouse/GGS_VerticalSlice/sep6/Content/' took 0.01s
[2017.10.14-23.27.03:442][  0]SourceControl: Info Source control is disabled
[2017.10.14-23.27.03:443][  0]Cmd: MAP LOAD FILE="D:/Alex/Madhouse Alex/GithubMadhouse/GGS_VerticalSlice/sep6/Content/MergedLevelTest.umap" TEMPLATE=0 SHOWPROGRESS=1 FEATURELEVEL=3
[2017.10.14-23.27.03:443][  0]LogEditorServer:Warning: Can't find file 'D:/Alex/Madhouse Alex/GithubMadhouse/GGS_VerticalSlice/sep6/Content/MergedLevelTest.umap'
[2017.10.14-23.27.03:443][  0]Cmd: MAP CHECKDEP NOCLEARLOG
[2017.10.14-23.27.03:504][  0]MapCheck: Info Map check complete: 0 Error(s), 0 Warning(s), took 61.499ms to complete.
[2017.10.14-23.27.03:504][  0]LogFileHelpers: Loading map 'MergedLevelTest' took 0.062
[2017.10.14-23.27.03:743][  0]LogCollectionManager: Loaded 0 collections in 0.002278 seconds
[2017.10.14-23.27.03:854][  0]LogFileCache: Scanning file cache for directory 'D:/Alex/Madhouse Alex/GithubMadhouse/GGS_VerticalSlice/sep6/Saved/Collections/' took 0.01s
[2017.10.14-23.27.03:854][  0]LogFileCache: Scanning file cache for directory 'D:/Alex/Madhouse Alex/GithubMadhouse/GGS_VerticalSlice/sep6/Content/Developers/AlexDesktop/Collections/' took 0.01s
[2017.10.14-23.27.03:854][  0]LogFileCache: Scanning file cache for directory 'D:/Alex/Madhouse Alex/GithubMadhouse/GGS_VerticalSlice/sep6/Content/Collections/' took 0.01s
[2017.10.14-23.27.03:854][  0]LogCollectionManager: Rebuilt the GUID cache for 0 collections in 0.000002 seconds
[2017.10.14-23.27.03:867][  0]LogContentBrowser: Native class hierarchy populated in 0.0126 seconds. Added 2329 classes and 491 folders.
[2017.10.14-23.27.03:955][  0]LogContentBrowser: Native class hierarchy updated for 'WidgetCarousel' in 0.0011 seconds. Added 0 classes and 0 folders.
[2017.10.14-23.27.04:294][  0]LogContentBrowser: Native class hierarchy updated for 'AddContentDialog' in 0.0008 seconds. Added 0 classes and 0 folders.
[2017.10.14-23.27.04:352][  0]LogContentBrowser: Native class hierarchy updated for 'SceneOutliner' in 0.0009 seconds. Added 1 classes and 2 folders.
[2017.10.14-23.27.04:441][  0]LogCrashTracker: Crashtracker disabled due to settings.
[2017.10.14-23.27.04:447][  0]LogSlate: Took 0.000262 seconds to synchronously load lazily loaded font '../../../Engine/Content/Slate/Fonts/Roboto-Regular.ttf' (155K)
[2017.10.14-23.27.04:449][  0]LogSlate: Took 0.000257 seconds to synchronously load lazily loaded font '../../../Engine/Content/Slate/Fonts/Roboto-Bold.ttf' (160K)
[2017.10.14-23.27.04:463][  0]LogSlate: Took 0.005823 seconds to synchronously load lazily loaded font '../../../Engine/Content/Editor/Slate/Fonts/FontAwesome.ttf' (139K)
[2017.10.14-23.27.04:621][  0]LogRenderer: Reallocating scene render targets to support 1208x600 NumSamples 1 (Frame:1).
[2017.10.14-23.27.04:715][  0]LogUObjectGlobals:Warning: Failed to find object 'Class None.'
[2017.10.14-23.27.04:793][  0]LogContentBrowser: Native class hierarchy updated for 'HierarchicalLODOutliner' in 0.0008 seconds. Added 1 classes and 2 folders.
[2017.10.14-23.27.04:793][  0]LogLoad: (Engine Initialization) Total time: 22.47 seconds
[2017.10.14-23.27.04:793][  0]LogLoad: (Engine Initialization) Total Blueprint compile time: 0.05 seconds
[2017.10.14-23.27.04:793][  0]LogExternalProfiler: No external profilers were discovered.  External profiling features will not be available.
[2017.10.14-23.27.04:803][  0]LogWindowsTextInputMethodSystem:Display: IME system now deactivated.
[2017.10.14-23.27.04:803][  0]LogOcInput: OculusInput pre-init called
[2017.10.14-23.27.04:803][  0]LogHMD: Starting GearVRController plugin
[2017.10.14-23.27.04:834][  0]LogContentStreaming: Texture pool size now 1000 MB
[2017.10.14-23.27.04:878][  1]LogFileCache: Retrieving MD5 hashes for directory 'D:/Alex/Madhouse Alex/GithubMadhouse/GGS_VerticalSlice/sep6/Content/' took 0.06s
[2017.10.14-23.27.04:889][  1]LogAssetRegistry: Asset discovery search completed in 13.1448 seconds
[2017.10.14-23.27.04:891][  1]LogCollectionManager: Rebuilt the object cache for 0 collections in 0.000001 seconds (found 0 objects)
[2017.10.14-23.27.04:891][  1]LogCollectionManager: Fixed up redirectors for 0 collections in 0.000066 seconds (updated 0 objects)
[2017.10.14-23.27.05:852][103]LogSlate: Took 0.003876 seconds to synchronously load lazily loaded font '../../../Engine/Content/Slate/Fonts/Roboto-Light.ttf' (159K)
[2017.10.14-23.27.08:879][463]LogSlate: Took 0.000153 seconds to synchronously load lazily loaded font '../../../Engine/Content/Slate/Fonts/Roboto-Light.ttf' (159K)
[2017.10.14-23.27.34:920][563]LogSlate: Took 0.000182 seconds to synchronously load lazily loaded font '../../../Engine/Content/Slate/Fonts/Roboto-Light.ttf' (159K)
[2017.10.14-23.27.35:619][563]LogMaterial: Missing cached shader map for material floor, compiling. 
[2017.10.14-23.27.35:673][563]LogMaterial: Missing cached shader map for material placeholder, compiling. 
[2017.10.14-23.27.35:929][563]LogTexture:Display: Building textures: HQ_Lightmap0_1 (AutoDXT, 512X512)
[2017.10.14-23.27.35:997][563]LogTexture:Display: Building textures: HQ_Lightmap0_2 (AutoDXT, 1024X1024)
[2017.10.14-23.27.36:642][563]LogTexture:Display: Building textures: HQ_Lightmap0_3 (AutoDXT, 1024X1024)
[2017.10.14-23.27.37:327][563]LogTexture:Display: Building textures: HQ_Lightmap0_4 (AutoDXT, 1024X1024)
[2017.10.14-23.27.37:923][563]LogSlate: Took 0.000231 seconds to synchronously load lazily loaded font '../../../Engine/Content/Slate/Fonts/Roboto-Regular.ttf' (155K)
[2017.10.14-23.27.37:977][563]LogTexture:Display: Building textures: HQ_Lightmap0_5 (AutoDXT, 1024X1024)
[2017.10.14-23.27.38:663][563]LogTexture:Display: Building textures: HQ_Lightmap0_6 (AutoDXT, 1024X1024)
[2017.10.14-23.27.39:368][563]LogTexture:Display: Building textures: HQ_Lightmap0_7 (AutoDXT, 1024X1024)
[2017.10.14-23.27.39:992][563]LogTexture:Display: Building textures: HQ_Lightmap0_8 (AutoDXT, 512X512)
[2017.10.14-23.27.40:175][563]LogTexture:Display: Building textures: HQ_Lightmap0_9 (AutoDXT, 64X64)
[2017.10.14-23.27.40:180][563]LogTexture:Display: Building textures: LQ_Lightmap_0_1 (DXT1, 512X512)
[2017.10.14-23.27.40:243][563]LogTexture:Display: Building textures: LQ_Lightmap_0_2 (DXT1, 1024X1024)
[2017.10.14-23.27.40:691][563]LogTexture:Display: Building textures: LQ_Lightmap_0_3 (DXT1, 1024X1024)
[2017.10.14-23.27.41:176][563]LogTexture:Display: Building textures: LQ_Lightmap_0_4 (DXT1, 1024X1024)
[2017.10.14-23.27.41:645][563]LogTexture:Display: Building textures: LQ_Lightmap_0_5 (DXT1, 1024X1024)
[2017.10.14-23.27.42:183][563]LogTexture:Display: Building textures: LQ_Lightmap_0_6 (DXT1, 1024X1024)
[2017.10.14-23.27.42:647][563]LogTexture:Display: Building textures: LQ_Lightmap_0_7 (DXT1, 1024X1024)
[2017.10.14-23.27.43:034][563]LogTexture:Display: Building textures: LQ_Lightmap_0_8 (DXT1, 512X512)
[2017.10.14-23.27.43:144][563]LogTexture:Display: Building textures: LQ_Lightmap_0_9 (DXT1, 64X64)
[2017.10.14-23.27.43:152][563]LogTexture:Display: Building textures: SkyOcclusion0_1 (AutoDXT, 512X256)
[2017.10.14-23.27.43:194][563]LogTexture:Display: Building textures: SkyOcclusion0_2 (AutoDXT, 1024X512)
[2017.10.14-23.27.43:552][563]LogTexture:Display: Building textures: SkyOcclusion0_3 (AutoDXT, 1024X512)
[2017.10.14-23.27.43:905][563]LogTexture:Display: Building textures: SkyOcclusion0_4 (AutoDXT, 1024X512)
[2017.10.14-23.27.44:235][563]LogTexture:Display: Building textures: SkyOcclusion0_5 (AutoDXT, 1024X512)
[2017.10.14-23.27.44:537][563]LogTexture:Display: Building textures: SkyOcclusion0_6 (AutoDXT, 1024X512)
[2017.10.14-23.27.44:838][563]LogTexture:Display: Building textures: SkyOcclusion0_7 (AutoDXT, 1024X512)
[2017.10.14-23.27.45:128][563]LogTexture:Display: Building textures: SkyOcclusion0_8 (AutoDXT, 512X256)
[2017.10.14-23.27.45:196][563]LogTexture:Display: Building textures: SkyOcclusion0_9 (AutoDXT, 64X32)
[2017.10.14-23.27.45:204][563]LogTexture:Display: Building textures: ShadowMapTexture2D_0 (G8, 128X256)
[2017.10.14-23.27.45:210][563]LogTexture:Display: Building textures: ShadowMapTexture2D_1 (G8, 1024X1024)
[2017.10.14-23.27.45:252][563]LogTexture:Display: Building textures: ShadowMapTexture2D_2 (G8, 1024X1024)
[2017.10.14-23.27.45:289][563]LogTexture:Display: Building textures: ShadowMapTexture2D_3 (G8, 1024X256)
[2017.10.14-23.27.45:300][563]LogTexture:Display: Building textures: ShadowMapTexture2D_4 (G8, 32X32)
[2017.10.14-23.27.45:361][563]LogAIModule: Creating AISystem for world VSpath
[2017.10.14-23.27.45:432][563]Cmd: MAP LOAD FILE="D:/Alex/Madhouse Alex/GithubMadhouse/GGS_VerticalSlice/sep6/Content/0Levels/VSpath.umap" TEMPLATE=0 SHOWPROGRESS=1 FEATURELEVEL=3
[2017.10.14-23.27.45:432][563]LightingResults: New page: Lighting Build
[2017.10.14-23.27.45:484][563]LogContentBrowser: Native class hierarchy updated for 'StatsViewer' in 0.0008 seconds. Added 5 classes and 0 folders.
[2017.10.14-23.27.45:485][563]LoadErrors: New page: Loading map: VSpath.umap
[2017.10.14-23.27.45:485][563]MapCheck: New page: Map Check
[2017.10.14-23.27.45:485][563]LightingResults: New page: Lighting Build
[2017.10.14-23.27.45:649][563]LogEditorServer: Finished looking for orphan Actors (0.000 secs)
[2017.10.14-23.27.45:721][563]Cmd: MAP CHECKDEP NOCLEARLOG
[2017.10.14-23.27.45:788][563]MapCheck: Info Map check complete: 0 Error(s), 0 Warning(s), took 66.138ms to complete.
[2017.10.14-23.27.45:788][563]LogFileHelpers: Loading map 'VSpath' took 0.356
[2017.10.14-23.27.58:669][ 77]LogEditorViewport: Clicking on Actor (LMB): BP_Sky_Sphere_C (Sky Sphere)
[2017.10.14-23.27.59:214][117]LogEditorViewport: Clicking on Actor (LMB): BaseWall_C (Wall)
[2017.10.14-23.28.00:782][279]LogEditorViewport: Clicking on Actor (LMB): StaticMeshActor (Plane9)
[2017.10.14-23.28.37:120][719]LogEditorViewport: Clicking on Actor (LMB): ShortDoorWithWall_C (ShortDoorWithWall)
[2017.10.14-23.28.37:868][792]LogEditorViewport: Clicking on Actor (LMB): ShortDoorWithWall_C (ShortDoorWithWall)
[2017.10.14-23.28.41:049][109]Cmd: TRANSACTION UNDO
[2017.10.14-23.28.41:049][109]LogEditorTransaction: Undo Move Actors
[2017.10.14-23.28.48:138][787]LogEditorViewport: Clicking on Actor (LMB): BaseWall_C (Wall)
[2017.10.14-23.28.48:669][834]LogEditorViewport: Clicking on Actor (LMB): StaticMeshActor (short_door_wall2)
[2017.10.14-23.28.49:869][953]Cmd: DELETE
[2017.10.14-23.28.49:869][953]Cmd: ACTOR DELETE
[2017.10.14-23.28.49:873][953]LogEditorActor: Deleted Actor: StaticMeshActor
[2017.10.14-23.28.49:887][953]LogEditorActor: Deleted 1 Actors (0.017 secs)
[2017.10.14-23.28.55:923][635]LogEditorViewport: Clicking on Actor (LMB): ShortDoorWithWall_C (ShortDoorWithWall)
[2017.10.14-23.29.08:120][816]LogEditorViewport: Clicking on Actor (LMB): StaticMeshActor (Base_wall7)
[2017.10.14-23.29.21:535][177]LogEditorViewport: Clicking on Actor (LMB): ShortDoorWithWall_C (ShortDoorWithWall)
[2017.10.14-23.29.38:764][789]LogEditorViewport: Clicking on Actor (LMB): BaseWall_C (Wall)
[2017.10.14-23.29.45:381][421]LogEditorViewport: Clicking on Actor (LMB): ShortDoorWithWall_C (ShortDoorWithWall)
[2017.10.14-23.29.45:941][463]LogEditorViewport: Clicking on Actor (LMB): BaseWall_C (Wall)
[2017.10.14-23.29.46:380][501]LogEditorViewport: Clicking on Actor (LMB): ShortDoorWithWall_C (ShortDoorWithWall)
[2017.10.14-23.29.46:720][530]LogEditorViewport: Clicking on Actor (LMB): BaseWall_C (Wall)
[2017.10.14-23.30.23:660][468]LogContentBrowser: Native class hierarchy updated for 'BlueprintGraph' in 0.0013 seconds. Added 112 classes and 0 folders.
[2017.10.14-23.30.24:503][468]LogSlate: Took 0.004216 seconds to synchronously load lazily loaded font '../../../Engine/Content/Editor/Slate/Fonts/Roboto-BoldCondensed.ttf' (158K)
[2017.10.14-23.30.24:550][469]LogSlate: Took 0.005389 seconds to synchronously load lazily loaded font '../../../Engine/Content/Editor/Slate/Fonts/Roboto-Italic.ttf' (157K)
[2017.10.14-23.30.25:941][624]LogRenderer: Reallocating scene render targets to support 1208x744 NumSamples 1 (Frame:1).
[2017.10.14-23.30.49:252][122]LogEditorViewport: Clicking on Actor (LMB): StaticMeshActor (Plane2)
[2017.10.14-23.31.32:018][456]Cmd: OBJ SAVEPACKAGE PACKAGE="/Game/Blueprints/Walls/TallDoubleDoor" FILE="D:/Alex/Madhouse Alex/GithubMadhouse/GGS_VerticalSlice/sep6/Content/Blueprints/Walls/TallDoubleDoor.uasset" SILENT=true
[2017.10.14-23.31.32:056][456]LogSavePackage: Save=28.45ms
[2017.10.14-23.31.32:056][456]LogSavePackage: Moving 'D:/Alex/Madhouse Alex/GithubMadhouse/GGS_VerticalSlice/sep6/Saved/TallDoubleDoor6E77A7AE4B3C1C14780F93A353426F27.tmp' to 'D:/Alex/Madhouse Alex/GithubMadhouse/GGS_VerticalSlice/sep6/Content/Blueprints/Walls/TallDoubleDoor.uasset'
[2017.10.14-23.31.32:062][456]LogSavePackage:Display: Finished SavePackage D:/Alex/Madhouse Alex/GithubMadhouse/GGS_VerticalSlice/sep6/Content/Blueprints/Walls/TallDoubleDoor.uasset
[2017.10.14-23.31.33:067][567]Cmd: OBJ SAVEPACKAGE PACKAGE="/Game/Blueprints/Walls/TallWindowWall" FILE="D:/Alex/Madhouse Alex/GithubMadhouse/GGS_VerticalSlice/sep6/Content/Blueprints/Walls/TallWindowWall.uasset" SILENT=true
[2017.10.14-23.31.33:109][567]LogSavePackage: Save=32.37ms
[2017.10.14-23.31.33:109][567]LogSavePackage: Moving 'D:/Alex/Madhouse Alex/GithubMadhouse/GGS_VerticalSlice/sep6/Saved/TallWindowWall97587872433C0D6A2649CA9A9DD61AFB.tmp' to 'D:/Alex/Madhouse Alex/GithubMadhouse/GGS_VerticalSlice/sep6/Content/Blueprints/Walls/TallWindowWall.uasset'
[2017.10.14-23.31.33:110][567]LogSavePackage:Display: Finished SavePackage D:/Alex/Madhouse Alex/GithubMadhouse/GGS_VerticalSlice/sep6/Content/Blueprints/Walls/TallWindowWall.uasset
[2017.10.14-23.31.33:823][645]Cmd: OBJ SAVEPACKAGE PACKAGE="/Game/Blueprints/Walls/WallWithWindow" FILE="D:/Alex/Madhouse Alex/GithubMadhouse/GGS_VerticalSlice/sep6/Content/Blueprints/Walls/WallWithWindow.uasset" SILENT=true
[2017.10.14-23.31.33:857][645]LogSavePackage: Save=25.68ms
[2017.10.14-23.31.33:857][645]LogSavePackage: Moving 'D:/Alex/Madhouse Alex/GithubMadhouse/GGS_VerticalSlice/sep6/Saved/WallWithWindowB4A7A3F447ED6C159EF3B5997552CDEF.tmp' to 'D:/Alex/Madhouse Alex/GithubMadhouse/GGS_VerticalSlice/sep6/Content/Blueprints/Walls/WallWithWindow.uasset'
[2017.10.14-23.31.33:860][645]LogSavePackage:Display: Finished SavePackage D:/Alex/Madhouse Alex/GithubMadhouse/GGS_VerticalSlice/sep6/Content/Blueprints/Walls/WallWithWindow.uasset
[2017.10.14-23.31.48:333][208]BlueprintLog: New page: Compile TallDoorWithWall
[2017.10.14-23.31.48:781][232]Cmd: OBJ SAVEPACKAGE PACKAGE="/Game/Blueprints/Walls/TallDoorWithWall" FILE="D:/Alex/Madhouse Alex/GithubMadhouse/GGS_VerticalSlice/sep6/Content/Blueprints/Walls/TallDoorWithWall.uasset" SILENT=true
[2017.10.14-23.31.48:819][232]LogSavePackage: Save=28.57ms
[2017.10.14-23.31.48:819][232]LogSavePackage: Moving 'D:/Alex/Madhouse Alex/GithubMadhouse/GGS_VerticalSlice/sep6/Saved/TallDoorWithWallD0BB18934FA33B02C591B8AF40D01AA8.tmp' to 'D:/Alex/Madhouse Alex/GithubMadhouse/GGS_VerticalSlice/sep6/Content/Blueprints/Walls/TallDoorWithWall.uasset'
[2017.10.14-23.31.48:823][232]LogSavePackage:Display: Finished SavePackage D:/Alex/Madhouse Alex/GithubMadhouse/GGS_VerticalSlice/sep6/Content/Blueprints/Walls/TallDoorWithWall.uasset
[2017.10.14-23.31.59:766][359]BlueprintLog: New page: Compile ShortDoorWithWall
[2017.10.14-23.32.00:196][381]Cmd: OBJ SAVEPACKAGE PACKAGE="/Game/Blueprints/Walls/ShortDoorWithWall" FILE="D:/Alex/Madhouse Alex/GithubMadhouse/GGS_VerticalSlice/sep6/Content/Blueprints/Walls/ShortDoorWithWall.uasset" SILENT=true
[2017.10.14-23.32.00:234][381]LogSavePackage: Save=27.39ms
[2017.10.14-23.32.00:234][381]LogSavePackage: Moving 'D:/Alex/Madhouse Alex/GithubMadhouse/GGS_VerticalSlice/sep6/Saved/ShortDoorWithWall043EF7964CFC1B130B9D72820E5EE8B7.tmp' to 'D:/Alex/Madhouse Alex/GithubMadhouse/GGS_VerticalSlice/sep6/Content/Blueprints/Walls/ShortDoorWithWall.uasset'
[2017.10.14-23.32.00:238][381]LogSavePackage:Display: Finished SavePackage D:/Alex/Madhouse Alex/GithubMadhouse/GGS_VerticalSlice/sep6/Content/Blueprints/Walls/ShortDoorWithWall.uasset
[2017.10.14-23.32.10:686][421]BlueprintLog: New page: Compile HalfWall
[2017.10.14-23.32.11:029][432]Cmd: OBJ SAVEPACKAGE PACKAGE="/Game/Blueprints/Walls/HalfWall" FILE="D:/Alex/Madhouse Alex/GithubMadhouse/GGS_VerticalSlice/sep6/Content/Blueprints/Walls/HalfWall.uasset" SILENT=true
[2017.10.14-23.32.11:073][432]LogSavePackage: Save=32.50ms
[2017.10.14-23.32.11:073][432]LogSavePackage: Moving 'D:/Alex/Madhouse Alex/GithubMadhouse/GGS_VerticalSlice/sep6/Saved/HalfWallCB9CC4FE40B66CC8965C3FB9D4E788C1.tmp' to 'D:/Alex/Madhouse Alex/GithubMadhouse/GGS_VerticalSlice/sep6/Content/Blueprints/Walls/HalfWall.uasset'
[2017.10.14-23.32.11:076][432]LogSavePackage:Display: Finished SavePackage D:/Alex/Madhouse Alex/GithubMadhouse/GGS_VerticalSlice/sep6/Content/Blueprints/Walls/HalfWall.uasset
[2017.10.14-23.32.21:863][540]Cmd: OBJ SAVEPACKAGE PACKAGE="/Game/Blueprints/Walls/BaseWall" FILE="D:/Alex/Madhouse Alex/GithubMadhouse/GGS_VerticalSlice/sep6/Content/Blueprints/Walls/BaseWall.uasset" SILENT=true
[2017.10.14-23.32.21:904][540]LogSavePackage: Save=29.43ms
[2017.10.14-23.32.21:904][540]LogSavePackage: Moving 'D:/Alex/Madhouse Alex/GithubMadhouse/GGS_VerticalSlice/sep6/Saved/BaseWall7BCF01A8404D07436790E5BCD193DB42.tmp' to 'D:/Alex/Madhouse Alex/GithubMadhouse/GGS_VerticalSlice/sep6/Content/Blueprints/Walls/BaseWall.uasset'
[2017.10.14-23.32.21:907][540]LogSavePackage:Display: Finished SavePackage D:/Alex/Madhouse Alex/GithubMadhouse/GGS_VerticalSlice/sep6/Content/Blueprints/Walls/BaseWall.uasset
[2017.10.14-23.32.33:525][715]Cmd: OBJ SAVEPACKAGE PACKAGE="/Game/0Levels/VSpath" FILE="D:/Alex/Madhouse Alex/GithubMadhouse/GGS_VerticalSlice/sep6/Content/0Levels/VSpath.umap" SILENT=true AUTOSAVING=false KEEPDIRTY=false
[2017.10.14-23.32.36:409][715]LogSavePackage: Save=2803.68ms
[2017.10.14-23.32.36:409][715]LogSavePackage: Moving 'D:/Alex/Madhouse Alex/GithubMadhouse/GGS_VerticalSlice/sep6/Saved/VSpathD3830B99431491166F9E97AC29F725D1.tmp' to 'D:/Alex/Madhouse Alex/GithubMadhouse/GGS_VerticalSlice/sep6/Content/0Levels/VSpath.umap'
[2017.10.14-23.32.36:418][715]LogSavePackage:Display: Finished SavePackage D:/Alex/Madhouse Alex/GithubMadhouse/GGS_VerticalSlice/sep6/Content/0Levels/VSpath.umap
[2017.10.14-23.32.44:693][489]LogEditorViewport: Clicking on Actor (LMB): ShortDoorWithWall_C (ShortDoorWithWall)
[2017.10.14-23.32.53:219][244]Cmd: OBJ SAVEPACKAGE PACKAGE="/Game/0Levels/VSpath" FILE="D:/Alex/Madhouse Alex/GithubMadhouse/GGS_VerticalSlice/sep6/Content/0Levels/VSpath.umap" SILENT=true AUTOSAVING=false KEEPDIRTY=false
[2017.10.14-23.32.56:000][244]LogSavePackage: Save=2753.23ms
[2017.10.14-23.32.56:000][244]LogSavePackage: Moving 'D:/Alex/Madhouse Alex/GithubMadhouse/GGS_VerticalSlice/sep6/Saved/VSpathDBDEC8884462DF0273EFC39F86C8095A.tmp' to 'D:/Alex/Madhouse Alex/GithubMadhouse/GGS_VerticalSlice/sep6/Content/0Levels/VSpath.umap'
[2017.10.14-23.32.56:009][244]LogSavePackage:Display: Finished SavePackage D:/Alex/Madhouse Alex/GithubMadhouse/GGS_VerticalSlice/sep6/Content/0Levels/VSpath.umap
[2017.10.14-23.33.03:981][990]LogEditorViewport: Clicking on Actor (LMB): StaticMeshActor (Base_wall7)
[2017.10.14-23.33.54:438][560]Cmd: DELETE
[2017.10.14-23.33.54:438][560]Cmd: ACTOR DELETE
[2017.10.14-23.33.54:441][560]LogEditorActor: Deleted Actor: StaticMeshActor
[2017.10.14-23.33.54:464][560]LogEditorActor: Deleted 1 Actors (0.026 secs)
[2017.10.14-23.33.56:560][792]Cmd: TRANSACTION UNDO
[2017.10.14-23.33.56:560][792]LogEditorTransaction: Undo Delete Actors
[2017.10.14-23.33.57:985][911]Cmd: DELETE
[2017.10.14-23.33.57:985][911]Cmd: ACTOR DELETE
[2017.10.14-23.33.57:987][911]LogEditorActor: Deleted Actor: StaticMeshActor
[2017.10.14-23.33.58:014][911]LogEditorActor: Deleted 1 Actors (0.029 secs)
[2017.10.14-23.34.09:386][954]LogEditorViewport: Clicking on Actor (LMB): StaticMeshActor (Base_wall8)
[2017.10.14-23.34.10:982][108]Cmd: DELETE
[2017.10.14-23.34.10:982][108]Cmd: ACTOR DELETE
[2017.10.14-23.34.10:984][108]LogEditorActor: Deleted Actor: StaticMeshActor
[2017.10.14-23.34.11:011][108]LogEditorActor: Deleted 1 Actors (0.030 secs)
[2017.10.14-23.34.11:920][214]LogEditorViewport: Clicking on Actor (LMB): BaseWall_C (BaseWall)
[2017.10.14-23.34.12:121][230]Cmd: DUPLICATE
[2017.10.14-23.34.12:121][230]Cmd: ACTOR DUPLICATE
[2017.10.14-23.34.28:846][749]LogEditorViewport: Clicking on Actor (LMB): StaticMeshActor (Base_wall28)
[2017.10.14-23.34.31:239][981]Cmd: DELETE
[2017.10.14-23.34.31:239][981]Cmd: ACTOR DELETE
[2017.10.14-23.34.31:242][981]LogEditorActor: Deleted Actor: StaticMeshActor
[2017.10.14-23.34.31:267][981]LogEditorActor: Deleted 1 Actors (0.028 secs)
[2017.10.14-23.34.51:506][902]LogEditorViewport: Clicking on Actor (LMB): BaseWall_C (BaseWall3)
[2017.10.14-23.34.57:675][482]LogEditorViewport: Clicking on Actor (LMB): StaticMeshActor (Base_wall30)
[2017.10.14-23.35.00:626][763]Cmd: DELETE
[2017.10.14-23.35.00:626][763]Cmd: ACTOR DELETE
[2017.10.14-23.35.00:628][763]LogEditorActor: Deleted Actor: StaticMeshActor
[2017.10.14-23.35.00:652][763]LogEditorActor: Deleted 1 Actors (0.026 secs)
[2017.10.14-23.35.01:735][889]LogEditorViewport: Clicking on Actor (LMB): BaseWall_C (BaseWall3)
[2017.10.14-23.35.02:750][982]Cmd: DUPLICATE
[2017.10.14-23.35.02:750][982]Cmd: ACTOR DUPLICATE
[2017.10.14-23.37.03:098][702]Cmd: OBJ SAVEPACKAGE PACKAGE="/Game/Blueprints/Walls/BaseWall" FILE="D:/Alex/Madhouse Alex/GithubMadhouse/GGS_VerticalSlice/sep6/Content/Blueprints/Walls/BaseWall.uasset" SILENT=true
[2017.10.14-23.37.03:119][702]LogSavePackage: Save=16.78ms
[2017.10.14-23.37.03:119][702]LogSavePackage: Moving 'D:/Alex/Madhouse Alex/GithubMadhouse/GGS_VerticalSlice/sep6/Saved/BaseWall410580CA42DF5A532731729FCF01E176.tmp' to 'D:/Alex/Madhouse Alex/GithubMadhouse/GGS_VerticalSlice/sep6/Content/Blueprints/Walls/BaseWall.uasset'
[2017.10.14-23.37.03:120][702]LogSavePackage:Display: Finished SavePackage D:/Alex/Madhouse Alex/GithubMadhouse/GGS_VerticalSlice/sep6/Content/Blueprints/Walls/BaseWall.uasset
[2017.10.14-23.37.03:938][782]BlueprintLog: New page: Compile BaseWall
[2017.10.14-23.37.08:923][274]LogEditorViewport: Clicking on Actor (LMB): StaticMeshActor (Tall_double_door_wall4)
[2017.10.14-23.37.09:959][375]Cmd: DELETE
[2017.10.14-23.37.09:959][375]Cmd: ACTOR DELETE
[2017.10.14-23.37.09:962][375]LogEditorActor: Deleted Actor: StaticMeshActor
[2017.10.14-23.37.09:986][375]LogEditorActor: Deleted 1 Actors (0.026 secs)
[2017.10.14-23.37.10:991][494]LogEditorViewport: Clicking on Actor (LMB): StaticMeshActor (Tall_double_door_frame3)
[2017.10.14-23.37.11:636][555]Cmd: DELETE
[2017.10.14-23.37.11:636][555]Cmd: ACTOR DELETE
[2017.10.14-23.37.11:638][555]LogEditorActor: Deleted Actor: StaticMeshActor
[2017.10.14-23.37.11:661][555]LogEditorActor: Deleted 1 Actors (0.025 secs)
[2017.10.14-23.37.12:803][690]LogEditorViewport: Clicking on Actor (LMB): StaticMeshActor (Tall_door4)
[2017.10.14-23.37.40:977][358]Cmd: OBJ SAVEPACKAGE PACKAGE="/Game/0Levels/VSpath" FILE="D:/Alex/Madhouse Alex/GithubMadhouse/GGS_VerticalSlice/sep6/Content/0Levels/VSpath.umap" SILENT=true AUTOSAVING=false KEEPDIRTY=false
[2017.10.14-23.37.43:560][358]LogSavePackage: Save=2513.54ms
[2017.10.14-23.37.43:560][358]LogSavePackage: Moving 'D:/Alex/Madhouse Alex/GithubMadhouse/GGS_VerticalSlice/sep6/Saved/VSpathFCF8E7494E86CBF6DED32BA63C9D6898.tmp' to 'D:/Alex/Madhouse Alex/GithubMadhouse/GGS_VerticalSlice/sep6/Content/0Levels/VSpath.umap'
[2017.10.14-23.37.43:569][358]LogSavePackage:Display: Finished SavePackage D:/Alex/Madhouse Alex/GithubMadhouse/GGS_VerticalSlice/sep6/Content/0Levels/VSpath.umap
[2017.10.14-23.38.04:045][989]Cmd: DELETE
[2017.10.14-23.38.04:045][989]Cmd: ACTOR DELETE
[2017.10.14-23.38.04:048][989]LogEditorActor: Deleted Actor: TallDoorWithWall_C
[2017.10.14-23.38.04:074][989]LogEditorActor: Deleted 1 Actors (0.029 secs)
[2017.10.14-23.38.07:451][369]Cmd: TRANSACTION UNDO
[2017.10.14-23.38.07:451][369]LogEditorTransaction: Undo Delete Actors
[2017.10.14-23.38.18:382][442]Cmd: TRANSACTION REDO
[2017.10.14-23.38.18:382][442]LogEditorTransaction: Redo Delete Actors
[2017.10.14-23.38.22:397][902]Cmd: TRANSACTION UNDO
[2017.10.14-23.38.22:397][902]LogEditorTransaction: Undo Delete Actors
[2017.10.14-23.38.24:006][ 45]Cmd: DELETE
[2017.10.14-23.38.24:007][ 45]Cmd: ACTOR DELETE
[2017.10.14-23.38.24:009][ 45]LogEditorActor: Deleted Actor: TallDoorWithWall_C
[2017.10.14-23.38.24:032][ 45]LogEditorActor: Deleted 1 Actors (0.025 secs)
[2017.10.14-23.38.34:625][202]LogEditorViewport: Clicking on Actor (LMB): StaticMeshActor (Tall_door4)
[2017.10.14-23.38.35:574][292]Cmd: DELETE
[2017.10.14-23.38.35:574][292]Cmd: ACTOR DELETE
[2017.10.14-23.38.35:577][292]LogEditorActor: Deleted Actor: StaticMeshActor
[2017.10.14-23.38.35:607][292]LogEditorActor: Deleted 1 Actors (0.033 secs)
[2017.10.14-23.38.36:596][408]LogEditorViewport: Clicking on Actor (LMB): StaticMeshActor (Tall_door3)
[2017.10.14-23.38.37:375][482]Cmd: DELETE
[2017.10.14-23.38.37:375][482]Cmd: ACTOR DELETE
[2017.10.14-23.38.37:378][482]LogEditorActor: Deleted Actor: StaticMeshActor
[2017.10.14-23.38.37:402][482]LogEditorActor: Deleted 1 Actors (0.027 secs)
[2017.10.14-23.38.39:787][760]LogEditorViewport: Clicking on Actor (LMB): ArchWithExtraStuff_C (ArchWithExtraStuff2)
[2017.10.14-23.38.55:144][188]Cmd: OBJ SAVEPACKAGE PACKAGE="/Game/0Levels/VSpath" FILE="D:/Alex/Madhouse Alex/GithubMadhouse/GGS_VerticalSlice/sep6/Content/0Levels/VSpath.umap" SILENT=true AUTOSAVING=false KEEPDIRTY=false
[2017.10.14-23.38.57:799][188]LogSavePackage: Save=2624.32ms
[2017.10.14-23.38.57:799][188]LogSavePackage: Moving 'D:/Alex/Madhouse Alex/GithubMadhouse/GGS_VerticalSlice/sep6/Saved/VSpathCA932A0E4269E1377170A4828DDE23FF.tmp' to 'D:/Alex/Madhouse Alex/GithubMadhouse/GGS_VerticalSlice/sep6/Content/0Levels/VSpath.umap'
[2017.10.14-23.38.57:808][188]LogSavePackage:Display: Finished SavePackage D:/Alex/Madhouse Alex/GithubMadhouse/GGS_VerticalSlice/sep6/Content/0Levels/VSpath.umap
[2017.10.14-23.39.21:647][435]LogEditorViewport: Clicking on Actor (LMB): BaseWall_C (BaseWall4)
[2017.10.14-23.39.55:728][609]LogEditorViewport: Clicking on Actor (LMB): StaticMeshActor (Tall_double_door_wall3)
[2017.10.14-23.40.06:464][567]LogEditorViewport: Clicking on Actor (LMB): BaseWall_C (BaseWall4)
[2017.10.14-23.40.06:941][607]LogEditorViewport: Clicking on Actor (LMB): StaticMeshActor (Tall_double_door_wall3)
[2017.10.14-23.40.25:222][296]LogEditorViewport: Clicking on Actor (LMB): ArchWithExtraStuff_C (ArchWithExtraStuff2)
[2017.10.14-23.40.30:736][775]LogEditorViewport: Clicking on Actor (LMB): ArchWithExtraStuff_C (ArchWithExtraStuff2)
[2017.10.14-23.40.51:496][663]LogEditorViewport: Clicking on Actor (LMB): StaticMeshActor (Base_wall24)
[2017.10.14-23.40.52:603][757]LogEditorViewport: Clicking on Actor (LMB): StaticMeshActor (Half_wall10)
[2017.10.14-23.41.03:044][717]LogEditorViewport: Clicking on Actor (LMB): ArchWithExtraStuff_C (ArchWithExtraStuff2)
[2017.10.14-23.41.03:962][800]Cmd: DELETE
[2017.10.14-23.41.03:962][800]Cmd: ACTOR DELETE
[2017.10.14-23.41.03:964][800]LogEditorActor: Deleted Actor: ArchWithExtraStuff_C
[2017.10.14-23.41.03:994][800]LogEditorActor: Deleted 1 Actors (0.032 secs)
[2017.10.14-23.41.05:423][965]Cmd: TRANSACTION UNDO
[2017.10.14-23.41.05:423][965]LogEditorTransaction: Undo Delete Actors
[2017.10.14-23.41.05:649][973]Cmd: TRANSACTION UNDO
[2017.10.14-23.41.05:649][973]LogEditorTransaction: Undo Clicking on Actors
[2017.10.14-23.41.05:859][979]Cmd: TRANSACTION UNDO
[2017.10.14-23.41.05:859][979]LogEditorTransaction: Undo Clicking on Actors
[2017.10.14-23.41.06:037][985]Cmd: TRANSACTION UNDO
[2017.10.14-23.41.06:037][985]LogEditorTransaction: Undo Clicking on Actors
[2017.10.14-23.41.06:205][995]Cmd: TRANSACTION UNDO
[2017.10.14-23.41.06:206][995]LogEditorTransaction: Undo Move Actors
[2017.10.14-23.41.06:368][  6]Cmd: TRANSACTION UNDO
[2017.10.14-23.41.06:368][  6]LogEditorTransaction: Undo Move Actors
[2017.10.14-23.41.06:542][ 19]Cmd: TRANSACTION UNDO
[2017.10.14-23.41.06:542][ 19]LogEditorTransaction: Undo Move Actors
[2017.10.14-23.41.06:705][ 32]Cmd: TRANSACTION UNDO
[2017.10.14-23.41.06:705][ 32]LogEditorTransaction: Undo Move Actors
[2017.10.14-23.41.06:871][ 45]Cmd: TRANSACTION UNDO
[2017.10.14-23.41.06:871][ 45]LogEditorTransaction: Undo Clicking on Actors
[2017.10.14-23.41.07:063][ 59]Cmd: TRANSACTION UNDO
[2017.10.14-23.41.07:063][ 59]LogEditorTransaction: Undo Rotate Actors
[2017.10.14-23.41.07:233][ 72]Cmd: TRANSACTION UNDO
[2017.10.14-23.41.07:233][ 72]LogEditorTransaction: Undo Clicking on Actors
[2017.10.14-23.41.07:435][ 83]Cmd: TRANSACTION UNDO
[2017.10.14-23.41.07:435][ 83]LogEditorTransaction: Undo Move Actors
[2017.10.14-23.41.07:637][ 99]Cmd: TRANSACTION UNDO
[2017.10.14-23.41.07:637][ 99]LogEditorTransaction: Undo Clicking on Actors
[2017.10.14-23.41.07:877][117]Cmd: TRANSACTION UNDO
[2017.10.14-23.41.07:877][117]LogEditorTransaction: Undo Clicking on Actors
[2017.10.14-23.41.08:243][146]Cmd: TRANSACTION UNDO
[2017.10.14-23.41.08:243][146]LogEditorTransaction: Undo Move Actors
[2017.10.14-23.41.08:531][171]Cmd: TRANSACTION UNDO
[2017.10.14-23.41.08:531][171]LogEditorTransaction: Undo Clicking on Actors
[2017.10.14-23.41.08:807][193]Cmd: TRANSACTION UNDO
[2017.10.14-23.41.08:807][193]LogEditorTransaction: Undo Move Actors
[2017.10.14-23.41.09:027][211]Cmd: TRANSACTION UNDO
[2017.10.14-23.41.09:027][211]LogEditorTransaction: Undo Move Actors
[2017.10.14-23.41.09:237][229]Cmd: TRANSACTION UNDO
[2017.10.14-23.41.09:237][229]LogEditorTransaction: Undo Move Actors
[2017.10.14-23.41.09:436][246]Cmd: TRANSACTION UNDO
[2017.10.14-23.41.09:437][246]LogEditorTransaction: Undo Move Actors
[2017.10.14-23.41.09:646][262]Cmd: TRANSACTION UNDO
[2017.10.14-23.41.09:646][262]LogEditorTransaction: Undo Move Actors
[2017.10.14-23.41.09:847][279]Cmd: TRANSACTION UNDO
[2017.10.14-23.41.09:847][279]LogEditorTransaction: Undo Clicking on Actors
[2017.10.14-23.41.10:037][292]Cmd: TRANSACTION UNDO
[2017.10.14-23.41.10:037][292]LogEditorTransaction: Undo Move Actors
[2017.10.14-23.41.10:238][308]Cmd: TRANSACTION UNDO
[2017.10.14-23.41.10:238][308]LogEditorTransaction: Undo Move Actors
[2017.10.14-23.41.13:247][581]Cmd: TRANSACTION UNDO
[2017.10.14-23.41.13:247][581]LogEditorTransaction: Undo Move Actors
[2017.10.14-23.41.30:009][139]LogEditorViewport: Clicking on Actor (LMB): BaseWall_C (BaseWall4)
[2017.10.14-23.43.01:021][145]LogEditorViewport: Clicking on Actor (LMB): StaticMeshActor (Half_wall10)
[2017.10.14-23.43.03:276][334]LogEditorViewport: Clicking on Actor (LMB): StaticMeshActor (Base_wall24)
[2017.10.14-23.43.05:536][560]Cmd: DELETE
[2017.10.14-23.43.05:536][560]Cmd: ACTOR DELETE
[2017.10.14-23.43.05:538][560]LogEditorActor: Deleted Actor: StaticMeshActor
[2017.10.14-23.43.05:563][560]LogEditorActor: Deleted 1 Actors (0.027 secs)
[2017.10.14-23.43.20:485][ 15]LogEditorViewport: Clicking on Actor (LMB): StaticMeshActor (Base_wall26)
[2017.10.14-23.43.21:242][ 86]LogEditorViewport: Clicking on Actor (LMB): BaseWall_C (BaseWall5)
[2017.10.14-23.43.24:309][369]LogEditorViewport: Clicking on Actor (LMB): StaticMeshActor (Base_wall26)
[2017.10.14-23.43.25:363][472]Cmd: DELETE
[2017.10.14-23.43.25:363][472]Cmd: ACTOR DELETE
[2017.10.14-23.43.25:365][472]LogEditorActor: Deleted Actor: StaticMeshActor
[2017.10.14-23.43.25:390][472]LogEditorActor: Deleted 1 Actors (0.027 secs)
[2017.10.14-23.43.26:202][568]LogEditorViewport: Clicking on Actor (LMB): BaseWall_C (BaseWall5)
[2017.10.14-23.43.26:508][594]Cmd: DUPLICATE
[2017.10.14-23.43.26:508][594]Cmd: ACTOR DUPLICATE
[2017.10.14-23.43.53:537][114]LogEditorViewport: Clicking on Actor (LMB): StaticMeshActor (Base_wall10)
[2017.10.14-23.43.55:863][338]Cmd: DELETE
[2017.10.14-23.43.55:863][338]Cmd: ACTOR DELETE
[2017.10.14-23.43.55:866][338]LogEditorActor: Deleted Actor: StaticMeshActor
[2017.10.14-23.43.55:891][338]LogEditorActor: Deleted 1 Actors (0.028 secs)
[2017.10.14-23.43.58:589][654]LogEditorViewport: Clicking on Actor (LMB): BaseWall_C (BaseWall5)
[2017.10.14-23.43.59:047][694]Cmd: DUPLICATE
[2017.10.14-23.43.59:047][694]Cmd: ACTOR DUPLICATE
[2017.10.14-23.44.02:617][ 23]Cmd: TRANSACTION UNDO
[2017.10.14-23.44.02:617][ 23]LogEditorTransaction: Undo Move Actors
[2017.10.14-23.44.19:270][477]LogEditorViewport: Clicking on Actor (LMB): StaticMeshActor (Half_wall8)
[2017.10.14-23.44.21:860][706]LogEditorViewport: Clicking on Actor (LMB): BaseWall_C (BaseWall7)
[2017.10.14-23.44.24:137][910]LogEditorViewport: Clicking on Actor (LMB): StaticMeshActor (Half_wall8)
[2017.10.14-23.44.25:129][  4]Cmd: DELETE
[2017.10.14-23.44.25:129][  4]Cmd: ACTOR DELETE
[2017.10.14-23.44.25:133][  4]LogEditorActor: Deleted Actor: StaticMeshActor
[2017.10.14-23.44.25:159][  4]LogEditorActor: Deleted 1 Actors (0.030 secs)
[2017.10.14-23.44.31:758][649]Cmd: OBJ SAVEPACKAGE PACKAGE="/Game/0Levels/VSpath" FILE="D:/Alex/Madhouse Alex/GithubMadhouse/GGS_VerticalSlice/sep6/Content/0Levels/VSpath.umap" SILENT=true AUTOSAVING=false KEEPDIRTY=false
[2017.10.14-23.44.34:535][649]LogSavePackage: Save=2705.81ms
[2017.10.14-23.44.34:535][649]LogSavePackage: Moving 'D:/Alex/Madhouse Alex/GithubMadhouse/GGS_VerticalSlice/sep6/Saved/VSpathA90673CD4434312C2CB240A1F7A25682.tmp' to 'D:/Alex/Madhouse Alex/GithubMadhouse/GGS_VerticalSlice/sep6/Content/0Levels/VSpath.umap'
[2017.10.14-23.44.34:545][649]LogSavePackage:Display: Finished SavePackage D:/Alex/Madhouse Alex/GithubMadhouse/GGS_VerticalSlice/sep6/Content/0Levels/VSpath.umap
[2017.10.14-23.44.38:239][941]LogEditorViewport: Clicking on Actor (LMB): StaticMeshActor (Half_wall9)
[2017.10.14-23.44.39:105][  9]Cmd: DELETE
[2017.10.14-23.44.39:105][  9]Cmd: ACTOR DELETE
[2017.10.14-23.44.39:108][  9]LogEditorActor: Deleted Actor: StaticMeshActor
[2017.10.14-23.44.39:136][  9]LogEditorActor: Deleted 1 Actors (0.031 secs)
[2017.10.14-23.44.48:135][791]Cmd: TRANSACTION UNDO
[2017.10.14-23.44.48:135][791]LogEditorTransaction: Undo Create Actors
[2017.10.14-23.44.48:545][824]Cmd: TRANSACTION UNDO
[2017.10.14-23.44.48:545][824]LogEditorTransaction: Undo Delete Actors
[2017.10.14-23.44.48:866][846]Cmd: TRANSACTION UNDO
[2017.10.14-23.44.48:866][846]LogEditorTransaction: Undo Clicking on Actors
[2017.10.14-23.44.52:462][164]LogEditorViewport: Clicking on Actor (LMB): StaticMeshActor (Half_wall9)
[2017.10.14-23.44.55:808][471]LogEditorViewport: Clicking on Actor (LMB): StaticMeshActor (Half_wall9)
[2017.10.14-23.44.56:587][546]Cmd: DELETE
[2017.10.14-23.44.56:587][546]Cmd: ACTOR DELETE
[2017.10.14-23.44.56:590][546]LogEditorActor: Deleted Actor: StaticMeshActor
[2017.10.14-23.44.56:614][546]LogEditorActor: Deleted 1 Actors (0.027 secs)
[2017.10.14-23.45.11:465][952]LogEditorViewport: Clicking on Actor (LMB): HalfWall_C (HalfWall3)
[2017.10.14-23.45.19:119][629]LogEditorViewport: Clicking on Actor (LMB): ArchWithExtraStuff_C (ArchWithExtraStuff2)
[2017.10.14-23.45.24:534][118]LogEditorViewport: Clicking on Actor (LMB): HalfWall_C (HalfWall3)
[2017.10.14-23.45.55:052][771]LogEditorViewport: Clicking on Actor (LMB): StaticMeshActor (Plane2)
[2017.10.14-23.45.57:847][  6]LogEditorViewport: Clicking on Actor (LMB): HalfWall_C (HalfWall3)
[2017.10.14-23.46.12:790][341]Cmd: OBJ SAVEPACKAGE PACKAGE="/Game/0Levels/VSpath" FILE="D:/Alex/Madhouse Alex/GithubMadhouse/GGS_VerticalSlice/sep6/Content/0Levels/VSpath.umap" SILENT=true AUTOSAVING=false KEEPDIRTY=false
[2017.10.14-23.46.15:612][341]LogSavePackage: Save=2790.42ms
[2017.10.14-23.46.15:612][341]LogSavePackage: Moving 'D:/Alex/Madhouse Alex/GithubMadhouse/GGS_VerticalSlice/sep6/Saved/VSpathCD70DC1B4157D0F785B79796A10CB798.tmp' to 'D:/Alex/Madhouse Alex/GithubMadhouse/GGS_VerticalSlice/sep6/Content/0Levels/VSpath.umap'
[2017.10.14-23.46.15:621][341]LogSavePackage:Display: Finished SavePackage D:/Alex/Madhouse Alex/GithubMadhouse/GGS_VerticalSlice/sep6/Content/0Levels/VSpath.umap
[2017.10.14-23.47.29:079][140]LogEditorTransaction: Undo Paste Location
[2017.10.14-23.48.58:548][219]BlueprintLog: New page: Compile HalfWall
[2017.10.14-23.48.59:684][265]Cmd: OBJ SAVEPACKAGE PACKAGE="/Game/Blueprints/Walls/HalfWall" FILE="D:/Alex/Madhouse Alex/GithubMadhouse/GGS_VerticalSlice/sep6/Content/Blueprints/Walls/HalfWall.uasset" SILENT=true
[2017.10.14-23.48.59:725][265]LogSavePackage: Save=28.77ms
[2017.10.14-23.48.59:725][265]LogSavePackage: Moving 'D:/Alex/Madhouse Alex/GithubMadhouse/GGS_VerticalSlice/sep6/Saved/HalfWallA4DA549D45EB9B33A54AD88AB7BB7A9F.tmp' to 'D:/Alex/Madhouse Alex/GithubMadhouse/GGS_VerticalSlice/sep6/Content/Blueprints/Walls/HalfWall.uasset'
[2017.10.14-23.48.59:728][265]LogSavePackage:Display: Finished SavePackage D:/Alex/Madhouse Alex/GithubMadhouse/GGS_VerticalSlice/sep6/Content/Blueprints/Walls/HalfWall.uasset
[2017.10.14-23.49.34:003][264]BlueprintLog: New page: Compile BaseWall
[2017.10.14-23.50.20:732][802]LogEditorViewport: Clicking on Actor (LMB): BaseWall_C (BaseWall8)
[2017.10.14-23.51.16:130][796]Cmd: OBJ SAVEPACKAGE PACKAGE="/Game/0Levels/VSpath" FILE="D:/Alex/Madhouse Alex/GithubMadhouse/GGS_VerticalSlice/sep6/Content/0Levels/VSpath.umap" SILENT=true AUTOSAVING=false KEEPDIRTY=false
[2017.10.14-23.51.18:965][796]LogSavePackage: Save=2753.10ms
[2017.10.14-23.51.18:965][796]LogSavePackage: Moving 'D:/Alex/Madhouse Alex/GithubMadhouse/GGS_VerticalSlice/sep6/Saved/VSpathCE9284B6489BD6771BE22289C2191325.tmp' to 'D:/Alex/Madhouse Alex/GithubMadhouse/GGS_VerticalSlice/sep6/Content/0Levels/VSpath.umap'
[2017.10.14-23.51.18:974][796]LogSavePackage:Display: Finished SavePackage D:/Alex/Madhouse Alex/GithubMadhouse/GGS_VerticalSlice/sep6/Content/0Levels/VSpath.umap
[2017.10.14-23.51.22:760][131]LogEditorViewport: Clicking on Actor (LMB): HalfWall_C (HalfWall4)
[2017.10.14-23.51.23:044][156]Cmd: DELETE
[2017.10.14-23.51.23:044][156]Cmd: ACTOR DELETE
[2017.10.14-23.51.23:047][156]LogEditorActor: Deleted Actor: HalfWall_C
[2017.10.14-23.51.23:073][156]LogEditorActor: Deleted 1 Actors (0.029 secs)
[2017.10.14-23.51.23:425][196]LogEditorViewport: Clicking on Actor (LMB): BaseWall_C (BaseWall8)
[2017.10.14-23.51.23:536][202]Cmd: DELETE
[2017.10.14-23.51.23:536][202]Cmd: ACTOR DELETE
[2017.10.14-23.51.23:539][202]LogEditorActor: Deleted Actor: BaseWall_C
[2017.10.14-23.51.23:562][202]LogEditorActor: Deleted 1 Actors (0.025 secs)
[2017.10.14-23.51.23:871][237]LogEditorViewport: Clicking on Actor (LMB): BaseArch_C (BaseArch2)
[2017.10.14-23.51.23:938][239]Cmd: DELETE
[2017.10.14-23.51.23:938][239]Cmd: ACTOR DELETE
[2017.10.14-23.51.23:941][239]LogEditorActor: Deleted Actor: BaseArch_C
[2017.10.14-23.51.23:965][239]LogEditorActor: Deleted 1 Actors (0.027 secs)
[2017.10.14-23.51.28:599][769]LogEditorViewport: Clicking on Actor (LMB): BaseWall_C (BaseWall4)
[2017.10.14-23.51.36:339][486]LogEditorViewport: Clicking on Actor (LMB): ArchWithExtraStuff_C (ArchWithExtraStuff2)
[2017.10.14-23.51.47:450][506]LogEditorViewport: Clicking on Actor (LMB): HalfWall_C (HalfWall3)
[2017.10.14-23.51.55:561][246]LogEditorViewport: Clicking on Actor (LMB): BaseWall_C (BaseWall5)
[2017.10.14-23.51.57:866][448]LogEditorViewport: Clicking on Actor (LMB): HalfWall_C (HalfWall3)
[2017.10.14-23.52.05:683][116]LogEditorViewport: Clicking on Actor (LMB): BaseWall_C (BaseWall5)
[2017.10.14-23.52.20:819][436]LogEditorViewport: Clicking on Actor (LMB): BP_Sky_Sphere_C (Sky Sphere)
[2017.10.14-23.52.26:170][929]LogEditorViewport: Clicking on Actor (LMB): BP_Sky_Sphere_C (Sky Sphere)
[2017.10.14-23.52.26:884][996]LogEditorViewport: Clicking on Actor (LMB): HalfWall_C (HalfWall3)
[2017.10.14-23.52.32:401][517]LogEditorViewport: Clicking on Actor (LMB): BaseWall_C (BaseWall6)
[2017.10.14-23.52.35:590][802]LogEditorViewport: Clicking on Actor (LMB): HalfWall_C (HalfWall2)
[2017.10.14-23.52.43:484][565]LogEditorViewport: Clicking on Actor (LMB): BaseWall_C (BaseWall7)
[2017.10.14-23.52.45:405][746]LogEditorViewport: Clicking on Actor (LMB): HalfWall_C (HalfWall2)
[2017.10.14-23.52.50:599][234]LogEditorViewport: Clicking on Actor (LMB): BaseWall_C (BaseWall7)
[2017.10.14-23.53.04:784][539]LogEditorViewport: Clicking on Actor (LMB): StaticMeshActor (Side_pillar6)
[2017.10.14-23.53.30:210][990]Cmd: OBJ SAVEPACKAGE PACKAGE="/Game/0Levels/VSpath" FILE="D:/Alex/Madhouse Alex/GithubMadhouse/GGS_VerticalSlice/sep6/Content/0Levels/VSpath.umap" SILENT=true AUTOSAVING=false KEEPDIRTY=false
[2017.10.14-23.53.33:171][990]LogSavePackage: Save=2926.12ms
[2017.10.14-23.53.33:171][990]LogSavePackage: Moving 'D:/Alex/Madhouse Alex/GithubMadhouse/GGS_VerticalSlice/sep6/Saved/VSpathA9E34DCD48982A9386CD66978F27F8EC.tmp' to 'D:/Alex/Madhouse Alex/GithubMadhouse/GGS_VerticalSlice/sep6/Content/0Levels/VSpath.umap'
[2017.10.14-23.53.33:180][990]LogSavePackage:Display: Finished SavePackage D:/Alex/Madhouse Alex/GithubMadhouse/GGS_VerticalSlice/sep6/Content/0Levels/VSpath.umap
[2017.10.14-23.54.22:049][597]Cmd: OBJ SAVEPACKAGE PACKAGE="/Game/0Levels/VSpath" FILE="D:/Alex/Madhouse Alex/GithubMadhouse/GGS_VerticalSlice/sep6/Content/0Levels/VSpath.umap" SILENT=true AUTOSAVING=false KEEPDIRTY=false
[2017.10.14-23.54.24:482][597]LogSavePackage: Save=2405.38ms
[2017.10.14-23.54.24:482][597]LogSavePackage: Moving 'D:/Alex/Madhouse Alex/GithubMadhouse/GGS_VerticalSlice/sep6/Saved/VSpathBE9D05AF49A9300BA594F0A935E94E47.tmp' to 'D:/Alex/Madhouse Alex/GithubMadhouse/GGS_VerticalSlice/sep6/Content/0Levels/VSpath.umap'
[2017.10.14-23.54.24:488][597]LogSavePackage:Display: Finished SavePackage D:/Alex/Madhouse Alex/GithubMadhouse/GGS_VerticalSlice/sep6/Content/0Levels/VSpath.umap
[2017.10.14-23.56.03:486][172]Cmd: OBJ SAVEPACKAGE PACKAGE="/Game/0Levels/VSpath" FILE="D:/Alex/Madhouse Alex/GithubMadhouse/GGS_VerticalSlice/sep6/Content/0Levels/VSpath.umap" SILENT=true AUTOSAVING=false KEEPDIRTY=false
[2017.10.14-23.56.05:973][172]LogSavePackage: Save=2453.01ms
[2017.10.14-23.56.05:973][172]LogSavePackage: Moving 'D:/Alex/Madhouse Alex/GithubMadhouse/GGS_VerticalSlice/sep6/Saved/VSpath1265AE5345A992C2E7821090A8100E1E.tmp' to 'D:/Alex/Madhouse Alex/GithubMadhouse/GGS_VerticalSlice/sep6/Content/0Levels/VSpath.umap'
[2017.10.14-23.56.05:979][172]LogSavePackage:Display: Finished SavePackage D:/Alex/Madhouse Alex/GithubMadhouse/GGS_VerticalSlice/sep6/Content/0Levels/VSpath.umap
[2017.10.14-23.56.11:763][474]Cmd: OBJ SAVEPACKAGE PACKAGE="/Game/Blueprints/Walls/ShortDoorWithWall" FILE="D:/Alex/Madhouse Alex/GithubMadhouse/GGS_VerticalSlice/sep6/Content/Blueprints/Walls/ShortDoorWithWall.uasset" SILENT=true
[2017.10.14-23.56.11:790][474]LogSavePackage: Save=18.76ms
[2017.10.14-23.56.11:790][474]LogSavePackage: Moving 'D:/Alex/Madhouse Alex/GithubMadhouse/GGS_VerticalSlice/sep6/Saved/ShortDoorWithWall66E6F23844AA2E0D81D44C8E5BC427BF.tmp' to 'D:/Alex/Madhouse Alex/GithubMadhouse/GGS_VerticalSlice/sep6/Content/Blueprints/Walls/ShortDoorWithWall.uasset'
[2017.10.14-23.56.11:793][474]LogSavePackage:Display: Finished SavePackage D:/Alex/Madhouse Alex/GithubMadhouse/GGS_VerticalSlice/sep6/Content/Blueprints/Walls/ShortDoorWithWall.uasset
[2017.10.14-23.56.11:797][474]Cmd: OBJ SAVEPACKAGE PACKAGE="/Game/Blueprints/Walls/TallWindowWall" FILE="D:/Alex/Madhouse Alex/GithubMadhouse/GGS_VerticalSlice/sep6/Content/Blueprints/Walls/TallWindowWall.uasset" SILENT=true
[2017.10.14-23.56.11:824][474]LogSavePackage: Save=18.92ms
[2017.10.14-23.56.11:824][474]LogSavePackage: Moving 'D:/Alex/Madhouse Alex/GithubMadhouse/GGS_VerticalSlice/sep6/Saved/TallWindowWall9835E207477ABF3CFE3F019A781F4084.tmp' to 'D:/Alex/Madhouse Alex/GithubMadhouse/GGS_VerticalSlice/sep6/Content/Blueprints/Walls/TallWindowWall.uasset'
[2017.10.14-23.56.11:828][474]LogSavePackage:Display: Finished SavePackage D:/Alex/Madhouse Alex/GithubMadhouse/GGS_VerticalSlice/sep6/Content/Blueprints/Walls/TallWindowWall.uasset
[2017.10.14-23.56.12:028][474]LogActorComponent: UnregisterComponent: (/Engine/Transient.EditorFloorComp) Not registered. Aborting.
[2017.10.14-23.56.12:086][474]LogActorComponent: UnregisterComponent: (/Engine/Transient.EditorFloorComp) Not registered. Aborting.
[2017.10.14-23.56.12:144][474]LogActorComponent: UnregisterComponent: (/Engine/Transient.EditorFloorComp) Not registered. Aborting.
[2017.10.14-23.56.12:202][474]LogActorComponent: UnregisterComponent: (/Engine/Transient.EditorFloorComp) Not registered. Aborting.
[2017.10.14-23.56.12:259][474]LogActorComponent: UnregisterComponent: (/Engine/Transient.EditorFloorComp) Not registered. Aborting.
[2017.10.14-23.56.12:317][474]LogActorComponent: UnregisterComponent: (/Engine/Transient.EditorFloorComp) Not registered. Aborting.
[2017.10.14-23.56.12:377][474]LogActorComponent: UnregisterComponent: (/Engine/Transient.EditorFloorComp) Not registered. Aborting.
[2017.10.14-23.56.12:669][475]Cmd: QUIT_EDITOR
[2017.10.14-23.56.12:686][475]LogWindowsTextInputMethodSystem:Display: IME system now deactivated.
[2017.10.14-23.56.12:699][475]LogExit: Preparing to exit.
[2017.10.14-23.56.13:793][475]LogExit: Editor shut down
[2017.10.14-23.56.13:799][475]LogExit: Transaction tracking system shut down
[2017.10.14-23.56.13:917][475]LogObj: Freed 0b from 0 cluster array pools.
[2017.10.14-23.56.13:917][475]LogExit: Object subsystem successfully closed.
[2017.10.14-23.56.13:934][475]LogD3D11RHI: Shutdown
[2017.10.14-23.56.13:934][475]LogD3D11RHI: CleanupD3DDevice
[2017.10.14-23.56.14:049][475]LogD3D11RHI: ~FD3D11DynamicRHI
[2017.10.14-23.56.14:067][475]LogModuleManager: Shutting down and abandoning module BlueprintGraph (528)
[2017.10.14-23.56.14:067][475]LogModuleManager: Shutting down and abandoning module BlueprintProfiler (526)
[2017.10.14-23.56.14:067][475]LogModuleManager: Shutting down and abandoning module StatsViewer (524)
[2017.10.14-23.56.14:067][475]LogModuleManager: Shutting down and abandoning module HierarchicalLODOutliner (522)
[2017.10.14-23.56.14:067][475]LogModuleManager: Shutting down and abandoning module CrashTracker (520)
[2017.10.14-23.56.14:067][475]LogModuleManager: Shutting down and abandoning module SceneOutliner (518)
[2017.10.14-23.56.14:067][475]LogModuleManager: Shutting down and abandoning module AddContentDialog (516)
[2017.10.14-23.56.14:067][475]LogDirectoryWatcher: A directory notification for 'C:/Program Files/Epic Games/UE_4.16/FeaturePacks/' was aborted.
[2017.10.14-23.56.14:071][475]LogModuleManager: Shutting down and abandoning module WidgetCarousel (515)
[2017.10.14-23.56.14:071][475]LogModuleManager: Shutting down and abandoning module EditorWidgets (512)
[2017.10.14-23.56.14:071][475]LogModuleManager: Shutting down and abandoning module CollectionManager (510)
[2017.10.14-23.56.14:071][475]LogDirectoryWatcher: A directory notification for 'D:/Alex/Madhouse Alex/GithubMadhouse/GGS_VerticalSlice/sep6/Content/Collections/' was aborted.
[2017.10.14-23.56.14:071][475]LogDirectoryWatcher: A directory notification for 'D:/Alex/Madhouse Alex/GithubMadhouse/GGS_VerticalSlice/sep6/Content/Developers/AlexDesktop/Collections/' was aborted.
[2017.10.14-23.56.14:071][475]LogDirectoryWatcher: A directory notification for 'D:/Alex/Madhouse Alex/GithubMadhouse/GGS_VerticalSlice/sep6/Saved/Collections/' was aborted.
[2017.10.14-23.56.14:071][475]LogModuleManager: Shutting down and abandoning module FoliageEdit (508)
[2017.10.14-23.56.14:071][475]LogModuleManager: Shutting down and abandoning module LandscapeEditor (506)
[2017.10.14-23.56.14:071][475]LogModuleManager: Shutting down and abandoning module MeshPaintMode (504)
[2017.10.14-23.56.14:071][475]LogModuleManager: Shutting down and abandoning module SceneDepthPickerMode (502)
[2017.10.14-23.56.14:071][475]LogModuleManager: Shutting down and abandoning module ActorPickerMode (500)
[2017.10.14-23.56.14:071][475]LogModuleManager: Shutting down and abandoning module GeometryMode (498)
[2017.10.14-23.56.14:071][475]LogModuleManager: Shutting down and abandoning module TextureAlignMode (496)
[2017.10.14-23.56.14:071][475]LogModuleManager: Shutting down and abandoning module BspMode (494)
[2017.10.14-23.56.14:071][475]LogModuleManager: Shutting down and abandoning module HardwareSurvey (492)
[2017.10.14-23.56.14:071][475]LogModuleManager: Shutting down and abandoning module SequenceRecorderSections (490)
[2017.10.14-23.56.14:071][475]LogModuleManager: Shutting down and abandoning module AutomationWorker (488)
[2017.10.14-23.56.14:071][475]LogModuleManager: Shutting down and abandoning module MatineeToLevelSequence (486)
[2017.10.14-23.56.14:071][475]LogModuleManager: Shutting down and abandoning module LevelSequenceEditor (484)
[2017.10.14-23.56.14:071][475]LogModuleManager: Shutting down and abandoning module PlacementMode (483)
[2017.10.14-23.56.14:071][475]LogModuleManager: Shutting down and abandoning module WmfMediaFactory (480)
[2017.10.14-23.56.14:071][475]LogModuleManager: Shutting down and abandoning module WmfMediaEditor (478)
[2017.10.14-23.56.14:071][475]LogModuleManager: Shutting down and abandoning module AvfMediaFactory (476)
[2017.10.14-23.56.14:071][475]LogModuleManager: Shutting down and abandoning module AvfMediaEditor (474)
[2017.10.14-23.56.14:071][475]LogModuleManager: Shutting down and abandoning module AndroidMediaFactory (472)
[2017.10.14-23.56.14:071][475]LogModuleManager: Shutting down and abandoning module Media (471)
[2017.10.14-23.56.14:071][475]LogModuleManager: Shutting down and abandoning module AndroidMediaEditor (468)
[2017.10.14-23.56.14:071][475]LogModuleManager: Shutting down and abandoning module CharacterAI (466)
[2017.10.14-23.56.14:071][475]LogModuleManager: Shutting down and abandoning module AudioCapture (464)
[2017.10.14-23.56.14:071][475]LogModuleManager: Shutting down and abandoning module SequenceRecorder (463)
[2017.10.14-23.56.14:071][475]LogModuleManager: Shutting down and abandoning module SmartSnapping (460)
[2017.10.14-23.56.14:071][475]LogModuleManager: Shutting down and abandoning module SessionServices (458)
[2017.10.14-23.56.14:071][475]LogModuleManager: Shutting down and abandoning module ViewportSnapping (456)
[2017.10.14-23.56.14:071][475]LogModuleManager: Shutting down and abandoning module ViewportInteraction (454)
[2017.10.14-23.56.14:071][475]LogModuleManager: Shutting down and abandoning module ClothPainter (452)
[2017.10.14-23.56.14:071][475]LogModuleManager: Shutting down and abandoning module LogVisualizer (450)
[2017.10.14-23.56.14:072][475]LogModuleManager: Shutting down and abandoning module IntroTutorials (448)
[2017.10.14-23.56.14:072][475]LogModuleManager: Shutting down and abandoning module GameProjectGeneration (447)
[2017.10.14-23.56.14:072][475]LogModuleManager: Shutting down and abandoning module EditorLiveStreaming (444)
[2017.10.14-23.56.14:072][475]LogModuleManager: Shutting down and abandoning module IOSPlatformEditor (442)
[2017.10.14-23.56.14:072][475]LogModuleManager: Shutting down and abandoning module HTML5PlatformEditor (440)
[2017.10.14-23.56.14:072][475]LogModuleManager: Shutting down and abandoning module AndroidPlatformEditor (438)
[2017.10.14-23.56.14:072][475]LogModuleManager: Shutting down and abandoning module AndroidDeviceDetection (437)
[2017.10.14-23.56.15:027][475]LogModuleManager: Shutting down and abandoning module IOSRuntimeSettings (434)
[2017.10.14-23.56.15:027][475]LogModuleManager: Shutting down and abandoning module AndroidRuntimeSettings (432)
[2017.10.14-23.56.15:027][475]LogModuleManager: Shutting down and abandoning module InputBindingEditor (430)
[2017.10.14-23.56.15:027][475]LogModuleManager: Shutting down and abandoning module MergeActors (428)
[2017.10.14-23.56.15:027][475]LogModuleManager: Shutting down and abandoning module SizeMap (426)
[2017.10.14-23.56.15:027][475]LogModuleManager: Shutting down and abandoning module TreeMap (424)
[2017.10.14-23.56.15:027][475]LogModuleManager: Shutting down and abandoning module ReferenceViewer (422)
[2017.10.14-23.56.15:027][475]LogModuleManager: Shutting down and abandoning module LocalizationDashboard (420)
[2017.10.14-23.56.15:027][475]LogModuleManager: Shutting down and abandoning module LocalizationService (419)
[2017.10.14-23.56.15:027][475]LogModuleManager: Shutting down and abandoning module HardwareTargeting (416)
[2017.10.14-23.56.15:027][475]LogModuleManager: Shutting down and abandoning module DeviceProfileEditor (414)
[2017.10.14-23.56.15:027][475]LogModuleManager: Shutting down and abandoning module UndoHistory (412)
[2017.10.14-23.56.15:027][475]LogModuleManager: Shutting down and abandoning module UserFeedback (410)
[2017.10.14-23.56.15:027][475]LogModuleManager: Shutting down and abandoning module XmlParser (408)
[2017.10.14-23.56.15:027][475]LogModuleManager: Shutting down and abandoning module Blutility (406)
[2017.10.14-23.56.15:027][475]LogModuleManager: Shutting down and abandoning module ProjectSettingsViewer (404)
[2017.10.14-23.56.15:027][475]LogModuleManager: Shutting down and abandoning module ProjectTargetPlatformEditor (403)
[2017.10.14-23.56.15:028][475]LogModuleManager: Shutting down and abandoning module EditorSettingsViewer (400)
[2017.10.14-23.56.15:028][475]LogModuleManager: Shutting down and abandoning module SettingsEditor (398)
[2017.10.14-23.56.15:028][475]LogModuleManager: Shutting down and abandoning module ProjectLauncher (396)
[2017.10.14-23.56.15:028][475]LogModuleManager: Shutting down and abandoning module SessionFrontend (394)
[2017.10.14-23.56.15:028][475]LogModuleManager: Shutting down and abandoning module ProfilerClient (392)
[2017.10.14-23.56.15:028][475]LogModuleManager: Shutting down and abandoning module DeviceManager (390)
[2017.10.14-23.56.15:028][475]LogModuleManager: Shutting down and abandoning module TargetDeviceServices (389)
[2017.10.14-23.56.15:093][475]LogModuleManager: Shutting down and abandoning module AutomationController (386)
[2017.10.14-23.56.15:093][475]LogModuleManager: Shutting down and abandoning module AutomationWindow (384)
[2017.10.14-23.56.15:093][475]LogModuleManager: Shutting down and abandoning module Layers (382)
[2017.10.14-23.56.15:093][475]LogModuleManager: Shutting down and abandoning module ComponentVisualizers (380)
[2017.10.14-23.56.15:093][475]LogModuleManager: Shutting down and abandoning module DetailCustomizations (378)
[2017.10.14-23.56.15:093][475]LogModuleManager: Shutting down and abandoning module PackagesDialog (376)
[2017.10.14-23.56.15:093][475]LogModuleManager: Shutting down and abandoning module Persona (374)
[2017.10.14-23.56.15:093][475]LogModuleManager: Shutting down and abandoning module AdvancedPreviewScene (373)
[2017.10.14-23.56.15:093][475]LogModuleManager: Shutting down and abandoning module AnimGraph (371)
[2017.10.14-23.56.15:093][475]LogModuleManager: Shutting down and abandoning module Kismet (368)
[2017.10.14-23.56.15:099][475]LogModuleManager: Shutting down and abandoning module ClassViewer (366)
[2017.10.14-23.56.15:099][475]LogModuleManager: Shutting down and abandoning module Toolbox (364)
[2017.10.14-23.56.15:099][475]LogModuleManager: Shutting down and abandoning module ModuleUI (362)
[2017.10.14-23.56.15:099][475]LogModuleManager: Shutting down and abandoning module MovieSceneTools (360)
[2017.10.14-23.56.15:099][475]LogModuleManager: Shutting down and abandoning module OutputLog (358)
[2017.10.14-23.56.15:099][475]LogModuleManager: Shutting down and abandoning module GammaUI (356)
[2017.10.14-23.56.15:099][475]LogModuleManager: Shutting down and abandoning module Documentation (354)
[2017.10.14-23.56.15:099][475]LogModuleManager: Shutting down and abandoning module MovieSceneTracks (352)
[2017.10.14-23.56.15:099][475]LogModuleManager: Shutting down and abandoning module MovieScene (350)
[2017.10.14-23.56.15:099][475]LogModuleManager: Shutting down and abandoning module Niagara (348)
[2017.10.14-23.56.15:099][475]LogModuleManager: Shutting down and abandoning module NiagaraEditor (347)
[2017.10.14-23.56.15:099][475]LogModuleManager: Shutting down and abandoning module StreamingPauseRendering (344)
[2017.10.14-23.56.15:099][475]LogModuleManager: Shutting down and abandoning module AnalyticsET (342)
[2017.10.14-23.56.15:099][475]LogModuleManager: Shutting down and abandoning module PortalServices (340)
[2017.10.14-23.56.15:099][475]LogModuleManager: Shutting down and abandoning module PortalRpc (338)
[2017.10.14-23.56.15:099][475]LogModuleManager: Shutting down and abandoning module MessagingRpc (336)
[2017.10.14-23.56.15:099][475]LogModuleManager: Shutting down and abandoning module AIModule (334)
[2017.10.14-23.56.15:099][475]LogModuleManager: Shutting down and abandoning module GameplayDebugger (333)
[2017.10.14-23.56.15:099][475]LogModuleManager: Shutting down and abandoning module AITestSuite (331)
[2017.10.14-23.56.15:099][475]LogModuleManager: Shutting down and abandoning module ProfilerService (328)
[2017.10.14-23.56.15:261][475]LogModuleManager: Shutting down and abandoning module TaskGraph (326)
[2017.10.14-23.56.15:261][475]LogModuleManager: Shutting down and abandoning module SteamVRController (324)
[2017.10.14-23.56.15:261][475]LogModuleManager: Shutting down and abandoning module SteamVR (322)
[2017.10.14-23.56.15:261][475]LogModuleManager: Shutting down and abandoning module ProceduralMeshComponentEditor (320)
[2017.10.14-23.56.15:261][475]LogModuleManager: Shutting down and abandoning module ProceduralMeshComponent (318)
[2017.10.14-23.56.15:261][475]LogModuleManager: Shutting down and abandoning module OculusLibrary (316)
[2017.10.14-23.56.15:261][475]LogModuleManager: Shutting down and abandoning module OculusInput (314)
[2017.10.14-23.56.15:261][475]LogModuleManager: Shutting down and abandoning module MobilePatchingUtils (312)
[2017.10.14-23.56.15:261][475]LogModuleManager: Shutting down and abandoning module CustomMeshComponent (310)
[2017.10.14-23.56.15:261][475]LogModuleManager: Shutting down and abandoning module CableComponent (308)
[2017.10.14-23.56.15:261][475]LogModuleManager: Shutting down and abandoning module ArchVisCharacter (306)
[2017.10.14-23.56.15:261][475]LogModuleManager: Shutting down and abandoning module AndroidPermission (304)
[2017.10.14-23.56.15:261][475]LogModuleManager: Shutting down and abandoning module MediaPlayerEditor (300)
[2017.10.14-23.56.15:261][475]LogModuleManager: Shutting down and abandoning module HTML5Networking (298)
[2017.10.14-23.56.15:261][475]LogModuleManager: Shutting down and abandoning module AlembicImporter (296)
[2017.10.14-23.56.15:261][475]LogModuleManager: Shutting down and abandoning module AlembicLibrary (295)
[2017.10.14-23.56.15:261][475]LogModuleManager: Shutting down and abandoning module GeometryCache (294)
[2017.10.14-23.56.15:261][475]LogModuleManager: Shutting down and abandoning module GeometryCacheEd (293)
[2017.10.14-23.56.15:261][475]LogModuleManager: Shutting down and abandoning module SuperSearchEditor (288)
[2017.10.14-23.56.15:261][475]LogModuleManager: Shutting down and abandoning module SuperSearch (287)
[2017.10.14-23.56.15:261][475]LogModuleManager: Shutting down and abandoning module SpeedTreeImporter (284)
[2017.10.14-23.56.15:261][475]LogModuleManager: Shutting down and abandoning module PluginBrowser (282)
[2017.10.14-23.56.15:261][475]LogModuleManager: Shutting down and abandoning module MobileLauncherProfileWizard (280)
[2017.10.14-23.56.15:261][475]LogModuleManager: Shutting down and abandoning module VisualStudioSourceCodeAccess (278)
[2017.10.14-23.56.15:261][475]LogModuleManager: Shutting down and abandoning module DesktopPlatform (277)
[2017.10.14-23.56.15:261][475]LogModuleManager: Shutting down and abandoning module UObjectPlugin (274)
[2017.10.14-23.56.15:261][475]LogModuleManager: Shutting down and abandoning module SubversionSourceControl (272)
[2017.10.14-23.56.15:261][475]LogModuleManager: Shutting down and abandoning module PerforceSourceControl (270)
[2017.10.14-23.56.15:261][475]LogModuleManager: Shutting down and abandoning module GitSourceControl (268)
[2017.10.14-23.56.15:261][475]LogModuleManager: Shutting down and abandoning module SourceControl (267)
[2017.10.14-23.56.15:261][475]LogModuleManager: Shutting down and abandoning module LightPropagationVolumeEditor (264)
[2017.10.14-23.56.15:261][475]LogModuleManager: Shutting down and abandoning module PaperTiledImporter (262)
[2017.10.14-23.56.15:261][475]LogModuleManager: Shutting down and abandoning module PaperSpriteSheetImporter (260)
[2017.10.14-23.56.15:261][475]LogModuleManager: Shutting down and abandoning module Paper2DEditor (258)
[2017.10.14-23.56.15:262][475]LogModuleManager: Shutting down and abandoning module MeshPaint (257)
[2017.10.14-23.56.15:262][475]LogModuleManager: Shutting down and abandoning module LevelEditor (255)
[2017.10.14-23.56.15:263][475]LogModuleManager: Shutting down and abandoning module PixelInspectorModule (254)
[2017.10.14-23.56.15:263][475]LogModuleManager: Shutting down and abandoning module MainFrame (252)
[2017.10.14-23.56.15:263][475]LogModuleManager: Shutting down and abandoning module HotReload (251)
[2017.10.14-23.56.15:263][475]LogModuleManager: Shutting down and abandoning module PhysXVehiclesEditor (246)
[2017.10.14-23.56.15:263][475]LogModuleManager: Shutting down and abandoning module PhysXVehicles (244)
[2017.10.14-23.56.15:263][475]LogModuleManager: Shutting down and abandoning module LocationServicesBPLibrary (242)
[2017.10.14-23.56.15:263][475]LogModuleManager: Shutting down and abandoning module ImmediatePhysicsEditor (240)
[2017.10.14-23.56.15:263][475]LogModuleManager: Shutting down and abandoning module ImmediatePhysics (238)
[2017.10.14-23.56.15:264][475]LogModuleManager: Shutting down and abandoning module UdpMessaging (236)
[2017.10.14-23.56.15:364][475]LogModuleManager: Shutting down and abandoning module TcpMessaging (234)
[2017.10.14-23.56.15:465][475]LogModuleManager: Shutting down and abandoning module GameplayTagsEditor (232)
[2017.10.14-23.56.15:465][475]LogModuleManager: Shutting down and abandoning module FacialAnimationEditor (230)
[2017.10.14-23.56.15:465][475]LogModuleManager: Shutting down and abandoning module FacialAnimation (228)
[2017.10.14-23.56.15:465][475]LogModuleManager: Shutting down and abandoning module AssetManagerEditor (226)
[2017.10.14-23.56.15:465][475]LogModuleManager: Shutting down and abandoning module GraphEditor (225)
[2017.10.14-23.56.15:465][475]LogModuleManager: Shutting down and abandoning module ContentBrowser (223)
[2017.10.14-23.56.15:466][475]LogModuleManager: Shutting down and abandoning module LightPropagationVolumeRuntime (220)
[2017.10.14-23.56.15:466][475]LogModuleManager: Shutting down and abandoning module Paper2D (218)
[2017.10.14-23.56.15:466][475]LogModuleManager: Shutting down and abandoning module WindowsMoviePlayer (216)
[2017.10.14-23.56.15:466][475]LogModuleManager: Shutting down and abandoning module WmfMedia (214)
[2017.10.14-23.56.15:466][475]LogModuleManager: Shutting down and abandoning module ClothingSystemEditor (212)
[2017.10.14-23.56.15:466][475]LogModuleManager: Shutting down and abandoning module ClothingSystemRuntime (210)
[2017.10.14-23.56.15:466][475]LogModuleManager: Shutting down and abandoning module MediaAssets (208)
[2017.10.14-23.56.15:466][475]LogModuleManager: Shutting down and abandoning module GameLiveStreaming (206)
[2017.10.14-23.56.15:466][475]LogModuleManager: Shutting down and abandoning module VREditor (204)
[2017.10.14-23.56.15:466][475]LogModuleManager: Shutting down and abandoning module StringTableEditor (202)
[2017.10.14-23.56.15:466][475]LogModuleManager: Shutting down and abandoning module GameplayTasksEditor (200)
[2017.10.14-23.56.15:466][475]LogModuleManager: Shutting down and abandoning module BehaviorTreeEditor (198)
[2017.10.14-23.56.15:466][475]LogModuleManager: Shutting down and abandoning module FunctionalTesting (196)
[2017.10.14-23.56.15:466][475]LogModuleManager: Shutting down and abandoning module CollisionAnalyzer (194)
[2017.10.14-23.56.15:466][475]LogModuleManager: Shutting down and abandoning module UMG (192)
[2017.10.14-23.56.15:466][475]LogModuleManager: Shutting down and abandoning module UMGEditor (191)
[2017.10.14-23.56.15:466][475]LogModuleManager: Shutting down and abandoning module Sequencer (190)
[2017.10.14-23.56.15:466][475]LogModuleManager: Shutting down and abandoning module AssetTools (188)
[2017.10.14-23.56.15:466][475]LogModuleManager: Shutting down and abandoning module MessageLog (187)
[2017.10.14-23.56.15:466][475]LogModuleManager: Shutting down and abandoning module WorkspaceMenuStructure (186)
[2017.10.14-23.56.15:466][475]LogModuleManager: Shutting down and abandoning module SlateReflector (180)
[2017.10.14-23.56.15:466][475]LogModuleManager: Shutting down and abandoning module Slate (178)
[2017.10.14-23.56.15:466][475]LogModuleManager: Shutting down and abandoning module EditorStyle (176)
[2017.10.14-23.56.15:469][475]LogModuleManager: Shutting down and abandoning module SourceCodeAccess (174)
[2017.10.14-23.56.15:469][475]LogModuleManager: Shutting down and abandoning module HeadMountedDisplay (172)
[2017.10.14-23.56.15:469][475]LogModuleManager: Shutting down and abandoning module XAudio2 (170)
[2017.10.14-23.56.15:469][475]LogModuleManager: Shutting down and abandoning module Networking (168)
[2017.10.14-23.56.15:469][475]LogModuleManager: Shutting down and abandoning module Core (164)
[2017.10.14-23.56.15:469][475]LogModuleManager: Shutting down and abandoning module AssetRegistry (162)
[2017.10.14-23.56.15:628][475]LogDirectoryWatcher: A directory notification for '../../../Engine/Content/' was aborted.
[2017.10.14-23.56.15:628][475]LogDirectoryWatcher: A directory notification for 'D:/Alex/Madhouse Alex/GithubMadhouse/GGS_VerticalSlice/sep6/Content/' was aborted.
[2017.10.14-23.56.15:628][475]LogDirectoryWatcher: A directory notification for '../../../Engine/Plugins/2D/Paper2D/Content/' was aborted.
[2017.10.14-23.56.15:628][475]LogDirectoryWatcher: A directory notification for '../../../Engine/Plugins/Runtime/GearVR/Content/' was aborted.
[2017.10.14-23.56.15:632][475]LogModuleManager: Shutting down and abandoning module DirectoryWatcher (161)
[2017.10.14-23.56.15:632][475]LogModuleManager: Shutting down and abandoning module KismetCompiler (158)
[2017.10.14-23.56.15:632][475]LogModuleManager: Shutting down and abandoning module LevelSequence (156)
[2017.10.14-23.56.15:632][475]LogModuleManager: Shutting down and abandoning module PhysXFormats (154)
[2017.10.14-23.56.15:632][475]LogModuleManager: Shutting down and abandoning module MeshUtilities (152)
[2017.10.14-23.56.15:632][475]LogModuleManager: Shutting down and abandoning module SimplygonSwarm (151)
[2017.10.14-23.56.15:632][475]LogModuleManager: Shutting down and abandoning module SimplygonMeshReduction (149)
[2017.10.14-23.56.15:632][475]LogModuleManager: Shutting down and abandoning module QuadricMeshReduction (147)
[2017.10.14-23.56.15:632][475]LogModuleManager: Shutting down and abandoning module DerivedDataCache (144)
[2017.10.14-23.56.15:687][475]LogDerivedDataCache: Shutdown
[2017.10.14-23.56.15:687][475]LogModuleManager: Shutting down and abandoning module TargetPlatform (142)
[2017.10.14-23.56.15:687][475]LogModuleManager: Shutting down and abandoning module VulkanShaderFormat (141)
[2017.10.14-23.56.15:687][475]LogModuleManager: Shutting down and abandoning module ShaderFormatVectorVM (139)
[2017.10.14-23.56.15:687][475]LogModuleManager: Shutting down and abandoning module ShaderFormatOpenGL (137)
[2017.10.14-23.56.15:687][475]LogModuleManager: Shutting down and abandoning module ShaderFormatD3D (135)
[2017.10.14-23.56.15:687][475]LogModuleManager: Shutting down and abandoning module MetalShaderFormat (133)
[2017.10.14-23.56.15:687][475]LogModuleManager: Shutting down and abandoning module TextureFormatUncompressed (131)
[2017.10.14-23.56.15:687][475]LogModuleManager: Shutting down and abandoning module TextureFormatPVR (129)
[2017.10.14-23.56.15:687][475]LogModuleManager: Shutting down and abandoning module TextureFormatDXT (127)
[2017.10.14-23.56.15:687][475]LogModuleManager: Shutting down and abandoning module TextureFormatIntelISPCTexComp (125)
[2017.10.14-23.56.15:687][475]LogModuleManager: Shutting down and abandoning module TextureFormatASTC (123)
[2017.10.14-23.56.15:687][475]LogModuleManager: Shutting down and abandoning module ImageWrapper (122)
[2017.10.14-23.56.15:687][475]LogModuleManager: Shutting down and abandoning module TextureFormatAndroid (119)
[2017.10.14-23.56.15:687][475]LogModuleManager: Shutting down and abandoning module AudioFormatOpus (117)
[2017.10.14-23.56.15:687][475]LogModuleManager: Shutting down and abandoning module AudioFormatOgg (115)
[2017.10.14-23.56.15:687][475]LogModuleManager: Shutting down and abandoning module AudioFormatADPCM (113)
[2017.10.14-23.56.15:687][475]LogModuleManager: Shutting down and abandoning module LinuxTargetPlatform (111)
[2017.10.14-23.56.15:687][475]LogModuleManager: Shutting down and abandoning module LinuxServerTargetPlatform (109)
[2017.10.14-23.56.15:687][475]LogModuleManager: Shutting down and abandoning module LinuxNoEditorTargetPlatform (107)
[2017.10.14-23.56.15:687][475]LogModuleManager: Shutting down and abandoning module LinuxClientTargetPlatform (105)
[2017.10.14-23.56.15:687][475]LogModuleManager: Shutting down and abandoning module TVOSTargetPlatform (103)
[2017.10.14-23.56.15:687][475]LogModuleManager: Shutting down and abandoning module Messaging (101)
[2017.10.14-23.56.15:687][475]LogModuleManager: Shutting down and abandoning module IOSTargetPlatform (99)
[2017.10.14-23.56.15:687][475]LogModuleManager: Shutting down and abandoning module HTML5TargetPlatform (97)
[2017.10.14-23.56.15:687][475]LogModuleManager: Shutting down and abandoning module Android_PVRTCTargetPlatform (95)
[2017.10.14-23.56.15:688][475]LogModuleManager: Shutting down and abandoning module Android_MultiTargetPlatform (93)
[2017.10.14-23.56.15:688][475]LogModuleManager: Shutting down and abandoning module Android_ETC2TargetPlatform (91)
[2017.10.14-23.56.15:688][475]LogModuleManager: Shutting down and abandoning module Android_ETC1TargetPlatform (89)
[2017.10.14-23.56.15:688][475]LogModuleManager: Shutting down and abandoning module Android_DXTTargetPlatform (87)
[2017.10.14-23.56.15:688][475]LogModuleManager: Shutting down and abandoning module Android_ATCTargetPlatform (85)
[2017.10.14-23.56.15:688][475]LogModuleManager: Shutting down and abandoning module Android_ASTCTargetPlatform (83)
[2017.10.14-23.56.15:688][475]LogModuleManager: Shutting down and abandoning module AndroidTargetPlatform (81)
[2017.10.14-23.56.15:688][475]LogModuleManager: Shutting down and abandoning module WindowsTargetPlatform (79)
[2017.10.14-23.56.15:688][475]LogModuleManager: Shutting down and abandoning module WindowsServerTargetPlatform (77)
[2017.10.14-23.56.15:688][475]LogModuleManager: Shutting down and abandoning module WindowsNoEditorTargetPlatform (75)
[2017.10.14-23.56.15:688][475]LogModuleManager: Shutting down and abandoning module WindowsClientTargetPlatform (73)
[2017.10.14-23.56.15:688][475]LogModuleManager: Shutting down and abandoning module MacTargetPlatform (71)
[2017.10.14-23.56.15:688][475]LogModuleManager: Shutting down and abandoning module MacServerTargetPlatform (69)
[2017.10.14-23.56.15:688][475]LogModuleManager: Shutting down and abandoning module MacNoEditorTargetPlatform (67)
[2017.10.14-23.56.15:688][475]LogModuleManager: Shutting down and abandoning module MacClientTargetPlatform (65)
[2017.10.14-23.56.15:688][475]LogModuleManager: Shutting down and abandoning module AllDesktopTargetPlatform (63)
[2017.10.14-23.56.15:688][475]LogModuleManager: Shutting down and abandoning module InputCore (60)
[2017.10.14-23.56.15:688][475]LogModuleManager: Shutting down and abandoning module Settings (58)
[2017.10.14-23.56.15:688][475]LogModuleManager: Shutting down and abandoning module OculusRift (56)
[2017.10.14-23.56.15:688][475]LogModuleManager: Shutting down and abandoning module GearVRController (54)
[2017.10.14-23.56.15:688][475]LogModuleManager: Shutting down and abandoning module GearVR (52)
[2017.10.14-23.56.15:688][475]LogModuleManager: Shutting down and abandoning module ExampleDeviceProfileSelector (50)
[2017.10.14-23.56.15:688][475]LogModuleManager: Shutting down and abandoning module OnlineBlueprintSupport (48)
[2017.10.14-23.56.15:688][475]LogModuleManager: Shutting down and abandoning module OnlineSubsystem (44)
[2017.10.14-23.56.15:688][475]LogOnline:Display: Unloading online subsystem: NULL
[2017.10.14-23.56.15:688][475]LogModuleManager: Shutting down and abandoning module XMPP (43)
[2017.10.14-23.56.15:688][475]LogModuleManager: Shutting down and abandoning module HTTP (41)
[2017.10.14-23.56.15:688][475]LogHttp:Display: Http module shutting down, but needs to wait on 1 outstanding Http requests:
[2017.10.14-23.56.15:688][475]LogHttp:Display: 	verb=[POST] url=[https://datarouter.ol.epicgames.com/datarouter/api/v1/public/data?SessionID=%7B9171D481-46C4-FC45-30B5-CEBD524FF23D%7D&AppID=UEEditor.Rocket.Release&AppVersion=4.16.3-3561208%2B%2B%2BUE4%2BRelease-4.16&UserID=3ea27d144f670583f11297af20a2fb34%7C1bc16facf7194014b1dad69c7d6aeb15%7C6fc319b9-4413-46f2-8772-c89d3e615cf4&AppEnvironment=datacollector-binary&UploadType=eteventstream] status=Processing
[2017.10.14-23.56.15:697][475]LogModuleManager: Shutting down and abandoning module SSL (40)
[2017.10.14-23.56.15:698][475]LogModuleManager: Shutting down and abandoning module HTTPChunkInstaller (36)
[2017.10.14-23.56.15:698][475]LogModuleManager: Shutting down and abandoning module AnimationModifiers (34)
[2017.10.14-23.56.15:698][475]LogModuleManager: Shutting down and abandoning module PropertyEditor (33)
[2017.10.14-23.56.15:698][475]LogModuleManager: Shutting down and abandoning module AudioEditor (30)
[2017.10.14-23.56.15:698][475]LogModuleManager: Shutting down and abandoning module TextureCompressor (28)
[2017.10.14-23.56.15:698][475]LogModuleManager: Shutting down and abandoning module ShaderCore (26)
[2017.10.14-23.56.15:698][475]LogModuleManager: Shutting down and abandoning module Landscape (24)
[2017.10.14-23.56.15:698][475]LogModuleManager: Shutting down and abandoning module SlateRHIRenderer (22)
[2017.10.14-23.56.15:699][475]LogModuleManager: Shutting down and abandoning module OpenGLDrv (20)
[2017.10.14-23.56.15:699][475]LogModuleManager: Shutting down and abandoning module D3D11RHI (18)
[2017.10.14-23.56.15:699][475]LogModuleManager: Shutting down and abandoning module AnimGraphRuntime (16)
[2017.10.14-23.56.15:699][475]LogModuleManager: Shutting down and abandoning module Renderer (14)
[2017.10.14-23.56.15:699][475]LogModuleManager: Shutting down and abandoning module Engine (12)
[2017.10.14-23.56.15:699][475]LogModuleManager: Shutting down and abandoning module CoreUObject (10)
[2017.10.14-23.56.15:699][475]LogModuleManager: Shutting down and abandoning module NetworkFile (8)
[2017.10.14-23.56.15:699][475]LogModuleManager: Shutting down and abandoning module StreamingFile (6)
[2017.10.14-23.56.15:699][475]LogModuleManager: Shutting down and abandoning module SandboxFile (4)
[2017.10.14-23.56.15:699][475]LogModuleManager: Shutting down and abandoning module PakFile (2)
[2017.10.14-23.56.15:701][475]LogExit: Exiting.
[2017.10.14-23.56.15:724][475]Log file closed, 10/14/17 19:56:15
