Log file open, 10/15/17 22:11:16
LogInit:Display: Running engine for game: sep6
LogPlatformFile: Not using cached read wrapper
LogInit:Display: RandInit(1871972602) SRandInit(1871972602).
LogTaskGraph: Started task graph with 5 named threads and 8 total threads with 1 sets of task threads.
LogStats: Stats thread started at 0.083074
LogInit: Using libcurl 7.47.1
LogInit:  - built for x86_64-pc-win32
LogInit:  - supports SSL with OpenSSL/1.0.2g
LogInit:  - supports HTTP deflate (compression) using libz 1.2.8
LogInit:  - other features:
LogInit:      CURL_VERSION_SSL
LogInit:      CURL_VERSION_LIBZ
LogInit:      CURL_VERSION_IPV6
LogInit:      CURL_VERSION_ASYNCHDNS
LogInit:      CURL_VERSION_LARGEFILE
LogInit:      CURL_VERSION_IDN
LogInit:  CurlRequestOptions (configurable via config and command line):
LogInit:  - bVerifyPeer = false  - Libcurl will NOT verify peer certificate
LogInit:  - bUseHttpProxy = false  - Libcurl will NOT use HTTP proxy
LogInit:  - bDontReuseConnections = false  - Libcurl will reuse connections
LogInit:  - CertBundlePath = nullptr  - Libcurl will use whatever was configured at build time.
LogInit: Build: ++UE4+Release-4.16-CL-3561208
LogInit: Engine Version: 4.16.3-3561208+++UE4+Release-4.16
LogInit: Compatible Engine Version: 4.16.0-3452394+++UE4+Release-4.16
LogInit: Net CL: 3452394
LogDevObjectVersion: Number of dev versions registered: 16
LogDevObjectVersion:   Dev-Blueprints (B0D832E4-1F89-4F0D-ACCF-7EB736FD4AA2): 9
LogDevObjectVersion:   Dev-Build (E1C64328-A22C-4D53-A36C-8E866417BD8C): 0
LogDevObjectVersion:   Dev-Core (375EC13C-06E4-48FB-B500-84F0262A717E): 2
LogDevObjectVersion:   Dev-Editor (E4B068ED-F494-42E9-A231-DA0B2E46BB41): 17
LogDevObjectVersion:   Dev-Framework (CFFC743F-43B0-4480-9391-14DF171D2073): 23
LogDevObjectVersion:   Dev-Mobile (B02B49B5-BB20-44E9-A304-32B752E40360): 0
LogDevObjectVersion:   Dev-Networking (A4E4105C-59A1-49B5-A7C5-40C4547EDFEE): 0
LogDevObjectVersion:   Dev-Online (39C831C9-5AE6-47DC-9A44-9C173E1C8E7C): 0
LogDevObjectVersion:   Dev-Physics (78F01B33-EBEA-4F98-B9B4-84EACCB95AA2): 0
LogDevObjectVersion:   Dev-Platform (6631380F-2D4D-43E0-8009-CF276956A95A): 0
LogDevObjectVersion:   Dev-Rendering (12F88B9F-8875-4AFC-A67C-D90C383ABD29): 15
LogDevObjectVersion:   Dev-Sequencer (7B5AE74C-D270-4C10-A958-57980B212A5A): 4
LogDevObjectVersion:   Dev-VR (D7296918-1DD6-4BDD-9DE2-64A83CC13884): 0
LogDevObjectVersion:   Dev-LoadTimes (C2A15278-BFE7-4AFE-6C17-90FF531DF755): 1
LogDevObjectVersion:   Private-Geometry (6EACA3D4-40EC-4CC1-B786-8BED09428FC5): 1
LogDevObjectVersion:   Dev-AnimPhys (29E575DD-E0A3-4627-9D10-D276232CDCEA): 3
LogInit: Compiled (64-bit): Jul 28 2017 11:49:47
LogInit: Compiled with Visual C++: 19.00.24215.01
LogInit: Build Configuration: Development
LogInit: Branch Name: ++UE4+Release-4.16
LogInit: Command line:  
LogInit: Base directory: C:/Program Files/Epic Games/UE_4.16/Engine/Binaries/Win64/
LogInit: Installed Engine Build: 1
LogInit: Presizing for max 8388607 objects, including 0 objects not considered by GC, pre-allocating 0 bytes for permanent pool.
LogInit: Object subsystem initialized
[2017.10.16-02.11.16:686][  0]LogInit: Selected Device Profile: [Windows]
[2017.10.16-02.11.16:686][  0]LogInit: Applying CVar settings loaded from the selected device profile: [Windows]
[2017.10.16-02.11.16:729][  0]LogInit: Computer: GAMING
[2017.10.16-02.11.16:729][  0]LogInit: User: Taylor
[2017.10.16-02.11.16:729][  0]LogInit: CPU Page size=4096, Cores=4
[2017.10.16-02.11.16:729][  0]LogInit: High frequency timer resolution =3.410074 MHz
[2017.10.16-02.11.16:730][  0]LogMemory: Memory total: Physical=15.9GB (16GB approx)
[2017.10.16-02.11.16:730][  0]LogMemory: Platform Memory Stats for Windows
[2017.10.16-02.11.16:730][  0]LogMemory: Process Physical Memory: 272.90 MB used, 272.90 MB peak
[2017.10.16-02.11.16:730][  0]LogMemory: Process Virtual Memory: 266.61 MB used, 266.61 MB peak
[2017.10.16-02.11.16:730][  0]LogMemory: Physical Memory: 4930.82 MB used,  11328.15 MB free, 16258.96 MB total
[2017.10.16-02.11.16:730][  0]LogMemory: Virtual Memory: 643.54 MB used,  11328.15 MB free, 134217728.00 MB total
[2017.10.16-02.11.16:858][  0]LogInit: Using OS detected language (en-US).
[2017.10.16-02.11.16:858][  0]LogInit: Using OS detected locale (en-US).
[2017.10.16-02.11.16:862][  0]LogTextLocalizationManager: No specific localization for 'en-US' exists, so the 'en' localization will be used.
[2017.10.16-02.11.17:617][  0]LogD3D11RHI: D3D11 adapters:
[2017.10.16-02.11.17:651][  0]LogD3D11RHI:    0. 'NVIDIA GeForce GTX 970' (Feature Level 11_0)
[2017.10.16-02.11.17:651][  0]LogD3D11RHI:       4059/0/8129 MB DedicatedVideo/DedicatedSystem/SharedSystem, Outputs:2, VendorId:0x10de
[2017.10.16-02.11.17:656][  0]LogD3D11RHI:    1. 'Intel(R) HD Graphics 4600' (Feature Level 11_0)
[2017.10.16-02.11.17:656][  0]LogD3D11RHI:       112/0/2048 MB DedicatedVideo/DedicatedSystem/SharedSystem, Outputs:0, VendorId:0x8086
[2017.10.16-02.11.17:657][  0]LogD3D11RHI:    2. 'Microsoft Basic Render Driver' (Feature Level 11_0)
[2017.10.16-02.11.17:657][  0]LogD3D11RHI:       0/0/8129 MB DedicatedVideo/DedicatedSystem/SharedSystem, Outputs:0, VendorId:0x1414
[2017.10.16-02.11.17:657][  0]LogD3D11RHI: Chosen D3D11 Adapter: 0
[2017.10.16-02.11.17:661][  0]LogD3D11RHI: Creating new Direct3DDevice
[2017.10.16-02.11.17:661][  0]LogD3D11RHI:     GPU DeviceId: 0x13c2 (for the marketing name, search the web for "GPU Device Id")
[2017.10.16-02.11.17:661][  0]LogWindows: EnumDisplayDevices:
[2017.10.16-02.11.17:661][  0]LogWindows:    0. 'NVIDIA GeForce GTX 970' (P:1 D:1)
[2017.10.16-02.11.17:661][  0]LogWindows:    1. 'NVIDIA GeForce GTX 970' (P:0 D:1)
[2017.10.16-02.11.17:661][  0]LogWindows:    2. 'NVIDIA GeForce GTX 970' (P:0 D:0)
[2017.10.16-02.11.17:661][  0]LogWindows:    3. 'NVIDIA GeForce GTX 970' (P:0 D:0)
[2017.10.16-02.11.17:662][  0]LogWindows:    4. 'Intel(R) HD Graphics 4600' (P:0 D:0)
[2017.10.16-02.11.17:662][  0]LogWindows:    5. 'Intel(R) HD Graphics 4600' (P:0 D:0)
[2017.10.16-02.11.17:662][  0]LogWindows:    6. 'Intel(R) HD Graphics 4600' (P:0 D:0)
[2017.10.16-02.11.17:662][  0]LogWindows: DebugString: PrimaryIsNotTheChoosenAdapter PrimaryIsNotTheChoosenAdapter PrimaryIsNotTheChoosenAdapter FoundDriverCount:4 
[2017.10.16-02.11.17:662][  0]LogD3D11RHI:     Adapter Name: NVIDIA GeForce GTX 970
[2017.10.16-02.11.17:662][  0]LogD3D11RHI:   Driver Version: 382.05 (internal:22.21.13.8205, unified:382.05)
[2017.10.16-02.11.17:662][  0]LogD3D11RHI:      Driver Date: 5-1-2017
[2017.10.16-02.11.17:662][  0]LogRHI: Texture pool is 1361 MB (70% of 1945 MB)
[2017.10.16-02.11.17:686][  0]LogD3D11RHI: Async texture creation enabled
[2017.10.16-02.11.17:695][  0]LogD3D11RHI: GPU Timing Frequency: 1000.000000 (Debug: 2 1)
[2017.10.16-02.11.17:744][  0]LogShaderCompilers: Guid format shader working directory is 1 characters bigger than the processId version (../../../../../../Users/Taylor/Desktop/TGorder/Intermediate/Shaders/WorkingDirectory/4176/).
[2017.10.16-02.11.17:744][  0]LogShaderCompilers: Cleaned the shader compiler working directory 'C:/Users/Taylor/AppData/Local/Temp/UnrealShaderWorkingDir/799676294023CFA4B0EB479D23C53469/'.
[2017.10.16-02.11.17:744][  0]LogShaderCompilers:Display: Using Local Shader Compiler.
[2017.10.16-02.11.18:592][  0]LogTemp:Display: Loaded TP AllDesktopTargetPlatform
[2017.10.16-02.11.18:632][  0]LogTemp:Display: Loaded TP MacClientTargetPlatform
[2017.10.16-02.11.18:673][  0]LogTemp:Display: Loaded TP MacNoEditorTargetPlatform
[2017.10.16-02.11.18:714][  0]LogTemp:Display: Loaded TP MacServerTargetPlatform
[2017.10.16-02.11.18:755][  0]LogTemp:Display: Loaded TP MacTargetPlatform
[2017.10.16-02.11.18:796][  0]LogTemp:Display: Loaded TP WindowsClientTargetPlatform
[2017.10.16-02.11.18:836][  0]LogTemp:Display: Loaded TP WindowsNoEditorTargetPlatform
[2017.10.16-02.11.18:877][  0]LogTemp:Display: Loaded TP WindowsServerTargetPlatform
[2017.10.16-02.11.18:912][  0]LogTemp:Display: Loaded TP WindowsTargetPlatform
[2017.10.16-02.11.18:951][  0]LogTemp:Display: Loaded TP AndroidTargetPlatform
[2017.10.16-02.11.18:990][  0]LogTemp:Display: Loaded TP Android_ASTCTargetPlatform
[2017.10.16-02.11.19:029][  0]LogTemp:Display: Loaded TP Android_ATCTargetPlatform
[2017.10.16-02.11.19:069][  0]LogTemp:Display: Loaded TP Android_DXTTargetPlatform
[2017.10.16-02.11.19:108][  0]LogTemp:Display: Loaded TP Android_ETC1TargetPlatform
[2017.10.16-02.11.19:147][  0]LogTemp:Display: Loaded TP Android_ETC2TargetPlatform
[2017.10.16-02.11.19:226][  0]LogTemp:Display: Loaded TP Android_MultiTargetPlatform
[2017.10.16-02.11.19:226][  0]LogTemp:Display: Loaded TP Android_PVRTCTargetPlatform
[2017.10.16-02.11.19:257][  0]LogTemp:Display: Loaded TP HTML5TargetPlatform
[2017.10.16-02.11.19:335][  0]LogTemp:Display: Loaded TP IOSTargetPlatform
[2017.10.16-02.11.19:359][  0]LogTemp:Display: Loaded TP TVOSTargetPlatform
[2017.10.16-02.11.19:398][  0]LogTemp:Display: Loaded TP LinuxClientTargetPlatform
[2017.10.16-02.11.19:437][  0]LogTemp:Display: Loaded TP LinuxNoEditorTargetPlatform
[2017.10.16-02.11.19:476][  0]LogTemp:Display: Loaded TP LinuxServerTargetPlatform
[2017.10.16-02.11.19:516][  0]LogTemp:Display: Loaded TP LinuxTargetPlatform
[2017.10.16-02.11.19:516][  0]LogTargetPlatformManager:Display: Building Assets For Windows
[2017.10.16-02.11.19:913][  0]LogDerivedDataCache:Display: Max Cache Size: 512 MB
[2017.10.16-02.11.20:000][  0]LogDerivedDataCache: Loaded boot cache 0.09s 90MB C:/Users/Taylor/AppData/Local/UnrealEngine/4.16/DerivedDataCache/Boot.ddc.
[2017.10.16-02.11.20:000][  0]LogDerivedDataCache:Display: Loaded Boot cache: C:/Users/Taylor/AppData/Local/UnrealEngine/4.16/DerivedDataCache/Boot.ddc
[2017.10.16-02.11.20:000][  0]LogDerivedDataCache: FDerivedDataBackendGraph:  Pak pak cache file ../../../../../../Users/Taylor/Desktop/TGorder/DerivedDataCache/DDC.ddp not found, will not use a pak cache.
[2017.10.16-02.11.20:000][  0]LogDerivedDataCache: Unable to find inner node Pak for hierarchical cache Hierarchy.
[2017.10.16-02.11.20:000][  0]LogDerivedDataCache: FDerivedDataBackendGraph:  CompressedPak pak cache file ../../../../../../Users/Taylor/Desktop/TGorder/DerivedDataCache/Compressed.ddp not found, will not use a pak cache.
[2017.10.16-02.11.20:000][  0]LogDerivedDataCache: Unable to find inner node CompressedPak for hierarchical cache Hierarchy.
[2017.10.16-02.11.20:014][  0]LogDerivedDataCache:Display: Pak cache opened for reading ../../../Engine/DerivedDataCache/Compressed.ddp.
[2017.10.16-02.11.20:025][  0]LogDerivedDataCache: Using Local data cache path C:/Users/Taylor/AppData/Local/UnrealEngine/Common/DerivedDataCache: Writable
[2017.10.16-02.11.20:034][  0]LogMaterial: Verifying Global Shaders for PCD3D_SM5
[2017.10.16-02.11.20:034][  0]LogSlate: Using Freetype 2.6.0
[2017.10.16-02.11.20:034][  0]LogSlate: SlateFontCache - WITH_FREETYPE: 1, WITH_HARFBUZZ: 1
[2017.10.16-02.11.20:034][  0]LogSlate: SlateFontCache - WITH_FREETYPE: 1, WITH_HARFBUZZ: 1
[2017.10.16-02.11.20:294][  0]LogInit: Selected Device Profile: [Windows]
[2017.10.16-02.11.20:355][  0]LogContentStreaming: Texture pool size is 0.00 MB
[2017.10.16-02.11.20:484][  0]LogMeshUtilities: Using QuadricMeshReduction for automatic static mesh reduction
[2017.10.16-02.11.20:519][  0]LogSimplygon: Simplygon DLL not present - disabling.
[2017.10.16-02.11.20:558][  0]LogMeshUtilities: Using SimplygonSwarm for distributed automatic mesh merging
[2017.10.16-02.11.20:558][  0]LogMeshUtilities: No automatic skeletal mesh reduction module available
[2017.10.16-02.11.20:558][  0]LogMeshUtilities: No automatic mesh merging module available
[2017.10.16-02.11.20:998][  0]LogNetVersion: sep6 , NetCL: 3452394, EngineNetVer: 2, GameNetVer: 0 (Checksum: 1248976798)
[2017.10.16-02.11.21:054][  0]LogAssetRegistry: FAssetRegistry took 0.0246 seconds to start up
[2017.10.16-02.11.21:105][  0]LogPackageLocalizationCache: Processed 4 localized package path(s) for 2 prioritized culture(s) in 0.031250 seconds
[2017.10.16-02.11.21:110][  0]LogUObjectArray: 34194 objects as part of root set at end of initial load.
[2017.10.16-02.11.21:110][  0]LogUObjectAllocator: 7260424 out of 0 bytes used by permanent object pool.
[2017.10.16-02.11.21:110][  0]LogUObjectArray: CloseDisregardForGC: 0/0 objects in disregard for GC pool
[2017.10.16-02.11.21:161][  0]LogInit: WinSock: version 1.1 (2.2), MaxSocks=32767, MaxUdp=65467
[2017.10.16-02.11.23:105][  0]LogTcpMessaging: Initializing TcpMessaging bridge
[2017.10.16-02.11.23:142][  0]LogUdpMessaging: Initializing bridge on interface 0.0.0.0:0 to multicast group 230.0.0.1:6666.
[2017.10.16-02.11.23:629][  0]LogMaterial: Uniform references updated for custom material expression Custom.
[2017.10.16-02.11.23:951][  0]SourceControl: Info Source control is disabled
[2017.10.16-02.11.23:952][  0]SourceControl: Info Source control is disabled
[2017.10.16-02.11.24:575][  0]LogAndroidPermission: UAndroidPermissionCallbackProxy::GetInstance
[2017.10.16-02.11.25:055][  0]LogEngine: Initializing Engine...
[2017.10.16-02.11.25:055][  0]LogHMD: Failed to initialize OpenVR with code 110
[2017.10.16-02.11.25:217][  0]LogStats: UGameplayTagsManager::ConstructGameplayTagTree: Construct from data asset -  0.000 s
[2017.10.16-02.11.25:217][  0]LogStats: UGameplayTagsManager::ConstructGameplayTagTree: GameplayTagTreeChangedEvent.Broadcast -  0.000 s
[2017.10.16-02.11.25:322][  0]LogAIModule: Creating AISystem for world Untitled
[2017.10.16-02.11.25:331][  0]LogInit: XAudio2 using 'Speakers (Realtek High Definition Audio)' : 2 channels at 48 kHz using 32 bits per sample (channel mask 0x3)
[2017.10.16-02.11.25:343][  0]LogInit: FAudioDevice initialized.
[2017.10.16-02.11.25:381][  0]LogDerivedDataCache: Saved boot cache 0.04s 90MB C:/Users/Taylor/AppData/Local/UnrealEngine/4.16/DerivedDataCache/Boot.ddc.
[2017.10.16-02.11.25:389][  0]LogInit: Texture streaming: Enabled
[2017.10.16-02.11.25:468][  0]LogEngineSessionManager: EngineSessionManager initialized
[2017.10.16-02.11.25:637][  0]LogInit: Transaction tracking system initialized
[2017.10.16-02.11.25:882][  0]BlueprintLog: New page: Editor Load
[2017.10.16-02.11.26:626][  0]LocalizationService: Info Localization service is disabled
[2017.10.16-02.11.27:167][  0]LogConsoleResponse:Display: 
[2017.10.16-02.11.27:281][  0]LogCook:Display: Max memory allowance for cook 16384mb min free memory 0mb
[2017.10.16-02.11.27:281][  0]LogCook:Display: Mobile HDR setting 1
[2017.10.16-02.11.28:293][  0]LogFileCache: Scanning file cache for directory 'C:/Users/Taylor/Desktop/TGorder/Content/' took 0.01s
[2017.10.16-02.11.28:294][  0]Cmd: MAP LOAD FILE="../../../../../../Users/Taylor/Desktop/TGorder/Content/MergedLevelTest.umap" TEMPLATE=0 SHOWPROGRESS=1 FEATURELEVEL=3
[2017.10.16-02.11.28:294][  0]LogEditorServer:Warning: Can't find file '../../../../../../Users/Taylor/Desktop/TGorder/Content/MergedLevelTest.umap'
[2017.10.16-02.11.28:294][  0]Cmd: MAP CHECKDEP NOCLEARLOG
[2017.10.16-02.11.28:377][  0]MapCheck: Info Map check complete: 0 Error(s), 0 Warning(s), took 82.945ms to complete.
[2017.10.16-02.11.28:377][  0]LogFileHelpers: Loading map 'MergedLevelTest' took 0.084
[2017.10.16-02.11.28:474][  0]LogWindowsTextInputMethodSystem:Display: IME system now deactivated.
[2017.10.16-02.11.28:550][  0]LogCollectionManager: Loaded 0 collections in 0.001559 seconds
[2017.10.16-02.11.28:639][  0]LogFileCache: Scanning file cache for directory 'C:/Users/Taylor/Desktop/TGorder/Saved/Collections/' took 0.01s
[2017.10.16-02.11.28:639][  0]LogFileCache: Scanning file cache for directory 'C:/Users/Taylor/Desktop/TGorder/Content/Developers/Taylor/Collections/' took 0.01s
[2017.10.16-02.11.28:639][  0]LogFileCache: Scanning file cache for directory 'C:/Users/Taylor/Desktop/TGorder/Content/Collections/' took 0.01s
[2017.10.16-02.11.28:639][  0]LogCollectionManager: Rebuilt the GUID cache for 0 collections in 0.000001 seconds
[2017.10.16-02.11.28:649][  0]LogContentBrowser: Native class hierarchy populated in 0.0098 seconds. Added 2329 classes and 491 folders.
[2017.10.16-02.11.28:710][  0]LogSourceControl: Attempting 'p4 client -o Tgorder_Gaming_2277'
[2017.10.16-02.11.28:710][  0]LogContentBrowser: Native class hierarchy updated for 'WidgetCarousel' in 0.0005 seconds. Added 0 classes and 0 folders.
[2017.10.16-02.11.28:743][  0]LogContentBrowser: Native class hierarchy updated for 'AddContentDialog' in 0.0004 seconds. Added 0 classes and 0 folders.
[2017.10.16-02.11.28:777][  0]LogContentBrowser: Native class hierarchy updated for 'SceneOutliner' in 0.0005 seconds. Added 1 classes and 2 folders.
[2017.10.16-02.11.28:808][  0]LogCrashTracker: Crashtracker disabled due to settings.
[2017.10.16-02.11.28:813][  0]LogSlate: Took 0.000310 seconds to synchronously load lazily loaded font '../../../Engine/Content/Slate/Fonts/Roboto-Regular.ttf' (155K)
[2017.10.16-02.11.28:815][  0]LogSlate: Took 0.000161 seconds to synchronously load lazily loaded font '../../../Engine/Content/Slate/Fonts/Roboto-Bold.ttf' (160K)
[2017.10.16-02.11.28:820][  0]LogSlate: Took 0.000170 seconds to synchronously load lazily loaded font '../../../Engine/Content/Editor/Slate/Fonts/FontAwesome.ttf' (139K)
[2017.10.16-02.11.28:925][  0]LogRenderer: Reallocating scene render targets to support 1208x576 NumSamples 1 (Frame:1).
[2017.10.16-02.11.29:042][  0]LogUObjectGlobals:Warning: Failed to find object 'Class None.'
[2017.10.16-02.11.29:171][  0]LogContentBrowser: Native class hierarchy updated for 'HierarchicalLODOutliner' in 0.0006 seconds. Added 1 classes and 2 folders.
[2017.10.16-02.11.29:171][  0]LogLoad: (Engine Initialization) Total time: 13.91 seconds
[2017.10.16-02.11.29:171][  0]LogLoad: (Engine Initialization) Total Blueprint compile time: 0.04 seconds
[2017.10.16-02.11.29:171][  0]LogExternalProfiler: Found external profiler: VSPerf
[2017.10.16-02.11.29:171][  0]LogExternalProfiler: Using external profiler: VSPerf
[2017.10.16-02.11.29:182][  0]LogOcInput: OculusInput pre-init called
[2017.10.16-02.11.29:182][  0]LogHMD: Starting GearVRController plugin
[2017.10.16-02.11.29:200][  0]SourceControl: Info Client Tgorder_Gaming_2277
[2017.10.16-02.11.29:200][  0]SourceControl: Info Update 2017/10/16 00:49:41
[2017.10.16-02.11.29:200][  0]SourceControl: Info Access 2017/10/16 02:08:19
[2017.10.16-02.11.29:200][  0]SourceControl: Info Owner Tgorder
[2017.10.16-02.11.29:200][  0]SourceControl: Info Host Gaming
[2017.10.16-02.11.29:200][  0]SourceControl: Info Description Created by Tgorder.

[2017.10.16-02.11.29:200][  0]SourceControl: Info Root C:\Users\Taylor\Desktop\TGorder
[2017.10.16-02.11.29:200][  0]SourceControl: Info Options noallwrite noclobber nocompress unlocked nomodtime normdir
[2017.10.16-02.11.29:200][  0]SourceControl: Info SubmitOptions submitunchanged
[2017.10.16-02.11.29:200][  0]SourceControl: Info LineEnd local
[2017.10.16-02.11.29:200][  0]SourceControl: Info View0 //depot/... //Tgorder_Gaming_2277/...
[2017.10.16-02.11.29:200][  0]SourceControl: Info specFormatted 
[2017.10.16-02.11.29:200][  0]SourceControl: Info func client-FstatInfo
[2017.10.16-02.11.29:201][  0]LogContentStreaming: Texture pool size now 1000 MB
[2017.10.16-02.11.29:236][  0]LogSlate: Took 0.000129 seconds to synchronously load lazily loaded font '../../../Engine/Content/Slate/Fonts/Roboto-Light.ttf' (159K)
[2017.10.16-02.11.29:255][  1]LogAssetRegistry: Asset discovery search completed in 8.2231 seconds
[2017.10.16-02.11.29:257][  1]LogCollectionManager: Rebuilt the object cache for 0 collections in 0.000001 seconds (found 0 objects)
[2017.10.16-02.11.29:257][  1]LogCollectionManager: Fixed up redirectors for 0 collections in 0.000024 seconds (updated 0 objects)
[2017.10.16-02.11.30:272][122]LogSourceControl: Attempting 'p4 fstat -Or C:/Users/Taylor/Desktop/TGorder/Content/0Levels/Investigator/I_Audio.umap C:/Users/Taylor/Desktop/TGorder/Content/0Levels/Investigator/I_Core.umap C:/Users/Taylor/Desktop/TGorder/Content/0Levels/Investigator/I_DynamicAssets.umap C:/Users/Taylor/Desktop/TGorder/Content/0Levels/Investigator/I_EventHandler.umap C:/Users/Taylor/Desktop/TGorder/Content/0Levels/Investigator/I_Lighting.umap C:/Users/Taylor/Desktop/TGorder/Content/0Levels/Investigator/I_StaticAssets.umap'
[2017.10.16-02.11.38:119][ 61]LogSlate: Took 0.000130 seconds to synchronously load lazily loaded font '../../../Engine/Content/Slate/Fonts/Roboto-Light.ttf' (159K)
[2017.10.16-02.11.38:555][ 61]LogAIModule: Creating AISystem for world I_Core
[2017.10.16-02.11.38:824][ 61]Cmd: MAP LOAD FILE="../../../../../../Users/Taylor/Desktop/TGorder/Content/0Levels/Investigator/I_Core.umap" TEMPLATE=0 SHOWPROGRESS=1 FEATURELEVEL=3
[2017.10.16-02.11.38:824][ 61]LightingResults: New page: Lighting Build
[2017.10.16-02.11.38:858][ 61]LogContentBrowser: Native class hierarchy updated for 'StatsViewer' in 0.0005 seconds. Added 5 classes and 0 folders.
[2017.10.16-02.11.38:858][ 61]LoadErrors: New page: Loading map: I_Core.umap
[2017.10.16-02.11.38:859][ 61]MapCheck: New page: Map Check
[2017.10.16-02.11.38:859][ 61]LightingResults: New page: Lighting Build
[2017.10.16-02.11.39:129][ 61]LogEditorServer: Finished looking for orphan Actors (0.000 secs)
[2017.10.16-02.11.39:159][ 61]Cmd: MAP CHECKDEP NOCLEARLOG
[2017.10.16-02.11.39:201][ 61]MapCheck: Info Map check complete: 0 Error(s), 0 Warning(s), took 42.822ms to complete.
[2017.10.16-02.11.39:202][ 61]LogFileHelpers: Loading map 'I_Core' took 0.378
[2017.10.16-02.12.29:220][ 36]LogSourceControl: Attempting 'p4 fstat -Or C:/Program Files/Epic Games/UE_4.16/Engine/Content/... C:/Users/Taylor/Desktop/TGorder/Content/... C:/Users/Taylor/Desktop/TGorder/Config/... C:/Users/Taylor/Desktop/TGorder/sep6.uproject'
[2017.10.16-02.12.29:413][ 49]SourceControl: Info Path 'C:/Program Files/Epic Games/UE_4.16/Engine/Content/...' is not under client's root 'C:\Users\Taylor\Desktop\TGorder'.

[2017.10.16-02.12.29:502][ 49]EditorErrors:Warning: Warning No assets to check in!
[2017.10.16-02.12.52:875][776]LogEditorViewport: Clicking on Actor (LMB): StaticMeshActor (Cube6)
[2017.10.16-02.13.22:478][305]Cmd: MAP LOAD FILE="../../../../../../Users/Taylor/Desktop/TGorder/Content/0Levels/Investigator/I_Lighting.umap" TEMPLATE=0 SHOWPROGRESS=1 FEATURELEVEL=3
[2017.10.16-02.13.22:478][305]LightingResults: New page: Lighting Build
[2017.10.16-02.13.22:479][305]LoadErrors: New page: Loading map: I_Lighting.umap
[2017.10.16-02.13.22:486][305]MapCheck: New page: Map Check
[2017.10.16-02.13.22:487][305]LightingResults: New page: Lighting Build
[2017.10.16-02.13.22:502][305]LogAIModule: Creating AISystem for world I_Lighting
[2017.10.16-02.13.22:503][305]LogEditorServer: Finished looking for orphan Actors (0.000 secs)
[2017.10.16-02.13.22:529][305]Cmd: MAP CHECKDEP NOCLEARLOG
[2017.10.16-02.13.22:573][305]MapCheck: Info Map check complete: 0 Error(s), 0 Warning(s), took 43.577ms to complete.
[2017.10.16-02.13.22:574][305]LogFileHelpers: Loading map 'I_Lighting' took 0.096
[2017.10.16-02.13.24:122][474]LogAIModule: Creating AISystem for world I_Core
[2017.10.16-02.13.24:330][474]Cmd: MAP LOAD FILE="../../../../../../Users/Taylor/Desktop/TGorder/Content/0Levels/Investigator/I_Core.umap" TEMPLATE=0 SHOWPROGRESS=1 FEATURELEVEL=3
[2017.10.16-02.13.24:330][474]LightingResults: New page: Lighting Build
[2017.10.16-02.13.24:331][474]LoadErrors: New page: Loading map: I_Core.umap
[2017.10.16-02.13.24:332][474]MapCheck: New page: Map Check
[2017.10.16-02.13.24:332][474]LightingResults: New page: Lighting Build
[2017.10.16-02.13.24:599][474]LogEditorServer: Finished looking for orphan Actors (0.000 secs)
[2017.10.16-02.13.24:629][474]Cmd: MAP CHECKDEP NOCLEARLOG
[2017.10.16-02.13.24:673][474]MapCheck: Info Map check complete: 0 Error(s), 0 Warning(s), took 43.406ms to complete.
[2017.10.16-02.13.24:673][474]LogFileHelpers: Loading map 'I_Core' took 0.343
[2017.10.16-02.13.28:810][927]LogContentBrowser: Native class hierarchy updated for 'WorldBrowser' in 0.0006 seconds. Added 1 classes and 3 folders.
[2017.10.16-02.13.33:010][424]LogActorFactory: Actor Factory created Cube
[2017.10.16-02.13.33:876][514]LogActorFactory: Actor Factory created Cube
[2017.10.16-02.13.34:094][532]LogSourceControl: Attempting 'p4 fstat -Or C:/Users/Taylor/Desktop/TGorder/Content/0Levels/Investigator/I_Lighting.umap'
[2017.10.16-02.13.41:089][301]LogSourceControl: Attempting 'p4 fstat -Or C:/Users/Taylor/Desktop/TGorder/Content/0Levels/Investigator/I_Lighting.umap'
[2017.10.16-02.13.46:620][301]LogSourceControl: Attempting 'p4 fstat -Or C:/Users/Taylor/Desktop/TGorder/Content/0Levels/Investigator/I_Lighting.umap'
[2017.10.16-02.13.46:918][301]LogSourceControl: Attempting 'p4 edit C:/Users/Taylor/Desktop/TGorder/Content/0Levels/Investigator/I_Lighting.umap'
[2017.10.16-02.13.47:178][301]LogSavePackage: Save=8.78ms
[2017.10.16-02.13.47:178][301]LogSavePackage: Moving '../../../../../../Users/Taylor/Desktop/TGorder/Saved/I_Lighting1B28E72747CD6E1442D34EAD44E02583.tmp' to '../../../../../../Users/Taylor/Desktop/TGorder/Content/0Levels/Investigator/I_Lighting.umap'
[2017.10.16-02.13.47:181][301]LogSavePackage:Display: Finished SavePackage ../../../../../../Users/Taylor/Desktop/TGorder/Content/0Levels/Investigator/I_Lighting.umap
[2017.10.16-02.13.47:182][301]LogFileHelpers: Saving map 'I_Lighting' took 0.088
[2017.10.16-02.14.03:753][273]LogSourceControl: Attempting 'p4 fstat -Or C:/Program Files/Epic Games/UE_4.16/Engine/Content/... C:/Users/Taylor/Desktop/TGorder/Content/... C:/Users/Taylor/Desktop/TGorder/Config/... C:/Users/Taylor/Desktop/TGorder/sep6.uproject'
[2017.10.16-02.14.03:953][293]SourceControl: Info Path 'C:/Program Files/Epic Games/UE_4.16/Engine/Content/...' is not under client's root 'C:\Users\Taylor\Desktop\TGorder'.

[2017.10.16-02.14.09:689][293]LogSourceControl: Attempting 'p4 fstat -Or C:/Users/Taylor/Desktop/TGorder/Content/0Levels/Investigator/I_Lighting.umap'
[2017.10.16-02.14.09:745][293]LogSourceControl: Attempting 'p4 diff -sa C:/Users/Taylor/Desktop/TGorder/Content/0Levels/Investigator/I_Lighting.umap'
[2017.10.16-02.14.10:241][293]LogSourceControl: Attempting 'p4 reopen -c 10 C:/Users/Taylor/Desktop/TGorder/Content/0Levels/Investigator/I_Lighting.umap'
[2017.10.16-02.14.10:299][293]LogSourceControl: Attempting 'p4 submit -c 10'
[2017.10.16-02.14.10:556][293]LogModuleManager:Warning: ModuleManager: Attempting to load 'PerforceSourceControl' outside the main thread.  This module was already loaded - so we didn't crash but this isn't safe.  Please call LoadModule on the main/game thread only.  You can use GetModule or GetModuleChecked instead, those are safe to call outside the game thread.
[2017.10.16-02.14.10:608][293]SourceControl: Info Submitted changelist 10
[2017.10.16-02.16.06:846][454]LogWindowsTextInputMethodSystem:Display: IME system now deactivated.
[2017.10.16-02.16.07:031][455]Cmd: QUIT_EDITOR
[2017.10.16-02.16.07:069][455]LogExit: Preparing to exit.
[2017.10.16-02.16.07:368][455]LogDirectoryWatcher: A directory notification for 'C:/Users/Taylor/Desktop/TGorder/Content/' was aborted.
[2017.10.16-02.16.07:402][455]LogExit: Editor shut down
[2017.10.16-02.16.07:405][455]LogExit: Transaction tracking system shut down
[2017.10.16-02.16.07:457][455]LogObj: Freed 0b from 0 cluster array pools.
[2017.10.16-02.16.07:457][455]LogExit: Object subsystem successfully closed.
[2017.10.16-02.16.07:479][455]LogD3D11RHI: Shutdown
[2017.10.16-02.16.07:479][455]LogD3D11RHI: CleanupD3DDevice
[2017.10.16-02.16.07:546][455]LogD3D11RHI: ~FD3D11DynamicRHI
[2017.10.16-02.16.07:560][455]LogModuleManager: Shutting down and abandoning module WorldBrowser (526)
[2017.10.16-02.16.07:560][455]LogModuleManager: Shutting down and abandoning module StatsViewer (524)
[2017.10.16-02.16.07:560][455]LogModuleManager: Shutting down and abandoning module HierarchicalLODOutliner (522)
[2017.10.16-02.16.07:560][455]LogModuleManager: Shutting down and abandoning module CrashTracker (520)
[2017.10.16-02.16.07:560][455]LogModuleManager: Shutting down and abandoning module SceneOutliner (518)
[2017.10.16-02.16.07:560][455]LogModuleManager: Shutting down and abandoning module AddContentDialog (516)
[2017.10.16-02.16.07:560][455]LogDirectoryWatcher: A directory notification for 'C:/Program Files/Epic Games/UE_4.16/FeaturePacks/' was aborted.
[2017.10.16-02.16.07:561][455]LogModuleManager: Shutting down and abandoning module WidgetCarousel (515)
[2017.10.16-02.16.07:561][455]LogModuleManager: Shutting down and abandoning module EditorWidgets (512)
[2017.10.16-02.16.07:561][455]LogModuleManager: Shutting down and abandoning module CollectionManager (510)
[2017.10.16-02.16.07:561][455]LogDirectoryWatcher: A directory notification for 'C:/Users/Taylor/Desktop/TGorder/Content/Collections/' was aborted.
[2017.10.16-02.16.07:561][455]LogDirectoryWatcher: A directory notification for 'C:/Users/Taylor/Desktop/TGorder/Content/Developers/Taylor/Collections/' was aborted.
[2017.10.16-02.16.07:561][455]LogDirectoryWatcher: A directory notification for 'C:/Users/Taylor/Desktop/TGorder/Saved/Collections/' was aborted.
[2017.10.16-02.16.07:561][455]LogModuleManager: Shutting down and abandoning module FoliageEdit (508)
[2017.10.16-02.16.07:561][455]LogModuleManager: Shutting down and abandoning module LandscapeEditor (506)
[2017.10.16-02.16.07:561][455]LogModuleManager: Shutting down and abandoning module MeshPaintMode (504)
[2017.10.16-02.16.07:561][455]LogModuleManager: Shutting down and abandoning module SceneDepthPickerMode (502)
[2017.10.16-02.16.07:561][455]LogModuleManager: Shutting down and abandoning module ActorPickerMode (500)
[2017.10.16-02.16.07:561][455]LogModuleManager: Shutting down and abandoning module GeometryMode (498)
[2017.10.16-02.16.07:561][455]LogModuleManager: Shutting down and abandoning module TextureAlignMode (496)
[2017.10.16-02.16.07:561][455]LogModuleManager: Shutting down and abandoning module BspMode (494)
[2017.10.16-02.16.07:561][455]LogModuleManager: Shutting down and abandoning module HardwareSurvey (492)
[2017.10.16-02.16.07:561][455]LogModuleManager: Shutting down and abandoning module SequenceRecorderSections (490)
[2017.10.16-02.16.07:561][455]LogModuleManager: Shutting down and abandoning module AutomationWorker (488)
[2017.10.16-02.16.07:561][455]LogModuleManager: Shutting down and abandoning module MatineeToLevelSequence (486)
[2017.10.16-02.16.07:561][455]LogModuleManager: Shutting down and abandoning module LevelSequenceEditor (484)
[2017.10.16-02.16.07:561][455]LogModuleManager: Shutting down and abandoning module PlacementMode (483)
[2017.10.16-02.16.07:561][455]LogModuleManager: Shutting down and abandoning module WmfMediaFactory (480)
[2017.10.16-02.16.07:561][455]LogModuleManager: Shutting down and abandoning module WmfMediaEditor (478)
[2017.10.16-02.16.07:561][455]LogModuleManager: Shutting down and abandoning module AvfMediaFactory (476)
[2017.10.16-02.16.07:561][455]LogModuleManager: Shutting down and abandoning module AvfMediaEditor (474)
[2017.10.16-02.16.07:561][455]LogModuleManager: Shutting down and abandoning module AndroidMediaFactory (472)
[2017.10.16-02.16.07:561][455]LogModuleManager: Shutting down and abandoning module Media (471)
[2017.10.16-02.16.07:561][455]LogModuleManager: Shutting down and abandoning module AndroidMediaEditor (468)
[2017.10.16-02.16.07:561][455]LogModuleManager: Shutting down and abandoning module CharacterAI (466)
[2017.10.16-02.16.07:561][455]LogModuleManager: Shutting down and abandoning module AudioCapture (464)
[2017.10.16-02.16.07:561][455]LogModuleManager: Shutting down and abandoning module SequenceRecorder (463)
[2017.10.16-02.16.07:561][455]LogModuleManager: Shutting down and abandoning module SmartSnapping (460)
[2017.10.16-02.16.07:561][455]LogModuleManager: Shutting down and abandoning module SessionServices (458)
[2017.10.16-02.16.07:561][455]LogModuleManager: Shutting down and abandoning module ViewportSnapping (456)
[2017.10.16-02.16.07:561][455]LogModuleManager: Shutting down and abandoning module ViewportInteraction (454)
[2017.10.16-02.16.07:561][455]LogModuleManager: Shutting down and abandoning module ClothPainter (452)
[2017.10.16-02.16.07:561][455]LogModuleManager: Shutting down and abandoning module LogVisualizer (450)
[2017.10.16-02.16.07:561][455]LogModuleManager: Shutting down and abandoning module IntroTutorials (448)
[2017.10.16-02.16.07:561][455]LogModuleManager: Shutting down and abandoning module GameProjectGeneration (447)
[2017.10.16-02.16.07:561][455]LogModuleManager: Shutting down and abandoning module EditorLiveStreaming (444)
[2017.10.16-02.16.07:561][455]LogModuleManager: Shutting down and abandoning module IOSPlatformEditor (442)
[2017.10.16-02.16.07:561][455]LogModuleManager: Shutting down and abandoning module HTML5PlatformEditor (440)
[2017.10.16-02.16.07:561][455]LogModuleManager: Shutting down and abandoning module AndroidPlatformEditor (438)
[2017.10.16-02.16.07:561][455]LogModuleManager: Shutting down and abandoning module AndroidDeviceDetection (437)
[2017.10.16-02.16.07:993][455]LogModuleManager: Shutting down and abandoning module IOSRuntimeSettings (434)
[2017.10.16-02.16.07:993][455]LogModuleManager: Shutting down and abandoning module AndroidRuntimeSettings (432)
[2017.10.16-02.16.07:993][455]LogModuleManager: Shutting down and abandoning module InputBindingEditor (430)
[2017.10.16-02.16.07:993][455]LogModuleManager: Shutting down and abandoning module MergeActors (428)
[2017.10.16-02.16.07:993][455]LogModuleManager: Shutting down and abandoning module SizeMap (426)
[2017.10.16-02.16.07:993][455]LogModuleManager: Shutting down and abandoning module TreeMap (424)
[2017.10.16-02.16.07:993][455]LogModuleManager: Shutting down and abandoning module ReferenceViewer (422)
[2017.10.16-02.16.07:993][455]LogModuleManager: Shutting down and abandoning module LocalizationDashboard (420)
[2017.10.16-02.16.07:993][455]LogModuleManager: Shutting down and abandoning module LocalizationService (419)
[2017.10.16-02.16.07:993][455]LogModuleManager: Shutting down and abandoning module HardwareTargeting (416)
[2017.10.16-02.16.07:993][455]LogModuleManager: Shutting down and abandoning module DeviceProfileEditor (414)
[2017.10.16-02.16.07:993][455]LogModuleManager: Shutting down and abandoning module UndoHistory (412)
[2017.10.16-02.16.07:993][455]LogModuleManager: Shutting down and abandoning module UserFeedback (410)
[2017.10.16-02.16.07:993][455]LogModuleManager: Shutting down and abandoning module XmlParser (408)
[2017.10.16-02.16.07:993][455]LogModuleManager: Shutting down and abandoning module Blutility (406)
[2017.10.16-02.16.07:993][455]LogModuleManager: Shutting down and abandoning module ProjectSettingsViewer (404)
[2017.10.16-02.16.07:993][455]LogModuleManager: Shutting down and abandoning module ProjectTargetPlatformEditor (403)
[2017.10.16-02.16.07:994][455]LogModuleManager: Shutting down and abandoning module EditorSettingsViewer (400)
[2017.10.16-02.16.07:994][455]LogModuleManager: Shutting down and abandoning module SettingsEditor (398)
[2017.10.16-02.16.07:994][455]LogModuleManager: Shutting down and abandoning module ProjectLauncher (396)
[2017.10.16-02.16.07:994][455]LogModuleManager: Shutting down and abandoning module SessionFrontend (394)
[2017.10.16-02.16.07:994][455]LogModuleManager: Shutting down and abandoning module ProfilerClient (392)
[2017.10.16-02.16.07:994][455]LogModuleManager: Shutting down and abandoning module DeviceManager (390)
[2017.10.16-02.16.07:994][455]LogModuleManager: Shutting down and abandoning module TargetDeviceServices (389)
[2017.10.16-02.16.08:047][455]LogModuleManager: Shutting down and abandoning module AutomationController (386)
[2017.10.16-02.16.08:047][455]LogModuleManager: Shutting down and abandoning module AutomationWindow (384)
[2017.10.16-02.16.08:047][455]LogModuleManager: Shutting down and abandoning module Layers (382)
[2017.10.16-02.16.08:047][455]LogModuleManager: Shutting down and abandoning module ComponentVisualizers (380)
[2017.10.16-02.16.08:047][455]LogModuleManager: Shutting down and abandoning module DetailCustomizations (378)
[2017.10.16-02.16.08:047][455]LogModuleManager: Shutting down and abandoning module PackagesDialog (376)
[2017.10.16-02.16.08:048][455]LogModuleManager: Shutting down and abandoning module Persona (374)
[2017.10.16-02.16.08:048][455]LogModuleManager: Shutting down and abandoning module AdvancedPreviewScene (373)
[2017.10.16-02.16.08:048][455]LogModuleManager: Shutting down and abandoning module AnimGraph (371)
[2017.10.16-02.16.08:048][455]LogModuleManager: Shutting down and abandoning module Kismet (368)
[2017.10.16-02.16.08:049][455]LogModuleManager: Shutting down and abandoning module ClassViewer (366)
[2017.10.16-02.16.08:049][455]LogModuleManager: Shutting down and abandoning module Toolbox (364)
[2017.10.16-02.16.08:049][455]LogModuleManager: Shutting down and abandoning module ModuleUI (362)
[2017.10.16-02.16.08:049][455]LogModuleManager: Shutting down and abandoning module MovieSceneTools (360)
[2017.10.16-02.16.08:049][455]LogModuleManager: Shutting down and abandoning module OutputLog (358)
[2017.10.16-02.16.08:049][455]LogModuleManager: Shutting down and abandoning module GammaUI (356)
[2017.10.16-02.16.08:049][455]LogModuleManager: Shutting down and abandoning module Documentation (354)
[2017.10.16-02.16.08:049][455]LogModuleManager: Shutting down and abandoning module MovieSceneTracks (352)
[2017.10.16-02.16.08:049][455]LogModuleManager: Shutting down and abandoning module MovieScene (350)
[2017.10.16-02.16.08:049][455]LogModuleManager: Shutting down and abandoning module Niagara (348)
[2017.10.16-02.16.08:049][455]LogModuleManager: Shutting down and abandoning module NiagaraEditor (347)
[2017.10.16-02.16.08:049][455]LogModuleManager: Shutting down and abandoning module StreamingPauseRendering (344)
[2017.10.16-02.16.08:049][455]LogModuleManager: Shutting down and abandoning module AnalyticsET (342)
[2017.10.16-02.16.08:049][455]LogModuleManager: Shutting down and abandoning module PortalServices (340)
[2017.10.16-02.16.08:049][455]LogModuleManager: Shutting down and abandoning module PortalRpc (338)
[2017.10.16-02.16.08:049][455]LogModuleManager: Shutting down and abandoning module MessagingRpc (336)
[2017.10.16-02.16.08:049][455]LogModuleManager: Shutting down and abandoning module AIModule (334)
[2017.10.16-02.16.08:049][455]LogModuleManager: Shutting down and abandoning module GameplayDebugger (333)
[2017.10.16-02.16.08:049][455]LogModuleManager: Shutting down and abandoning module AITestSuite (331)
[2017.10.16-02.16.08:049][455]LogModuleManager: Shutting down and abandoning module ProfilerService (328)
[2017.10.16-02.16.08:123][455]LogModuleManager: Shutting down and abandoning module TaskGraph (326)
[2017.10.16-02.16.08:123][455]LogModuleManager: Shutting down and abandoning module SteamVRController (324)
[2017.10.16-02.16.08:124][455]LogModuleManager: Shutting down and abandoning module SteamVR (322)
[2017.10.16-02.16.08:124][455]LogModuleManager: Shutting down and abandoning module ProceduralMeshComponentEditor (320)
[2017.10.16-02.16.08:124][455]LogModuleManager: Shutting down and abandoning module ProceduralMeshComponent (318)
[2017.10.16-02.16.08:124][455]LogModuleManager: Shutting down and abandoning module OculusLibrary (316)
[2017.10.16-02.16.08:124][455]LogModuleManager: Shutting down and abandoning module OculusInput (314)
[2017.10.16-02.16.08:124][455]LogModuleManager: Shutting down and abandoning module MobilePatchingUtils (312)
[2017.10.16-02.16.08:124][455]LogModuleManager: Shutting down and abandoning module CustomMeshComponent (310)
[2017.10.16-02.16.08:124][455]LogModuleManager: Shutting down and abandoning module CableComponent (308)
[2017.10.16-02.16.08:124][455]LogModuleManager: Shutting down and abandoning module ArchVisCharacter (306)
[2017.10.16-02.16.08:124][455]LogModuleManager: Shutting down and abandoning module AndroidPermission (304)
[2017.10.16-02.16.08:124][455]LogModuleManager: Shutting down and abandoning module MediaPlayerEditor (300)
[2017.10.16-02.16.08:124][455]LogModuleManager: Shutting down and abandoning module HTML5Networking (298)
[2017.10.16-02.16.08:124][455]LogModuleManager: Shutting down and abandoning module AlembicImporter (296)
[2017.10.16-02.16.08:124][455]LogModuleManager: Shutting down and abandoning module AlembicLibrary (295)
[2017.10.16-02.16.08:124][455]LogModuleManager: Shutting down and abandoning module GeometryCache (294)
[2017.10.16-02.16.08:124][455]LogModuleManager: Shutting down and abandoning module GeometryCacheEd (293)
[2017.10.16-02.16.08:124][455]LogModuleManager: Shutting down and abandoning module SuperSearchEditor (288)
[2017.10.16-02.16.08:124][455]LogModuleManager: Shutting down and abandoning module SuperSearch (287)
[2017.10.16-02.16.08:124][455]LogModuleManager: Shutting down and abandoning module SpeedTreeImporter (284)
[2017.10.16-02.16.08:124][455]LogModuleManager: Shutting down and abandoning module PluginBrowser (282)
[2017.10.16-02.16.08:124][455]LogModuleManager: Shutting down and abandoning module MobileLauncherProfileWizard (280)
[2017.10.16-02.16.08:124][455]LogModuleManager: Shutting down and abandoning module VisualStudioSourceCodeAccess (278)
[2017.10.16-02.16.08:124][455]LogModuleManager: Shutting down and abandoning module DesktopPlatform (277)
[2017.10.16-02.16.08:124][455]LogModuleManager: Shutting down and abandoning module UObjectPlugin (274)
[2017.10.16-02.16.08:124][455]LogModuleManager: Shutting down and abandoning module SubversionSourceControl (272)
[2017.10.16-02.16.08:124][455]LogModuleManager: Shutting down and abandoning module PerforceSourceControl (270)
[2017.10.16-02.16.08:124][455]LogModuleManager: Shutting down and abandoning module GitSourceControl (268)
[2017.10.16-02.16.08:124][455]LogModuleManager: Shutting down and abandoning module SourceControl (267)
[2017.10.16-02.16.08:124][455]LogModuleManager: Shutting down and abandoning module LightPropagationVolumeEditor (264)
[2017.10.16-02.16.08:124][455]LogModuleManager: Shutting down and abandoning module PaperTiledImporter (262)
[2017.10.16-02.16.08:124][455]LogModuleManager: Shutting down and abandoning module PaperSpriteSheetImporter (260)
[2017.10.16-02.16.08:124][455]LogModuleManager: Shutting down and abandoning module Paper2DEditor (258)
[2017.10.16-02.16.08:124][455]LogModuleManager: Shutting down and abandoning module MeshPaint (257)
[2017.10.16-02.16.08:124][455]LogModuleManager: Shutting down and abandoning module LevelEditor (255)
[2017.10.16-02.16.08:126][455]LogModuleManager: Shutting down and abandoning module PixelInspectorModule (254)
[2017.10.16-02.16.08:126][455]LogModuleManager: Shutting down and abandoning module MainFrame (252)
[2017.10.16-02.16.08:126][455]LogModuleManager: Shutting down and abandoning module HotReload (251)
[2017.10.16-02.16.08:127][455]LogModuleManager: Shutting down and abandoning module PhysXVehiclesEditor (246)
[2017.10.16-02.16.08:127][455]LogModuleManager: Shutting down and abandoning module PhysXVehicles (244)
[2017.10.16-02.16.08:127][455]LogModuleManager: Shutting down and abandoning module LocationServicesBPLibrary (242)
[2017.10.16-02.16.08:127][455]LogModuleManager: Shutting down and abandoning module ImmediatePhysicsEditor (240)
[2017.10.16-02.16.08:127][455]LogModuleManager: Shutting down and abandoning module ImmediatePhysics (238)
[2017.10.16-02.16.08:127][455]LogModuleManager: Shutting down and abandoning module UdpMessaging (236)
[2017.10.16-02.16.08:228][455]LogModuleManager: Shutting down and abandoning module TcpMessaging (234)
[2017.10.16-02.16.08:329][455]LogModuleManager: Shutting down and abandoning module GameplayTagsEditor (232)
[2017.10.16-02.16.08:329][455]LogModuleManager: Shutting down and abandoning module FacialAnimationEditor (230)
[2017.10.16-02.16.08:329][455]LogModuleManager: Shutting down and abandoning module FacialAnimation (228)
[2017.10.16-02.16.08:329][455]LogModuleManager: Shutting down and abandoning module AssetManagerEditor (226)
[2017.10.16-02.16.08:329][455]LogModuleManager: Shutting down and abandoning module GraphEditor (225)
[2017.10.16-02.16.08:330][455]LogModuleManager: Shutting down and abandoning module ContentBrowser (223)
[2017.10.16-02.16.08:332][455]LogModuleManager: Shutting down and abandoning module LightPropagationVolumeRuntime (220)
[2017.10.16-02.16.08:332][455]LogModuleManager: Shutting down and abandoning module Paper2D (218)
[2017.10.16-02.16.08:332][455]LogModuleManager: Shutting down and abandoning module WindowsMoviePlayer (216)
[2017.10.16-02.16.08:332][455]LogModuleManager: Shutting down and abandoning module WmfMedia (214)
[2017.10.16-02.16.08:333][455]LogModuleManager: Shutting down and abandoning module ClothingSystemEditor (212)
[2017.10.16-02.16.08:333][455]LogModuleManager: Shutting down and abandoning module ClothingSystemRuntime (210)
[2017.10.16-02.16.08:333][455]LogModuleManager: Shutting down and abandoning module MediaAssets (208)
[2017.10.16-02.16.08:333][455]LogModuleManager: Shutting down and abandoning module GameLiveStreaming (206)
[2017.10.16-02.16.08:333][455]LogModuleManager: Shutting down and abandoning module VREditor (204)
[2017.10.16-02.16.08:333][455]LogModuleManager: Shutting down and abandoning module StringTableEditor (202)
[2017.10.16-02.16.08:333][455]LogModuleManager: Shutting down and abandoning module GameplayTasksEditor (200)
[2017.10.16-02.16.08:333][455]LogModuleManager: Shutting down and abandoning module BehaviorTreeEditor (198)
[2017.10.16-02.16.08:333][455]LogModuleManager: Shutting down and abandoning module FunctionalTesting (196)
[2017.10.16-02.16.08:333][455]LogModuleManager: Shutting down and abandoning module CollisionAnalyzer (194)
[2017.10.16-02.16.08:333][455]LogModuleManager: Shutting down and abandoning module UMG (192)
[2017.10.16-02.16.08:333][455]LogModuleManager: Shutting down and abandoning module UMGEditor (191)
[2017.10.16-02.16.08:333][455]LogModuleManager: Shutting down and abandoning module Sequencer (190)
[2017.10.16-02.16.08:334][455]LogModuleManager: Shutting down and abandoning module AssetTools (188)
[2017.10.16-02.16.08:334][455]LogModuleManager: Shutting down and abandoning module MessageLog (187)
[2017.10.16-02.16.08:334][455]LogModuleManager: Shutting down and abandoning module WorkspaceMenuStructure (186)
[2017.10.16-02.16.08:334][455]LogModuleManager: Shutting down and abandoning module SlateReflector (180)
[2017.10.16-02.16.08:334][455]LogModuleManager: Shutting down and abandoning module Slate (178)
[2017.10.16-02.16.08:334][455]LogModuleManager: Shutting down and abandoning module EditorStyle (176)
[2017.10.16-02.16.08:342][455]LogModuleManager: Shutting down and abandoning module SourceCodeAccess (174)
[2017.10.16-02.16.08:342][455]LogModuleManager: Shutting down and abandoning module HeadMountedDisplay (172)
[2017.10.16-02.16.08:342][455]LogModuleManager: Shutting down and abandoning module XAudio2 (170)
[2017.10.16-02.16.08:342][455]LogModuleManager: Shutting down and abandoning module Networking (168)
[2017.10.16-02.16.08:342][455]LogModuleManager: Shutting down and abandoning module Core (164)
[2017.10.16-02.16.08:342][455]LogModuleManager: Shutting down and abandoning module AssetRegistry (162)
[2017.10.16-02.16.08:415][455]LogDirectoryWatcher: A directory notification for '../../../Engine/Content/' was aborted.
[2017.10.16-02.16.08:415][455]LogDirectoryWatcher: A directory notification for '../../../../../../Users/Taylor/Desktop/TGorder/Content/' was aborted.
[2017.10.16-02.16.08:415][455]LogDirectoryWatcher: A directory notification for '../../../Engine/Plugins/2D/Paper2D/Content/' was aborted.
[2017.10.16-02.16.08:415][455]LogDirectoryWatcher: A directory notification for '../../../Engine/Plugins/Runtime/GearVR/Content/' was aborted.
[2017.10.16-02.16.08:417][455]LogModuleManager: Shutting down and abandoning module DirectoryWatcher (161)
[2017.10.16-02.16.08:419][455]LogModuleManager: Shutting down and abandoning module KismetCompiler (158)
[2017.10.16-02.16.08:419][455]LogModuleManager: Shutting down and abandoning module LevelSequence (156)
[2017.10.16-02.16.08:419][455]LogModuleManager: Shutting down and abandoning module PhysXFormats (154)
[2017.10.16-02.16.08:419][455]LogModuleManager: Shutting down and abandoning module MeshUtilities (152)
[2017.10.16-02.16.08:420][455]LogModuleManager: Shutting down and abandoning module SimplygonSwarm (151)
[2017.10.16-02.16.08:420][455]LogModuleManager: Shutting down and abandoning module SimplygonMeshReduction (149)
[2017.10.16-02.16.08:420][455]LogModuleManager: Shutting down and abandoning module QuadricMeshReduction (147)
[2017.10.16-02.16.08:420][455]LogModuleManager: Shutting down and abandoning module DerivedDataCache (144)
[2017.10.16-02.16.08:447][455]LogDerivedDataCache: Shutdown
[2017.10.16-02.16.08:447][455]LogModuleManager: Shutting down and abandoning module TargetPlatform (142)
[2017.10.16-02.16.08:447][455]LogModuleManager: Shutting down and abandoning module VulkanShaderFormat (141)
[2017.10.16-02.16.08:447][455]LogModuleManager: Shutting down and abandoning module ShaderFormatVectorVM (139)
[2017.10.16-02.16.08:447][455]LogModuleManager: Shutting down and abandoning module ShaderFormatOpenGL (137)
[2017.10.16-02.16.08:447][455]LogModuleManager: Shutting down and abandoning module ShaderFormatD3D (135)
[2017.10.16-02.16.08:447][455]LogModuleManager: Shutting down and abandoning module MetalShaderFormat (133)
[2017.10.16-02.16.08:447][455]LogModuleManager: Shutting down and abandoning module TextureFormatUncompressed (131)
[2017.10.16-02.16.08:447][455]LogModuleManager: Shutting down and abandoning module TextureFormatPVR (129)
[2017.10.16-02.16.08:447][455]LogModuleManager: Shutting down and abandoning module TextureFormatDXT (127)
[2017.10.16-02.16.08:447][455]LogModuleManager: Shutting down and abandoning module TextureFormatIntelISPCTexComp (125)
[2017.10.16-02.16.08:447][455]LogModuleManager: Shutting down and abandoning module TextureFormatASTC (123)
[2017.10.16-02.16.08:447][455]LogModuleManager: Shutting down and abandoning module ImageWrapper (122)
[2017.10.16-02.16.08:447][455]LogModuleManager: Shutting down and abandoning module TextureFormatAndroid (119)
[2017.10.16-02.16.08:447][455]LogModuleManager: Shutting down and abandoning module AudioFormatOpus (117)
[2017.10.16-02.16.08:447][455]LogModuleManager: Shutting down and abandoning module AudioFormatOgg (115)
[2017.10.16-02.16.08:447][455]LogModuleManager: Shutting down and abandoning module AudioFormatADPCM (113)
[2017.10.16-02.16.08:447][455]LogModuleManager: Shutting down and abandoning module LinuxTargetPlatform (111)
[2017.10.16-02.16.08:447][455]LogModuleManager: Shutting down and abandoning module LinuxServerTargetPlatform (109)
[2017.10.16-02.16.08:447][455]LogModuleManager: Shutting down and abandoning module LinuxNoEditorTargetPlatform (107)
[2017.10.16-02.16.08:447][455]LogModuleManager: Shutting down and abandoning module LinuxClientTargetPlatform (105)
[2017.10.16-02.16.08:447][455]LogModuleManager: Shutting down and abandoning module TVOSTargetPlatform (103)
[2017.10.16-02.16.08:447][455]LogModuleManager: Shutting down and abandoning module Messaging (101)
[2017.10.16-02.16.08:447][455]LogModuleManager: Shutting down and abandoning module IOSTargetPlatform (99)
[2017.10.16-02.16.08:447][455]LogModuleManager: Shutting down and abandoning module HTML5TargetPlatform (97)
[2017.10.16-02.16.08:447][455]LogModuleManager: Shutting down and abandoning module Android_PVRTCTargetPlatform (95)
[2017.10.16-02.16.08:447][455]LogModuleManager: Shutting down and abandoning module Android_MultiTargetPlatform (93)
[2017.10.16-02.16.08:447][455]LogModuleManager: Shutting down and abandoning module Android_ETC2TargetPlatform (91)
[2017.10.16-02.16.08:447][455]LogModuleManager: Shutting down and abandoning module Android_ETC1TargetPlatform (89)
[2017.10.16-02.16.08:447][455]LogModuleManager: Shutting down and abandoning module Android_DXTTargetPlatform (87)
[2017.10.16-02.16.08:447][455]LogModuleManager: Shutting down and abandoning module Android_ATCTargetPlatform (85)
[2017.10.16-02.16.08:447][455]LogModuleManager: Shutting down and abandoning module Android_ASTCTargetPlatform (83)
[2017.10.16-02.16.08:448][455]LogModuleManager: Shutting down and abandoning module AndroidTargetPlatform (81)
[2017.10.16-02.16.08:448][455]LogModuleManager: Shutting down and abandoning module WindowsTargetPlatform (79)
[2017.10.16-02.16.08:448][455]LogModuleManager: Shutting down and abandoning module WindowsServerTargetPlatform (77)
[2017.10.16-02.16.08:448][455]LogModuleManager: Shutting down and abandoning module WindowsNoEditorTargetPlatform (75)
[2017.10.16-02.16.08:448][455]LogModuleManager: Shutting down and abandoning module WindowsClientTargetPlatform (73)
[2017.10.16-02.16.08:448][455]LogModuleManager: Shutting down and abandoning module MacTargetPlatform (71)
[2017.10.16-02.16.08:448][455]LogModuleManager: Shutting down and abandoning module MacServerTargetPlatform (69)
[2017.10.16-02.16.08:448][455]LogModuleManager: Shutting down and abandoning module MacNoEditorTargetPlatform (67)
[2017.10.16-02.16.08:448][455]LogModuleManager: Shutting down and abandoning module MacClientTargetPlatform (65)
[2017.10.16-02.16.08:448][455]LogModuleManager: Shutting down and abandoning module AllDesktopTargetPlatform (63)
[2017.10.16-02.16.08:448][455]LogModuleManager: Shutting down and abandoning module InputCore (60)
[2017.10.16-02.16.08:448][455]LogModuleManager: Shutting down and abandoning module Settings (58)
[2017.10.16-02.16.08:448][455]LogModuleManager: Shutting down and abandoning module OculusRift (56)
[2017.10.16-02.16.08:448][455]LogModuleManager: Shutting down and abandoning module GearVRController (54)
[2017.10.16-02.16.08:448][455]LogModuleManager: Shutting down and abandoning module GearVR (52)
[2017.10.16-02.16.08:448][455]LogModuleManager: Shutting down and abandoning module ExampleDeviceProfileSelector (50)
[2017.10.16-02.16.08:448][455]LogModuleManager: Shutting down and abandoning module OnlineBlueprintSupport (48)
[2017.10.16-02.16.08:448][455]LogModuleManager: Shutting down and abandoning module OnlineSubsystem (44)
[2017.10.16-02.16.08:448][455]LogOnline:Display: Unloading online subsystem: NULL
[2017.10.16-02.16.08:448][455]LogModuleManager: Shutting down and abandoning module XMPP (43)
[2017.10.16-02.16.08:448][455]LogModuleManager: Shutting down and abandoning module HTTP (41)
[2017.10.16-02.16.08:448][455]LogHttp:Display: Http module shutting down, but needs to wait on 1 outstanding Http requests:
[2017.10.16-02.16.08:448][455]LogHttp:Display: 	verb=[POST] url=[https://datarouter.ol.epicgames.com/datarouter/api/v1/public/data?SessionID=%7BAD128FF1-4F37-94F9-9558-2CAE99F3B9AA%7D&AppID=UEEditor.Rocket.Release&AppVersion=4.16.3-3561208%2B%2B%2BUE4%2BRelease-4.16&UserID=03c58bf64dafb706ae4f06a14b688c0a%7C99250427ec784fc58e8af63d9baaba26%7Ce9313f6e-9e5b-41c4-961c-b503c2b65b95&AppEnvironment=datacollector-binary&UploadType=eteventstream] status=Processing
[2017.10.16-02.16.08:462][455]LogModuleManager: Shutting down and abandoning module SSL (40)
[2017.10.16-02.16.08:463][455]LogModuleManager: Shutting down and abandoning module HTTPChunkInstaller (36)
[2017.10.16-02.16.08:463][455]LogModuleManager: Shutting down and abandoning module AnimationModifiers (34)
[2017.10.16-02.16.08:463][455]LogModuleManager: Shutting down and abandoning module PropertyEditor (33)
[2017.10.16-02.16.08:463][455]LogModuleManager: Shutting down and abandoning module AudioEditor (30)
[2017.10.16-02.16.08:463][455]LogModuleManager: Shutting down and abandoning module TextureCompressor (28)
[2017.10.16-02.16.08:463][455]LogModuleManager: Shutting down and abandoning module ShaderCore (26)
[2017.10.16-02.16.08:463][455]LogModuleManager: Shutting down and abandoning module Landscape (24)
[2017.10.16-02.16.08:463][455]LogModuleManager: Shutting down and abandoning module SlateRHIRenderer (22)
[2017.10.16-02.16.08:464][455]LogModuleManager: Shutting down and abandoning module OpenGLDrv (20)
[2017.10.16-02.16.08:464][455]LogModuleManager: Shutting down and abandoning module D3D11RHI (18)
[2017.10.16-02.16.08:464][455]LogModuleManager: Shutting down and abandoning module AnimGraphRuntime (16)
[2017.10.16-02.16.08:464][455]LogModuleManager: Shutting down and abandoning module Renderer (14)
[2017.10.16-02.16.08:464][455]LogModuleManager: Shutting down and abandoning module Engine (12)
[2017.10.16-02.16.08:464][455]LogModuleManager: Shutting down and abandoning module CoreUObject (10)
[2017.10.16-02.16.08:464][455]LogModuleManager: Shutting down and abandoning module NetworkFile (8)
[2017.10.16-02.16.08:464][455]LogModuleManager: Shutting down and abandoning module StreamingFile (6)
[2017.10.16-02.16.08:464][455]LogModuleManager: Shutting down and abandoning module SandboxFile (4)
[2017.10.16-02.16.08:464][455]LogModuleManager: Shutting down and abandoning module PakFile (2)
[2017.10.16-02.16.08:466][455]LogExit: Exiting.
[2017.10.16-02.16.08:477][455]Log file closed, 10/15/17 22:16:08
