Log file open, 10/15/17 21:50:57
LogInit:Display: Running engine for game: sep6
LogPlatformFile: Not using cached read wrapper
LogInit:Display: RandInit(2010169480) SRandInit(2010169480).
LogTaskGraph: Started task graph with 5 named threads and 8 total threads with 1 sets of task threads.
LogStats: Stats thread started at 0.083275
LogInit: Using libcurl 7.47.1
LogInit:  - built for x86_64-pc-win32
LogInit:  - supports SSL with OpenSSL/1.0.2g
LogInit:  - supports HTTP deflate (compression) using libz 1.2.8
LogInit:  - other features:
LogInit:      CURL_VERSION_SSL
LogInit:      CURL_VERSION_LIBZ
LogInit:      CURL_VERSION_IPV6
LogInit:      CURL_VERSION_ASYNCHDNS
LogInit:      CURL_VERSION_LARGEFILE
LogInit:      CURL_VERSION_IDN
LogInit:  CurlRequestOptions (configurable via config and command line):
LogInit:  - bVerifyPeer = false  - Libcurl will NOT verify peer certificate
LogInit:  - bUseHttpProxy = false  - Libcurl will NOT use HTTP proxy
LogInit:  - bDontReuseConnections = false  - Libcurl will reuse connections
LogInit:  - CertBundlePath = nullptr  - Libcurl will use whatever was configured at build time.
LogInit: Build: ++UE4+Release-4.16-CL-3561208
LogInit: Engine Version: 4.16.3-3561208+++UE4+Release-4.16
LogInit: Compatible Engine Version: 4.16.0-3452394+++UE4+Release-4.16
LogInit: Net CL: 3452394
LogDevObjectVersion: Number of dev versions registered: 16
LogDevObjectVersion:   Dev-Blueprints (B0D832E4-1F89-4F0D-ACCF-7EB736FD4AA2): 9
LogDevObjectVersion:   Dev-Build (E1C64328-A22C-4D53-A36C-8E866417BD8C): 0
LogDevObjectVersion:   Dev-Core (375EC13C-06E4-48FB-B500-84F0262A717E): 2
LogDevObjectVersion:   Dev-Editor (E4B068ED-F494-42E9-A231-DA0B2E46BB41): 17
LogDevObjectVersion:   Dev-Framework (CFFC743F-43B0-4480-9391-14DF171D2073): 23
LogDevObjectVersion:   Dev-Mobile (B02B49B5-BB20-44E9-A304-32B752E40360): 0
LogDevObjectVersion:   Dev-Networking (A4E4105C-59A1-49B5-A7C5-40C4547EDFEE): 0
LogDevObjectVersion:   Dev-Online (39C831C9-5AE6-47DC-9A44-9C173E1C8E7C): 0
LogDevObjectVersion:   Dev-Physics (78F01B33-EBEA-4F98-B9B4-84EACCB95AA2): 0
LogDevObjectVersion:   Dev-Platform (6631380F-2D4D-43E0-8009-CF276956A95A): 0
LogDevObjectVersion:   Dev-Rendering (12F88B9F-8875-4AFC-A67C-D90C383ABD29): 15
LogDevObjectVersion:   Dev-Sequencer (7B5AE74C-D270-4C10-A958-57980B212A5A): 4
LogDevObjectVersion:   Dev-VR (D7296918-1DD6-4BDD-9DE2-64A83CC13884): 0
LogDevObjectVersion:   Dev-LoadTimes (C2A15278-BFE7-4AFE-6C17-90FF531DF755): 1
LogDevObjectVersion:   Private-Geometry (6EACA3D4-40EC-4CC1-B786-8BED09428FC5): 1
LogDevObjectVersion:   Dev-AnimPhys (29E575DD-E0A3-4627-9D10-D276232CDCEA): 3
LogInit: Compiled (64-bit): Jul 28 2017 11:49:47
LogInit: Compiled with Visual C++: 19.00.24215.01
LogInit: Build Configuration: Development
LogInit: Branch Name: ++UE4+Release-4.16
LogInit: Command line:  
LogInit: Base directory: C:/Program Files/Epic Games/UE_4.16/Engine/Binaries/Win64/
LogInit: Installed Engine Build: 1
LogInit: Presizing for max 8388607 objects, including 0 objects not considered by GC, pre-allocating 0 bytes for permanent pool.
LogInit: Object subsystem initialized
[2017.10.16-01.50.57:666][  0]LogInit: Selected Device Profile: [Windows]
[2017.10.16-01.50.57:666][  0]LogInit: Applying CVar settings loaded from the selected device profile: [Windows]
[2017.10.16-01.50.57:677][  0]LogInit: Computer: GAMING
[2017.10.16-01.50.57:677][  0]LogInit: User: Taylor
[2017.10.16-01.50.57:677][  0]LogInit: CPU Page size=4096, Cores=4
[2017.10.16-01.50.57:677][  0]LogInit: High frequency timer resolution =3.410074 MHz
[2017.10.16-01.50.57:677][  0]LogMemory: Memory total: Physical=15.9GB (16GB approx)
[2017.10.16-01.50.57:677][  0]LogMemory: Platform Memory Stats for Windows
[2017.10.16-01.50.57:677][  0]LogMemory: Process Physical Memory: 272.84 MB used, 272.84 MB peak
[2017.10.16-01.50.57:677][  0]LogMemory: Process Virtual Memory: 266.53 MB used, 266.53 MB peak
[2017.10.16-01.50.57:677][  0]LogMemory: Physical Memory: 4929.12 MB used,  11329.85 MB free, 16258.96 MB total
[2017.10.16-01.50.57:677][  0]LogMemory: Virtual Memory: 643.54 MB used,  11329.85 MB free, 134217728.00 MB total
[2017.10.16-01.50.57:735][  0]LogInit: Using OS detected language (en-US).
[2017.10.16-01.50.57:735][  0]LogInit: Using OS detected locale (en-US).
[2017.10.16-01.50.57:737][  0]LogTextLocalizationManager: No specific localization for 'en-US' exists, so the 'en' localization will be used.
[2017.10.16-01.50.58:532][  0]LogD3D11RHI: D3D11 adapters:
[2017.10.16-01.50.58:568][  0]LogD3D11RHI:    0. 'NVIDIA GeForce GTX 970' (Feature Level 11_0)
[2017.10.16-01.50.58:568][  0]LogD3D11RHI:       4059/0/8129 MB DedicatedVideo/DedicatedSystem/SharedSystem, Outputs:2, VendorId:0x10de
[2017.10.16-01.50.58:573][  0]LogD3D11RHI:    1. 'Intel(R) HD Graphics 4600' (Feature Level 11_0)
[2017.10.16-01.50.58:573][  0]LogD3D11RHI:       112/0/2048 MB DedicatedVideo/DedicatedSystem/SharedSystem, Outputs:0, VendorId:0x8086
[2017.10.16-01.50.58:574][  0]LogD3D11RHI:    2. 'Microsoft Basic Render Driver' (Feature Level 11_0)
[2017.10.16-01.50.58:574][  0]LogD3D11RHI:       0/0/8129 MB DedicatedVideo/DedicatedSystem/SharedSystem, Outputs:0, VendorId:0x1414
[2017.10.16-01.50.58:574][  0]LogD3D11RHI: Chosen D3D11 Adapter: 0
[2017.10.16-01.50.58:579][  0]LogD3D11RHI: Creating new Direct3DDevice
[2017.10.16-01.50.58:579][  0]LogD3D11RHI:     GPU DeviceId: 0x13c2 (for the marketing name, search the web for "GPU Device Id")
[2017.10.16-01.50.58:579][  0]LogWindows: EnumDisplayDevices:
[2017.10.16-01.50.58:579][  0]LogWindows:    0. 'NVIDIA GeForce GTX 970' (P:1 D:1)
[2017.10.16-01.50.58:579][  0]LogWindows:    1. 'NVIDIA GeForce GTX 970' (P:0 D:1)
[2017.10.16-01.50.58:579][  0]LogWindows:    2. 'NVIDIA GeForce GTX 970' (P:0 D:0)
[2017.10.16-01.50.58:579][  0]LogWindows:    3. 'NVIDIA GeForce GTX 970' (P:0 D:0)
[2017.10.16-01.50.58:579][  0]LogWindows:    4. 'Intel(R) HD Graphics 4600' (P:0 D:0)
[2017.10.16-01.50.58:579][  0]LogWindows:    5. 'Intel(R) HD Graphics 4600' (P:0 D:0)
[2017.10.16-01.50.58:579][  0]LogWindows:    6. 'Intel(R) HD Graphics 4600' (P:0 D:0)
[2017.10.16-01.50.58:579][  0]LogWindows: DebugString: PrimaryIsNotTheChoosenAdapter PrimaryIsNotTheChoosenAdapter PrimaryIsNotTheChoosenAdapter FoundDriverCount:4 
[2017.10.16-01.50.58:579][  0]LogD3D11RHI:     Adapter Name: NVIDIA GeForce GTX 970
[2017.10.16-01.50.58:579][  0]LogD3D11RHI:   Driver Version: 382.05 (internal:22.21.13.8205, unified:382.05)
[2017.10.16-01.50.58:579][  0]LogD3D11RHI:      Driver Date: 5-1-2017
[2017.10.16-01.50.58:579][  0]LogRHI: Texture pool is 1361 MB (70% of 1945 MB)
[2017.10.16-01.50.58:604][  0]LogD3D11RHI: Async texture creation enabled
[2017.10.16-01.50.58:614][  0]LogD3D11RHI: GPU Timing Frequency: 1000.000000 (Debug: 2 1)
[2017.10.16-01.50.58:666][  0]LogShaderCompilers: Guid format shader working directory is 1 characters bigger than the processId version (../../../../../../Users/Taylor/Desktop/TGorder/Intermediate/Shaders/WorkingDirectory/6448/).
[2017.10.16-01.50.58:666][  0]LogShaderCompilers: Cleaned the shader compiler working directory 'C:/Users/Taylor/AppData/Local/Temp/UnrealShaderWorkingDir/2DEDE9E3420D559A825B9E869C4643BE/'.
[2017.10.16-01.50.58:666][  0]LogShaderCompilers:Display: Using Local Shader Compiler.
[2017.10.16-01.50.59:598][  0]LogTemp:Display: Loaded TP AllDesktopTargetPlatform
[2017.10.16-01.50.59:638][  0]LogTemp:Display: Loaded TP MacClientTargetPlatform
[2017.10.16-01.50.59:679][  0]LogTemp:Display: Loaded TP MacNoEditorTargetPlatform
[2017.10.16-01.50.59:719][  0]LogTemp:Display: Loaded TP MacServerTargetPlatform
[2017.10.16-01.50.59:760][  0]LogTemp:Display: Loaded TP MacTargetPlatform
[2017.10.16-01.50.59:802][  0]LogTemp:Display: Loaded TP WindowsClientTargetPlatform
[2017.10.16-01.50.59:843][  0]LogTemp:Display: Loaded TP WindowsNoEditorTargetPlatform
[2017.10.16-01.50.59:883][  0]LogTemp:Display: Loaded TP WindowsServerTargetPlatform
[2017.10.16-01.50.59:920][  0]LogTemp:Display: Loaded TP WindowsTargetPlatform
[2017.10.16-01.50.59:960][  0]LogTemp:Display: Loaded TP AndroidTargetPlatform
[2017.10.16-01.51.00:000][  0]LogTemp:Display: Loaded TP Android_ASTCTargetPlatform
[2017.10.16-01.51.00:040][  0]LogTemp:Display: Loaded TP Android_ATCTargetPlatform
[2017.10.16-01.51.00:080][  0]LogTemp:Display: Loaded TP Android_DXTTargetPlatform
[2017.10.16-01.51.00:122][  0]LogTemp:Display: Loaded TP Android_ETC1TargetPlatform
[2017.10.16-01.51.00:161][  0]LogTemp:Display: Loaded TP Android_ETC2TargetPlatform
[2017.10.16-01.51.00:241][  0]LogTemp:Display: Loaded TP Android_MultiTargetPlatform
[2017.10.16-01.51.00:241][  0]LogTemp:Display: Loaded TP Android_PVRTCTargetPlatform
[2017.10.16-01.51.00:274][  0]LogTemp:Display: Loaded TP HTML5TargetPlatform
[2017.10.16-01.51.00:358][  0]LogTemp:Display: Loaded TP IOSTargetPlatform
[2017.10.16-01.51.00:383][  0]LogTemp:Display: Loaded TP TVOSTargetPlatform
[2017.10.16-01.51.00:425][  0]LogTemp:Display: Loaded TP LinuxClientTargetPlatform
[2017.10.16-01.51.00:466][  0]LogTemp:Display: Loaded TP LinuxNoEditorTargetPlatform
[2017.10.16-01.51.00:506][  0]LogTemp:Display: Loaded TP LinuxServerTargetPlatform
[2017.10.16-01.51.00:547][  0]LogTemp:Display: Loaded TP LinuxTargetPlatform
[2017.10.16-01.51.00:547][  0]LogTargetPlatformManager:Display: Building Assets For Windows
[2017.10.16-01.51.00:962][  0]LogDerivedDataCache:Display: Max Cache Size: 512 MB
[2017.10.16-01.51.01:045][  0]LogDerivedDataCache: Loaded boot cache 0.08s 90MB C:/Users/Taylor/AppData/Local/UnrealEngine/4.16/DerivedDataCache/Boot.ddc.
[2017.10.16-01.51.01:045][  0]LogDerivedDataCache:Display: Loaded Boot cache: C:/Users/Taylor/AppData/Local/UnrealEngine/4.16/DerivedDataCache/Boot.ddc
[2017.10.16-01.51.01:045][  0]LogDerivedDataCache: FDerivedDataBackendGraph:  Pak pak cache file ../../../../../../Users/Taylor/Desktop/TGorder/DerivedDataCache/DDC.ddp not found, will not use a pak cache.
[2017.10.16-01.51.01:045][  0]LogDerivedDataCache: Unable to find inner node Pak for hierarchical cache Hierarchy.
[2017.10.16-01.51.01:045][  0]LogDerivedDataCache: FDerivedDataBackendGraph:  CompressedPak pak cache file ../../../../../../Users/Taylor/Desktop/TGorder/DerivedDataCache/Compressed.ddp not found, will not use a pak cache.
[2017.10.16-01.51.01:045][  0]LogDerivedDataCache: Unable to find inner node CompressedPak for hierarchical cache Hierarchy.
[2017.10.16-01.51.01:059][  0]LogDerivedDataCache:Display: Pak cache opened for reading ../../../Engine/DerivedDataCache/Compressed.ddp.
[2017.10.16-01.51.01:071][  0]LogDerivedDataCache: Using Local data cache path C:/Users/Taylor/AppData/Local/UnrealEngine/Common/DerivedDataCache: Writable
[2017.10.16-01.51.01:080][  0]LogMaterial: Verifying Global Shaders for PCD3D_SM5
[2017.10.16-01.51.01:080][  0]LogSlate: Using Freetype 2.6.0
[2017.10.16-01.51.01:080][  0]LogSlate: SlateFontCache - WITH_FREETYPE: 1, WITH_HARFBUZZ: 1
[2017.10.16-01.51.01:080][  0]LogSlate: SlateFontCache - WITH_FREETYPE: 1, WITH_HARFBUZZ: 1
[2017.10.16-01.51.01:350][  0]LogInit: Selected Device Profile: [Windows]
[2017.10.16-01.51.01:413][  0]LogContentStreaming: Texture pool size is 0.00 MB
[2017.10.16-01.51.01:548][  0]LogMeshUtilities: Using QuadricMeshReduction for automatic static mesh reduction
[2017.10.16-01.51.01:586][  0]LogSimplygon: Simplygon DLL not present - disabling.
[2017.10.16-01.51.01:627][  0]LogMeshUtilities: Using SimplygonSwarm for distributed automatic mesh merging
[2017.10.16-01.51.01:627][  0]LogMeshUtilities: No automatic skeletal mesh reduction module available
[2017.10.16-01.51.01:627][  0]LogMeshUtilities: No automatic mesh merging module available
[2017.10.16-01.51.02:092][  0]LogNetVersion: sep6 , NetCL: 3452394, EngineNetVer: 2, GameNetVer: 0 (Checksum: 1248976798)
[2017.10.16-01.51.02:148][  0]LogAssetRegistry: FAssetRegistry took 0.0243 seconds to start up
[2017.10.16-01.51.02:198][  0]LogPackageLocalizationCache: Processed 4 localized package path(s) for 2 prioritized culture(s) in 0.029724 seconds
[2017.10.16-01.51.02:203][  0]LogUObjectArray: 34194 objects as part of root set at end of initial load.
[2017.10.16-01.51.02:203][  0]LogUObjectAllocator: 7260424 out of 0 bytes used by permanent object pool.
[2017.10.16-01.51.02:203][  0]LogUObjectArray: CloseDisregardForGC: 0/0 objects in disregard for GC pool
[2017.10.16-01.51.02:257][  0]LogInit: WinSock: version 1.1 (2.2), MaxSocks=32767, MaxUdp=65467
[2017.10.16-01.51.04:243][  0]LogTcpMessaging: Initializing TcpMessaging bridge
[2017.10.16-01.51.04:279][  0]LogUdpMessaging: Initializing bridge on interface 0.0.0.0:0 to multicast group 230.0.0.1:6666.
[2017.10.16-01.51.04:812][  0]LogMaterial: Uniform references updated for custom material expression Custom.
[2017.10.16-01.51.05:142][  0]SourceControl: Info Source control is disabled
[2017.10.16-01.51.05:143][  0]SourceControl: Info Source control is disabled
[2017.10.16-01.51.05:777][  0]LogAndroidPermission: UAndroidPermissionCallbackProxy::GetInstance
[2017.10.16-01.51.06:265][  0]LogEngine: Initializing Engine...
[2017.10.16-01.51.06:266][  0]LogHMD: Failed to initialize OpenVR with code 110
[2017.10.16-01.51.06:430][  0]LogStats: UGameplayTagsManager::ConstructGameplayTagTree: Construct from data asset -  0.000 s
[2017.10.16-01.51.06:430][  0]LogStats: UGameplayTagsManager::ConstructGameplayTagTree: GameplayTagTreeChangedEvent.Broadcast -  0.000 s
[2017.10.16-01.51.06:534][  0]LogAIModule: Creating AISystem for world Untitled
[2017.10.16-01.51.06:543][  0]LogInit: XAudio2 using 'Speakers (Realtek High Definition Audio)' : 2 channels at 48 kHz using 32 bits per sample (channel mask 0x3)
[2017.10.16-01.51.06:555][  0]LogInit: FAudioDevice initialized.
[2017.10.16-01.51.06:593][  0]LogDerivedDataCache: Saved boot cache 0.04s 90MB C:/Users/Taylor/AppData/Local/UnrealEngine/4.16/DerivedDataCache/Boot.ddc.
[2017.10.16-01.51.06:606][  0]LogInit: Texture streaming: Enabled
[2017.10.16-01.51.06:684][  0]LogEngineSessionManager: EngineSessionManager initialized
[2017.10.16-01.51.06:856][  0]LogInit: Transaction tracking system initialized
[2017.10.16-01.51.07:103][  0]BlueprintLog: New page: Editor Load
[2017.10.16-01.51.07:855][  0]LocalizationService: Info Localization service is disabled
[2017.10.16-01.51.08:402][  0]LogConsoleResponse:Display: 
[2017.10.16-01.51.08:518][  0]LogCook:Display: Max memory allowance for cook 16384mb min free memory 0mb
[2017.10.16-01.51.08:518][  0]LogCook:Display: Mobile HDR setting 1
[2017.10.16-01.51.09:657][  0]LogFileCache: Scanning file cache for directory 'C:/Users/Taylor/Desktop/TGorder/Content/' took 0.01s
[2017.10.16-01.51.09:658][  0]Cmd: MAP LOAD FILE="../../../../../../Users/Taylor/Desktop/TGorder/Content/MergedLevelTest.umap" TEMPLATE=0 SHOWPROGRESS=1 FEATURELEVEL=3
[2017.10.16-01.51.09:658][  0]LogEditorServer:Warning: Can't find file '../../../../../../Users/Taylor/Desktop/TGorder/Content/MergedLevelTest.umap'
[2017.10.16-01.51.09:658][  0]Cmd: MAP CHECKDEP NOCLEARLOG
[2017.10.16-01.51.09:777][  0]MapCheck: Info Map check complete: 0 Error(s), 0 Warning(s), took 118.405ms to complete.
[2017.10.16-01.51.09:777][  0]LogFileHelpers: Loading map 'MergedLevelTest' took 0.119
[2017.10.16-01.51.09:882][  0]LogWindowsTextInputMethodSystem:Display: IME system now deactivated.
[2017.10.16-01.51.09:960][  0]LogCollectionManager: Loaded 0 collections in 0.001666 seconds
[2017.10.16-01.51.10:091][  0]LogFileCache: Scanning file cache for directory 'C:/Users/Taylor/Desktop/TGorder/Saved/Collections/' took 0.01s
[2017.10.16-01.51.10:091][  0]LogFileCache: Scanning file cache for directory 'C:/Users/Taylor/Desktop/TGorder/Content/Developers/Taylor/Collections/' took 0.01s
[2017.10.16-01.51.10:091][  0]LogFileCache: Scanning file cache for directory 'C:/Users/Taylor/Desktop/TGorder/Content/Collections/' took 0.01s
[2017.10.16-01.51.10:091][  0]LogCollectionManager: Rebuilt the GUID cache for 0 collections in 0.000002 seconds
[2017.10.16-01.51.10:102][  0]LogContentBrowser: Native class hierarchy populated in 0.0108 seconds. Added 2329 classes and 491 folders.
[2017.10.16-01.51.10:160][  0]LogContentBrowser: Native class hierarchy updated for 'WidgetCarousel' in 0.0005 seconds. Added 0 classes and 0 folders.
[2017.10.16-01.51.10:195][  0]LogContentBrowser: Native class hierarchy updated for 'AddContentDialog' in 0.0005 seconds. Added 0 classes and 0 folders.
[2017.10.16-01.51.10:231][  0]LogContentBrowser: Native class hierarchy updated for 'SceneOutliner' in 0.0006 seconds. Added 1 classes and 2 folders.
[2017.10.16-01.51.10:264][  0]LogCrashTracker: Crashtracker disabled due to settings.
[2017.10.16-01.51.10:269][  0]LogSlate: Took 0.000183 seconds to synchronously load lazily loaded font '../../../Engine/Content/Slate/Fonts/Roboto-Regular.ttf' (155K)
[2017.10.16-01.51.10:271][  0]LogSlate: Took 0.000232 seconds to synchronously load lazily loaded font '../../../Engine/Content/Slate/Fonts/Roboto-Bold.ttf' (160K)
[2017.10.16-01.51.10:276][  0]LogSlate: Took 0.000184 seconds to synchronously load lazily loaded font '../../../Engine/Content/Editor/Slate/Fonts/FontAwesome.ttf' (139K)
[2017.10.16-01.51.10:380][  0]LogSourceControl: Attempting 'p4 client -o Tgorder_Gaming_2277'
[2017.10.16-01.51.10:380][  0]LogRenderer: Reallocating scene render targets to support 1208x576 NumSamples 1 (Frame:1).
[2017.10.16-01.51.10:455][  0]LogUObjectGlobals:Warning: Failed to find object 'Class None.'
[2017.10.16-01.51.10:512][  0]LogContentBrowser: Native class hierarchy updated for 'HierarchicalLODOutliner' in 0.0005 seconds. Added 1 classes and 2 folders.
[2017.10.16-01.51.10:512][  0]LogLoad: (Engine Initialization) Total time: 14.22 seconds
[2017.10.16-01.51.10:512][  0]LogLoad: (Engine Initialization) Total Blueprint compile time: 0.04 seconds
[2017.10.16-01.51.10:512][  0]LogExternalProfiler: Found external profiler: VSPerf
[2017.10.16-01.51.10:512][  0]LogExternalProfiler: Using external profiler: VSPerf
[2017.10.16-01.51.10:521][  0]LogOcInput: OculusInput pre-init called
[2017.10.16-01.51.10:521][  0]LogHMD: Starting GearVRController plugin
[2017.10.16-01.51.10:535][  0]LogAssetRegistry: Asset discovery search completed in 8.4087 seconds
[2017.10.16-01.51.10:537][  0]LogCollectionManager: Rebuilt the object cache for 0 collections in 0.000001 seconds (found 0 objects)
[2017.10.16-01.51.10:537][  0]LogCollectionManager: Fixed up redirectors for 0 collections in 0.000019 seconds (updated 0 objects)
[2017.10.16-01.51.10:539][  0]SourceControl: Info Client Tgorder_Gaming_2277
[2017.10.16-01.51.10:539][  0]SourceControl: Info Update 2017/10/16 00:49:41
[2017.10.16-01.51.10:539][  0]SourceControl: Info Access 2017/10/16 01:48:19
[2017.10.16-01.51.10:539][  0]SourceControl: Info Owner Tgorder
[2017.10.16-01.51.10:539][  0]SourceControl: Info Host Gaming
[2017.10.16-01.51.10:539][  0]SourceControl: Info Description Created by Tgorder.

[2017.10.16-01.51.10:539][  0]SourceControl: Info Root C:\Users\Taylor\Desktop\TGorder
[2017.10.16-01.51.10:539][  0]SourceControl: Info Options noallwrite noclobber nocompress unlocked nomodtime normdir
[2017.10.16-01.51.10:539][  0]SourceControl: Info SubmitOptions submitunchanged
[2017.10.16-01.51.10:539][  0]SourceControl: Info LineEnd local
[2017.10.16-01.51.10:539][  0]SourceControl: Info View0 //depot/... //Tgorder_Gaming_2277/...
[2017.10.16-01.51.10:539][  0]SourceControl: Info specFormatted 
[2017.10.16-01.51.10:539][  0]SourceControl: Info func client-FstatInfo
[2017.10.16-01.51.10:539][  0]LogContentStreaming: Texture pool size now 1000 MB
[2017.10.16-01.51.10:575][  0]LogSlate: Took 0.000110 seconds to synchronously load lazily loaded font '../../../Engine/Content/Slate/Fonts/Roboto-Light.ttf' (159K)
[2017.10.16-01.51.11:620][124]LogSourceControl: Attempting 'p4 fstat -Or C:/Users/Taylor/Desktop/TGorder/Content/0Levels/Investigator/I_Audio.umap C:/Users/Taylor/Desktop/TGorder/Content/0Levels/Investigator/I_Core.umap C:/Users/Taylor/Desktop/TGorder/Content/0Levels/Investigator/I_DynamicAssets.umap C:/Users/Taylor/Desktop/TGorder/Content/0Levels/Investigator/I_Lighting.umap C:/Users/Taylor/Desktop/TGorder/Content/0Levels/Investigator/I_StaticAssets.umap'
[2017.10.16-01.51.12:517][229]LogSlate: Took 0.000118 seconds to synchronously load lazily loaded font '../../../Engine/Content/Slate/Fonts/Roboto-Light.ttf' (159K)
[2017.10.16-01.51.12:957][229]LogAIModule: Creating AISystem for world I_Core
[2017.10.16-01.51.13:230][229]Cmd: MAP LOAD FILE="../../../../../../Users/Taylor/Desktop/TGorder/Content/0Levels/Investigator/I_Core.umap" TEMPLATE=0 SHOWPROGRESS=1 FEATURELEVEL=3
[2017.10.16-01.51.13:230][229]LightingResults: New page: Lighting Build
[2017.10.16-01.51.13:264][229]LogContentBrowser: Native class hierarchy updated for 'StatsViewer' in 0.0005 seconds. Added 5 classes and 0 folders.
[2017.10.16-01.51.13:265][229]LoadErrors: New page: Loading map: I_Core.umap
[2017.10.16-01.51.13:285][229]MapCheck: New page: Map Check
[2017.10.16-01.51.13:285][229]LightingResults: New page: Lighting Build
[2017.10.16-01.51.13:557][229]LogEditorServer: Finished looking for orphan Actors (0.000 secs)
[2017.10.16-01.51.13:587][229]Cmd: MAP CHECKDEP NOCLEARLOG
[2017.10.16-01.51.13:630][229]MapCheck: Info Map check complete: 0 Error(s), 0 Warning(s), took 43.18ms to complete.
[2017.10.16-01.51.13:630][229]LogFileHelpers: Loading map 'I_Core' took 0.400
[2017.10.16-01.52.17:710][527]Cmd: MAP LOAD FILE="../../../../../../Users/Taylor/Desktop/TGorder/Content/0Levels/Investigator/I_Lighting.umap" TEMPLATE=0 SHOWPROGRESS=1 FEATURELEVEL=3
[2017.10.16-01.52.17:710][527]LightingResults: New page: Lighting Build
[2017.10.16-01.52.17:710][527]LoadErrors: New page: Loading map: I_Lighting.umap
[2017.10.16-01.52.17:718][527]MapCheck: New page: Map Check
[2017.10.16-01.52.17:718][527]LightingResults: New page: Lighting Build
[2017.10.16-01.52.17:733][527]LogAIModule: Creating AISystem for world I_Lighting
[2017.10.16-01.52.17:734][527]LogEditorServer: Finished looking for orphan Actors (0.000 secs)
[2017.10.16-01.52.17:759][527]Cmd: MAP CHECKDEP NOCLEARLOG
[2017.10.16-01.52.17:803][527]MapCheck: Info Map check complete: 0 Error(s), 0 Warning(s), took 43.483ms to complete.
[2017.10.16-01.52.17:803][527]LogFileHelpers: Loading map 'I_Lighting' took 0.095
[2017.10.16-01.52.28:181][749]LogContentBrowser: Native class hierarchy updated for 'WorldBrowser' in 0.0006 seconds. Added 1 classes and 3 folders.
[2017.10.16-01.52.31:391][118]LogAIModule: Creating AISystem for world I_Core
[2017.10.16-01.52.31:602][118]Cmd: MAP LOAD FILE="../../../../../../Users/Taylor/Desktop/TGorder/Content/0Levels/Investigator/I_Core.umap" TEMPLATE=0 SHOWPROGRESS=1 FEATURELEVEL=3
[2017.10.16-01.52.31:602][118]LightingResults: New page: Lighting Build
[2017.10.16-01.52.31:602][118]LoadErrors: New page: Loading map: I_Core.umap
[2017.10.16-01.52.31:603][118]MapCheck: New page: Map Check
[2017.10.16-01.52.31:603][118]LightingResults: New page: Lighting Build
[2017.10.16-01.52.31:873][118]LogEditorServer: Finished looking for orphan Actors (0.000 secs)
[2017.10.16-01.52.31:904][118]Cmd: MAP CHECKDEP NOCLEARLOG
[2017.10.16-01.52.31:947][118]MapCheck: Info Map check complete: 0 Error(s), 0 Warning(s), took 42.693ms to complete.
[2017.10.16-01.52.31:947][118]LogFileHelpers: Loading map 'I_Core' took 0.347
[2017.10.16-01.52.34:817][449]LogSourceControl: Attempting 'p4 fstat -Or C:/Users/Taylor/Desktop/TGorder/Content/0Levels/Investigator/I_Core.umap'
[2017.10.16-01.53.07:135][142]Cmd: QUIT_EDITOR
[2017.10.16-01.53.07:173][142]LogWindowsTextInputMethodSystem:Display: IME system now deactivated.
[2017.10.16-01.53.07:207][142]LogExit: Preparing to exit.
[2017.10.16-01.53.08:460][142]LogDirectoryWatcher: A directory notification for 'C:/Users/Taylor/Desktop/TGorder/Content/' was aborted.
[2017.10.16-01.53.08:513][142]LogExit: Editor shut down
[2017.10.16-01.53.08:517][142]LogExit: Transaction tracking system shut down
[2017.10.16-01.53.08:568][142]LogObj: Freed 0b from 0 cluster array pools.
[2017.10.16-01.53.08:568][142]LogExit: Object subsystem successfully closed.
[2017.10.16-01.53.08:579][142]LogD3D11RHI: Shutdown
[2017.10.16-01.53.08:579][142]LogD3D11RHI: CleanupD3DDevice
[2017.10.16-01.53.08:634][142]LogD3D11RHI: ~FD3D11DynamicRHI
[2017.10.16-01.53.08:646][142]LogModuleManager: Shutting down and abandoning module WorldBrowser (526)
[2017.10.16-01.53.08:646][142]LogModuleManager: Shutting down and abandoning module StatsViewer (524)
[2017.10.16-01.53.08:646][142]LogModuleManager: Shutting down and abandoning module HierarchicalLODOutliner (522)
[2017.10.16-01.53.08:646][142]LogModuleManager: Shutting down and abandoning module CrashTracker (520)
[2017.10.16-01.53.08:646][142]LogModuleManager: Shutting down and abandoning module SceneOutliner (518)
[2017.10.16-01.53.08:646][142]LogModuleManager: Shutting down and abandoning module AddContentDialog (516)
[2017.10.16-01.53.08:646][142]LogDirectoryWatcher: A directory notification for 'C:/Program Files/Epic Games/UE_4.16/FeaturePacks/' was aborted.
[2017.10.16-01.53.08:647][142]LogModuleManager: Shutting down and abandoning module WidgetCarousel (515)
[2017.10.16-01.53.08:647][142]LogModuleManager: Shutting down and abandoning module EditorWidgets (512)
[2017.10.16-01.53.08:647][142]LogModuleManager: Shutting down and abandoning module CollectionManager (510)
[2017.10.16-01.53.08:647][142]LogDirectoryWatcher: A directory notification for 'C:/Users/Taylor/Desktop/TGorder/Content/Collections/' was aborted.
[2017.10.16-01.53.08:647][142]LogDirectoryWatcher: A directory notification for 'C:/Users/Taylor/Desktop/TGorder/Content/Developers/Taylor/Collections/' was aborted.
[2017.10.16-01.53.08:647][142]LogDirectoryWatcher: A directory notification for 'C:/Users/Taylor/Desktop/TGorder/Saved/Collections/' was aborted.
[2017.10.16-01.53.08:647][142]LogModuleManager: Shutting down and abandoning module FoliageEdit (508)
[2017.10.16-01.53.08:647][142]LogModuleManager: Shutting down and abandoning module LandscapeEditor (506)
[2017.10.16-01.53.08:647][142]LogModuleManager: Shutting down and abandoning module MeshPaintMode (504)
[2017.10.16-01.53.08:647][142]LogModuleManager: Shutting down and abandoning module SceneDepthPickerMode (502)
[2017.10.16-01.53.08:647][142]LogModuleManager: Shutting down and abandoning module ActorPickerMode (500)
[2017.10.16-01.53.08:647][142]LogModuleManager: Shutting down and abandoning module GeometryMode (498)
[2017.10.16-01.53.08:647][142]LogModuleManager: Shutting down and abandoning module TextureAlignMode (496)
[2017.10.16-01.53.08:647][142]LogModuleManager: Shutting down and abandoning module BspMode (494)
[2017.10.16-01.53.08:647][142]LogModuleManager: Shutting down and abandoning module HardwareSurvey (492)
[2017.10.16-01.53.08:647][142]LogModuleManager: Shutting down and abandoning module SequenceRecorderSections (490)
[2017.10.16-01.53.08:647][142]LogModuleManager: Shutting down and abandoning module AutomationWorker (488)
[2017.10.16-01.53.08:647][142]LogModuleManager: Shutting down and abandoning module MatineeToLevelSequence (486)
[2017.10.16-01.53.08:647][142]LogModuleManager: Shutting down and abandoning module LevelSequenceEditor (484)
[2017.10.16-01.53.08:648][142]LogModuleManager: Shutting down and abandoning module PlacementMode (483)
[2017.10.16-01.53.08:648][142]LogModuleManager: Shutting down and abandoning module WmfMediaFactory (480)
[2017.10.16-01.53.08:648][142]LogModuleManager: Shutting down and abandoning module WmfMediaEditor (478)
[2017.10.16-01.53.08:648][142]LogModuleManager: Shutting down and abandoning module AvfMediaFactory (476)
[2017.10.16-01.53.08:648][142]LogModuleManager: Shutting down and abandoning module AvfMediaEditor (474)
[2017.10.16-01.53.08:648][142]LogModuleManager: Shutting down and abandoning module AndroidMediaFactory (472)
[2017.10.16-01.53.08:648][142]LogModuleManager: Shutting down and abandoning module Media (471)
[2017.10.16-01.53.08:648][142]LogModuleManager: Shutting down and abandoning module AndroidMediaEditor (468)
[2017.10.16-01.53.08:648][142]LogModuleManager: Shutting down and abandoning module CharacterAI (466)
[2017.10.16-01.53.08:648][142]LogModuleManager: Shutting down and abandoning module AudioCapture (464)
[2017.10.16-01.53.08:648][142]LogModuleManager: Shutting down and abandoning module SequenceRecorder (463)
[2017.10.16-01.53.08:648][142]LogModuleManager: Shutting down and abandoning module SmartSnapping (460)
[2017.10.16-01.53.08:648][142]LogModuleManager: Shutting down and abandoning module SessionServices (458)
[2017.10.16-01.53.08:648][142]LogModuleManager: Shutting down and abandoning module ViewportSnapping (456)
[2017.10.16-01.53.08:648][142]LogModuleManager: Shutting down and abandoning module ViewportInteraction (454)
[2017.10.16-01.53.08:648][142]LogModuleManager: Shutting down and abandoning module ClothPainter (452)
[2017.10.16-01.53.08:648][142]LogModuleManager: Shutting down and abandoning module LogVisualizer (450)
[2017.10.16-01.53.08:648][142]LogModuleManager: Shutting down and abandoning module IntroTutorials (448)
[2017.10.16-01.53.08:648][142]LogModuleManager: Shutting down and abandoning module GameProjectGeneration (447)
[2017.10.16-01.53.08:648][142]LogModuleManager: Shutting down and abandoning module EditorLiveStreaming (444)
[2017.10.16-01.53.08:648][142]LogModuleManager: Shutting down and abandoning module IOSPlatformEditor (442)
[2017.10.16-01.53.08:648][142]LogModuleManager: Shutting down and abandoning module HTML5PlatformEditor (440)
[2017.10.16-01.53.08:648][142]LogModuleManager: Shutting down and abandoning module AndroidPlatformEditor (438)
[2017.10.16-01.53.08:648][142]LogModuleManager: Shutting down and abandoning module AndroidDeviceDetection (437)
[2017.10.16-01.53.09:168][142]LogModuleManager: Shutting down and abandoning module IOSRuntimeSettings (434)
[2017.10.16-01.53.09:168][142]LogModuleManager: Shutting down and abandoning module AndroidRuntimeSettings (432)
[2017.10.16-01.53.09:168][142]LogModuleManager: Shutting down and abandoning module InputBindingEditor (430)
[2017.10.16-01.53.09:168][142]LogModuleManager: Shutting down and abandoning module MergeActors (428)
[2017.10.16-01.53.09:168][142]LogModuleManager: Shutting down and abandoning module SizeMap (426)
[2017.10.16-01.53.09:168][142]LogModuleManager: Shutting down and abandoning module TreeMap (424)
[2017.10.16-01.53.09:168][142]LogModuleManager: Shutting down and abandoning module ReferenceViewer (422)
[2017.10.16-01.53.09:168][142]LogModuleManager: Shutting down and abandoning module LocalizationDashboard (420)
[2017.10.16-01.53.09:168][142]LogModuleManager: Shutting down and abandoning module LocalizationService (419)
[2017.10.16-01.53.09:168][142]LogModuleManager: Shutting down and abandoning module HardwareTargeting (416)
[2017.10.16-01.53.09:169][142]LogModuleManager: Shutting down and abandoning module DeviceProfileEditor (414)
[2017.10.16-01.53.09:169][142]LogModuleManager: Shutting down and abandoning module UndoHistory (412)
[2017.10.16-01.53.09:169][142]LogModuleManager: Shutting down and abandoning module UserFeedback (410)
[2017.10.16-01.53.09:169][142]LogModuleManager: Shutting down and abandoning module XmlParser (408)
[2017.10.16-01.53.09:169][142]LogModuleManager: Shutting down and abandoning module Blutility (406)
[2017.10.16-01.53.09:169][142]LogModuleManager: Shutting down and abandoning module ProjectSettingsViewer (404)
[2017.10.16-01.53.09:169][142]LogModuleManager: Shutting down and abandoning module ProjectTargetPlatformEditor (403)
[2017.10.16-01.53.09:169][142]LogModuleManager: Shutting down and abandoning module EditorSettingsViewer (400)
[2017.10.16-01.53.09:169][142]LogModuleManager: Shutting down and abandoning module SettingsEditor (398)
[2017.10.16-01.53.09:169][142]LogModuleManager: Shutting down and abandoning module ProjectLauncher (396)
[2017.10.16-01.53.09:170][142]LogModuleManager: Shutting down and abandoning module SessionFrontend (394)
[2017.10.16-01.53.09:170][142]LogModuleManager: Shutting down and abandoning module ProfilerClient (392)
[2017.10.16-01.53.09:170][142]LogModuleManager: Shutting down and abandoning module DeviceManager (390)
[2017.10.16-01.53.09:170][142]LogModuleManager: Shutting down and abandoning module TargetDeviceServices (389)
[2017.10.16-01.53.09:222][142]LogModuleManager: Shutting down and abandoning module AutomationController (386)
[2017.10.16-01.53.09:222][142]LogModuleManager: Shutting down and abandoning module AutomationWindow (384)
[2017.10.16-01.53.09:222][142]LogModuleManager: Shutting down and abandoning module Layers (382)
[2017.10.16-01.53.09:222][142]LogModuleManager: Shutting down and abandoning module ComponentVisualizers (380)
[2017.10.16-01.53.09:222][142]LogModuleManager: Shutting down and abandoning module DetailCustomizations (378)
[2017.10.16-01.53.09:223][142]LogModuleManager: Shutting down and abandoning module PackagesDialog (376)
[2017.10.16-01.53.09:223][142]LogModuleManager: Shutting down and abandoning module Persona (374)
[2017.10.16-01.53.09:223][142]LogModuleManager: Shutting down and abandoning module AdvancedPreviewScene (373)
[2017.10.16-01.53.09:223][142]LogModuleManager: Shutting down and abandoning module AnimGraph (371)
[2017.10.16-01.53.09:223][142]LogModuleManager: Shutting down and abandoning module Kismet (368)
[2017.10.16-01.53.09:225][142]LogModuleManager: Shutting down and abandoning module ClassViewer (366)
[2017.10.16-01.53.09:225][142]LogModuleManager: Shutting down and abandoning module Toolbox (364)
[2017.10.16-01.53.09:225][142]LogModuleManager: Shutting down and abandoning module ModuleUI (362)
[2017.10.16-01.53.09:225][142]LogModuleManager: Shutting down and abandoning module MovieSceneTools (360)
[2017.10.16-01.53.09:225][142]LogModuleManager: Shutting down and abandoning module OutputLog (358)
[2017.10.16-01.53.09:225][142]LogModuleManager: Shutting down and abandoning module GammaUI (356)
[2017.10.16-01.53.09:225][142]LogModuleManager: Shutting down and abandoning module Documentation (354)
[2017.10.16-01.53.09:225][142]LogModuleManager: Shutting down and abandoning module MovieSceneTracks (352)
[2017.10.16-01.53.09:225][142]LogModuleManager: Shutting down and abandoning module MovieScene (350)
[2017.10.16-01.53.09:225][142]LogModuleManager: Shutting down and abandoning module Niagara (348)
[2017.10.16-01.53.09:225][142]LogModuleManager: Shutting down and abandoning module NiagaraEditor (347)
[2017.10.16-01.53.09:225][142]LogModuleManager: Shutting down and abandoning module StreamingPauseRendering (344)
[2017.10.16-01.53.09:225][142]LogModuleManager: Shutting down and abandoning module AnalyticsET (342)
[2017.10.16-01.53.09:225][142]LogModuleManager: Shutting down and abandoning module PortalServices (340)
[2017.10.16-01.53.09:225][142]LogModuleManager: Shutting down and abandoning module PortalRpc (338)
[2017.10.16-01.53.09:225][142]LogModuleManager: Shutting down and abandoning module MessagingRpc (336)
[2017.10.16-01.53.09:225][142]LogModuleManager: Shutting down and abandoning module AIModule (334)
[2017.10.16-01.53.09:226][142]LogModuleManager: Shutting down and abandoning module GameplayDebugger (333)
[2017.10.16-01.53.09:226][142]LogModuleManager: Shutting down and abandoning module AITestSuite (331)
[2017.10.16-01.53.09:226][142]LogModuleManager: Shutting down and abandoning module ProfilerService (328)
[2017.10.16-01.53.09:363][142]LogModuleManager: Shutting down and abandoning module TaskGraph (326)
[2017.10.16-01.53.09:363][142]LogModuleManager: Shutting down and abandoning module SteamVRController (324)
[2017.10.16-01.53.09:363][142]LogModuleManager: Shutting down and abandoning module SteamVR (322)
[2017.10.16-01.53.09:363][142]LogModuleManager: Shutting down and abandoning module ProceduralMeshComponentEditor (320)
[2017.10.16-01.53.09:363][142]LogModuleManager: Shutting down and abandoning module ProceduralMeshComponent (318)
[2017.10.16-01.53.09:363][142]LogModuleManager: Shutting down and abandoning module OculusLibrary (316)
[2017.10.16-01.53.09:363][142]LogModuleManager: Shutting down and abandoning module OculusInput (314)
[2017.10.16-01.53.09:363][142]LogModuleManager: Shutting down and abandoning module MobilePatchingUtils (312)
[2017.10.16-01.53.09:363][142]LogModuleManager: Shutting down and abandoning module CustomMeshComponent (310)
[2017.10.16-01.53.09:363][142]LogModuleManager: Shutting down and abandoning module CableComponent (308)
[2017.10.16-01.53.09:363][142]LogModuleManager: Shutting down and abandoning module ArchVisCharacter (306)
[2017.10.16-01.53.09:363][142]LogModuleManager: Shutting down and abandoning module AndroidPermission (304)
[2017.10.16-01.53.09:363][142]LogModuleManager: Shutting down and abandoning module MediaPlayerEditor (300)
[2017.10.16-01.53.09:363][142]LogModuleManager: Shutting down and abandoning module HTML5Networking (298)
[2017.10.16-01.53.09:363][142]LogModuleManager: Shutting down and abandoning module AlembicImporter (296)
[2017.10.16-01.53.09:363][142]LogModuleManager: Shutting down and abandoning module AlembicLibrary (295)
[2017.10.16-01.53.09:363][142]LogModuleManager: Shutting down and abandoning module GeometryCache (294)
[2017.10.16-01.53.09:363][142]LogModuleManager: Shutting down and abandoning module GeometryCacheEd (293)
[2017.10.16-01.53.09:363][142]LogModuleManager: Shutting down and abandoning module SuperSearchEditor (288)
[2017.10.16-01.53.09:363][142]LogModuleManager: Shutting down and abandoning module SuperSearch (287)
[2017.10.16-01.53.09:363][142]LogModuleManager: Shutting down and abandoning module SpeedTreeImporter (284)
[2017.10.16-01.53.09:364][142]LogModuleManager: Shutting down and abandoning module PluginBrowser (282)
[2017.10.16-01.53.09:364][142]LogModuleManager: Shutting down and abandoning module MobileLauncherProfileWizard (280)
[2017.10.16-01.53.09:364][142]LogModuleManager: Shutting down and abandoning module VisualStudioSourceCodeAccess (278)
[2017.10.16-01.53.09:364][142]LogModuleManager: Shutting down and abandoning module DesktopPlatform (277)
[2017.10.16-01.53.09:364][142]LogModuleManager: Shutting down and abandoning module UObjectPlugin (274)
[2017.10.16-01.53.09:364][142]LogModuleManager: Shutting down and abandoning module SubversionSourceControl (272)
[2017.10.16-01.53.09:364][142]LogModuleManager: Shutting down and abandoning module PerforceSourceControl (270)
[2017.10.16-01.53.09:364][142]LogModuleManager: Shutting down and abandoning module GitSourceControl (268)
[2017.10.16-01.53.09:364][142]LogModuleManager: Shutting down and abandoning module SourceControl (267)
[2017.10.16-01.53.09:364][142]LogModuleManager: Shutting down and abandoning module LightPropagationVolumeEditor (264)
[2017.10.16-01.53.09:364][142]LogModuleManager: Shutting down and abandoning module PaperTiledImporter (262)
[2017.10.16-01.53.09:364][142]LogModuleManager: Shutting down and abandoning module PaperSpriteSheetImporter (260)
[2017.10.16-01.53.09:364][142]LogModuleManager: Shutting down and abandoning module Paper2DEditor (258)
[2017.10.16-01.53.09:364][142]LogModuleManager: Shutting down and abandoning module MeshPaint (257)
[2017.10.16-01.53.09:364][142]LogModuleManager: Shutting down and abandoning module LevelEditor (255)
[2017.10.16-01.53.09:366][142]LogModuleManager: Shutting down and abandoning module PixelInspectorModule (254)
[2017.10.16-01.53.09:366][142]LogModuleManager: Shutting down and abandoning module MainFrame (252)
[2017.10.16-01.53.09:366][142]LogModuleManager: Shutting down and abandoning module HotReload (251)
[2017.10.16-01.53.09:368][142]LogModuleManager: Shutting down and abandoning module PhysXVehiclesEditor (246)
[2017.10.16-01.53.09:368][142]LogModuleManager: Shutting down and abandoning module PhysXVehicles (244)
[2017.10.16-01.53.09:368][142]LogModuleManager: Shutting down and abandoning module LocationServicesBPLibrary (242)
[2017.10.16-01.53.09:368][142]LogModuleManager: Shutting down and abandoning module ImmediatePhysicsEditor (240)
[2017.10.16-01.53.09:368][142]LogModuleManager: Shutting down and abandoning module ImmediatePhysics (238)
[2017.10.16-01.53.09:368][142]LogModuleManager: Shutting down and abandoning module UdpMessaging (236)
[2017.10.16-01.53.09:469][142]LogModuleManager: Shutting down and abandoning module TcpMessaging (234)
[2017.10.16-01.53.09:569][142]LogModuleManager: Shutting down and abandoning module GameplayTagsEditor (232)
[2017.10.16-01.53.09:569][142]LogModuleManager: Shutting down and abandoning module FacialAnimationEditor (230)
[2017.10.16-01.53.09:569][142]LogModuleManager: Shutting down and abandoning module FacialAnimation (228)
[2017.10.16-01.53.09:569][142]LogModuleManager: Shutting down and abandoning module AssetManagerEditor (226)
[2017.10.16-01.53.09:569][142]LogModuleManager: Shutting down and abandoning module GraphEditor (225)
[2017.10.16-01.53.09:569][142]LogModuleManager: Shutting down and abandoning module ContentBrowser (223)
[2017.10.16-01.53.09:572][142]LogModuleManager: Shutting down and abandoning module LightPropagationVolumeRuntime (220)
[2017.10.16-01.53.09:573][142]LogModuleManager: Shutting down and abandoning module Paper2D (218)
[2017.10.16-01.53.09:573][142]LogModuleManager: Shutting down and abandoning module WindowsMoviePlayer (216)
[2017.10.16-01.53.09:573][142]LogModuleManager: Shutting down and abandoning module WmfMedia (214)
[2017.10.16-01.53.09:573][142]LogModuleManager: Shutting down and abandoning module ClothingSystemEditor (212)
[2017.10.16-01.53.09:573][142]LogModuleManager: Shutting down and abandoning module ClothingSystemRuntime (210)
[2017.10.16-01.53.09:573][142]LogModuleManager: Shutting down and abandoning module MediaAssets (208)
[2017.10.16-01.53.09:573][142]LogModuleManager: Shutting down and abandoning module GameLiveStreaming (206)
[2017.10.16-01.53.09:573][142]LogModuleManager: Shutting down and abandoning module VREditor (204)
[2017.10.16-01.53.09:574][142]LogModuleManager: Shutting down and abandoning module StringTableEditor (202)
[2017.10.16-01.53.09:574][142]LogModuleManager: Shutting down and abandoning module GameplayTasksEditor (200)
[2017.10.16-01.53.09:574][142]LogModuleManager: Shutting down and abandoning module BehaviorTreeEditor (198)
[2017.10.16-01.53.09:574][142]LogModuleManager: Shutting down and abandoning module FunctionalTesting (196)
[2017.10.16-01.53.09:574][142]LogModuleManager: Shutting down and abandoning module CollisionAnalyzer (194)
[2017.10.16-01.53.09:574][142]LogModuleManager: Shutting down and abandoning module UMG (192)
[2017.10.16-01.53.09:574][142]LogModuleManager: Shutting down and abandoning module UMGEditor (191)
[2017.10.16-01.53.09:574][142]LogModuleManager: Shutting down and abandoning module Sequencer (190)
[2017.10.16-01.53.09:574][142]LogModuleManager: Shutting down and abandoning module AssetTools (188)
[2017.10.16-01.53.09:574][142]LogModuleManager: Shutting down and abandoning module MessageLog (187)
[2017.10.16-01.53.09:574][142]LogModuleManager: Shutting down and abandoning module WorkspaceMenuStructure (186)
[2017.10.16-01.53.09:574][142]LogModuleManager: Shutting down and abandoning module SlateReflector (180)
[2017.10.16-01.53.09:575][142]LogModuleManager: Shutting down and abandoning module Slate (178)
[2017.10.16-01.53.09:575][142]LogModuleManager: Shutting down and abandoning module EditorStyle (176)
[2017.10.16-01.53.09:584][142]LogModuleManager: Shutting down and abandoning module SourceCodeAccess (174)
[2017.10.16-01.53.09:584][142]LogModuleManager: Shutting down and abandoning module HeadMountedDisplay (172)
[2017.10.16-01.53.09:584][142]LogModuleManager: Shutting down and abandoning module XAudio2 (170)
[2017.10.16-01.53.09:584][142]LogModuleManager: Shutting down and abandoning module Networking (168)
[2017.10.16-01.53.09:584][142]LogModuleManager: Shutting down and abandoning module Core (164)
[2017.10.16-01.53.09:585][142]LogModuleManager: Shutting down and abandoning module AssetRegistry (162)
[2017.10.16-01.53.09:815][142]LogDirectoryWatcher: A directory notification for '../../../Engine/Content/' was aborted.
[2017.10.16-01.53.09:815][142]LogDirectoryWatcher: A directory notification for '../../../../../../Users/Taylor/Desktop/TGorder/Content/' was aborted.
[2017.10.16-01.53.09:815][142]LogDirectoryWatcher: A directory notification for '../../../Engine/Plugins/2D/Paper2D/Content/' was aborted.
[2017.10.16-01.53.09:815][142]LogDirectoryWatcher: A directory notification for '../../../Engine/Plugins/Runtime/GearVR/Content/' was aborted.
[2017.10.16-01.53.09:819][142]LogModuleManager: Shutting down and abandoning module DirectoryWatcher (161)
[2017.10.16-01.53.09:820][142]LogModuleManager: Shutting down and abandoning module KismetCompiler (158)
[2017.10.16-01.53.09:820][142]LogModuleManager: Shutting down and abandoning module LevelSequence (156)
[2017.10.16-01.53.09:820][142]LogModuleManager: Shutting down and abandoning module PhysXFormats (154)
[2017.10.16-01.53.09:820][142]LogModuleManager: Shutting down and abandoning module MeshUtilities (152)
[2017.10.16-01.53.09:820][142]LogModuleManager: Shutting down and abandoning module SimplygonSwarm (151)
[2017.10.16-01.53.09:820][142]LogModuleManager: Shutting down and abandoning module SimplygonMeshReduction (149)
[2017.10.16-01.53.09:820][142]LogModuleManager: Shutting down and abandoning module QuadricMeshReduction (147)
[2017.10.16-01.53.09:820][142]LogModuleManager: Shutting down and abandoning module DerivedDataCache (144)
[2017.10.16-01.53.09:853][142]LogDerivedDataCache: Shutdown
[2017.10.16-01.53.09:853][142]LogModuleManager: Shutting down and abandoning module TargetPlatform (142)
[2017.10.16-01.53.09:853][142]LogModuleManager: Shutting down and abandoning module VulkanShaderFormat (141)
[2017.10.16-01.53.09:853][142]LogModuleManager: Shutting down and abandoning module ShaderFormatVectorVM (139)
[2017.10.16-01.53.09:853][142]LogModuleManager: Shutting down and abandoning module ShaderFormatOpenGL (137)
[2017.10.16-01.53.09:853][142]LogModuleManager: Shutting down and abandoning module ShaderFormatD3D (135)
[2017.10.16-01.53.09:853][142]LogModuleManager: Shutting down and abandoning module MetalShaderFormat (133)
[2017.10.16-01.53.09:853][142]LogModuleManager: Shutting down and abandoning module TextureFormatUncompressed (131)
[2017.10.16-01.53.09:853][142]LogModuleManager: Shutting down and abandoning module TextureFormatPVR (129)
[2017.10.16-01.53.09:853][142]LogModuleManager: Shutting down and abandoning module TextureFormatDXT (127)
[2017.10.16-01.53.09:853][142]LogModuleManager: Shutting down and abandoning module TextureFormatIntelISPCTexComp (125)
[2017.10.16-01.53.09:853][142]LogModuleManager: Shutting down and abandoning module TextureFormatASTC (123)
[2017.10.16-01.53.09:853][142]LogModuleManager: Shutting down and abandoning module ImageWrapper (122)
[2017.10.16-01.53.09:853][142]LogModuleManager: Shutting down and abandoning module TextureFormatAndroid (119)
[2017.10.16-01.53.09:853][142]LogModuleManager: Shutting down and abandoning module AudioFormatOpus (117)
[2017.10.16-01.53.09:853][142]LogModuleManager: Shutting down and abandoning module AudioFormatOgg (115)
[2017.10.16-01.53.09:853][142]LogModuleManager: Shutting down and abandoning module AudioFormatADPCM (113)
[2017.10.16-01.53.09:853][142]LogModuleManager: Shutting down and abandoning module LinuxTargetPlatform (111)
[2017.10.16-01.53.09:853][142]LogModuleManager: Shutting down and abandoning module LinuxServerTargetPlatform (109)
[2017.10.16-01.53.09:853][142]LogModuleManager: Shutting down and abandoning module LinuxNoEditorTargetPlatform (107)
[2017.10.16-01.53.09:853][142]LogModuleManager: Shutting down and abandoning module LinuxClientTargetPlatform (105)
[2017.10.16-01.53.09:853][142]LogModuleManager: Shutting down and abandoning module TVOSTargetPlatform (103)
[2017.10.16-01.53.09:853][142]LogModuleManager: Shutting down and abandoning module Messaging (101)
[2017.10.16-01.53.09:853][142]LogModuleManager: Shutting down and abandoning module IOSTargetPlatform (99)
[2017.10.16-01.53.09:853][142]LogModuleManager: Shutting down and abandoning module HTML5TargetPlatform (97)
[2017.10.16-01.53.09:853][142]LogModuleManager: Shutting down and abandoning module Android_PVRTCTargetPlatform (95)
[2017.10.16-01.53.09:853][142]LogModuleManager: Shutting down and abandoning module Android_MultiTargetPlatform (93)
[2017.10.16-01.53.09:853][142]LogModuleManager: Shutting down and abandoning module Android_ETC2TargetPlatform (91)
[2017.10.16-01.53.09:853][142]LogModuleManager: Shutting down and abandoning module Android_ETC1TargetPlatform (89)
[2017.10.16-01.53.09:853][142]LogModuleManager: Shutting down and abandoning module Android_DXTTargetPlatform (87)
[2017.10.16-01.53.09:853][142]LogModuleManager: Shutting down and abandoning module Android_ATCTargetPlatform (85)
[2017.10.16-01.53.09:853][142]LogModuleManager: Shutting down and abandoning module Android_ASTCTargetPlatform (83)
[2017.10.16-01.53.09:853][142]LogModuleManager: Shutting down and abandoning module AndroidTargetPlatform (81)
[2017.10.16-01.53.09:853][142]LogModuleManager: Shutting down and abandoning module WindowsTargetPlatform (79)
[2017.10.16-01.53.09:853][142]LogModuleManager: Shutting down and abandoning module WindowsServerTargetPlatform (77)
[2017.10.16-01.53.09:853][142]LogModuleManager: Shutting down and abandoning module WindowsNoEditorTargetPlatform (75)
[2017.10.16-01.53.09:853][142]LogModuleManager: Shutting down and abandoning module WindowsClientTargetPlatform (73)
[2017.10.16-01.53.09:853][142]LogModuleManager: Shutting down and abandoning module MacTargetPlatform (71)
[2017.10.16-01.53.09:853][142]LogModuleManager: Shutting down and abandoning module MacServerTargetPlatform (69)
[2017.10.16-01.53.09:853][142]LogModuleManager: Shutting down and abandoning module MacNoEditorTargetPlatform (67)
[2017.10.16-01.53.09:853][142]LogModuleManager: Shutting down and abandoning module MacClientTargetPlatform (65)
[2017.10.16-01.53.09:853][142]LogModuleManager: Shutting down and abandoning module AllDesktopTargetPlatform (63)
[2017.10.16-01.53.09:853][142]LogModuleManager: Shutting down and abandoning module InputCore (60)
[2017.10.16-01.53.09:853][142]LogModuleManager: Shutting down and abandoning module Settings (58)
[2017.10.16-01.53.09:853][142]LogModuleManager: Shutting down and abandoning module OculusRift (56)
[2017.10.16-01.53.09:853][142]LogModuleManager: Shutting down and abandoning module GearVRController (54)
[2017.10.16-01.53.09:853][142]LogModuleManager: Shutting down and abandoning module GearVR (52)
[2017.10.16-01.53.09:853][142]LogModuleManager: Shutting down and abandoning module ExampleDeviceProfileSelector (50)
[2017.10.16-01.53.09:853][142]LogModuleManager: Shutting down and abandoning module OnlineBlueprintSupport (48)
[2017.10.16-01.53.09:853][142]LogModuleManager: Shutting down and abandoning module OnlineSubsystem (44)
[2017.10.16-01.53.09:853][142]LogOnline:Display: Unloading online subsystem: NULL
[2017.10.16-01.53.09:853][142]LogModuleManager: Shutting down and abandoning module XMPP (43)
[2017.10.16-01.53.09:853][142]LogModuleManager: Shutting down and abandoning module HTTP (41)
[2017.10.16-01.53.09:853][142]LogHttp:Display: Http module shutting down, but needs to wait on 1 outstanding Http requests:
[2017.10.16-01.53.09:853][142]LogHttp:Display: 	verb=[POST] url=[https://datarouter.ol.epicgames.com/datarouter/api/v1/public/data?SessionID=%7B0780C48D-4162-B904-40B0-22B2D9ACDC27%7D&AppID=UEEditor.Rocket.Release&AppVersion=4.16.3-3561208%2B%2B%2BUE4%2BRelease-4.16&UserID=03c58bf64dafb706ae4f06a14b688c0a%7C99250427ec784fc58e8af63d9baaba26%7Ce9313f6e-9e5b-41c4-961c-b503c2b65b95&AppEnvironment=datacollector-binary&UploadType=eteventstream] status=Processing
[2017.10.16-01.53.09:883][142]LogModuleManager: Shutting down and abandoning module SSL (40)
[2017.10.16-01.53.09:884][142]LogModuleManager: Shutting down and abandoning module HTTPChunkInstaller (36)
[2017.10.16-01.53.09:884][142]LogModuleManager: Shutting down and abandoning module AnimationModifiers (34)
[2017.10.16-01.53.09:884][142]LogModuleManager: Shutting down and abandoning module PropertyEditor (33)
[2017.10.16-01.53.09:884][142]LogModuleManager: Shutting down and abandoning module AudioEditor (30)
[2017.10.16-01.53.09:884][142]LogModuleManager: Shutting down and abandoning module TextureCompressor (28)
[2017.10.16-01.53.09:884][142]LogModuleManager: Shutting down and abandoning module ShaderCore (26)
[2017.10.16-01.53.09:884][142]LogModuleManager: Shutting down and abandoning module Landscape (24)
[2017.10.16-01.53.09:884][142]LogModuleManager: Shutting down and abandoning module SlateRHIRenderer (22)
[2017.10.16-01.53.09:884][142]LogModuleManager: Shutting down and abandoning module OpenGLDrv (20)
[2017.10.16-01.53.09:884][142]LogModuleManager: Shutting down and abandoning module D3D11RHI (18)
[2017.10.16-01.53.09:884][142]LogModuleManager: Shutting down and abandoning module AnimGraphRuntime (16)
[2017.10.16-01.53.09:884][142]LogModuleManager: Shutting down and abandoning module Renderer (14)
[2017.10.16-01.53.09:884][142]LogModuleManager: Shutting down and abandoning module Engine (12)
[2017.10.16-01.53.09:884][142]LogModuleManager: Shutting down and abandoning module CoreUObject (10)
[2017.10.16-01.53.09:884][142]LogModuleManager: Shutting down and abandoning module NetworkFile (8)
[2017.10.16-01.53.09:884][142]LogModuleManager: Shutting down and abandoning module StreamingFile (6)
[2017.10.16-01.53.09:884][142]LogModuleManager: Shutting down and abandoning module SandboxFile (4)
[2017.10.16-01.53.09:884][142]LogModuleManager: Shutting down and abandoning module PakFile (2)
[2017.10.16-01.53.09:886][142]LogExit: Exiting.
[2017.10.16-01.53.09:896][142]Log file closed, 10/15/17 21:53:09
