Log file open, 10/15/17 21:29:53
LogInit:Display: Running engine for game: sep6
LogPlatformFile: Not using cached read wrapper
LogInit:Display: RandInit(1996663498) SRandInit(1996663498).
LogTaskGraph: Started task graph with 5 named threads and 8 total threads with 1 sets of task threads.
LogStats: Stats thread started at 0.085070
LogInit: Using libcurl 7.47.1
LogInit:  - built for x86_64-pc-win32
LogInit:  - supports SSL with OpenSSL/1.0.2g
LogInit:  - supports HTTP deflate (compression) using libz 1.2.8
LogInit:  - other features:
LogInit:      CURL_VERSION_SSL
LogInit:      CURL_VERSION_LIBZ
LogInit:      CURL_VERSION_IPV6
LogInit:      CURL_VERSION_ASYNCHDNS
LogInit:      CURL_VERSION_LARGEFILE
LogInit:      CURL_VERSION_IDN
LogInit:  CurlRequestOptions (configurable via config and command line):
LogInit:  - bVerifyPeer = false  - Libcurl will NOT verify peer certificate
LogInit:  - bUseHttpProxy = false  - Libcurl will NOT use HTTP proxy
LogInit:  - bDontReuseConnections = false  - Libcurl will reuse connections
LogInit:  - CertBundlePath = nullptr  - Libcurl will use whatever was configured at build time.
LogInit: Build: ++UE4+Release-4.16-CL-3561208
LogInit: Engine Version: 4.16.3-3561208+++UE4+Release-4.16
LogInit: Compatible Engine Version: 4.16.0-3452394+++UE4+Release-4.16
LogInit: Net CL: 3452394
LogDevObjectVersion: Number of dev versions registered: 16
LogDevObjectVersion:   Dev-Blueprints (B0D832E4-1F89-4F0D-ACCF-7EB736FD4AA2): 9
LogDevObjectVersion:   Dev-Build (E1C64328-A22C-4D53-A36C-8E866417BD8C): 0
LogDevObjectVersion:   Dev-Core (375EC13C-06E4-48FB-B500-84F0262A717E): 2
LogDevObjectVersion:   Dev-Editor (E4B068ED-F494-42E9-A231-DA0B2E46BB41): 17
LogDevObjectVersion:   Dev-Framework (CFFC743F-43B0-4480-9391-14DF171D2073): 23
LogDevObjectVersion:   Dev-Mobile (B02B49B5-BB20-44E9-A304-32B752E40360): 0
LogDevObjectVersion:   Dev-Networking (A4E4105C-59A1-49B5-A7C5-40C4547EDFEE): 0
LogDevObjectVersion:   Dev-Online (39C831C9-5AE6-47DC-9A44-9C173E1C8E7C): 0
LogDevObjectVersion:   Dev-Physics (78F01B33-EBEA-4F98-B9B4-84EACCB95AA2): 0
LogDevObjectVersion:   Dev-Platform (6631380F-2D4D-43E0-8009-CF276956A95A): 0
LogDevObjectVersion:   Dev-Rendering (12F88B9F-8875-4AFC-A67C-D90C383ABD29): 15
LogDevObjectVersion:   Dev-Sequencer (7B5AE74C-D270-4C10-A958-57980B212A5A): 4
LogDevObjectVersion:   Dev-VR (D7296918-1DD6-4BDD-9DE2-64A83CC13884): 0
LogDevObjectVersion:   Dev-LoadTimes (C2A15278-BFE7-4AFE-6C17-90FF531DF755): 1
LogDevObjectVersion:   Private-Geometry (6EACA3D4-40EC-4CC1-B786-8BED09428FC5): 1
LogDevObjectVersion:   Dev-AnimPhys (29E575DD-E0A3-4627-9D10-D276232CDCEA): 3
LogInit: Compiled (64-bit): Jul 28 2017 11:49:47
LogInit: Compiled with Visual C++: 19.00.24215.01
LogInit: Build Configuration: Development
LogInit: Branch Name: ++UE4+Release-4.16
LogInit: Command line:  
LogInit: Base directory: C:/Program Files/Epic Games/UE_4.16/Engine/Binaries/Win64/
LogInit: Installed Engine Build: 1
LogInit: Presizing for max 8388607 objects, including 0 objects not considered by GC, pre-allocating 0 bytes for permanent pool.
LogInit: Object subsystem initialized
[2017.10.16-01.29.54:310][  0]LogInit: Selected Device Profile: [Windows]
[2017.10.16-01.29.54:310][  0]LogInit: Applying CVar settings loaded from the selected device profile: [Windows]
[2017.10.16-01.29.54:348][  0]LogInit: Computer: GAMING
[2017.10.16-01.29.54:348][  0]LogInit: User: Taylor
[2017.10.16-01.29.54:348][  0]LogInit: CPU Page size=4096, Cores=4
[2017.10.16-01.29.54:348][  0]LogInit: High frequency timer resolution =3.410074 MHz
[2017.10.16-01.29.54:349][  0]LogMemory: Memory total: Physical=15.9GB (16GB approx)
[2017.10.16-01.29.54:349][  0]LogMemory: Platform Memory Stats for Windows
[2017.10.16-01.29.54:349][  0]LogMemory: Process Physical Memory: 272.83 MB used, 272.83 MB peak
[2017.10.16-01.29.54:349][  0]LogMemory: Process Virtual Memory: 266.62 MB used, 266.62 MB peak
[2017.10.16-01.29.54:349][  0]LogMemory: Physical Memory: 4234.15 MB used,  12024.82 MB free, 16258.96 MB total
[2017.10.16-01.29.54:349][  0]LogMemory: Virtual Memory: 643.52 MB used,  12024.82 MB free, 134217728.00 MB total
[2017.10.16-01.29.54:414][  0]LogInit: Using OS detected language (en-US).
[2017.10.16-01.29.54:414][  0]LogInit: Using OS detected locale (en-US).
[2017.10.16-01.29.54:417][  0]LogTextLocalizationManager: No specific localization for 'en-US' exists, so the 'en' localization will be used.
[2017.10.16-01.29.55:193][  0]LogD3D11RHI: D3D11 adapters:
[2017.10.16-01.29.55:230][  0]LogD3D11RHI:    0. 'NVIDIA GeForce GTX 970' (Feature Level 11_0)
[2017.10.16-01.29.55:230][  0]LogD3D11RHI:       4059/0/8129 MB DedicatedVideo/DedicatedSystem/SharedSystem, Outputs:2, VendorId:0x10de
[2017.10.16-01.29.55:235][  0]LogD3D11RHI:    1. 'Intel(R) HD Graphics 4600' (Feature Level 11_0)
[2017.10.16-01.29.55:235][  0]LogD3D11RHI:       112/0/2048 MB DedicatedVideo/DedicatedSystem/SharedSystem, Outputs:0, VendorId:0x8086
[2017.10.16-01.29.55:236][  0]LogD3D11RHI:    2. 'Microsoft Basic Render Driver' (Feature Level 11_0)
[2017.10.16-01.29.55:236][  0]LogD3D11RHI:       0/0/8129 MB DedicatedVideo/DedicatedSystem/SharedSystem, Outputs:0, VendorId:0x1414
[2017.10.16-01.29.55:236][  0]LogD3D11RHI: Chosen D3D11 Adapter: 0
[2017.10.16-01.29.55:240][  0]LogD3D11RHI: Creating new Direct3DDevice
[2017.10.16-01.29.55:240][  0]LogD3D11RHI:     GPU DeviceId: 0x13c2 (for the marketing name, search the web for "GPU Device Id")
[2017.10.16-01.29.55:240][  0]LogWindows: EnumDisplayDevices:
[2017.10.16-01.29.55:240][  0]LogWindows:    0. 'NVIDIA GeForce GTX 970' (P:1 D:1)
[2017.10.16-01.29.55:240][  0]LogWindows:    1. 'NVIDIA GeForce GTX 970' (P:0 D:1)
[2017.10.16-01.29.55:240][  0]LogWindows:    2. 'NVIDIA GeForce GTX 970' (P:0 D:0)
[2017.10.16-01.29.55:241][  0]LogWindows:    3. 'NVIDIA GeForce GTX 970' (P:0 D:0)
[2017.10.16-01.29.55:241][  0]LogWindows:    4. 'Intel(R) HD Graphics 4600' (P:0 D:0)
[2017.10.16-01.29.55:241][  0]LogWindows:    5. 'Intel(R) HD Graphics 4600' (P:0 D:0)
[2017.10.16-01.29.55:241][  0]LogWindows:    6. 'Intel(R) HD Graphics 4600' (P:0 D:0)
[2017.10.16-01.29.55:241][  0]LogWindows: DebugString: PrimaryIsNotTheChoosenAdapter PrimaryIsNotTheChoosenAdapter PrimaryIsNotTheChoosenAdapter FoundDriverCount:4 
[2017.10.16-01.29.55:241][  0]LogD3D11RHI:     Adapter Name: NVIDIA GeForce GTX 970
[2017.10.16-01.29.55:241][  0]LogD3D11RHI:   Driver Version: 382.05 (internal:22.21.13.8205, unified:382.05)
[2017.10.16-01.29.55:241][  0]LogD3D11RHI:      Driver Date: 5-1-2017
[2017.10.16-01.29.55:241][  0]LogRHI: Texture pool is 1361 MB (70% of 1945 MB)
[2017.10.16-01.29.55:267][  0]LogD3D11RHI: Async texture creation enabled
[2017.10.16-01.29.55:277][  0]LogD3D11RHI: GPU Timing Frequency: 1000.000000 (Debug: 2 1)
[2017.10.16-01.29.55:326][  0]LogShaderCompilers: Guid format shader working directory is 1 characters bigger than the processId version (../../../../../../Users/Taylor/Desktop/TGorder/Intermediate/Shaders/WorkingDirectory/3152/).
[2017.10.16-01.29.55:326][  0]LogShaderCompilers: Cleaned the shader compiler working directory 'C:/Users/Taylor/AppData/Local/Temp/UnrealShaderWorkingDir/2B1D5122433B84E6B15979A26DA8D632/'.
[2017.10.16-01.29.55:326][  0]LogShaderCompilers:Display: Using Local Shader Compiler.
[2017.10.16-01.29.56:262][  0]LogTemp:Display: Loaded TP AllDesktopTargetPlatform
[2017.10.16-01.29.56:307][  0]LogTemp:Display: Loaded TP MacClientTargetPlatform
[2017.10.16-01.29.56:350][  0]LogTemp:Display: Loaded TP MacNoEditorTargetPlatform
[2017.10.16-01.29.56:391][  0]LogTemp:Display: Loaded TP MacServerTargetPlatform
[2017.10.16-01.29.56:434][  0]LogTemp:Display: Loaded TP MacTargetPlatform
[2017.10.16-01.29.56:476][  0]LogTemp:Display: Loaded TP WindowsClientTargetPlatform
[2017.10.16-01.29.56:520][  0]LogTemp:Display: Loaded TP WindowsNoEditorTargetPlatform
[2017.10.16-01.29.56:562][  0]LogTemp:Display: Loaded TP WindowsServerTargetPlatform
[2017.10.16-01.29.56:598][  0]LogTemp:Display: Loaded TP WindowsTargetPlatform
[2017.10.16-01.29.56:638][  0]LogTemp:Display: Loaded TP AndroidTargetPlatform
[2017.10.16-01.29.56:678][  0]LogTemp:Display: Loaded TP Android_ASTCTargetPlatform
[2017.10.16-01.29.56:718][  0]LogTemp:Display: Loaded TP Android_ATCTargetPlatform
[2017.10.16-01.29.56:757][  0]LogTemp:Display: Loaded TP Android_DXTTargetPlatform
[2017.10.16-01.29.56:796][  0]LogTemp:Display: Loaded TP Android_ETC1TargetPlatform
[2017.10.16-01.29.56:836][  0]LogTemp:Display: Loaded TP Android_ETC2TargetPlatform
[2017.10.16-01.29.56:915][  0]LogTemp:Display: Loaded TP Android_MultiTargetPlatform
[2017.10.16-01.29.56:915][  0]LogTemp:Display: Loaded TP Android_PVRTCTargetPlatform
[2017.10.16-01.29.56:947][  0]LogTemp:Display: Loaded TP HTML5TargetPlatform
[2017.10.16-01.29.57:026][  0]LogTemp:Display: Loaded TP IOSTargetPlatform
[2017.10.16-01.29.57:051][  0]LogTemp:Display: Loaded TP TVOSTargetPlatform
[2017.10.16-01.29.57:090][  0]LogTemp:Display: Loaded TP LinuxClientTargetPlatform
[2017.10.16-01.29.57:130][  0]LogTemp:Display: Loaded TP LinuxNoEditorTargetPlatform
[2017.10.16-01.29.57:170][  0]LogTemp:Display: Loaded TP LinuxServerTargetPlatform
[2017.10.16-01.29.57:211][  0]LogTemp:Display: Loaded TP LinuxTargetPlatform
[2017.10.16-01.29.57:211][  0]LogTargetPlatformManager:Display: Building Assets For Windows
[2017.10.16-01.29.57:631][  0]LogDerivedDataCache:Display: Max Cache Size: 512 MB
[2017.10.16-01.29.57:714][  0]LogDerivedDataCache: Loaded boot cache 0.08s 90MB C:/Users/Taylor/AppData/Local/UnrealEngine/4.16/DerivedDataCache/Boot.ddc.
[2017.10.16-01.29.57:714][  0]LogDerivedDataCache:Display: Loaded Boot cache: C:/Users/Taylor/AppData/Local/UnrealEngine/4.16/DerivedDataCache/Boot.ddc
[2017.10.16-01.29.57:714][  0]LogDerivedDataCache: FDerivedDataBackendGraph:  Pak pak cache file ../../../../../../Users/Taylor/Desktop/TGorder/DerivedDataCache/DDC.ddp not found, will not use a pak cache.
[2017.10.16-01.29.57:714][  0]LogDerivedDataCache: Unable to find inner node Pak for hierarchical cache Hierarchy.
[2017.10.16-01.29.57:714][  0]LogDerivedDataCache: FDerivedDataBackendGraph:  CompressedPak pak cache file ../../../../../../Users/Taylor/Desktop/TGorder/DerivedDataCache/Compressed.ddp not found, will not use a pak cache.
[2017.10.16-01.29.57:714][  0]LogDerivedDataCache: Unable to find inner node CompressedPak for hierarchical cache Hierarchy.
[2017.10.16-01.29.57:743][  0]LogDerivedDataCache:Display: Pak cache opened for reading ../../../Engine/DerivedDataCache/Compressed.ddp.
[2017.10.16-01.29.57:755][  0]LogDerivedDataCache: Using Local data cache path C:/Users/Taylor/AppData/Local/UnrealEngine/Common/DerivedDataCache: Writable
[2017.10.16-01.29.57:763][  0]LogMaterial: Verifying Global Shaders for PCD3D_SM5
[2017.10.16-01.29.57:764][  0]LogSlate: Using Freetype 2.6.0
[2017.10.16-01.29.57:770][  0]LogSlate: SlateFontCache - WITH_FREETYPE: 1, WITH_HARFBUZZ: 1
[2017.10.16-01.29.57:770][  0]LogSlate: SlateFontCache - WITH_FREETYPE: 1, WITH_HARFBUZZ: 1
[2017.10.16-01.29.58:036][  0]LogInit: Selected Device Profile: [Windows]
[2017.10.16-01.29.58:099][  0]LogContentStreaming: Texture pool size is 0.00 MB
[2017.10.16-01.29.58:248][  0]LogMeshUtilities: Using QuadricMeshReduction for automatic static mesh reduction
[2017.10.16-01.29.58:285][  0]LogSimplygon: Simplygon DLL not present - disabling.
[2017.10.16-01.29.58:325][  0]LogMeshUtilities: Using SimplygonSwarm for distributed automatic mesh merging
[2017.10.16-01.29.58:325][  0]LogMeshUtilities: No automatic skeletal mesh reduction module available
[2017.10.16-01.29.58:325][  0]LogMeshUtilities: No automatic mesh merging module available
[2017.10.16-01.29.58:782][  0]LogNetVersion: sep6 , NetCL: 3452394, EngineNetVer: 2, GameNetVer: 0 (Checksum: 1248976798)
[2017.10.16-01.29.58:840][  0]LogAssetRegistry: FAssetRegistry took 0.0245 seconds to start up
[2017.10.16-01.29.58:893][  0]LogPackageLocalizationCache: Processed 4 localized package path(s) for 2 prioritized culture(s) in 0.033313 seconds
[2017.10.16-01.29.58:898][  0]LogUObjectArray: 34194 objects as part of root set at end of initial load.
[2017.10.16-01.29.58:898][  0]LogUObjectAllocator: 7260424 out of 0 bytes used by permanent object pool.
[2017.10.16-01.29.58:898][  0]LogUObjectArray: CloseDisregardForGC: 0/0 objects in disregard for GC pool
[2017.10.16-01.29.58:952][  0]LogInit: WinSock: version 1.1 (2.2), MaxSocks=32767, MaxUdp=65467
[2017.10.16-01.30.00:949][  0]LogTcpMessaging: Initializing TcpMessaging bridge
[2017.10.16-01.30.00:986][  0]LogUdpMessaging: Initializing bridge on interface 0.0.0.0:0 to multicast group 230.0.0.1:6666.
[2017.10.16-01.30.01:479][  0]LogMaterial: Uniform references updated for custom material expression Custom.
[2017.10.16-01.30.01:819][  0]SourceControl: Info Source control is disabled
[2017.10.16-01.30.01:820][  0]SourceControl: Info Source control is disabled
[2017.10.16-01.30.02:466][  0]LogAndroidPermission: UAndroidPermissionCallbackProxy::GetInstance
[2017.10.16-01.30.02:971][  0]LogEngine: Initializing Engine...
[2017.10.16-01.30.02:972][  0]LogHMD: Failed to initialize OpenVR with code 110
[2017.10.16-01.30.03:137][  0]LogStats: UGameplayTagsManager::ConstructGameplayTagTree: Construct from data asset -  0.000 s
[2017.10.16-01.30.03:137][  0]LogStats: UGameplayTagsManager::ConstructGameplayTagTree: GameplayTagTreeChangedEvent.Broadcast -  0.000 s
[2017.10.16-01.30.03:246][  0]LogAIModule: Creating AISystem for world Untitled
[2017.10.16-01.30.03:255][  0]LogInit: XAudio2 using 'Speakers (Realtek High Definition Audio)' : 2 channels at 48 kHz using 32 bits per sample (channel mask 0x3)
[2017.10.16-01.30.03:267][  0]LogInit: FAudioDevice initialized.
[2017.10.16-01.30.03:312][  0]LogDerivedDataCache: Saved boot cache 0.05s 90MB C:/Users/Taylor/AppData/Local/UnrealEngine/4.16/DerivedDataCache/Boot.ddc.
[2017.10.16-01.30.03:323][  0]LogInit: Texture streaming: Enabled
[2017.10.16-01.30.03:403][  0]LogEngineSessionManager: EngineSessionManager initialized
[2017.10.16-01.30.03:576][  0]LogInit: Transaction tracking system initialized
[2017.10.16-01.30.03:827][  0]BlueprintLog: New page: Editor Load
[2017.10.16-01.30.04:590][  0]LocalizationService: Info Localization service is disabled
[2017.10.16-01.30.05:146][  0]LogConsoleResponse:Display: 
[2017.10.16-01.30.05:265][  0]LogCook:Display: Max memory allowance for cook 16384mb min free memory 0mb
[2017.10.16-01.30.05:265][  0]LogCook:Display: Mobile HDR setting 1
[2017.10.16-01.30.06:065][  0]LogFileCache: Scanning file cache for directory 'C:/Users/Taylor/Desktop/TGorder/Content/' took 0.01s
[2017.10.16-01.30.06:283][  0]Cmd: MAP LOAD FILE="../../../../../../Users/Taylor/Desktop/TGorder/Content/MergedLevelTest.umap" TEMPLATE=0 SHOWPROGRESS=1 FEATURELEVEL=3
[2017.10.16-01.30.06:283][  0]LogEditorServer:Warning: Can't find file '../../../../../../Users/Taylor/Desktop/TGorder/Content/MergedLevelTest.umap'
[2017.10.16-01.30.06:283][  0]Cmd: MAP CHECKDEP NOCLEARLOG
[2017.10.16-01.30.06:414][  0]MapCheck: Info Map check complete: 0 Error(s), 0 Warning(s), took 130.812ms to complete.
[2017.10.16-01.30.06:414][  0]LogFileHelpers: Loading map 'MergedLevelTest' took 0.132
[2017.10.16-01.30.06:527][  0]LogWindowsTextInputMethodSystem:Display: IME system now deactivated.
[2017.10.16-01.30.06:618][  0]LogCollectionManager: Loaded 0 collections in 0.001474 seconds
[2017.10.16-01.30.06:689][  0]LogFileCache: Scanning file cache for directory 'C:/Users/Taylor/Desktop/TGorder/Saved/Collections/' took 0.01s
[2017.10.16-01.30.06:689][  0]LogFileCache: Scanning file cache for directory 'C:/Users/Taylor/Desktop/TGorder/Content/Developers/Taylor/Collections/' took 0.01s
[2017.10.16-01.30.06:689][  0]LogFileCache: Scanning file cache for directory 'C:/Users/Taylor/Desktop/TGorder/Content/Collections/' took 0.01s
[2017.10.16-01.30.06:689][  0]LogCollectionManager: Rebuilt the GUID cache for 0 collections in 0.000001 seconds
[2017.10.16-01.30.06:697][  0]LogContentBrowser: Native class hierarchy populated in 0.0072 seconds. Added 2329 classes and 491 folders.
[2017.10.16-01.30.06:750][  0]LogContentBrowser: Native class hierarchy updated for 'WidgetCarousel' in 0.0005 seconds. Added 0 classes and 0 folders.
[2017.10.16-01.30.06:782][  0]LogSourceControl: Attempting 'p4 client -o Tgorder_Gaming_2277'
[2017.10.16-01.30.06:782][  0]LogContentBrowser: Native class hierarchy updated for 'AddContentDialog' in 0.0005 seconds. Added 0 classes and 0 folders.
[2017.10.16-01.30.06:817][  0]LogContentBrowser: Native class hierarchy updated for 'SceneOutliner' in 0.0005 seconds. Added 1 classes and 2 folders.
[2017.10.16-01.30.06:849][  0]LogCrashTracker: Crashtracker disabled due to settings.
[2017.10.16-01.30.06:854][  0]LogSlate: Took 0.000235 seconds to synchronously load lazily loaded font '../../../Engine/Content/Slate/Fonts/Roboto-Regular.ttf' (155K)
[2017.10.16-01.30.06:855][  0]LogSlate: Took 0.000151 seconds to synchronously load lazily loaded font '../../../Engine/Content/Slate/Fonts/Roboto-Bold.ttf' (160K)
[2017.10.16-01.30.06:861][  0]LogSlate: Took 0.000217 seconds to synchronously load lazily loaded font '../../../Engine/Content/Editor/Slate/Fonts/FontAwesome.ttf' (139K)
[2017.10.16-01.30.06:967][  0]LogRenderer: Reallocating scene render targets to support 1208x576 NumSamples 1 (Frame:1).
[2017.10.16-01.30.07:044][  0]LogUObjectGlobals:Warning: Failed to find object 'Class None.'
[2017.10.16-01.30.07:103][  0]LogContentBrowser: Native class hierarchy updated for 'HierarchicalLODOutliner' in 0.0005 seconds. Added 1 classes and 2 folders.
[2017.10.16-01.30.07:103][  0]LogLoad: (Engine Initialization) Total time: 14.27 seconds
[2017.10.16-01.30.07:103][  0]LogLoad: (Engine Initialization) Total Blueprint compile time: 0.04 seconds
[2017.10.16-01.30.07:103][  0]LogExternalProfiler: Found external profiler: VSPerf
[2017.10.16-01.30.07:103][  0]LogExternalProfiler: Using external profiler: VSPerf
[2017.10.16-01.30.07:114][  0]LogOcInput: OculusInput pre-init called
[2017.10.16-01.30.07:114][  0]LogHMD: Starting GearVRController plugin
[2017.10.16-01.30.07:128][  0]LogAssetRegistry: Asset discovery search completed in 8.3095 seconds
[2017.10.16-01.30.07:129][  0]LogCollectionManager: Rebuilt the object cache for 0 collections in 0.000001 seconds (found 0 objects)
[2017.10.16-01.30.07:129][  0]LogCollectionManager: Fixed up redirectors for 0 collections in 0.000021 seconds (updated 0 objects)
[2017.10.16-01.30.07:132][  0]SourceControl: Info Client Tgorder_Gaming_2277
[2017.10.16-01.30.07:132][  0]SourceControl: Info Update 2017/10/16 00:49:41
[2017.10.16-01.30.07:132][  0]SourceControl: Info Access 2017/10/16 01:28:19
[2017.10.16-01.30.07:132][  0]SourceControl: Info Owner Tgorder
[2017.10.16-01.30.07:132][  0]SourceControl: Info Host Gaming
[2017.10.16-01.30.07:132][  0]SourceControl: Info Description Created by Tgorder.

[2017.10.16-01.30.07:132][  0]SourceControl: Info Root C:\Users\Taylor\Desktop\TGorder
[2017.10.16-01.30.07:132][  0]SourceControl: Info Options noallwrite noclobber nocompress unlocked nomodtime normdir
[2017.10.16-01.30.07:132][  0]SourceControl: Info SubmitOptions submitunchanged
[2017.10.16-01.30.07:132][  0]SourceControl: Info LineEnd local
[2017.10.16-01.30.07:132][  0]SourceControl: Info View0 //depot/... //Tgorder_Gaming_2277/...
[2017.10.16-01.30.07:132][  0]SourceControl: Info specFormatted 
[2017.10.16-01.30.07:132][  0]SourceControl: Info func client-FstatInfo
[2017.10.16-01.30.07:132][  0]LogContentStreaming: Texture pool size now 1000 MB
[2017.10.16-01.30.07:168][  0]LogSlate: Took 0.000112 seconds to synchronously load lazily loaded font '../../../Engine/Content/Slate/Fonts/Roboto-Light.ttf' (159K)
[2017.10.16-01.30.08:198][116]LogSourceControl: Attempting 'p4 fstat -Or C:/Users/Taylor/Desktop/TGorder/Content/0Levels/Investigator/I_Audio.umap C:/Users/Taylor/Desktop/TGorder/Content/0Levels/Investigator/I_Core.umap C:/Users/Taylor/Desktop/TGorder/Content/0Levels/Investigator/I_DynamicAssets.umap C:/Users/Taylor/Desktop/TGorder/Content/0Levels/Investigator/I_Lighting.umap C:/Users/Taylor/Desktop/TGorder/Content/0Levels/Investigator/I_StaticAssets.umap'
[2017.10.16-01.31.48:544][146]LogWindowsTextInputMethodSystem:Display: IME system now deactivated.
[2017.10.16-01.31.48:545][146]LogWindowsTextInputMethodSystem:Display: IME system now deactivated.
[2017.10.16-01.31.48:703][147]Cmd: QUIT_EDITOR
[2017.10.16-01.31.48:745][147]LogExit: Preparing to exit.
[2017.10.16-01.31.49:169][147]LogDirectoryWatcher: A directory notification for 'C:/Users/Taylor/Desktop/TGorder/Content/' was aborted.
[2017.10.16-01.31.49:209][147]LogExit: Editor shut down
[2017.10.16-01.31.49:216][147]LogExit: Transaction tracking system shut down
[2017.10.16-01.31.49:287][147]LogObj: Freed 0b from 0 cluster array pools.
[2017.10.16-01.31.49:287][147]LogExit: Object subsystem successfully closed.
[2017.10.16-01.31.49:311][147]LogD3D11RHI: Shutdown
[2017.10.16-01.31.49:311][147]LogD3D11RHI: CleanupD3DDevice
[2017.10.16-01.31.49:372][147]LogD3D11RHI: ~FD3D11DynamicRHI
[2017.10.16-01.31.49:393][147]LogModuleManager: Shutting down and abandoning module HierarchicalLODOutliner (522)
[2017.10.16-01.31.49:393][147]LogModuleManager: Shutting down and abandoning module CrashTracker (520)
[2017.10.16-01.31.49:393][147]LogModuleManager: Shutting down and abandoning module SceneOutliner (518)
[2017.10.16-01.31.49:393][147]LogModuleManager: Shutting down and abandoning module AddContentDialog (516)
[2017.10.16-01.31.49:393][147]LogDirectoryWatcher: A directory notification for 'C:/Program Files/Epic Games/UE_4.16/FeaturePacks/' was aborted.
[2017.10.16-01.31.49:395][147]LogModuleManager: Shutting down and abandoning module WidgetCarousel (515)
[2017.10.16-01.31.49:395][147]LogModuleManager: Shutting down and abandoning module EditorWidgets (512)
[2017.10.16-01.31.49:395][147]LogModuleManager: Shutting down and abandoning module CollectionManager (510)
[2017.10.16-01.31.49:395][147]LogDirectoryWatcher: A directory notification for 'C:/Users/Taylor/Desktop/TGorder/Content/Collections/' was aborted.
[2017.10.16-01.31.49:395][147]LogDirectoryWatcher: A directory notification for 'C:/Users/Taylor/Desktop/TGorder/Content/Developers/Taylor/Collections/' was aborted.
[2017.10.16-01.31.49:395][147]LogDirectoryWatcher: A directory notification for 'C:/Users/Taylor/Desktop/TGorder/Saved/Collections/' was aborted.
[2017.10.16-01.31.49:395][147]LogModuleManager: Shutting down and abandoning module FoliageEdit (508)
[2017.10.16-01.31.49:395][147]LogModuleManager: Shutting down and abandoning module LandscapeEditor (506)
[2017.10.16-01.31.49:395][147]LogModuleManager: Shutting down and abandoning module MeshPaintMode (504)
[2017.10.16-01.31.49:395][147]LogModuleManager: Shutting down and abandoning module SceneDepthPickerMode (502)
[2017.10.16-01.31.49:395][147]LogModuleManager: Shutting down and abandoning module ActorPickerMode (500)
[2017.10.16-01.31.49:395][147]LogModuleManager: Shutting down and abandoning module GeometryMode (498)
[2017.10.16-01.31.49:395][147]LogModuleManager: Shutting down and abandoning module TextureAlignMode (496)
[2017.10.16-01.31.49:395][147]LogModuleManager: Shutting down and abandoning module BspMode (494)
[2017.10.16-01.31.49:395][147]LogModuleManager: Shutting down and abandoning module HardwareSurvey (492)
[2017.10.16-01.31.49:395][147]LogModuleManager: Shutting down and abandoning module SequenceRecorderSections (490)
[2017.10.16-01.31.49:395][147]LogModuleManager: Shutting down and abandoning module AutomationWorker (488)
[2017.10.16-01.31.49:395][147]LogModuleManager: Shutting down and abandoning module MatineeToLevelSequence (486)
[2017.10.16-01.31.49:395][147]LogModuleManager: Shutting down and abandoning module LevelSequenceEditor (484)
[2017.10.16-01.31.49:395][147]LogModuleManager: Shutting down and abandoning module PlacementMode (483)
[2017.10.16-01.31.49:395][147]LogModuleManager: Shutting down and abandoning module WmfMediaFactory (480)
[2017.10.16-01.31.49:395][147]LogModuleManager: Shutting down and abandoning module WmfMediaEditor (478)
[2017.10.16-01.31.49:395][147]LogModuleManager: Shutting down and abandoning module AvfMediaFactory (476)
[2017.10.16-01.31.49:395][147]LogModuleManager: Shutting down and abandoning module AvfMediaEditor (474)
[2017.10.16-01.31.49:395][147]LogModuleManager: Shutting down and abandoning module AndroidMediaFactory (472)
[2017.10.16-01.31.49:395][147]LogModuleManager: Shutting down and abandoning module Media (471)
[2017.10.16-01.31.49:395][147]LogModuleManager: Shutting down and abandoning module AndroidMediaEditor (468)
[2017.10.16-01.31.49:395][147]LogModuleManager: Shutting down and abandoning module CharacterAI (466)
[2017.10.16-01.31.49:395][147]LogModuleManager: Shutting down and abandoning module AudioCapture (464)
[2017.10.16-01.31.49:395][147]LogModuleManager: Shutting down and abandoning module SequenceRecorder (463)
[2017.10.16-01.31.49:395][147]LogModuleManager: Shutting down and abandoning module SmartSnapping (460)
[2017.10.16-01.31.49:395][147]LogModuleManager: Shutting down and abandoning module SessionServices (458)
[2017.10.16-01.31.49:395][147]LogModuleManager: Shutting down and abandoning module ViewportSnapping (456)
[2017.10.16-01.31.49:395][147]LogModuleManager: Shutting down and abandoning module ViewportInteraction (454)
[2017.10.16-01.31.49:395][147]LogModuleManager: Shutting down and abandoning module ClothPainter (452)
[2017.10.16-01.31.49:395][147]LogModuleManager: Shutting down and abandoning module LogVisualizer (450)
[2017.10.16-01.31.49:396][147]LogModuleManager: Shutting down and abandoning module IntroTutorials (448)
[2017.10.16-01.31.49:396][147]LogModuleManager: Shutting down and abandoning module GameProjectGeneration (447)
[2017.10.16-01.31.49:396][147]LogModuleManager: Shutting down and abandoning module EditorLiveStreaming (444)
[2017.10.16-01.31.49:396][147]LogModuleManager: Shutting down and abandoning module IOSPlatformEditor (442)
[2017.10.16-01.31.49:396][147]LogModuleManager: Shutting down and abandoning module HTML5PlatformEditor (440)
[2017.10.16-01.31.49:396][147]LogModuleManager: Shutting down and abandoning module AndroidPlatformEditor (438)
[2017.10.16-01.31.49:396][147]LogModuleManager: Shutting down and abandoning module AndroidDeviceDetection (437)
[2017.10.16-01.31.49:893][147]LogModuleManager: Shutting down and abandoning module IOSRuntimeSettings (434)
[2017.10.16-01.31.49:893][147]LogModuleManager: Shutting down and abandoning module AndroidRuntimeSettings (432)
[2017.10.16-01.31.49:893][147]LogModuleManager: Shutting down and abandoning module InputBindingEditor (430)
[2017.10.16-01.31.49:893][147]LogModuleManager: Shutting down and abandoning module MergeActors (428)
[2017.10.16-01.31.49:893][147]LogModuleManager: Shutting down and abandoning module SizeMap (426)
[2017.10.16-01.31.49:894][147]LogModuleManager: Shutting down and abandoning module TreeMap (424)
[2017.10.16-01.31.49:894][147]LogModuleManager: Shutting down and abandoning module ReferenceViewer (422)
[2017.10.16-01.31.49:894][147]LogModuleManager: Shutting down and abandoning module LocalizationDashboard (420)
[2017.10.16-01.31.49:894][147]LogModuleManager: Shutting down and abandoning module LocalizationService (419)
[2017.10.16-01.31.49:894][147]LogModuleManager: Shutting down and abandoning module HardwareTargeting (416)
[2017.10.16-01.31.49:894][147]LogModuleManager: Shutting down and abandoning module DeviceProfileEditor (414)
[2017.10.16-01.31.49:894][147]LogModuleManager: Shutting down and abandoning module UndoHistory (412)
[2017.10.16-01.31.49:894][147]LogModuleManager: Shutting down and abandoning module UserFeedback (410)
[2017.10.16-01.31.49:894][147]LogModuleManager: Shutting down and abandoning module XmlParser (408)
[2017.10.16-01.31.49:894][147]LogModuleManager: Shutting down and abandoning module Blutility (406)
[2017.10.16-01.31.49:894][147]LogModuleManager: Shutting down and abandoning module ProjectSettingsViewer (404)
[2017.10.16-01.31.49:894][147]LogModuleManager: Shutting down and abandoning module ProjectTargetPlatformEditor (403)
[2017.10.16-01.31.49:894][147]LogModuleManager: Shutting down and abandoning module EditorSettingsViewer (400)
[2017.10.16-01.31.49:894][147]LogModuleManager: Shutting down and abandoning module SettingsEditor (398)
[2017.10.16-01.31.49:894][147]LogModuleManager: Shutting down and abandoning module ProjectLauncher (396)
[2017.10.16-01.31.49:894][147]LogModuleManager: Shutting down and abandoning module SessionFrontend (394)
[2017.10.16-01.31.49:894][147]LogModuleManager: Shutting down and abandoning module ProfilerClient (392)
[2017.10.16-01.31.49:894][147]LogModuleManager: Shutting down and abandoning module DeviceManager (390)
[2017.10.16-01.31.49:894][147]LogModuleManager: Shutting down and abandoning module TargetDeviceServices (389)
[2017.10.16-01.31.49:947][147]LogModuleManager: Shutting down and abandoning module AutomationController (386)
[2017.10.16-01.31.49:947][147]LogModuleManager: Shutting down and abandoning module AutomationWindow (384)
[2017.10.16-01.31.49:947][147]LogModuleManager: Shutting down and abandoning module Layers (382)
[2017.10.16-01.31.49:947][147]LogModuleManager: Shutting down and abandoning module ComponentVisualizers (380)
[2017.10.16-01.31.49:947][147]LogModuleManager: Shutting down and abandoning module DetailCustomizations (378)
[2017.10.16-01.31.49:947][147]LogModuleManager: Shutting down and abandoning module PackagesDialog (376)
[2017.10.16-01.31.49:947][147]LogModuleManager: Shutting down and abandoning module Persona (374)
[2017.10.16-01.31.49:947][147]LogModuleManager: Shutting down and abandoning module AdvancedPreviewScene (373)
[2017.10.16-01.31.49:947][147]LogModuleManager: Shutting down and abandoning module AnimGraph (371)
[2017.10.16-01.31.49:947][147]LogModuleManager: Shutting down and abandoning module Kismet (368)
[2017.10.16-01.31.49:947][147]LogModuleManager: Shutting down and abandoning module ClassViewer (366)
[2017.10.16-01.31.49:947][147]LogModuleManager: Shutting down and abandoning module Toolbox (364)
[2017.10.16-01.31.49:947][147]LogModuleManager: Shutting down and abandoning module ModuleUI (362)
[2017.10.16-01.31.49:947][147]LogModuleManager: Shutting down and abandoning module MovieSceneTools (360)
[2017.10.16-01.31.49:947][147]LogModuleManager: Shutting down and abandoning module OutputLog (358)
[2017.10.16-01.31.49:947][147]LogModuleManager: Shutting down and abandoning module GammaUI (356)
[2017.10.16-01.31.49:947][147]LogModuleManager: Shutting down and abandoning module Documentation (354)
[2017.10.16-01.31.49:947][147]LogModuleManager: Shutting down and abandoning module MovieSceneTracks (352)
[2017.10.16-01.31.49:947][147]LogModuleManager: Shutting down and abandoning module MovieScene (350)
[2017.10.16-01.31.49:947][147]LogModuleManager: Shutting down and abandoning module Niagara (348)
[2017.10.16-01.31.49:947][147]LogModuleManager: Shutting down and abandoning module NiagaraEditor (347)
[2017.10.16-01.31.49:948][147]LogModuleManager: Shutting down and abandoning module StreamingPauseRendering (344)
[2017.10.16-01.31.49:948][147]LogModuleManager: Shutting down and abandoning module AnalyticsET (342)
[2017.10.16-01.31.49:948][147]LogModuleManager: Shutting down and abandoning module PortalServices (340)
[2017.10.16-01.31.49:948][147]LogModuleManager: Shutting down and abandoning module PortalRpc (338)
[2017.10.16-01.31.49:948][147]LogModuleManager: Shutting down and abandoning module MessagingRpc (336)
[2017.10.16-01.31.49:948][147]LogModuleManager: Shutting down and abandoning module AIModule (334)
[2017.10.16-01.31.49:948][147]LogModuleManager: Shutting down and abandoning module GameplayDebugger (333)
[2017.10.16-01.31.49:948][147]LogModuleManager: Shutting down and abandoning module AITestSuite (331)
[2017.10.16-01.31.49:948][147]LogModuleManager: Shutting down and abandoning module ProfilerService (328)
[2017.10.16-01.31.50:047][147]LogModuleManager: Shutting down and abandoning module TaskGraph (326)
[2017.10.16-01.31.50:048][147]LogModuleManager: Shutting down and abandoning module SteamVRController (324)
[2017.10.16-01.31.50:048][147]LogModuleManager: Shutting down and abandoning module SteamVR (322)
[2017.10.16-01.31.50:048][147]LogModuleManager: Shutting down and abandoning module ProceduralMeshComponentEditor (320)
[2017.10.16-01.31.50:048][147]LogModuleManager: Shutting down and abandoning module ProceduralMeshComponent (318)
[2017.10.16-01.31.50:048][147]LogModuleManager: Shutting down and abandoning module OculusLibrary (316)
[2017.10.16-01.31.50:048][147]LogModuleManager: Shutting down and abandoning module OculusInput (314)
[2017.10.16-01.31.50:048][147]LogModuleManager: Shutting down and abandoning module MobilePatchingUtils (312)
[2017.10.16-01.31.50:048][147]LogModuleManager: Shutting down and abandoning module CustomMeshComponent (310)
[2017.10.16-01.31.50:048][147]LogModuleManager: Shutting down and abandoning module CableComponent (308)
[2017.10.16-01.31.50:048][147]LogModuleManager: Shutting down and abandoning module ArchVisCharacter (306)
[2017.10.16-01.31.50:048][147]LogModuleManager: Shutting down and abandoning module AndroidPermission (304)
[2017.10.16-01.31.50:048][147]LogModuleManager: Shutting down and abandoning module MediaPlayerEditor (300)
[2017.10.16-01.31.50:048][147]LogModuleManager: Shutting down and abandoning module HTML5Networking (298)
[2017.10.16-01.31.50:048][147]LogModuleManager: Shutting down and abandoning module AlembicImporter (296)
[2017.10.16-01.31.50:048][147]LogModuleManager: Shutting down and abandoning module AlembicLibrary (295)
[2017.10.16-01.31.50:048][147]LogModuleManager: Shutting down and abandoning module GeometryCache (294)
[2017.10.16-01.31.50:048][147]LogModuleManager: Shutting down and abandoning module GeometryCacheEd (293)
[2017.10.16-01.31.50:048][147]LogModuleManager: Shutting down and abandoning module SuperSearchEditor (288)
[2017.10.16-01.31.50:048][147]LogModuleManager: Shutting down and abandoning module SuperSearch (287)
[2017.10.16-01.31.50:048][147]LogModuleManager: Shutting down and abandoning module SpeedTreeImporter (284)
[2017.10.16-01.31.50:048][147]LogModuleManager: Shutting down and abandoning module PluginBrowser (282)
[2017.10.16-01.31.50:048][147]LogModuleManager: Shutting down and abandoning module MobileLauncherProfileWizard (280)
[2017.10.16-01.31.50:048][147]LogModuleManager: Shutting down and abandoning module VisualStudioSourceCodeAccess (278)
[2017.10.16-01.31.50:048][147]LogModuleManager: Shutting down and abandoning module DesktopPlatform (277)
[2017.10.16-01.31.50:049][147]LogModuleManager: Shutting down and abandoning module UObjectPlugin (274)
[2017.10.16-01.31.50:049][147]LogModuleManager: Shutting down and abandoning module SubversionSourceControl (272)
[2017.10.16-01.31.50:049][147]LogModuleManager: Shutting down and abandoning module PerforceSourceControl (270)
[2017.10.16-01.31.50:049][147]LogModuleManager: Shutting down and abandoning module GitSourceControl (268)
[2017.10.16-01.31.50:049][147]LogModuleManager: Shutting down and abandoning module SourceControl (267)
[2017.10.16-01.31.50:049][147]LogModuleManager: Shutting down and abandoning module LightPropagationVolumeEditor (264)
[2017.10.16-01.31.50:049][147]LogModuleManager: Shutting down and abandoning module PaperTiledImporter (262)
[2017.10.16-01.31.50:049][147]LogModuleManager: Shutting down and abandoning module PaperSpriteSheetImporter (260)
[2017.10.16-01.31.50:049][147]LogModuleManager: Shutting down and abandoning module Paper2DEditor (258)
[2017.10.16-01.31.50:049][147]LogModuleManager: Shutting down and abandoning module MeshPaint (257)
[2017.10.16-01.31.50:049][147]LogModuleManager: Shutting down and abandoning module LevelEditor (255)
[2017.10.16-01.31.50:052][147]LogModuleManager: Shutting down and abandoning module PixelInspectorModule (254)
[2017.10.16-01.31.50:052][147]LogModuleManager: Shutting down and abandoning module MainFrame (252)
[2017.10.16-01.31.50:052][147]LogModuleManager: Shutting down and abandoning module HotReload (251)
[2017.10.16-01.31.50:053][147]LogModuleManager: Shutting down and abandoning module PhysXVehiclesEditor (246)
[2017.10.16-01.31.50:053][147]LogModuleManager: Shutting down and abandoning module PhysXVehicles (244)
[2017.10.16-01.31.50:053][147]LogModuleManager: Shutting down and abandoning module LocationServicesBPLibrary (242)
[2017.10.16-01.31.50:053][147]LogModuleManager: Shutting down and abandoning module ImmediatePhysicsEditor (240)
[2017.10.16-01.31.50:054][147]LogModuleManager: Shutting down and abandoning module ImmediatePhysics (238)
[2017.10.16-01.31.50:054][147]LogModuleManager: Shutting down and abandoning module UdpMessaging (236)
[2017.10.16-01.31.50:154][147]LogModuleManager: Shutting down and abandoning module TcpMessaging (234)
[2017.10.16-01.31.50:254][147]LogModuleManager: Shutting down and abandoning module GameplayTagsEditor (232)
[2017.10.16-01.31.50:254][147]LogModuleManager: Shutting down and abandoning module FacialAnimationEditor (230)
[2017.10.16-01.31.50:254][147]LogModuleManager: Shutting down and abandoning module FacialAnimation (228)
[2017.10.16-01.31.50:254][147]LogModuleManager: Shutting down and abandoning module AssetManagerEditor (226)
[2017.10.16-01.31.50:254][147]LogModuleManager: Shutting down and abandoning module GraphEditor (225)
[2017.10.16-01.31.50:254][147]LogModuleManager: Shutting down and abandoning module ContentBrowser (223)
[2017.10.16-01.31.50:255][147]LogModuleManager: Shutting down and abandoning module LightPropagationVolumeRuntime (220)
[2017.10.16-01.31.50:255][147]LogModuleManager: Shutting down and abandoning module Paper2D (218)
[2017.10.16-01.31.50:255][147]LogModuleManager: Shutting down and abandoning module WindowsMoviePlayer (216)
[2017.10.16-01.31.50:255][147]LogModuleManager: Shutting down and abandoning module WmfMedia (214)
[2017.10.16-01.31.50:255][147]LogModuleManager: Shutting down and abandoning module ClothingSystemEditor (212)
[2017.10.16-01.31.50:255][147]LogModuleManager: Shutting down and abandoning module ClothingSystemRuntime (210)
[2017.10.16-01.31.50:255][147]LogModuleManager: Shutting down and abandoning module MediaAssets (208)
[2017.10.16-01.31.50:255][147]LogModuleManager: Shutting down and abandoning module GameLiveStreaming (206)
[2017.10.16-01.31.50:255][147]LogModuleManager: Shutting down and abandoning module VREditor (204)
[2017.10.16-01.31.50:255][147]LogModuleManager: Shutting down and abandoning module StringTableEditor (202)
[2017.10.16-01.31.50:255][147]LogModuleManager: Shutting down and abandoning module GameplayTasksEditor (200)
[2017.10.16-01.31.50:255][147]LogModuleManager: Shutting down and abandoning module BehaviorTreeEditor (198)
[2017.10.16-01.31.50:255][147]LogModuleManager: Shutting down and abandoning module FunctionalTesting (196)
[2017.10.16-01.31.50:255][147]LogModuleManager: Shutting down and abandoning module CollisionAnalyzer (194)
[2017.10.16-01.31.50:255][147]LogModuleManager: Shutting down and abandoning module UMG (192)
[2017.10.16-01.31.50:255][147]LogModuleManager: Shutting down and abandoning module UMGEditor (191)
[2017.10.16-01.31.50:255][147]LogModuleManager: Shutting down and abandoning module Sequencer (190)
[2017.10.16-01.31.50:255][147]LogModuleManager: Shutting down and abandoning module AssetTools (188)
[2017.10.16-01.31.50:256][147]LogModuleManager: Shutting down and abandoning module MessageLog (187)
[2017.10.16-01.31.50:256][147]LogModuleManager: Shutting down and abandoning module WorkspaceMenuStructure (186)
[2017.10.16-01.31.50:256][147]LogModuleManager: Shutting down and abandoning module SlateReflector (180)
[2017.10.16-01.31.50:256][147]LogModuleManager: Shutting down and abandoning module Slate (178)
[2017.10.16-01.31.50:256][147]LogModuleManager: Shutting down and abandoning module EditorStyle (176)
[2017.10.16-01.31.50:258][147]LogModuleManager: Shutting down and abandoning module SourceCodeAccess (174)
[2017.10.16-01.31.50:258][147]LogModuleManager: Shutting down and abandoning module HeadMountedDisplay (172)
[2017.10.16-01.31.50:258][147]LogModuleManager: Shutting down and abandoning module XAudio2 (170)
[2017.10.16-01.31.50:258][147]LogModuleManager: Shutting down and abandoning module Networking (168)
[2017.10.16-01.31.50:258][147]LogModuleManager: Shutting down and abandoning module Core (164)
[2017.10.16-01.31.50:258][147]LogModuleManager: Shutting down and abandoning module AssetRegistry (162)
[2017.10.16-01.31.50:520][147]LogDirectoryWatcher: A directory notification for '../../../Engine/Content/' was aborted.
[2017.10.16-01.31.50:520][147]LogDirectoryWatcher: A directory notification for '../../../../../../Users/Taylor/Desktop/TGorder/Content/' was aborted.
[2017.10.16-01.31.50:520][147]LogDirectoryWatcher: A directory notification for '../../../Engine/Plugins/2D/Paper2D/Content/' was aborted.
[2017.10.16-01.31.50:520][147]LogDirectoryWatcher: A directory notification for '../../../Engine/Plugins/Runtime/GearVR/Content/' was aborted.
[2017.10.16-01.31.50:524][147]LogModuleManager: Shutting down and abandoning module DirectoryWatcher (161)
[2017.10.16-01.31.50:525][147]LogModuleManager: Shutting down and abandoning module KismetCompiler (158)
[2017.10.16-01.31.50:525][147]LogModuleManager: Shutting down and abandoning module LevelSequence (156)
[2017.10.16-01.31.50:525][147]LogModuleManager: Shutting down and abandoning module PhysXFormats (154)
[2017.10.16-01.31.50:525][147]LogModuleManager: Shutting down and abandoning module MeshUtilities (152)
[2017.10.16-01.31.50:526][147]LogModuleManager: Shutting down and abandoning module SimplygonSwarm (151)
[2017.10.16-01.31.50:526][147]LogModuleManager: Shutting down and abandoning module SimplygonMeshReduction (149)
[2017.10.16-01.31.50:526][147]LogModuleManager: Shutting down and abandoning module QuadricMeshReduction (147)
[2017.10.16-01.31.50:526][147]LogModuleManager: Shutting down and abandoning module DerivedDataCache (144)
[2017.10.16-01.31.50:844][147]LogDerivedDataCache: Shutdown
[2017.10.16-01.31.50:844][147]LogModuleManager: Shutting down and abandoning module TargetPlatform (142)
[2017.10.16-01.31.50:844][147]LogModuleManager: Shutting down and abandoning module VulkanShaderFormat (141)
[2017.10.16-01.31.50:844][147]LogModuleManager: Shutting down and abandoning module ShaderFormatVectorVM (139)
[2017.10.16-01.31.50:844][147]LogModuleManager: Shutting down and abandoning module ShaderFormatOpenGL (137)
[2017.10.16-01.31.50:844][147]LogModuleManager: Shutting down and abandoning module ShaderFormatD3D (135)
[2017.10.16-01.31.50:844][147]LogModuleManager: Shutting down and abandoning module MetalShaderFormat (133)
[2017.10.16-01.31.50:844][147]LogModuleManager: Shutting down and abandoning module TextureFormatUncompressed (131)
[2017.10.16-01.31.50:844][147]LogModuleManager: Shutting down and abandoning module TextureFormatPVR (129)
[2017.10.16-01.31.50:844][147]LogModuleManager: Shutting down and abandoning module TextureFormatDXT (127)
[2017.10.16-01.31.50:844][147]LogModuleManager: Shutting down and abandoning module TextureFormatIntelISPCTexComp (125)
[2017.10.16-01.31.50:845][147]LogModuleManager: Shutting down and abandoning module TextureFormatASTC (123)
[2017.10.16-01.31.50:845][147]LogModuleManager: Shutting down and abandoning module ImageWrapper (122)
[2017.10.16-01.31.50:845][147]LogModuleManager: Shutting down and abandoning module TextureFormatAndroid (119)
[2017.10.16-01.31.50:845][147]LogModuleManager: Shutting down and abandoning module AudioFormatOpus (117)
[2017.10.16-01.31.50:845][147]LogModuleManager: Shutting down and abandoning module AudioFormatOgg (115)
[2017.10.16-01.31.50:845][147]LogModuleManager: Shutting down and abandoning module AudioFormatADPCM (113)
[2017.10.16-01.31.50:845][147]LogModuleManager: Shutting down and abandoning module LinuxTargetPlatform (111)
[2017.10.16-01.31.50:845][147]LogModuleManager: Shutting down and abandoning module LinuxServerTargetPlatform (109)
[2017.10.16-01.31.50:845][147]LogModuleManager: Shutting down and abandoning module LinuxNoEditorTargetPlatform (107)
[2017.10.16-01.31.50:845][147]LogModuleManager: Shutting down and abandoning module LinuxClientTargetPlatform (105)
[2017.10.16-01.31.50:845][147]LogModuleManager: Shutting down and abandoning module TVOSTargetPlatform (103)
[2017.10.16-01.31.50:845][147]LogModuleManager: Shutting down and abandoning module Messaging (101)
[2017.10.16-01.31.50:845][147]LogModuleManager: Shutting down and abandoning module IOSTargetPlatform (99)
[2017.10.16-01.31.50:845][147]LogModuleManager: Shutting down and abandoning module HTML5TargetPlatform (97)
[2017.10.16-01.31.50:845][147]LogModuleManager: Shutting down and abandoning module Android_PVRTCTargetPlatform (95)
[2017.10.16-01.31.50:845][147]LogModuleManager: Shutting down and abandoning module Android_MultiTargetPlatform (93)
[2017.10.16-01.31.50:845][147]LogModuleManager: Shutting down and abandoning module Android_ETC2TargetPlatform (91)
[2017.10.16-01.31.50:845][147]LogModuleManager: Shutting down and abandoning module Android_ETC1TargetPlatform (89)
[2017.10.16-01.31.50:845][147]LogModuleManager: Shutting down and abandoning module Android_DXTTargetPlatform (87)
[2017.10.16-01.31.50:845][147]LogModuleManager: Shutting down and abandoning module Android_ATCTargetPlatform (85)
[2017.10.16-01.31.50:845][147]LogModuleManager: Shutting down and abandoning module Android_ASTCTargetPlatform (83)
[2017.10.16-01.31.50:845][147]LogModuleManager: Shutting down and abandoning module AndroidTargetPlatform (81)
[2017.10.16-01.31.50:845][147]LogModuleManager: Shutting down and abandoning module WindowsTargetPlatform (79)
[2017.10.16-01.31.50:845][147]LogModuleManager: Shutting down and abandoning module WindowsServerTargetPlatform (77)
[2017.10.16-01.31.50:845][147]LogModuleManager: Shutting down and abandoning module WindowsNoEditorTargetPlatform (75)
[2017.10.16-01.31.50:845][147]LogModuleManager: Shutting down and abandoning module WindowsClientTargetPlatform (73)
[2017.10.16-01.31.50:845][147]LogModuleManager: Shutting down and abandoning module MacTargetPlatform (71)
[2017.10.16-01.31.50:845][147]LogModuleManager: Shutting down and abandoning module MacServerTargetPlatform (69)
[2017.10.16-01.31.50:845][147]LogModuleManager: Shutting down and abandoning module MacNoEditorTargetPlatform (67)
[2017.10.16-01.31.50:845][147]LogModuleManager: Shutting down and abandoning module MacClientTargetPlatform (65)
[2017.10.16-01.31.50:845][147]LogModuleManager: Shutting down and abandoning module AllDesktopTargetPlatform (63)
[2017.10.16-01.31.50:846][147]LogModuleManager: Shutting down and abandoning module InputCore (60)
[2017.10.16-01.31.50:846][147]LogModuleManager: Shutting down and abandoning module Settings (58)
[2017.10.16-01.31.50:846][147]LogModuleManager: Shutting down and abandoning module OculusRift (56)
[2017.10.16-01.31.50:846][147]LogModuleManager: Shutting down and abandoning module GearVRController (54)
[2017.10.16-01.31.50:846][147]LogModuleManager: Shutting down and abandoning module GearVR (52)
[2017.10.16-01.31.50:846][147]LogModuleManager: Shutting down and abandoning module ExampleDeviceProfileSelector (50)
[2017.10.16-01.31.50:846][147]LogModuleManager: Shutting down and abandoning module OnlineBlueprintSupport (48)
[2017.10.16-01.31.50:846][147]LogModuleManager: Shutting down and abandoning module OnlineSubsystem (44)
[2017.10.16-01.31.50:846][147]LogOnline:Display: Unloading online subsystem: NULL
[2017.10.16-01.31.50:846][147]LogModuleManager: Shutting down and abandoning module XMPP (43)
[2017.10.16-01.31.50:846][147]LogModuleManager: Shutting down and abandoning module HTTP (41)
[2017.10.16-01.31.50:846][147]LogHttp:Display: Http module shutting down, but needs to wait on 1 outstanding Http requests:
[2017.10.16-01.31.50:846][147]LogHttp:Display: 	verb=[POST] url=[https://datarouter.ol.epicgames.com/datarouter/api/v1/public/data?SessionID=%7B0D24B4CB-40CA-95CA-5AF6-62A3DC824724%7D&AppID=UEEditor.Rocket.Release&AppVersion=4.16.3-3561208%2B%2B%2BUE4%2BRelease-4.16&UserID=03c58bf64dafb706ae4f06a14b688c0a%7C99250427ec784fc58e8af63d9baaba26%7Ce9313f6e-9e5b-41c4-961c-b503c2b65b95&AppEnvironment=datacollector-binary&UploadType=eteventstream] status=Processing
[2017.10.16-01.31.50:866][147]LogModuleManager: Shutting down and abandoning module SSL (40)
[2017.10.16-01.31.50:871][147]LogModuleManager: Shutting down and abandoning module HTTPChunkInstaller (36)
[2017.10.16-01.31.50:871][147]LogModuleManager: Shutting down and abandoning module AnimationModifiers (34)
[2017.10.16-01.31.50:871][147]LogModuleManager: Shutting down and abandoning module PropertyEditor (33)
[2017.10.16-01.31.50:871][147]LogModuleManager: Shutting down and abandoning module AudioEditor (30)
[2017.10.16-01.31.50:871][147]LogModuleManager: Shutting down and abandoning module TextureCompressor (28)
[2017.10.16-01.31.50:871][147]LogModuleManager: Shutting down and abandoning module ShaderCore (26)
[2017.10.16-01.31.50:871][147]LogModuleManager: Shutting down and abandoning module Landscape (24)
[2017.10.16-01.31.50:871][147]LogModuleManager: Shutting down and abandoning module SlateRHIRenderer (22)
[2017.10.16-01.31.50:873][147]LogModuleManager: Shutting down and abandoning module OpenGLDrv (20)
[2017.10.16-01.31.50:873][147]LogModuleManager: Shutting down and abandoning module D3D11RHI (18)
[2017.10.16-01.31.50:873][147]LogModuleManager: Shutting down and abandoning module AnimGraphRuntime (16)
[2017.10.16-01.31.50:873][147]LogModuleManager: Shutting down and abandoning module Renderer (14)
[2017.10.16-01.31.50:873][147]LogModuleManager: Shutting down and abandoning module Engine (12)
[2017.10.16-01.31.50:873][147]LogModuleManager: Shutting down and abandoning module CoreUObject (10)
[2017.10.16-01.31.50:873][147]LogModuleManager: Shutting down and abandoning module NetworkFile (8)
[2017.10.16-01.31.50:873][147]LogModuleManager: Shutting down and abandoning module StreamingFile (6)
[2017.10.16-01.31.50:873][147]LogModuleManager: Shutting down and abandoning module SandboxFile (4)
[2017.10.16-01.31.50:873][147]LogModuleManager: Shutting down and abandoning module PakFile (2)
[2017.10.16-01.31.50:882][147]LogExit: Exiting.
[2017.10.16-01.31.50:908][147]Log file closed, 10/15/17 21:31:50
