Log file open, 10/12/17 14:11:21
LogInit:Display: Running engine for game: sep6
LogPlatformFile: Not using cached read wrapper
LogInit:Display: RandInit(-456023118) SRandInit(-456023118).
LogTaskGraph: Started task graph with 5 named threads and 8 total threads with 1 sets of task threads.
LogStats: Stats thread started at 0.103417
LogInit: Using libcurl 7.47.1
LogInit:  - built for x86_64-pc-win32
LogInit:  - supports SSL with OpenSSL/1.0.2g
LogInit:  - supports HTTP deflate (compression) using libz 1.2.8
LogInit:  - other features:
LogInit:      CURL_VERSION_SSL
LogInit:      CURL_VERSION_LIBZ
LogInit:      CURL_VERSION_IPV6
LogInit:      CURL_VERSION_ASYNCHDNS
LogInit:      CURL_VERSION_LARGEFILE
LogInit:      CURL_VERSION_IDN
LogInit:  CurlRequestOptions (configurable via config and command line):
LogInit:  - bVerifyPeer = false  - Libcurl will NOT verify peer certificate
LogInit:  - bUseHttpProxy = false  - Libcurl will NOT use HTTP proxy
LogInit:  - bDontReuseConnections = false  - Libcurl will reuse connections
LogInit:  - CertBundlePath = nullptr  - Libcurl will use whatever was configured at build time.
LogInit: Build: ++UE4+Release-4.16-CL-3561208
LogInit: Engine Version: 4.16.3-3561208+++UE4+Release-4.16
LogInit: Compatible Engine Version: 4.16.0-3452394+++UE4+Release-4.16
LogInit: Net CL: 3452394
LogDevObjectVersion: Number of dev versions registered: 16
LogDevObjectVersion:   Dev-Blueprints (B0D832E4-1F89-4F0D-ACCF-7EB736FD4AA2): 9
LogDevObjectVersion:   Dev-Build (E1C64328-A22C-4D53-A36C-8E866417BD8C): 0
LogDevObjectVersion:   Dev-Core (375EC13C-06E4-48FB-B500-84F0262A717E): 2
LogDevObjectVersion:   Dev-Editor (E4B068ED-F494-42E9-A231-DA0B2E46BB41): 17
LogDevObjectVersion:   Dev-Framework (CFFC743F-43B0-4480-9391-14DF171D2073): 23
LogDevObjectVersion:   Dev-Mobile (B02B49B5-BB20-44E9-A304-32B752E40360): 0
LogDevObjectVersion:   Dev-Networking (A4E4105C-59A1-49B5-A7C5-40C4547EDFEE): 0
LogDevObjectVersion:   Dev-Online (39C831C9-5AE6-47DC-9A44-9C173E1C8E7C): 0
LogDevObjectVersion:   Dev-Physics (78F01B33-EBEA-4F98-B9B4-84EACCB95AA2): 0
LogDevObjectVersion:   Dev-Platform (6631380F-2D4D-43E0-8009-CF276956A95A): 0
LogDevObjectVersion:   Dev-Rendering (12F88B9F-8875-4AFC-A67C-D90C383ABD29): 15
LogDevObjectVersion:   Dev-Sequencer (7B5AE74C-D270-4C10-A958-57980B212A5A): 4
LogDevObjectVersion:   Dev-VR (D7296918-1DD6-4BDD-9DE2-64A83CC13884): 0
LogDevObjectVersion:   Dev-LoadTimes (C2A15278-BFE7-4AFE-6C17-90FF531DF755): 1
LogDevObjectVersion:   Private-Geometry (6EACA3D4-40EC-4CC1-B786-8BED09428FC5): 1
LogDevObjectVersion:   Dev-AnimPhys (29E575DD-E0A3-4627-9D10-D276232CDCEA): 3
LogInit: Compiled (64-bit): Jul 28 2017 11:49:47
LogInit: Compiled with Visual C++: 19.00.24215.01
LogInit: Build Configuration: Development
LogInit: Branch Name: ++UE4+Release-4.16
LogInit: Command line: -EpicPortal 
LogInit: Base directory: C:/Program Files/Epic Games/UE_4.16/Engine/Binaries/Win64/
LogInit: Installed Engine Build: 1
LogInit: Presizing for max 8388607 objects, including 0 objects not considered by GC, pre-allocating 0 bytes for permanent pool.
LogInit: Object subsystem initialized
[2017.10.12-18.11.21:629][  0]LogInit: Selected Device Profile: [Windows]
[2017.10.12-18.11.21:629][  0]LogInit: Applying CVar settings loaded from the selected device profile: [Windows]
[2017.10.12-18.11.21:666][  0]LogInit: Computer: DESKTOP-BVQ6MAL
[2017.10.12-18.11.21:666][  0]LogInit: User: AlexDesktop
[2017.10.12-18.11.21:666][  0]LogInit: CPU Page size=4096, Cores=4
[2017.10.12-18.11.21:666][  0]LogInit: High frequency timer resolution =3.312789 MHz
[2017.10.12-18.11.21:666][  0]LogMemory: Memory total: Physical=16.0GB (16GB approx)
[2017.10.12-18.11.21:666][  0]LogMemory: Platform Memory Stats for Windows
[2017.10.12-18.11.21:666][  0]LogMemory: Process Physical Memory: 273.29 MB used, 273.29 MB peak
[2017.10.12-18.11.21:666][  0]LogMemory: Process Virtual Memory: 260.94 MB used, 260.94 MB peak
[2017.10.12-18.11.21:666][  0]LogMemory: Physical Memory: 6950.86 MB used,  9389.40 MB free, 16340.25 MB total
[2017.10.12-18.11.21:666][  0]LogMemory: Virtual Memory: 638.41 MB used,  9389.40 MB free, 134217728.00 MB total
[2017.10.12-18.11.21:754][  0]LogInit: Using OS detected language (en-US).
[2017.10.12-18.11.21:754][  0]LogInit: Using OS detected locale (en-US).
[2017.10.12-18.11.21:757][  0]LogTextLocalizationManager: No specific localization for 'en-US' exists, so the 'en' localization will be used.
[2017.10.12-18.11.22:892][  0]LogD3D11RHI: D3D11 adapters:
[2017.10.12-18.11.23:504][  0]LogD3D11RHI:    0. 'NVIDIA GeForce GTX 970' (Feature Level 11_0)
[2017.10.12-18.11.23:504][  0]LogD3D11RHI:       4058/0/8170 MB DedicatedVideo/DedicatedSystem/SharedSystem, Outputs:3, VendorId:0x10de
[2017.10.12-18.11.23:506][  0]LogD3D11RHI:    1. 'Microsoft Basic Render Driver' (Feature Level 11_0)
[2017.10.12-18.11.23:506][  0]LogD3D11RHI:       0/0/8170 MB DedicatedVideo/DedicatedSystem/SharedSystem, Outputs:0, VendorId:0x1414
[2017.10.12-18.11.23:506][  0]LogD3D11RHI: Chosen D3D11 Adapter: 0
[2017.10.12-18.11.23:513][  0]LogD3D11RHI: Creating new Direct3DDevice
[2017.10.12-18.11.23:513][  0]LogD3D11RHI:     GPU DeviceId: 0x13c2 (for the marketing name, search the web for "GPU Device Id")
[2017.10.12-18.11.23:513][  0]LogWindows: EnumDisplayDevices:
[2017.10.12-18.11.23:513][  0]LogWindows:    0. 'NVIDIA GeForce GTX 970' (P:0 D:1)
[2017.10.12-18.11.23:513][  0]LogWindows:    1. 'NVIDIA GeForce GTX 970' (P:1 D:1)
[2017.10.12-18.11.23:513][  0]LogWindows:    2. 'NVIDIA GeForce GTX 970' (P:0 D:1)
[2017.10.12-18.11.23:513][  0]LogWindows:    3. 'NVIDIA GeForce GTX 970' (P:0 D:0)
[2017.10.12-18.11.23:513][  0]LogWindows: DebugString: FoundDriverCount:4 
[2017.10.12-18.11.23:513][  0]LogD3D11RHI:     Adapter Name: NVIDIA GeForce GTX 970
[2017.10.12-18.11.23:513][  0]LogD3D11RHI:   Driver Version: 384.76 (internal:22.21.13.8476, unified:384.76)
[2017.10.12-18.11.23:513][  0]LogD3D11RHI:      Driver Date: 6-27-2017
[2017.10.12-18.11.23:513][  0]LogRHI: Texture pool is 1361 MB (70% of 1945 MB)
[2017.10.12-18.11.24:110][  0]LogD3D11RHI: Async texture creation enabled
[2017.10.12-18.11.24:148][  0]LogD3D11RHI: GPU Timing Frequency: 1000.000000 (Debug: 2 1)
[2017.10.12-18.11.24:199][  0]LogShaderCompilers: Guid format shader working directory is -2 characters bigger than the processId version (D:/Alex/Madhouse Alex/MergedProject/MergedProject/sep6/Intermediate/Shaders/WorkingDirectory/16624/).
[2017.10.12-18.11.24:199][  0]LogShaderCompilers: Cleaned the shader compiler working directory 'C:/Users/Alex Desktop/AppData/Local/Temp/UnrealShaderWorkingDir/BA47A9D843612599C0B364AF13570AB1/'.
[2017.10.12-18.11.24:199][  0]LogShaderCompilers:Display: Using Local Shader Compiler.
[2017.10.12-18.11.25:530][  0]LogTemp:Display: Loaded TP AllDesktopTargetPlatform
[2017.10.12-18.11.25:596][  0]LogTemp:Display: Loaded TP MacClientTargetPlatform
[2017.10.12-18.11.25:658][  0]LogTemp:Display: Loaded TP MacNoEditorTargetPlatform
[2017.10.12-18.11.25:731][  0]LogTemp:Display: Loaded TP MacServerTargetPlatform
[2017.10.12-18.11.25:812][  0]LogTemp:Display: Loaded TP MacTargetPlatform
[2017.10.12-18.11.25:886][  0]LogTemp:Display: Loaded TP WindowsClientTargetPlatform
[2017.10.12-18.11.25:956][  0]LogTemp:Display: Loaded TP WindowsNoEditorTargetPlatform
[2017.10.12-18.11.26:025][  0]LogTemp:Display: Loaded TP WindowsServerTargetPlatform
[2017.10.12-18.11.26:088][  0]LogTemp:Display: Loaded TP WindowsTargetPlatform
[2017.10.12-18.11.26:154][  0]LogTemp:Display: Loaded TP AndroidTargetPlatform
[2017.10.12-18.11.26:225][  0]LogTemp:Display: Loaded TP Android_ASTCTargetPlatform
[2017.10.12-18.11.26:311][  0]LogTemp:Display: Loaded TP Android_ATCTargetPlatform
[2017.10.12-18.11.26:383][  0]LogTemp:Display: Loaded TP Android_DXTTargetPlatform
[2017.10.12-18.11.26:454][  0]LogTemp:Display: Loaded TP Android_ETC1TargetPlatform
[2017.10.12-18.11.26:517][  0]LogTemp:Display: Loaded TP Android_ETC2TargetPlatform
[2017.10.12-18.11.26:658][  0]LogTemp:Display: Loaded TP Android_MultiTargetPlatform
[2017.10.12-18.11.26:658][  0]LogTemp:Display: Loaded TP Android_PVRTCTargetPlatform
[2017.10.12-18.11.26:720][  0]LogTemp:Display: Loaded TP HTML5TargetPlatform
[2017.10.12-18.11.26:856][  0]LogTemp:Display: Loaded TP IOSTargetPlatform
[2017.10.12-18.11.26:893][  0]LogTemp:Display: Loaded TP TVOSTargetPlatform
[2017.10.12-18.11.26:957][  0]LogTemp:Display: Loaded TP LinuxClientTargetPlatform
[2017.10.12-18.11.27:030][  0]LogTemp:Display: Loaded TP LinuxNoEditorTargetPlatform
[2017.10.12-18.11.27:098][  0]LogTemp:Display: Loaded TP LinuxServerTargetPlatform
[2017.10.12-18.11.27:172][  0]LogTemp:Display: Loaded TP LinuxTargetPlatform
[2017.10.12-18.11.27:172][  0]LogTargetPlatformManager:Display: Building Assets For Windows
[2017.10.12-18.11.27:891][  0]LogDerivedDataCache:Display: Max Cache Size: 512 MB
[2017.10.12-18.11.28:008][  0]LogDerivedDataCache: Loaded boot cache 0.12s 90MB C:/Users/Alex Desktop/AppData/Local/UnrealEngine/4.16/DerivedDataCache/Boot.ddc.
[2017.10.12-18.11.28:008][  0]LogDerivedDataCache:Display: Loaded Boot cache: C:/Users/Alex Desktop/AppData/Local/UnrealEngine/4.16/DerivedDataCache/Boot.ddc
[2017.10.12-18.11.28:008][  0]LogDerivedDataCache: FDerivedDataBackendGraph:  Pak pak cache file D:/Alex/Madhouse Alex/MergedProject/MergedProject/sep6/DerivedDataCache/DDC.ddp not found, will not use a pak cache.
[2017.10.12-18.11.28:008][  0]LogDerivedDataCache: Unable to find inner node Pak for hierarchical cache Hierarchy.
[2017.10.12-18.11.28:008][  0]LogDerivedDataCache: FDerivedDataBackendGraph:  CompressedPak pak cache file D:/Alex/Madhouse Alex/MergedProject/MergedProject/sep6/DerivedDataCache/Compressed.ddp not found, will not use a pak cache.
[2017.10.12-18.11.28:008][  0]LogDerivedDataCache: Unable to find inner node CompressedPak for hierarchical cache Hierarchy.
[2017.10.12-18.11.28:028][  0]LogDerivedDataCache:Display: Pak cache opened for reading ../../../Engine/DerivedDataCache/Compressed.ddp.
[2017.10.12-18.11.28:040][  0]LogDerivedDataCache: Using Local data cache path C:/Users/Alex Desktop/AppData/Local/UnrealEngine/Common/DerivedDataCache: Writable
[2017.10.12-18.11.28:052][  0]LogMaterial: Verifying Global Shaders for PCD3D_SM5
[2017.10.12-18.11.28:053][  0]LogSlate: Using Freetype 2.6.0
[2017.10.12-18.11.28:053][  0]LogSlate: SlateFontCache - WITH_FREETYPE: 1, WITH_HARFBUZZ: 1
[2017.10.12-18.11.28:053][  0]LogSlate: SlateFontCache - WITH_FREETYPE: 1, WITH_HARFBUZZ: 1
[2017.10.12-18.11.28:493][  0]LogInit: Selected Device Profile: [Windows]
[2017.10.12-18.11.28:588][  0]LogContentStreaming: Texture pool size is 0.00 MB
[2017.10.12-18.11.28:810][  0]LogMeshUtilities: Using QuadricMeshReduction for automatic static mesh reduction
[2017.10.12-18.11.28:871][  0]LogSimplygon: Simplygon DLL not present - disabling.
[2017.10.12-18.11.28:940][  0]LogMeshUtilities: Using SimplygonSwarm for distributed automatic mesh merging
[2017.10.12-18.11.28:940][  0]LogMeshUtilities: No automatic skeletal mesh reduction module available
[2017.10.12-18.11.28:940][  0]LogMeshUtilities: No automatic mesh merging module available
[2017.10.12-18.11.29:654][  0]LogNetVersion: sep6 , NetCL: 3452394, EngineNetVer: 2, GameNetVer: 0 (Checksum: 1248976798)
[2017.10.12-18.11.29:726][  0]LogAssetRegistry: FAssetRegistry took 0.0272 seconds to start up
[2017.10.12-18.11.29:806][  0]LogPackageLocalizationCache: Processed 4 localized package path(s) for 2 prioritized culture(s) in 0.048919 seconds
[2017.10.12-18.11.29:814][  0]LogUObjectArray: 34194 objects as part of root set at end of initial load.
[2017.10.12-18.11.29:814][  0]LogUObjectAllocator: 7260424 out of 0 bytes used by permanent object pool.
[2017.10.12-18.11.29:814][  0]LogUObjectArray: CloseDisregardForGC: 0/0 objects in disregard for GC pool
[2017.10.12-18.11.29:900][  0]LogInit: WinSock: version 1.1 (2.2), MaxSocks=32767, MaxUdp=65467
[2017.10.12-18.11.32:986][  0]LogTcpMessaging: Initializing TcpMessaging bridge
[2017.10.12-18.11.33:042][  0]LogUdpMessaging: Initializing bridge on interface 0.0.0.0:0 to multicast group 230.0.0.1:6666.
[2017.10.12-18.11.33:806][  0]LogMaterial: Uniform references updated for custom material expression Custom.
[2017.10.12-18.11.34:435][  0]SourceControl: Info Source control is disabled
[2017.10.12-18.11.34:485][  0]SourceControl: Info Source control is disabled
[2017.10.12-18.11.34:566][  0]SourceControl: Info Source control is disabled
[2017.10.12-18.11.34:636][  0]SourceControl: Info Source control is disabled
[2017.10.12-18.11.35:016][  0]LogLinker:Warning: Can't find file '/Game/FirstPersonBP/FirstPersonOverview'
[2017.10.12-18.11.35:016][  0]LogLinker:Warning: Can't find file '/Game/FirstPersonBP/FirstPersonOverview'
[2017.10.12-18.11.35:016][  0]LogUObjectGlobals:Warning: Failed to find object 'Class /Game/FirstPersonBP/FirstPersonOverview.FirstPersonOverview_C'
[2017.10.12-18.11.35:632][  0]LogAndroidPermission: UAndroidPermissionCallbackProxy::GetInstance
[2017.10.12-18.11.36:508][  0]LogEngine: Initializing Engine...
[2017.10.12-18.11.36:540][  0]LogHMD: Failed to initialize OpenVR with code 108
[2017.10.12-18.11.36:838][  0]LogStats: UGameplayTagsManager::ConstructGameplayTagTree: Construct from data asset -  0.000 s
[2017.10.12-18.11.36:838][  0]LogStats: UGameplayTagsManager::ConstructGameplayTagTree: GameplayTagTreeChangedEvent.Broadcast -  0.000 s
[2017.10.12-18.11.37:039][  0]LogAIModule: Creating AISystem for world Untitled
[2017.10.12-18.11.37:064][  0]LogInit: XAudio2 using 'Back of PC (VIA HD Audio)' : 2 channels at 48 kHz using 32 bits per sample (channel mask 0x3)
[2017.10.12-18.11.37:090][  0]LogInit: FAudioDevice initialized.
[2017.10.12-18.11.37:146][  0]LogDerivedDataCache: Saved boot cache 0.06s 90MB C:/Users/Alex Desktop/AppData/Local/UnrealEngine/4.16/DerivedDataCache/Boot.ddc.
[2017.10.12-18.11.37:163][  0]LogInit: Texture streaming: Enabled
[2017.10.12-18.11.37:336][  0]LogEngineSessionManager: EngineSessionManager initialized
[2017.10.12-18.11.37:655][  0]LogInit: Transaction tracking system initialized
[2017.10.12-18.11.38:139][  0]BlueprintLog: New page: Editor Load
[2017.10.12-18.11.39:562][  0]LocalizationService: Info Localization service is disabled
[2017.10.12-18.11.40:482][  0]LogConsoleResponse:Display: 
[2017.10.12-18.11.40:698][  0]LogCook:Display: Max memory allowance for cook 16384mb min free memory 0mb
[2017.10.12-18.11.40:698][  0]LogCook:Display: Mobile HDR setting 1
[2017.10.12-18.11.41:705][  0]LogFileCache: Scanning file cache for directory 'D:/Alex/Madhouse Alex/MergedProject/MergedProject/sep6/Content/' took 0.37s
[2017.10.12-18.11.42:301][  0]SourceControl: Info Source control is disabled
[2017.10.12-18.11.42:301][  0]Cmd: MAP LOAD FILE="D:/Alex/Madhouse Alex/MergedProject/MergedProject/sep6/Content/MergedLevelTest.umap" TEMPLATE=0 SHOWPROGRESS=1 FEATURELEVEL=3
[2017.10.12-18.11.42:302][  0]LightingResults: New page: Lighting Build
[2017.10.12-18.11.42:354][  0]MapCheck: New page: Map Check
[2017.10.12-18.11.42:354][  0]LightingResults: New page: Lighting Build
[2017.10.12-18.11.46:116][  0]LogStaticMesh: Building static mesh Door_01_polySurface3...
[2017.10.12-18.11.46:128][  0]LogStaticMesh: Built static mesh [0.01s] /Game/Models/Door_01_polySurface3.Door_01_polySurface3
[2017.10.12-18.11.46:133][  0]LogStaticMesh: Building static mesh Bed_Frame...
[2017.10.12-18.11.46:190][  0]LogStaticMesh: Built static mesh [0.06s] /Game/Models/Bed_Frame.Bed_Frame
[2017.10.12-18.11.46:198][  0]LogStaticMesh: Building static mesh Chair_1...
[2017.10.12-18.11.46:216][  0]LogStaticMesh: Built static mesh [0.02s] /Game/Models/Chair_1.Chair_1
[2017.10.12-18.11.46:222][  0]LogStaticMesh: Building static mesh Rolling_Table...
[2017.10.12-18.11.46:241][  0]LogStaticMesh: Built static mesh [0.02s] /Game/Models/Rolling_Table.Rolling_Table
[2017.10.12-18.11.46:330][  0]LogMaterial: Missing cached shader map for material lambert1, compiling. 
[2017.10.12-18.11.46:424][  0]LogTexture:Display: Building textures: Wood_01_ROUGHNESS (G8, 1024X1024)
[2017.10.12-18.11.46:634][  0]LogTexture:Display: Building textures: Wood_01_NORMAL (BC5, 1024X1024)
[2017.10.12-18.11.46:844][  0]LogTexture:Display: Building textures: Wood_01_COLOR (AutoDXT, 1024X1024)
[2017.10.12-18.11.47:543][  0]LogMaterial: Missing cached shader map for material Wood_01_Mat, compiling. 
[2017.10.12-18.11.47:582][  0]LogMaterial: Missing cached shader map for material lambert1, compiling. 
[2017.10.12-18.11.47:839][  0]LogTexture:Display: Building textures: Tile_01_COLOR (AutoDXT, 1024X1024)
[2017.10.12-18.11.48:753][  0]LogTexture:Display: Building textures: Tile_01_ROUGHNESS (G8, 1024X1024)
[2017.10.12-18.11.49:025][  0]LogTexture:Display: Building textures: Tile_01_NORMAL (BC5, 1024X1024)
[2017.10.12-18.11.49:198][  0]LogMaterial: Missing cached shader map for material Tile_01_Mat, compiling. 
[2017.10.12-18.11.49:301][  0]LogAIModule: Creating AISystem for world MergedLevelTest
[2017.10.12-18.11.49:358][  0]LogEditorServer: Finished looking for orphan Actors (0.000 secs)
[2017.10.12-18.11.49:397][  0]Cmd: MAP CHECKDEP NOCLEARLOG
[2017.10.12-18.11.49:516][  0]MapCheck: Info Map check complete: 0 Error(s), 0 Warning(s), took 118.066ms to complete.
[2017.10.12-18.11.49:516][  0]LogFileHelpers: Loading map 'MergedLevelTest' took 7.214
[2017.10.12-18.11.49:979][  0]LogCollectionManager: Loaded 0 collections in 0.003119 seconds
[2017.10.12-18.11.50:182][  0]LogFileCache: Scanning file cache for directory 'D:/Alex/Madhouse Alex/MergedProject/MergedProject/sep6/Saved/Collections/' took 0.01s
[2017.10.12-18.11.50:182][  0]LogFileCache: Scanning file cache for directory 'D:/Alex/Madhouse Alex/MergedProject/MergedProject/sep6/Content/Developers/AlexDesktop/Collections/' took 0.01s
[2017.10.12-18.11.50:182][  0]LogFileCache: Scanning file cache for directory 'D:/Alex/Madhouse Alex/MergedProject/MergedProject/sep6/Content/Collections/' took 0.01s
[2017.10.12-18.11.50:182][  0]LogCollectionManager: Rebuilt the GUID cache for 0 collections in 0.000007 seconds
[2017.10.12-18.11.50:209][  0]LogContentBrowser: Native class hierarchy populated in 0.0247 seconds. Added 2329 classes and 491 folders.
[2017.10.12-18.11.50:397][  0]LogContentBrowser: Native class hierarchy updated for 'WidgetCarousel' in 0.0017 seconds. Added 0 classes and 0 folders.
[2017.10.12-18.11.51:104][  0]LogContentBrowser: Native class hierarchy updated for 'AddContentDialog' in 0.0015 seconds. Added 0 classes and 0 folders.
[2017.10.12-18.11.51:233][  0]LogContentBrowser: Native class hierarchy updated for 'SceneOutliner' in 0.0015 seconds. Added 1 classes and 2 folders.
[2017.10.12-18.11.51:572][  0]LogCrashTracker: Crashtracker disabled due to settings.
[2017.10.12-18.11.51:594][  0]LogSlate: Took 0.000307 seconds to synchronously load lazily loaded font '../../../Engine/Content/Slate/Fonts/Roboto-Regular.ttf' (155K)
[2017.10.12-18.11.51:598][  0]LogSlate: Took 0.000293 seconds to synchronously load lazily loaded font '../../../Engine/Content/Slate/Fonts/Roboto-Bold.ttf' (160K)
[2017.10.12-18.11.51:621][  0]LogSlate: Took 0.008411 seconds to synchronously load lazily loaded font '../../../Engine/Content/Editor/Slate/Fonts/FontAwesome.ttf' (139K)
[2017.10.12-18.11.51:925][  0]LogRenderer: Reallocating scene render targets to support 1208x600 NumSamples 1 (Frame:1).
[2017.10.12-18.11.52:107][  0]LogSlate: Took 0.009066 seconds to synchronously load lazily loaded font '../../../Engine/Content/Slate/Fonts/Roboto-Light.ttf' (159K)
[2017.10.12-18.11.52:279][  0]LogUObjectGlobals:Warning: Failed to find object 'Class None.'
[2017.10.12-18.11.52:414][  0]LogContentBrowser: Native class hierarchy updated for 'HierarchicalLODOutliner' in 0.0015 seconds. Added 1 classes and 2 folders.
[2017.10.12-18.11.52:415][  0]LogLoad: (Engine Initialization) Total time: 33.08 seconds
[2017.10.12-18.11.52:415][  0]LogLoad: (Engine Initialization) Total Blueprint compile time: 0.46 seconds
[2017.10.12-18.11.52:415][  0]LogExternalProfiler: No external profilers were discovered.  External profiling features will not be available.
[2017.10.12-18.11.52:426][  0]LogWindowsTextInputMethodSystem:Display: IME system now deactivated.
[2017.10.12-18.11.52:427][  0]LogOcInput: OculusInput pre-init called
[2017.10.12-18.11.52:427][  0]LogHMD: Starting GearVRController plugin
[2017.10.12-18.11.52:501][  0]LogContentStreaming: Texture pool size now 1000 MB
[2017.10.12-18.11.52:698][  2]LogAssetRegistry: Asset discovery search completed in 22.9957 seconds
[2017.10.12-18.11.52:702][  2]LogCollectionManager: Rebuilt the object cache for 0 collections in 0.000001 seconds (found 0 objects)
[2017.10.12-18.11.52:702][  2]LogCollectionManager: Fixed up redirectors for 0 collections in 0.000115 seconds (updated 0 objects)
[2017.10.12-18.11.53:564][ 53]LogSlate: Took 0.000290 seconds to synchronously load lazily loaded font '../../../Engine/Content/Slate/Fonts/Roboto-Light.ttf' (159K)
[2017.10.12-18.11.57:633][326]LogFileCache: Retrieving MD5 hashes for directory 'D:/Alex/Madhouse Alex/MergedProject/MergedProject/sep6/Content/' took 5.18s
[2017.10.12-18.12.01:090][547]LogTemp: Repeting last play command: Selected Viewport
[2017.10.12-18.12.01:529][547]LogBlueprintUserMessages: Early PlayInEditor Detection: Level '/Game/MergedLevelTest.MergedLevelTest:PersistentLevel' has LevelScriptBlueprint '/Game/MergedLevelTest.MergedLevelTest:PersistentLevel.MergedLevelTest' with GeneratedClass '/Game/MergedLevelTest.MergedLevelTest_C' with ClassGeneratedBy '/Game/MergedLevelTest.MergedLevelTest:PersistentLevel.MergedLevelTest'
[2017.10.12-18.12.01:530][547]LogPlayLevel: PlayLevel: No blueprints needed recompiling
[2017.10.12-18.12.01:534][547]PIE: New page: PIE session: MergedLevelTest (Oct 12, 2017, 10:12:01 AM)
[2017.10.12-18.12.01:535][547]LogPlayLevel: Creating play world package: /Game/UEDPIE_0_MergedLevelTest
[2017.10.12-18.12.01:552][547]LogPlayLevel: PIE: StaticDuplicateObject took: (0.016910s)
[2017.10.12-18.12.01:552][547]LogAIModule: Creating AISystem for world MergedLevelTest
[2017.10.12-18.12.01:552][547]LogPlayLevel: PIE: World Init took: (0.000812s)
[2017.10.12-18.12.01:553][547]LogPlayLevel: PIE: Created PIE world by copying editor world from /Game/MergedLevelTest.MergedLevelTest to /Game/UEDPIE_0_MergedLevelTest.MergedLevelTest (0.018355s)
[2017.10.12-18.12.01:593][547]LogInit: XAudio2 using 'Back of PC (VIA HD Audio)' : 2 channels at 48 kHz using 32 bits per sample (channel mask 0x3)
[2017.10.12-18.12.01:614][547]LogInit: FAudioDevice initialized.
[2017.10.12-18.12.01:678][547]LogLoad: Game class is 'MovementSimulator_C'
[2017.10.12-18.12.01:691][547]LogWorld: Bringing World /Game/UEDPIE_0_MergedLevelTest.MergedLevelTest up for play (max tick rate 0) at 2017.10.12-14.12.01
[2017.10.12-18.12.01:704][547]LogWorld: Bringing up level for play took: 0.014941
[2017.10.12-18.12.01:793][547]LogContentBrowser: Native class hierarchy updated for 'MovieSceneCapture' in 0.0010 seconds. Added 11 classes and 0 folders.
[2017.10.12-18.12.01:819][547]PIE: Info Play in editor start time for /Game/UEDPIE_0_MergedLevelTest 0.639
[2017.10.12-18.12.01:820][547]LogBlueprintUserMessages: Late PlayInEditor Detection: Level '/Game/MergedLevelTest.MergedLevelTest:PersistentLevel' has LevelScriptBlueprint '/Game/MergedLevelTest.MergedLevelTest:PersistentLevel.MergedLevelTest' with GeneratedClass '/Game/MergedLevelTest.MergedLevelTest_C' with ClassGeneratedBy '/Game/MergedLevelTest.MergedLevelTest:PersistentLevel.MergedLevelTest'
[2017.10.12-18.12.14:614][877]LogBlueprintUserMessages: [Lever_332] Door is open. Close it to lock.
[2017.10.12-18.12.28:451][431]LogBlueprintUserMessages: [Lever_332] Locking door
[2017.10.12-18.12.31:893][802]LogBlueprintUserMessages: [Door_Child_Rotated3] Door is locked
[2017.10.12-18.12.38:403][507]LogBlueprintUserMessages: [Lever_332] Unlocking door
[2017.10.12-18.13.14:983][439]LogBlueprintUserMessages: Early EndPlayMap Detection: Level '/Game/MergedLevelTest.MergedLevelTest:PersistentLevel' has LevelScriptBlueprint '/Game/MergedLevelTest.MergedLevelTest:PersistentLevel.MergedLevelTest' with GeneratedClass '/Game/MergedLevelTest.MergedLevelTest_C' with ClassGeneratedBy '/Game/MergedLevelTest.MergedLevelTest:PersistentLevel.MergedLevelTest'
[2017.10.12-18.13.15:022][439]LogBlueprintUserMessages: Late EndPlayMap Detection: Level '/Game/MergedLevelTest.MergedLevelTest:PersistentLevel' has LevelScriptBlueprint '/Game/MergedLevelTest.MergedLevelTest:PersistentLevel.MergedLevelTest' with GeneratedClass '/Game/MergedLevelTest.MergedLevelTest_C' with ClassGeneratedBy '/Game/MergedLevelTest.MergedLevelTest:PersistentLevel.MergedLevelTest'
[2017.10.12-18.13.19:085][802]LogSlate: Took 0.000177 seconds to synchronously load lazily loaded font '../../../Engine/Content/Slate/Fonts/Roboto-Light.ttf' (159K)
[2017.10.12-18.13.19:113][802]Cmd: MAP LOAD FILE="D:/Alex/Madhouse Alex/MergedProject/MergedProject/sep6/Content/MergedLevelTest.umap" TEMPLATE=0 SHOWPROGRESS=1 FEATURELEVEL=3
[2017.10.12-18.13.19:113][802]LightingResults: New page: Lighting Build
[2017.10.12-18.13.19:114][802]LoadErrors: New page: Loading map: MergedLevelTest.umap
[2017.10.12-18.13.19:115][802]MapCheck: New page: Map Check
[2017.10.12-18.13.19:115][802]LightingResults: New page: Lighting Build
[2017.10.12-18.13.19:260][802]LogAIModule: Creating AISystem for world MergedLevelTest
[2017.10.12-18.13.19:369][802]LogEditorServer: Finished looking for orphan Actors (0.000 secs)
[2017.10.12-18.13.19:466][802]Cmd: MAP CHECKDEP NOCLEARLOG
[2017.10.12-18.13.19:545][802]MapCheck: Info Map check complete: 0 Error(s), 0 Warning(s), took 78.627ms to complete.
[2017.10.12-18.13.19:546][802]LogFileHelpers: Loading map 'MergedLevelTest' took 0.435
[2017.10.12-18.13.20:955][936]LogTemp: Repeting last play command: Selected Viewport
[2017.10.12-18.13.21:029][936]LogBlueprintUserMessages: Early PlayInEditor Detection: Level '/Game/MergedLevelTest.MergedLevelTest:PersistentLevel' has LevelScriptBlueprint '/Game/MergedLevelTest.MergedLevelTest:PersistentLevel.MergedLevelTest' with GeneratedClass '/Game/MergedLevelTest.MergedLevelTest_C' with ClassGeneratedBy '/Game/MergedLevelTest.MergedLevelTest:PersistentLevel.MergedLevelTest'
[2017.10.12-18.13.21:029][936]LogPlayLevel: PlayLevel: No blueprints needed recompiling
[2017.10.12-18.13.21:029][936]PIE: New page: PIE session: MergedLevelTest (Oct 12, 2017, 10:13:21 AM)
[2017.10.12-18.13.21:030][936]LogPlayLevel: Creating play world package: /Game/UEDPIE_0_MergedLevelTest
[2017.10.12-18.13.21:043][936]LogPlayLevel: PIE: StaticDuplicateObject took: (0.012974s)
[2017.10.12-18.13.21:043][936]LogAIModule: Creating AISystem for world MergedLevelTest
[2017.10.12-18.13.21:044][936]LogPlayLevel: PIE: World Init took: (0.000903s)
[2017.10.12-18.13.21:044][936]LogPlayLevel: PIE: Created PIE world by copying editor world from /Game/MergedLevelTest.MergedLevelTest to /Game/UEDPIE_0_MergedLevelTest.MergedLevelTest (0.014151s)
[2017.10.12-18.13.21:085][936]LogInit: XAudio2 using 'Back of PC (VIA HD Audio)' : 2 channels at 48 kHz using 32 bits per sample (channel mask 0x3)
[2017.10.12-18.13.21:102][936]LogInit: FAudioDevice initialized.
[2017.10.12-18.13.21:137][936]LogLoad: Game class is 'MovementSimulator_C'
[2017.10.12-18.13.21:141][936]LogWorld: Bringing World /Game/UEDPIE_0_MergedLevelTest.MergedLevelTest up for play (max tick rate 0) at 2017.10.12-14.13.21
[2017.10.12-18.13.21:141][936]LogWorld: Bringing up level for play took: 0.003263
[2017.10.12-18.13.21:144][936]PIE: Info Play in editor start time for /Game/UEDPIE_0_MergedLevelTest -0.036
[2017.10.12-18.13.21:145][936]LogBlueprintUserMessages: Late PlayInEditor Detection: Level '/Game/MergedLevelTest.MergedLevelTest:PersistentLevel' has LevelScriptBlueprint '/Game/MergedLevelTest.MergedLevelTest:PersistentLevel.MergedLevelTest' with GeneratedClass '/Game/MergedLevelTest.MergedLevelTest_C' with ClassGeneratedBy '/Game/MergedLevelTest.MergedLevelTest:PersistentLevel.MergedLevelTest'
[2017.10.12-18.13.22:820][ 96]LogBlueprintUserMessages: Early EndPlayMap Detection: Level '/Game/MergedLevelTest.MergedLevelTest:PersistentLevel' has LevelScriptBlueprint '/Game/MergedLevelTest.MergedLevelTest:PersistentLevel.MergedLevelTest' with GeneratedClass '/Game/MergedLevelTest.MergedLevelTest_C' with ClassGeneratedBy '/Game/MergedLevelTest.MergedLevelTest:PersistentLevel.MergedLevelTest'
[2017.10.12-18.13.22:858][ 96]LogBlueprintUserMessages: Late EndPlayMap Detection: Level '/Game/MergedLevelTest.MergedLevelTest:PersistentLevel' has LevelScriptBlueprint '/Game/MergedLevelTest.MergedLevelTest:PersistentLevel.MergedLevelTest' with GeneratedClass '/Game/MergedLevelTest.MergedLevelTest_C' with ClassGeneratedBy '/Game/MergedLevelTest.MergedLevelTest:PersistentLevel.MergedLevelTest'
[2017.10.12-18.13.41:979][843]LogTemp: Repeting last play command: Selected Viewport
[2017.10.12-18.13.42:007][843]LogBlueprintUserMessages: Early PlayInEditor Detection: Level '/Game/MergedLevelTest.MergedLevelTest:PersistentLevel' has LevelScriptBlueprint '/Game/MergedLevelTest.MergedLevelTest:PersistentLevel.MergedLevelTest' with GeneratedClass '/Game/MergedLevelTest.MergedLevelTest_C' with ClassGeneratedBy '/Game/MergedLevelTest.MergedLevelTest:PersistentLevel.MergedLevelTest'
[2017.10.12-18.13.42:007][843]LogPlayLevel: PlayLevel: No blueprints needed recompiling
[2017.10.12-18.13.42:007][843]PIE: New page: PIE session: MergedLevelTest (Oct 12, 2017, 10:13:42 AM)
[2017.10.12-18.13.42:007][843]LogPlayLevel: Creating play world package: /Game/UEDPIE_0_MergedLevelTest
[2017.10.12-18.13.42:020][843]LogPlayLevel: PIE: StaticDuplicateObject took: (0.012191s)
[2017.10.12-18.13.42:020][843]LogAIModule: Creating AISystem for world MergedLevelTest
[2017.10.12-18.13.42:021][843]LogPlayLevel: PIE: World Init took: (0.001005s)
[2017.10.12-18.13.42:021][843]LogPlayLevel: PIE: Created PIE world by copying editor world from /Game/MergedLevelTest.MergedLevelTest to /Game/UEDPIE_0_MergedLevelTest.MergedLevelTest (0.013517s)
[2017.10.12-18.13.42:052][843]LogInit: XAudio2 using 'Back of PC (VIA HD Audio)' : 2 channels at 48 kHz using 32 bits per sample (channel mask 0x3)
[2017.10.12-18.13.42:068][843]LogInit: FAudioDevice initialized.
[2017.10.12-18.13.42:098][843]LogLoad: Game class is 'MovementSimulator_C'
[2017.10.12-18.13.42:103][843]LogWorld: Bringing World /Game/UEDPIE_0_MergedLevelTest.MergedLevelTest up for play (max tick rate 0) at 2017.10.12-14.13.42
[2017.10.12-18.13.42:104][843]LogWorld: Bringing up level for play took: 0.003515
[2017.10.12-18.13.42:107][843]PIE: Info Play in editor start time for /Game/UEDPIE_0_MergedLevelTest 0.926
[2017.10.12-18.13.42:107][843]LogBlueprintUserMessages: Late PlayInEditor Detection: Level '/Game/MergedLevelTest.MergedLevelTest:PersistentLevel' has LevelScriptBlueprint '/Game/MergedLevelTest.MergedLevelTest:PersistentLevel.MergedLevelTest' with GeneratedClass '/Game/MergedLevelTest.MergedLevelTest_C' with ClassGeneratedBy '/Game/MergedLevelTest.MergedLevelTest:PersistentLevel.MergedLevelTest'
[2017.10.12-18.13.46:466][281]LogBlueprintUserMessages: Early EndPlayMap Detection: Level '/Game/MergedLevelTest.MergedLevelTest:PersistentLevel' has LevelScriptBlueprint '/Game/MergedLevelTest.MergedLevelTest:PersistentLevel.MergedLevelTest' with GeneratedClass '/Game/MergedLevelTest.MergedLevelTest_C' with ClassGeneratedBy '/Game/MergedLevelTest.MergedLevelTest:PersistentLevel.MergedLevelTest'
[2017.10.12-18.13.46:502][281]LogBlueprintUserMessages: Late EndPlayMap Detection: Level '/Game/MergedLevelTest.MergedLevelTest:PersistentLevel' has LevelScriptBlueprint '/Game/MergedLevelTest.MergedLevelTest:PersistentLevel.MergedLevelTest' with GeneratedClass '/Game/MergedLevelTest.MergedLevelTest_C' with ClassGeneratedBy '/Game/MergedLevelTest.MergedLevelTest:PersistentLevel.MergedLevelTest'
[2017.10.12-18.13.48:839][504]LogTemp: Repeting last play command: Selected Viewport
[2017.10.12-18.13.48:877][504]LogBlueprintUserMessages: Early PlayInEditor Detection: Level '/Game/MergedLevelTest.MergedLevelTest:PersistentLevel' has LevelScriptBlueprint '/Game/MergedLevelTest.MergedLevelTest:PersistentLevel.MergedLevelTest' with GeneratedClass '/Game/MergedLevelTest.MergedLevelTest_C' with ClassGeneratedBy '/Game/MergedLevelTest.MergedLevelTest:PersistentLevel.MergedLevelTest'
[2017.10.12-18.13.48:877][504]LogPlayLevel: PlayLevel: No blueprints needed recompiling
[2017.10.12-18.13.48:877][504]PIE: New page: PIE session: MergedLevelTest (Oct 12, 2017, 10:13:48 AM)
[2017.10.12-18.13.48:877][504]LogPlayLevel: Creating play world package: /Game/UEDPIE_0_MergedLevelTest
[2017.10.12-18.13.48:891][504]LogPlayLevel: PIE: StaticDuplicateObject took: (0.013585s)
[2017.10.12-18.13.48:892][504]LogAIModule: Creating AISystem for world MergedLevelTest
[2017.10.12-18.13.48:892][504]LogPlayLevel: PIE: World Init took: (0.000932s)
[2017.10.12-18.13.48:892][504]LogPlayLevel: PIE: Created PIE world by copying editor world from /Game/MergedLevelTest.MergedLevelTest to /Game/UEDPIE_0_MergedLevelTest.MergedLevelTest (0.014871s)
[2017.10.12-18.13.48:932][504]LogInit: XAudio2 using 'Back of PC (VIA HD Audio)' : 2 channels at 48 kHz using 32 bits per sample (channel mask 0x3)
[2017.10.12-18.13.48:952][504]LogInit: FAudioDevice initialized.
[2017.10.12-18.13.48:989][504]LogLoad: Game class is 'MovementSimulator_C'
[2017.10.12-18.13.48:993][504]LogWorld: Bringing World /Game/UEDPIE_0_MergedLevelTest.MergedLevelTest up for play (max tick rate 0) at 2017.10.12-14.13.48
[2017.10.12-18.13.48:994][504]LogWorld: Bringing up level for play took: 0.003121
[2017.10.12-18.13.48:996][504]PIE: Info Play in editor start time for /Game/UEDPIE_0_MergedLevelTest -0.184
[2017.10.12-18.13.48:997][504]LogBlueprintUserMessages: Late PlayInEditor Detection: Level '/Game/MergedLevelTest.MergedLevelTest:PersistentLevel' has LevelScriptBlueprint '/Game/MergedLevelTest.MergedLevelTest:PersistentLevel.MergedLevelTest' with GeneratedClass '/Game/MergedLevelTest.MergedLevelTest_C' with ClassGeneratedBy '/Game/MergedLevelTest.MergedLevelTest:PersistentLevel.MergedLevelTest'
[2017.10.12-18.13.55:288][142]LogBlueprintUserMessages: Early EndPlayMap Detection: Level '/Game/MergedLevelTest.MergedLevelTest:PersistentLevel' has LevelScriptBlueprint '/Game/MergedLevelTest.MergedLevelTest:PersistentLevel.MergedLevelTest' with GeneratedClass '/Game/MergedLevelTest.MergedLevelTest_C' with ClassGeneratedBy '/Game/MergedLevelTest.MergedLevelTest:PersistentLevel.MergedLevelTest'
[2017.10.12-18.13.55:322][142]LogBlueprintUserMessages: Late EndPlayMap Detection: Level '/Game/MergedLevelTest.MergedLevelTest:PersistentLevel' has LevelScriptBlueprint '/Game/MergedLevelTest.MergedLevelTest:PersistentLevel.MergedLevelTest' with GeneratedClass '/Game/MergedLevelTest.MergedLevelTest_C' with ClassGeneratedBy '/Game/MergedLevelTest.MergedLevelTest:PersistentLevel.MergedLevelTest'
[2017.10.12-18.14.22:507][718]LogAIModule: Creating AISystem for world MainMenu
[2017.10.12-18.14.22:529][718]Cmd: MAP LOAD FILE="D:/Alex/Madhouse Alex/MergedProject/MergedProject/sep6/Content/MainMenu/MainMenu.umap" TEMPLATE=0 SHOWPROGRESS=1 FEATURELEVEL=3
[2017.10.12-18.14.22:529][718]LightingResults: New page: Lighting Build
[2017.10.12-18.14.22:530][718]LoadErrors: New page: Loading map: MainMenu.umap
[2017.10.12-18.14.22:530][718]MapCheck: New page: Map Check
[2017.10.12-18.14.22:530][718]LightingResults: New page: Lighting Build
[2017.10.12-18.14.22:635][718]LogEditorServer: Finished looking for orphan Actors (0.000 secs)
[2017.10.12-18.14.22:701][718]Cmd: MAP CHECKDEP NOCLEARLOG
[2017.10.12-18.14.22:779][718]MapCheck: Info Map check complete: 0 Error(s), 0 Warning(s), took 78.342ms to complete.
[2017.10.12-18.14.22:780][718]LogFileHelpers: Loading map 'MainMenu' took 0.253
[2017.10.12-18.14.23:513][799]LogTemp: Repeting last play command: Selected Viewport
[2017.10.12-18.14.23:550][799]LogPlayLevel: PlayLevel: No blueprints needed recompiling
[2017.10.12-18.14.23:550][799]PIE: New page: PIE session: MainMenu (Oct 12, 2017, 10:14:23 AM)
[2017.10.12-18.14.23:550][799]LogPlayLevel: Creating play world package: /Game/MainMenu/UEDPIE_0_MainMenu
[2017.10.12-18.14.23:551][799]LogPlayLevel: PIE: StaticDuplicateObject took: (0.000980s)
[2017.10.12-18.14.23:552][799]LogAIModule: Creating AISystem for world MainMenu
[2017.10.12-18.14.23:552][799]LogPlayLevel: PIE: World Init took: (0.000783s)
[2017.10.12-18.14.23:552][799]LogPlayLevel: PIE: Created PIE world by copying editor world from /Game/MainMenu/MainMenu.MainMenu to /Game/MainMenu/UEDPIE_0_MainMenu.MainMenu (0.002019s)
[2017.10.12-18.14.23:593][799]LogInit: XAudio2 using 'Back of PC (VIA HD Audio)' : 2 channels at 48 kHz using 32 bits per sample (channel mask 0x3)
[2017.10.12-18.14.23:615][799]LogInit: FAudioDevice initialized.
[2017.10.12-18.14.23:652][799]LogLoad: Game class is 'MainMenuGameMode_C'
[2017.10.12-18.14.23:654][799]LogWorld: Bringing World /Game/MainMenu/UEDPIE_0_MainMenu.MainMenu up for play (max tick rate 0) at 2017.10.12-14.14.23
[2017.10.12-18.14.23:654][799]LogWorld: Bringing up level for play took: 0.000771
[2017.10.12-18.14.23:657][799]LogMediaAssets:Error: Failed to validate media source TitleVid (file://D:/Alex/Madhouse Alex/MergedProject/MergedProject/sep6/Content/Movies/TitleVid.mp4)
[2017.10.12-18.14.23:658][799]PIE: Info Play in editor start time for /Game/MainMenu/UEDPIE_0_MainMenu 0.477
[2017.10.12-18.14.31:585][532]LogMaterial: Missing cached shader map for material Material_0, compiling. 
[2017.10.12-18.14.31:706][532]LogContentBrowser:Verbose: The majority of assets in the view are of type: FileMediaSource
[2017.10.12-18.14.41:972][745]LogMediaAssets:Error: Failed to validate media source TitleVid (file://D:/Alex/Madhouse Alex/MergedProject/MergedProject/sep6/Content/Movies/TitleVid.mp4)
[2017.10.12-18.15.18:858][736]LogMediaAssets:Error: Failed to validate media source TitleVid (file://D:/Alex/Madhouse Alex/MergedProject/MergedProject/sep6/Content/Movies/TitleVid.mp4)
[2017.10.12-18.15.24:002][155]LogContentBrowser: Native class hierarchy updated for 'TextureEditor' in 0.0009 seconds. Added 1 classes and 2 folders.
[2017.10.12-18.15.31:240][809]LogMaterial: Missing cached shader map for material Material_1, compiling. 
[2017.10.12-18.15.31:329][809]LogContentBrowser:Verbose: The majority of assets in the view are of type: FileMediaSource
[2017.10.12-18.15.32:580][951]LogMediaAssets:Error: Failed to validate media source TitleVid (file://D:/Alex/Madhouse Alex/MergedProject/MergedProject/sep6/Content/Movies/TitleVid.mp4)
[2017.10.12-18.15.58:353][136]LogFactory: FactoryCreateFile: FileMediaSource with WmfFileMediaSourceFactory (0 0 D:\Alex\Madhouse Alex\MergedProject\MergedProject\sep6\Content\Movies\MovieMadhouseTitle.wmv)
[2017.10.12-18.16.09:768][661]LogMaterial: Missing cached shader map for material Material_2, compiling. 
[2017.10.12-18.16.09:851][661]LogContentBrowser:Verbose: The majority of assets in the view are of type: FileMediaSource
[2017.10.12-18.16.10:875][778]LogWmfMedia:Warning: Failed to finish resolve file://D:/Alex/Madhouse Alex/MergedProject/MergedProject/sep6/Content/Movies/MovieMadhouseTitle.wmv: The byte stream type of the given URL is unsupported.
[2017.10.12-18.16.38:987][370]LogMaterial: Missing cached shader map for material Material_3, compiling. 
[2017.10.12-18.16.39:069][370]LogContentBrowser:Verbose: The majority of assets in the view are of type: FileMediaSource
[2017.10.12-18.16.49:923][657]LogWmfMedia:Warning: Failed to finish resolve file://D:/Alex/Madhouse Alex/MergedProject/MergedProject/sep6/Content/Movies/MovieMadhouseTitle.wmv: The byte stream type of the given URL is unsupported.
[2017.10.12-18.16.56:274][376]LogSlate: Took 0.008816 seconds to synchronously load lazily loaded font '../../../Engine/Content/Editor/Slate/Fonts/DroidSansMono.ttf' (77K)
[2017.10.12-18.18.14:839][658]Cmd: OBJ SAVEPACKAGE PACKAGE="/Game/MainMenu/MovieMadhouseTitle" FILE="D:/Alex/Madhouse Alex/MergedProject/MergedProject/sep6/Content/MainMenu/MovieMadhouseTitle.uasset" SILENT=true
[2017.10.12-18.18.14:852][658]LogSavePackage: Save=8.81ms
[2017.10.12-18.18.14:852][658]LogSavePackage: Moving 'D:/Alex/Madhouse Alex/MergedProject/MergedProject/sep6/Saved/MovieMadhouseTitle4A5373A74D8E3AA81F3F71917A2AACBC.tmp' to 'D:/Alex/Madhouse Alex/MergedProject/MergedProject/sep6/Content/MainMenu/MovieMadhouseTitle.uasset'
[2017.10.12-18.18.14:855][658]LogSavePackage:Display: Finished SavePackage D:/Alex/Madhouse Alex/MergedProject/MergedProject/sep6/Content/MainMenu/MovieMadhouseTitle.uasset
[2017.10.12-18.18.31:132][ 72]LogMaterial: Missing cached shader map for material MenuVidTexture_Mat, compiling. 
[2017.10.12-18.18.32:312][119]LogMaterial: Missing cached shader map for material MenuVidTexture_Mat, compiling. 
[2017.10.12-18.18.32:474][119]LogMaterial: Missing cached shader map for material MenuVidTexture_Mat, compiling. 
[2017.10.12-18.18.32:502][119]LogMaterial: Missing cached shader map for material MenuVidTexture_Mat, compiling. 
[2017.10.12-18.18.32:552][119]LogMaterial: Missing cached shader map for material FMatExpressionPreview MaterialExpressionTextureSample_0, compiling. 
[2017.10.12-18.18.32:576][119]LogSlate: Took 0.008473 seconds to synchronously load lazily loaded font '../../../Engine/Content/Editor/Slate/Fonts/Roboto-BoldCondensed.ttf' (158K)
[2017.10.12-18.18.34:736][203]MaterialEditorStats: Info Base pass shader: 81 instructions
[2017.10.12-18.18.34:736][203]MaterialEditorStats: Info Vertex shader: 31 instructions
[2017.10.12-18.18.34:736][203]MaterialEditorStats: Info Texture samplers: 2/16
[2017.10.12-18.18.34:736][203]MaterialEditorStats: Info User interpolators: 2/4 Scalars (1/4 Vectors) (TexCoords: 2, Custom: 0)
[2017.10.12-18.18.37:060][395]LogMaterial: Missing cached shader map for material MenuVidTexture_Mat, compiling. 
[2017.10.12-18.18.37:082][395]LogMaterial: Missing cached shader map for material FMatExpressionPreview MaterialExpressionTextureSample_0, compiling. 
[2017.10.12-18.18.38:373][455]MaterialEditorStats: Info Base pass shader: 82 instructions
[2017.10.12-18.18.38:373][455]MaterialEditorStats: Info Vertex shader: 31 instructions
[2017.10.12-18.18.38:373][455]MaterialEditorStats: Info Texture samplers: 2/16
[2017.10.12-18.18.38:373][455]MaterialEditorStats: Info User interpolators: 2/4 Scalars (1/4 Vectors) (TexCoords: 2, Custom: 0)
[2017.10.12-18.18.38:442][460]LogMaterialEditor: Saving and Compiling material MenuVidTexture_Mat
[2017.10.12-18.18.39:890][460]LogMaterial: Missing cached shader map for material MenuVidTexture_Mat, compiling. 
[2017.10.12-18.18.39:957][460]LogMaterial: Missing cached shader map for material MenuVidTexture_Mat, compiling. 
[2017.10.12-18.18.39:996][460]LogMaterial: Missing cached shader map for material MenuVidTexture_Mat, compiling. 
[2017.10.12-18.18.40:055][460]LogMaterial: Missing cached shader map for material FDebugViewModeMaterialProxy MenuVidTexture_Mat, compiling. 
[2017.10.12-18.18.40:948][460]TextureStreamingBuild:Display: Compiling optional shaders took 0.907 seconds.
[2017.10.12-18.18.42:777][460]LogSlate: Took 0.005328 seconds to synchronously load lazily loaded font '../../../Engine/Content/Slate/Fonts/Roboto-Regular.ttf' (155K)
[2017.10.12-18.18.42:797][460]Cmd: OBJ SAVEPACKAGE PACKAGE="/Game/MainMenu/MenuVidTexture_Mat" FILE="D:/Alex/Madhouse Alex/MergedProject/MergedProject/sep6/Content/MainMenu/MenuVidTexture_Mat.uasset" SILENT=true
[2017.10.12-18.18.42:819][460]LogSavePackage: Save=18.67ms
[2017.10.12-18.18.42:819][460]LogSavePackage: Moving 'D:/Alex/Madhouse Alex/MergedProject/MergedProject/sep6/Saved/MenuVidTexture_Mat1272C51E488D9716B0409B9A7CF68A08.tmp' to 'D:/Alex/Madhouse Alex/MergedProject/MergedProject/sep6/Content/MainMenu/MenuVidTexture_Mat.uasset'
[2017.10.12-18.18.42:822][460]LogSavePackage:Display: Finished SavePackage D:/Alex/Madhouse Alex/MergedProject/MergedProject/sep6/Content/MainMenu/MenuVidTexture_Mat.uasset
[2017.10.12-18.18.42:829][460]MaterialEditorStats: Info Base pass shader: 82 instructions
[2017.10.12-18.18.42:829][460]MaterialEditorStats: Info Vertex shader: 31 instructions
[2017.10.12-18.18.42:830][460]MaterialEditorStats: Info Texture samplers: 3/16
[2017.10.12-18.18.42:830][460]MaterialEditorStats: Info User interpolators: 2/4 Scalars (1/4 Vectors) (TexCoords: 2, Custom: 0)
[2017.10.12-18.18.45:907][688]LogMaterial: Missing cached shader map for material NewMediaPlayer_Video_Mat, compiling. 
[2017.10.12-18.18.45:955][688]LogMaterial: Missing cached shader map for material NewMediaPlayer_Video_Mat, compiling. 
[2017.10.12-18.18.46:163][688]LogMaterial: Missing cached shader map for material NewMediaPlayer_Video_Mat, compiling. 
[2017.10.12-18.18.46:189][688]LogMaterial: Missing cached shader map for material NewMediaPlayer_Video_Mat, compiling. 
[2017.10.12-18.18.46:237][688]LogMaterial: Missing cached shader map for material FMatExpressionPreview MaterialExpressionTextureSample_0, compiling. 
[2017.10.12-18.19.22:458][ 71]LogMaterial: Missing cached shader map for material Material_4, compiling. 
[2017.10.12-18.19.22:554][ 71]LogContentBrowser:Verbose: The majority of assets in the view are of type: FileMediaSource
[2017.10.12-18.19.27:582][666]LogMaterial: Missing cached shader map for material Material_4, compiling. 
[2017.10.12-18.19.30:306][985]LogMaterial: Missing cached shader map for material Material_4, compiling. 
[2017.10.12-18.19.31:656][145]LogWmfMedia:Warning: Failed to finish resolve file://D:/Alex/Madhouse Alex/MergedProject/MergedProject/sep6/Content/Movies/MovieMadhouseTitle.wmv: The byte stream type of the given URL is unsupported.
[2017.10.12-18.19.41:659][907]Cmd: QUIT_EDITOR
[2017.10.12-18.19.42:027][907]LogWindowsTextInputMethodSystem:Display: IME system now deactivated.
[2017.10.12-18.19.42:040][907]LogExit: Preparing to exit.
[2017.10.12-18.19.42:330][907]LogExit: Editor shut down
[2017.10.12-18.19.42:334][907]LogExit: Transaction tracking system shut down
[2017.10.12-18.19.42:471][907]LogObj: Freed 0b from 0 cluster array pools.
[2017.10.12-18.19.42:471][907]LogExit: Object subsystem successfully closed.
[2017.10.12-18.19.42:497][907]LogD3D11RHI: Shutdown
[2017.10.12-18.19.42:497][907]LogD3D11RHI: CleanupD3DDevice
[2017.10.12-18.19.42:571][907]LogD3D11RHI: ~FD3D11DynamicRHI
[2017.10.12-18.19.42:609][907]LogModuleManager: Shutting down and abandoning module MaterialEditor (530)
[2017.10.12-18.19.42:609][907]LogModuleManager: Shutting down and abandoning module TextureEditor (528)
[2017.10.12-18.19.42:610][907]LogModuleManager: Shutting down and abandoning module MovieSceneCapture (526)
[2017.10.12-18.19.42:610][907]LogModuleManager: Shutting down and abandoning module HierarchicalLODOutliner (524)
[2017.10.12-18.19.42:611][907]LogModuleManager: Shutting down and abandoning module CrashTracker (522)
[2017.10.12-18.19.42:611][907]LogModuleManager: Shutting down and abandoning module SceneOutliner (520)
[2017.10.12-18.19.42:611][907]LogModuleManager: Shutting down and abandoning module AddContentDialog (518)
[2017.10.12-18.19.42:611][907]LogDirectoryWatcher: A directory notification for 'C:/Program Files/Epic Games/UE_4.16/FeaturePacks/' was aborted.
[2017.10.12-18.19.42:613][907]LogModuleManager: Shutting down and abandoning module WidgetCarousel (517)
[2017.10.12-18.19.42:613][907]LogModuleManager: Shutting down and abandoning module EditorWidgets (514)
[2017.10.12-18.19.42:613][907]LogModuleManager: Shutting down and abandoning module CollectionManager (512)
[2017.10.12-18.19.42:613][907]LogDirectoryWatcher: A directory notification for 'D:/Alex/Madhouse Alex/MergedProject/MergedProject/sep6/Content/Collections/' was aborted.
[2017.10.12-18.19.42:613][907]LogDirectoryWatcher: A directory notification for 'D:/Alex/Madhouse Alex/MergedProject/MergedProject/sep6/Content/Developers/AlexDesktop/Collections/' was aborted.
[2017.10.12-18.19.42:613][907]LogDirectoryWatcher: A directory notification for 'D:/Alex/Madhouse Alex/MergedProject/MergedProject/sep6/Saved/Collections/' was aborted.
[2017.10.12-18.19.42:613][907]LogModuleManager: Shutting down and abandoning module StatsViewer (510)
[2017.10.12-18.19.42:614][907]LogModuleManager: Shutting down and abandoning module FoliageEdit (508)
[2017.10.12-18.19.42:614][907]LogModuleManager: Shutting down and abandoning module LandscapeEditor (506)
[2017.10.12-18.19.42:614][907]LogModuleManager: Shutting down and abandoning module MeshPaintMode (504)
[2017.10.12-18.19.42:614][907]LogModuleManager: Shutting down and abandoning module SceneDepthPickerMode (502)
[2017.10.12-18.19.42:614][907]LogModuleManager: Shutting down and abandoning module ActorPickerMode (500)
[2017.10.12-18.19.42:614][907]LogModuleManager: Shutting down and abandoning module GeometryMode (498)
[2017.10.12-18.19.42:614][907]LogModuleManager: Shutting down and abandoning module TextureAlignMode (496)
[2017.10.12-18.19.42:614][907]LogModuleManager: Shutting down and abandoning module BspMode (494)
[2017.10.12-18.19.42:614][907]LogModuleManager: Shutting down and abandoning module HardwareSurvey (492)
[2017.10.12-18.19.42:615][907]LogModuleManager: Shutting down and abandoning module SequenceRecorderSections (490)
[2017.10.12-18.19.42:615][907]LogModuleManager: Shutting down and abandoning module AutomationWorker (488)
[2017.10.12-18.19.42:615][907]LogModuleManager: Shutting down and abandoning module MatineeToLevelSequence (486)
[2017.10.12-18.19.42:615][907]LogModuleManager: Shutting down and abandoning module LevelSequenceEditor (484)
[2017.10.12-18.19.42:617][907]LogModuleManager: Shutting down and abandoning module PlacementMode (483)
[2017.10.12-18.19.42:617][907]LogModuleManager: Shutting down and abandoning module WmfMediaFactory (480)
[2017.10.12-18.19.42:617][907]LogModuleManager: Shutting down and abandoning module WmfMediaEditor (478)
[2017.10.12-18.19.42:617][907]LogModuleManager: Shutting down and abandoning module AvfMediaFactory (476)
[2017.10.12-18.19.42:617][907]LogModuleManager: Shutting down and abandoning module AvfMediaEditor (474)
[2017.10.12-18.19.42:617][907]LogModuleManager: Shutting down and abandoning module AndroidMediaFactory (472)
[2017.10.12-18.19.42:617][907]LogModuleManager: Shutting down and abandoning module Media (471)
[2017.10.12-18.19.42:617][907]LogModuleManager: Shutting down and abandoning module AndroidMediaEditor (468)
[2017.10.12-18.19.42:617][907]LogModuleManager: Shutting down and abandoning module CharacterAI (466)
[2017.10.12-18.19.42:617][907]LogModuleManager: Shutting down and abandoning module AudioCapture (464)
[2017.10.12-18.19.42:617][907]LogModuleManager: Shutting down and abandoning module SequenceRecorder (463)
[2017.10.12-18.19.42:618][907]LogModuleManager: Shutting down and abandoning module SmartSnapping (460)
[2017.10.12-18.19.42:618][907]LogModuleManager: Shutting down and abandoning module SessionServices (458)
[2017.10.12-18.19.42:618][907]LogModuleManager: Shutting down and abandoning module ViewportSnapping (456)
[2017.10.12-18.19.42:618][907]LogModuleManager: Shutting down and abandoning module ViewportInteraction (454)
[2017.10.12-18.19.42:618][907]LogModuleManager: Shutting down and abandoning module ClothPainter (452)
[2017.10.12-18.19.42:620][907]LogModuleManager: Shutting down and abandoning module LogVisualizer (450)
[2017.10.12-18.19.42:621][907]LogModuleManager: Shutting down and abandoning module IntroTutorials (448)
[2017.10.12-18.19.42:622][907]LogModuleManager: Shutting down and abandoning module GameProjectGeneration (447)
[2017.10.12-18.19.42:623][907]LogModuleManager: Shutting down and abandoning module EditorLiveStreaming (444)
[2017.10.12-18.19.42:623][907]LogModuleManager: Shutting down and abandoning module IOSPlatformEditor (442)
[2017.10.12-18.19.42:624][907]LogModuleManager: Shutting down and abandoning module HTML5PlatformEditor (440)
[2017.10.12-18.19.42:624][907]LogModuleManager: Shutting down and abandoning module AndroidPlatformEditor (438)
[2017.10.12-18.19.42:624][907]LogModuleManager: Shutting down and abandoning module AndroidDeviceDetection (437)
[2017.10.12-18.19.43:172][907]LogModuleManager: Shutting down and abandoning module IOSRuntimeSettings (434)
[2017.10.12-18.19.43:172][907]LogModuleManager: Shutting down and abandoning module AndroidRuntimeSettings (432)
[2017.10.12-18.19.43:172][907]LogModuleManager: Shutting down and abandoning module InputBindingEditor (430)
[2017.10.12-18.19.43:173][907]LogModuleManager: Shutting down and abandoning module MergeActors (428)
[2017.10.12-18.19.43:173][907]LogModuleManager: Shutting down and abandoning module SizeMap (426)
[2017.10.12-18.19.43:173][907]LogModuleManager: Shutting down and abandoning module TreeMap (424)
[2017.10.12-18.19.43:173][907]LogModuleManager: Shutting down and abandoning module ReferenceViewer (422)
[2017.10.12-18.19.43:174][907]LogModuleManager: Shutting down and abandoning module LocalizationDashboard (420)
[2017.10.12-18.19.43:174][907]LogModuleManager: Shutting down and abandoning module LocalizationService (419)
[2017.10.12-18.19.43:175][907]LogModuleManager: Shutting down and abandoning module HardwareTargeting (416)
[2017.10.12-18.19.43:175][907]LogModuleManager: Shutting down and abandoning module DeviceProfileEditor (414)
[2017.10.12-18.19.43:175][907]LogModuleManager: Shutting down and abandoning module UndoHistory (412)
[2017.10.12-18.19.43:175][907]LogModuleManager: Shutting down and abandoning module UserFeedback (410)
[2017.10.12-18.19.43:175][907]LogModuleManager: Shutting down and abandoning module XmlParser (408)
[2017.10.12-18.19.43:176][907]LogModuleManager: Shutting down and abandoning module Blutility (406)
[2017.10.12-18.19.43:176][907]LogModuleManager: Shutting down and abandoning module ProjectSettingsViewer (404)
[2017.10.12-18.19.43:176][907]LogModuleManager: Shutting down and abandoning module ProjectTargetPlatformEditor (403)
[2017.10.12-18.19.43:176][907]LogModuleManager: Shutting down and abandoning module EditorSettingsViewer (400)
[2017.10.12-18.19.43:176][907]LogModuleManager: Shutting down and abandoning module SettingsEditor (398)
[2017.10.12-18.19.43:177][907]LogModuleManager: Shutting down and abandoning module ProjectLauncher (396)
[2017.10.12-18.19.43:177][907]LogModuleManager: Shutting down and abandoning module SessionFrontend (394)
[2017.10.12-18.19.43:178][907]LogModuleManager: Shutting down and abandoning module ProfilerClient (392)
[2017.10.12-18.19.43:179][907]LogModuleManager: Shutting down and abandoning module DeviceManager (390)
[2017.10.12-18.19.43:179][907]LogModuleManager: Shutting down and abandoning module TargetDeviceServices (389)
[2017.10.12-18.19.43:245][907]LogModuleManager: Shutting down and abandoning module AutomationController (386)
[2017.10.12-18.19.43:245][907]LogModuleManager: Shutting down and abandoning module AutomationWindow (384)
[2017.10.12-18.19.43:246][907]LogModuleManager: Shutting down and abandoning module Layers (382)
[2017.10.12-18.19.43:248][907]LogModuleManager: Shutting down and abandoning module ComponentVisualizers (380)
[2017.10.12-18.19.43:248][907]LogModuleManager: Shutting down and abandoning module DetailCustomizations (378)
[2017.10.12-18.19.43:248][907]LogModuleManager: Shutting down and abandoning module PackagesDialog (376)
[2017.10.12-18.19.43:249][907]LogModuleManager: Shutting down and abandoning module Persona (374)
[2017.10.12-18.19.43:250][907]LogModuleManager: Shutting down and abandoning module AdvancedPreviewScene (373)
[2017.10.12-18.19.43:250][907]LogModuleManager: Shutting down and abandoning module AnimGraph (371)
[2017.10.12-18.19.43:250][907]LogModuleManager: Shutting down and abandoning module Kismet (368)
[2017.10.12-18.19.43:251][907]LogModuleManager: Shutting down and abandoning module ClassViewer (366)
[2017.10.12-18.19.43:251][907]LogModuleManager: Shutting down and abandoning module Toolbox (364)
[2017.10.12-18.19.43:252][907]LogModuleManager: Shutting down and abandoning module ModuleUI (362)
[2017.10.12-18.19.43:252][907]LogModuleManager: Shutting down and abandoning module MovieSceneTools (360)
[2017.10.12-18.19.43:253][907]LogModuleManager: Shutting down and abandoning module OutputLog (358)
[2017.10.12-18.19.43:253][907]LogModuleManager: Shutting down and abandoning module GammaUI (356)
[2017.10.12-18.19.43:253][907]LogModuleManager: Shutting down and abandoning module Documentation (354)
[2017.10.12-18.19.43:253][907]LogModuleManager: Shutting down and abandoning module MovieSceneTracks (352)
[2017.10.12-18.19.43:253][907]LogModuleManager: Shutting down and abandoning module MovieScene (350)
[2017.10.12-18.19.43:253][907]LogModuleManager: Shutting down and abandoning module Niagara (348)
[2017.10.12-18.19.43:253][907]LogModuleManager: Shutting down and abandoning module NiagaraEditor (347)
[2017.10.12-18.19.43:255][907]LogModuleManager: Shutting down and abandoning module StreamingPauseRendering (344)
[2017.10.12-18.19.43:255][907]LogModuleManager: Shutting down and abandoning module AnalyticsET (342)
[2017.10.12-18.19.43:255][907]LogModuleManager: Shutting down and abandoning module PortalServices (340)
[2017.10.12-18.19.43:255][907]LogModuleManager: Shutting down and abandoning module PortalRpc (338)
[2017.10.12-18.19.43:255][907]LogModuleManager: Shutting down and abandoning module MessagingRpc (336)
[2017.10.12-18.19.43:255][907]LogModuleManager: Shutting down and abandoning module AIModule (334)
[2017.10.12-18.19.43:256][907]LogModuleManager: Shutting down and abandoning module GameplayDebugger (333)
[2017.10.12-18.19.43:256][907]LogModuleManager: Shutting down and abandoning module AITestSuite (331)
[2017.10.12-18.19.43:256][907]LogModuleManager: Shutting down and abandoning module ProfilerService (328)
[2017.10.12-18.19.43:483][907]LogModuleManager: Shutting down and abandoning module TaskGraph (326)
[2017.10.12-18.19.43:484][907]LogModuleManager: Shutting down and abandoning module SteamVRController (324)
[2017.10.12-18.19.43:484][907]LogModuleManager: Shutting down and abandoning module SteamVR (322)
[2017.10.12-18.19.43:484][907]LogModuleManager: Shutting down and abandoning module ProceduralMeshComponentEditor (320)
[2017.10.12-18.19.43:485][907]LogModuleManager: Shutting down and abandoning module ProceduralMeshComponent (318)
[2017.10.12-18.19.43:485][907]LogModuleManager: Shutting down and abandoning module OculusLibrary (316)
[2017.10.12-18.19.43:485][907]LogModuleManager: Shutting down and abandoning module OculusInput (314)
[2017.10.12-18.19.43:485][907]LogModuleManager: Shutting down and abandoning module MobilePatchingUtils (312)
[2017.10.12-18.19.43:485][907]LogModuleManager: Shutting down and abandoning module CustomMeshComponent (310)
[2017.10.12-18.19.43:485][907]LogModuleManager: Shutting down and abandoning module CableComponent (308)
[2017.10.12-18.19.43:485][907]LogModuleManager: Shutting down and abandoning module ArchVisCharacter (306)
[2017.10.12-18.19.43:485][907]LogModuleManager: Shutting down and abandoning module AndroidPermission (304)
[2017.10.12-18.19.43:485][907]LogModuleManager: Shutting down and abandoning module MediaPlayerEditor (300)
[2017.10.12-18.19.43:485][907]LogModuleManager: Shutting down and abandoning module HTML5Networking (298)
[2017.10.12-18.19.43:485][907]LogModuleManager: Shutting down and abandoning module AlembicImporter (296)
[2017.10.12-18.19.43:486][907]LogModuleManager: Shutting down and abandoning module AlembicLibrary (295)
[2017.10.12-18.19.43:486][907]LogModuleManager: Shutting down and abandoning module GeometryCache (294)
[2017.10.12-18.19.43:486][907]LogModuleManager: Shutting down and abandoning module GeometryCacheEd (293)
[2017.10.12-18.19.43:486][907]LogModuleManager: Shutting down and abandoning module SuperSearchEditor (288)
[2017.10.12-18.19.43:486][907]LogModuleManager: Shutting down and abandoning module SuperSearch (287)
[2017.10.12-18.19.43:486][907]LogModuleManager: Shutting down and abandoning module SpeedTreeImporter (284)
[2017.10.12-18.19.43:486][907]LogModuleManager: Shutting down and abandoning module PluginBrowser (282)
[2017.10.12-18.19.43:487][907]LogModuleManager: Shutting down and abandoning module MobileLauncherProfileWizard (280)
[2017.10.12-18.19.43:488][907]LogModuleManager: Shutting down and abandoning module VisualStudioSourceCodeAccess (278)
[2017.10.12-18.19.43:488][907]LogModuleManager: Shutting down and abandoning module DesktopPlatform (277)
[2017.10.12-18.19.43:488][907]LogModuleManager: Shutting down and abandoning module UObjectPlugin (274)
[2017.10.12-18.19.43:488][907]LogModuleManager: Shutting down and abandoning module SubversionSourceControl (272)
[2017.10.12-18.19.43:489][907]LogModuleManager: Shutting down and abandoning module PerforceSourceControl (270)
[2017.10.12-18.19.43:490][907]LogModuleManager: Shutting down and abandoning module GitSourceControl (268)
[2017.10.12-18.19.43:490][907]LogModuleManager: Shutting down and abandoning module SourceControl (267)
[2017.10.12-18.19.43:491][907]LogModuleManager: Shutting down and abandoning module LightPropagationVolumeEditor (264)
[2017.10.12-18.19.43:491][907]LogModuleManager: Shutting down and abandoning module PaperTiledImporter (262)
[2017.10.12-18.19.43:491][907]LogModuleManager: Shutting down and abandoning module PaperSpriteSheetImporter (260)
[2017.10.12-18.19.43:491][907]LogModuleManager: Shutting down and abandoning module Paper2DEditor (258)
[2017.10.12-18.19.43:491][907]LogModuleManager: Shutting down and abandoning module MeshPaint (257)
[2017.10.12-18.19.43:491][907]LogModuleManager: Shutting down and abandoning module LevelEditor (255)
[2017.10.12-18.19.43:493][907]LogModuleManager: Shutting down and abandoning module PixelInspectorModule (254)
[2017.10.12-18.19.43:493][907]LogModuleManager: Shutting down and abandoning module MainFrame (252)
[2017.10.12-18.19.43:494][907]LogModuleManager: Shutting down and abandoning module HotReload (251)
[2017.10.12-18.19.43:495][907]LogModuleManager: Shutting down and abandoning module PhysXVehiclesEditor (246)
[2017.10.12-18.19.43:496][907]LogModuleManager: Shutting down and abandoning module PhysXVehicles (244)
[2017.10.12-18.19.43:496][907]LogModuleManager: Shutting down and abandoning module LocationServicesBPLibrary (242)
[2017.10.12-18.19.43:496][907]LogModuleManager: Shutting down and abandoning module ImmediatePhysicsEditor (240)
[2017.10.12-18.19.43:496][907]LogModuleManager: Shutting down and abandoning module ImmediatePhysics (238)
[2017.10.12-18.19.43:496][907]LogModuleManager: Shutting down and abandoning module UdpMessaging (236)
[2017.10.12-18.19.43:597][907]LogModuleManager: Shutting down and abandoning module TcpMessaging (234)
[2017.10.12-18.19.43:698][907]LogModuleManager: Shutting down and abandoning module GameplayTagsEditor (232)
[2017.10.12-18.19.43:699][907]LogModuleManager: Shutting down and abandoning module FacialAnimationEditor (230)
[2017.10.12-18.19.43:699][907]LogModuleManager: Shutting down and abandoning module FacialAnimation (228)
[2017.10.12-18.19.43:699][907]LogModuleManager: Shutting down and abandoning module AssetManagerEditor (226)
[2017.10.12-18.19.43:699][907]LogModuleManager: Shutting down and abandoning module GraphEditor (225)
[2017.10.12-18.19.43:699][907]LogModuleManager: Shutting down and abandoning module ContentBrowser (223)
[2017.10.12-18.19.43:700][907]LogModuleManager: Shutting down and abandoning module LightPropagationVolumeRuntime (220)
[2017.10.12-18.19.43:700][907]LogModuleManager: Shutting down and abandoning module Paper2D (218)
[2017.10.12-18.19.43:700][907]LogModuleManager: Shutting down and abandoning module WindowsMoviePlayer (216)
[2017.10.12-18.19.43:700][907]LogModuleManager: Shutting down and abandoning module WmfMedia (214)
[2017.10.12-18.19.43:701][907]LogModuleManager: Shutting down and abandoning module ClothingSystemEditor (212)
[2017.10.12-18.19.43:701][907]LogModuleManager: Shutting down and abandoning module ClothingSystemRuntime (210)
[2017.10.12-18.19.43:701][907]LogModuleManager: Shutting down and abandoning module MediaAssets (208)
[2017.10.12-18.19.43:701][907]LogModuleManager: Shutting down and abandoning module GameLiveStreaming (206)
[2017.10.12-18.19.43:702][907]LogModuleManager: Shutting down and abandoning module VREditor (204)
[2017.10.12-18.19.43:702][907]LogModuleManager: Shutting down and abandoning module StringTableEditor (202)
[2017.10.12-18.19.43:703][907]LogModuleManager: Shutting down and abandoning module GameplayTasksEditor (200)
[2017.10.12-18.19.43:703][907]LogModuleManager: Shutting down and abandoning module BehaviorTreeEditor (198)
[2017.10.12-18.19.43:704][907]LogModuleManager: Shutting down and abandoning module FunctionalTesting (196)
[2017.10.12-18.19.43:704][907]LogModuleManager: Shutting down and abandoning module CollisionAnalyzer (194)
[2017.10.12-18.19.43:705][907]LogModuleManager: Shutting down and abandoning module UMG (192)
[2017.10.12-18.19.43:706][907]LogModuleManager: Shutting down and abandoning module UMGEditor (191)
[2017.10.12-18.19.43:707][907]LogModuleManager: Shutting down and abandoning module Sequencer (190)
[2017.10.12-18.19.43:708][907]LogModuleManager: Shutting down and abandoning module AssetTools (188)
[2017.10.12-18.19.43:709][907]LogModuleManager: Shutting down and abandoning module MessageLog (187)
[2017.10.12-18.19.43:709][907]LogModuleManager: Shutting down and abandoning module WorkspaceMenuStructure (186)
[2017.10.12-18.19.43:709][907]LogModuleManager: Shutting down and abandoning module SlateReflector (180)
[2017.10.12-18.19.43:711][907]LogModuleManager: Shutting down and abandoning module Slate (178)
[2017.10.12-18.19.43:711][907]LogModuleManager: Shutting down and abandoning module EditorStyle (176)
[2017.10.12-18.19.43:713][907]LogModuleManager: Shutting down and abandoning module SourceCodeAccess (174)
[2017.10.12-18.19.43:713][907]LogModuleManager: Shutting down and abandoning module HeadMountedDisplay (172)
[2017.10.12-18.19.43:713][907]LogModuleManager: Shutting down and abandoning module XAudio2 (170)
[2017.10.12-18.19.43:713][907]LogModuleManager: Shutting down and abandoning module Networking (168)
[2017.10.12-18.19.43:713][907]LogModuleManager: Shutting down and abandoning module Core (164)
[2017.10.12-18.19.43:713][907]LogModuleManager: Shutting down and abandoning module AssetRegistry (162)
[2017.10.12-18.19.43:839][907]LogDirectoryWatcher: A directory notification for '../../../Engine/Content/' was aborted.
[2017.10.12-18.19.43:840][907]LogDirectoryWatcher: A directory notification for 'D:/Alex/Madhouse Alex/MergedProject/MergedProject/sep6/Content/' was aborted.
[2017.10.12-18.19.43:840][907]LogDirectoryWatcher: A directory notification for '../../../Engine/Plugins/2D/Paper2D/Content/' was aborted.
[2017.10.12-18.19.43:840][907]LogDirectoryWatcher: A directory notification for '../../../Engine/Plugins/Runtime/GearVR/Content/' was aborted.
[2017.10.12-18.19.43:843][907]LogModuleManager: Shutting down and abandoning module DirectoryWatcher (161)
[2017.10.12-18.19.43:843][907]LogModuleManager: Shutting down and abandoning module KismetCompiler (158)
[2017.10.12-18.19.43:843][907]LogModuleManager: Shutting down and abandoning module LevelSequence (156)
[2017.10.12-18.19.43:843][907]LogModuleManager: Shutting down and abandoning module PhysXFormats (154)
[2017.10.12-18.19.43:843][907]LogModuleManager: Shutting down and abandoning module MeshUtilities (152)
[2017.10.12-18.19.43:844][907]LogModuleManager: Shutting down and abandoning module SimplygonSwarm (151)
[2017.10.12-18.19.43:844][907]LogModuleManager: Shutting down and abandoning module SimplygonMeshReduction (149)
[2017.10.12-18.19.43:844][907]LogModuleManager: Shutting down and abandoning module QuadricMeshReduction (147)
[2017.10.12-18.19.43:845][907]LogModuleManager: Shutting down and abandoning module DerivedDataCache (144)
[2017.10.12-18.19.43:928][907]LogDerivedDataCache: Shutdown
[2017.10.12-18.19.43:929][907]LogModuleManager: Shutting down and abandoning module TargetPlatform (142)
[2017.10.12-18.19.43:929][907]LogModuleManager: Shutting down and abandoning module VulkanShaderFormat (141)
[2017.10.12-18.19.43:930][907]LogModuleManager: Shutting down and abandoning module ShaderFormatVectorVM (139)
[2017.10.12-18.19.43:931][907]LogModuleManager: Shutting down and abandoning module ShaderFormatOpenGL (137)
[2017.10.12-18.19.43:931][907]LogModuleManager: Shutting down and abandoning module ShaderFormatD3D (135)
[2017.10.12-18.19.43:931][907]LogModuleManager: Shutting down and abandoning module MetalShaderFormat (133)
[2017.10.12-18.19.43:932][907]LogModuleManager: Shutting down and abandoning module TextureFormatUncompressed (131)
[2017.10.12-18.19.43:932][907]LogModuleManager: Shutting down and abandoning module TextureFormatPVR (129)
[2017.10.12-18.19.43:932][907]LogModuleManager: Shutting down and abandoning module TextureFormatDXT (127)
[2017.10.12-18.19.43:932][907]LogModuleManager: Shutting down and abandoning module TextureFormatIntelISPCTexComp (125)
[2017.10.12-18.19.43:932][907]LogModuleManager: Shutting down and abandoning module TextureFormatASTC (123)
[2017.10.12-18.19.43:932][907]LogModuleManager: Shutting down and abandoning module ImageWrapper (122)
[2017.10.12-18.19.43:932][907]LogModuleManager: Shutting down and abandoning module TextureFormatAndroid (119)
[2017.10.12-18.19.43:932][907]LogModuleManager: Shutting down and abandoning module AudioFormatOpus (117)
[2017.10.12-18.19.43:932][907]LogModuleManager: Shutting down and abandoning module AudioFormatOgg (115)
[2017.10.12-18.19.43:932][907]LogModuleManager: Shutting down and abandoning module AudioFormatADPCM (113)
[2017.10.12-18.19.43:932][907]LogModuleManager: Shutting down and abandoning module LinuxTargetPlatform (111)
[2017.10.12-18.19.43:932][907]LogModuleManager: Shutting down and abandoning module LinuxServerTargetPlatform (109)
[2017.10.12-18.19.43:932][907]LogModuleManager: Shutting down and abandoning module LinuxNoEditorTargetPlatform (107)
[2017.10.12-18.19.43:932][907]LogModuleManager: Shutting down and abandoning module LinuxClientTargetPlatform (105)
[2017.10.12-18.19.43:932][907]LogModuleManager: Shutting down and abandoning module TVOSTargetPlatform (103)
[2017.10.12-18.19.43:932][907]LogModuleManager: Shutting down and abandoning module Messaging (101)
[2017.10.12-18.19.43:932][907]LogModuleManager: Shutting down and abandoning module IOSTargetPlatform (99)
[2017.10.12-18.19.43:932][907]LogModuleManager: Shutting down and abandoning module HTML5TargetPlatform (97)
[2017.10.12-18.19.43:932][907]LogModuleManager: Shutting down and abandoning module Android_PVRTCTargetPlatform (95)
[2017.10.12-18.19.43:933][907]LogModuleManager: Shutting down and abandoning module Android_MultiTargetPlatform (93)
[2017.10.12-18.19.43:933][907]LogModuleManager: Shutting down and abandoning module Android_ETC2TargetPlatform (91)
[2017.10.12-18.19.43:933][907]LogModuleManager: Shutting down and abandoning module Android_ETC1TargetPlatform (89)
[2017.10.12-18.19.43:933][907]LogModuleManager: Shutting down and abandoning module Android_DXTTargetPlatform (87)
[2017.10.12-18.19.43:933][907]LogModuleManager: Shutting down and abandoning module Android_ATCTargetPlatform (85)
[2017.10.12-18.19.43:934][907]LogModuleManager: Shutting down and abandoning module Android_ASTCTargetPlatform (83)
[2017.10.12-18.19.43:934][907]LogModuleManager: Shutting down and abandoning module AndroidTargetPlatform (81)
[2017.10.12-18.19.43:934][907]LogModuleManager: Shutting down and abandoning module WindowsTargetPlatform (79)
[2017.10.12-18.19.43:934][907]LogModuleManager: Shutting down and abandoning module WindowsServerTargetPlatform (77)
[2017.10.12-18.19.43:934][907]LogModuleManager: Shutting down and abandoning module WindowsNoEditorTargetPlatform (75)
[2017.10.12-18.19.43:934][907]LogModuleManager: Shutting down and abandoning module WindowsClientTargetPlatform (73)
[2017.10.12-18.19.43:934][907]LogModuleManager: Shutting down and abandoning module MacTargetPlatform (71)
[2017.10.12-18.19.43:934][907]LogModuleManager: Shutting down and abandoning module MacServerTargetPlatform (69)
[2017.10.12-18.19.43:934][907]LogModuleManager: Shutting down and abandoning module MacNoEditorTargetPlatform (67)
[2017.10.12-18.19.43:934][907]LogModuleManager: Shutting down and abandoning module MacClientTargetPlatform (65)
[2017.10.12-18.19.43:934][907]LogModuleManager: Shutting down and abandoning module AllDesktopTargetPlatform (63)
[2017.10.12-18.19.43:934][907]LogModuleManager: Shutting down and abandoning module InputCore (60)
[2017.10.12-18.19.43:934][907]LogModuleManager: Shutting down and abandoning module Settings (58)
[2017.10.12-18.19.43:934][907]LogModuleManager: Shutting down and abandoning module OculusRift (56)
[2017.10.12-18.19.43:934][907]LogModuleManager: Shutting down and abandoning module GearVRController (54)
[2017.10.12-18.19.43:934][907]LogModuleManager: Shutting down and abandoning module GearVR (52)
[2017.10.12-18.19.43:935][907]LogModuleManager: Shutting down and abandoning module ExampleDeviceProfileSelector (50)
[2017.10.12-18.19.43:935][907]LogModuleManager: Shutting down and abandoning module OnlineBlueprintSupport (48)
[2017.10.12-18.19.43:935][907]LogModuleManager: Shutting down and abandoning module OnlineSubsystem (44)
[2017.10.12-18.19.43:935][907]LogOnline:Display: Unloading online subsystem: NULL
[2017.10.12-18.19.43:936][907]LogModuleManager: Shutting down and abandoning module XMPP (43)
[2017.10.12-18.19.43:937][907]LogModuleManager: Shutting down and abandoning module HTTP (41)
[2017.10.12-18.19.43:937][907]LogHttp:Display: Http module shutting down, but needs to wait on 1 outstanding Http requests:
[2017.10.12-18.19.43:937][907]LogHttp:Display: 	verb=[POST] url=[https://datarouter.ol.epicgames.com/datarouter/api/v1/public/data?SessionID=%7B51CFE7FE-45AF-E0ED-1C43-60912A917B9B%7D&AppID=UEEditor.Rocket.Release&AppVersion=4.16.3-3561208%2B%2B%2BUE4%2BRelease-4.16&UserID=3ea27d144f670583f11297af20a2fb34%7C1bc16facf7194014b1dad69c7d6aeb15%7C6fc319b9-4413-46f2-8772-c89d3e615cf4&AppEnvironment=datacollector-binary&UploadType=eteventstream] status=Processing
[2017.10.12-18.19.43:940][907]LogModuleManager: Shutting down and abandoning module SSL (40)
[2017.10.12-18.19.43:942][907]LogModuleManager: Shutting down and abandoning module HTTPChunkInstaller (36)
[2017.10.12-18.19.43:943][907]LogModuleManager: Shutting down and abandoning module AnimationModifiers (34)
[2017.10.12-18.19.43:944][907]LogModuleManager: Shutting down and abandoning module PropertyEditor (33)
[2017.10.12-18.19.43:944][907]LogModuleManager: Shutting down and abandoning module AudioEditor (30)
[2017.10.12-18.19.43:944][907]LogModuleManager: Shutting down and abandoning module TextureCompressor (28)
[2017.10.12-18.19.43:944][907]LogModuleManager: Shutting down and abandoning module ShaderCore (26)
[2017.10.12-18.19.43:944][907]LogModuleManager: Shutting down and abandoning module Landscape (24)
[2017.10.12-18.19.43:944][907]LogModuleManager: Shutting down and abandoning module SlateRHIRenderer (22)
[2017.10.12-18.19.43:946][907]LogModuleManager: Shutting down and abandoning module OpenGLDrv (20)
[2017.10.12-18.19.43:947][907]LogModuleManager: Shutting down and abandoning module D3D11RHI (18)
[2017.10.12-18.19.43:947][907]LogModuleManager: Shutting down and abandoning module AnimGraphRuntime (16)
[2017.10.12-18.19.43:947][907]LogModuleManager: Shutting down and abandoning module Renderer (14)
[2017.10.12-18.19.43:947][907]LogModuleManager: Shutting down and abandoning module Engine (12)
[2017.10.12-18.19.43:947][907]LogModuleManager: Shutting down and abandoning module CoreUObject (10)
[2017.10.12-18.19.43:947][907]LogModuleManager: Shutting down and abandoning module NetworkFile (8)
[2017.10.12-18.19.43:947][907]LogModuleManager: Shutting down and abandoning module StreamingFile (6)
[2017.10.12-18.19.43:948][907]LogModuleManager: Shutting down and abandoning module SandboxFile (4)
[2017.10.12-18.19.43:948][907]LogModuleManager: Shutting down and abandoning module PakFile (2)
[2017.10.12-18.19.43:950][907]LogExit: Exiting.
[2017.10.12-18.19.43:974][907]Log file closed, 10/12/17 14:19:43
