Log file open, 10/15/17 21:18:41
LogInit:Display: Running engine for game: sep6
LogPlatformFile: Not using cached read wrapper
LogInit:Display: RandInit(-294809741) SRandInit(-294809741).
LogTaskGraph: Started task graph with 5 named threads and 8 total threads with 1 sets of task threads.
LogStats: Stats thread started at 0.086144
LogInit: Using libcurl 7.47.1
LogInit:  - built for x86_64-pc-win32
LogInit:  - supports SSL with OpenSSL/1.0.2g
LogInit:  - supports HTTP deflate (compression) using libz 1.2.8
LogInit:  - other features:
LogInit:      CURL_VERSION_SSL
LogInit:      CURL_VERSION_LIBZ
LogInit:      CURL_VERSION_IPV6
LogInit:      CURL_VERSION_ASYNCHDNS
LogInit:      CURL_VERSION_LARGEFILE
LogInit:      CURL_VERSION_IDN
LogInit:  CurlRequestOptions (configurable via config and command line):
LogInit:  - bVerifyPeer = false  - Libcurl will NOT verify peer certificate
LogInit:  - bUseHttpProxy = false  - Libcurl will NOT use HTTP proxy
LogInit:  - bDontReuseConnections = false  - Libcurl will reuse connections
LogInit:  - CertBundlePath = nullptr  - Libcurl will use whatever was configured at build time.
LogInit: Build: ++UE4+Release-4.16-CL-3561208
LogInit: Engine Version: 4.16.3-3561208+++UE4+Release-4.16
LogInit: Compatible Engine Version: 4.16.0-3452394+++UE4+Release-4.16
LogInit: Net CL: 3452394
LogDevObjectVersion: Number of dev versions registered: 16
LogDevObjectVersion:   Dev-Blueprints (B0D832E4-1F89-4F0D-ACCF-7EB736FD4AA2): 9
LogDevObjectVersion:   Dev-Build (E1C64328-A22C-4D53-A36C-8E866417BD8C): 0
LogDevObjectVersion:   Dev-Core (375EC13C-06E4-48FB-B500-84F0262A717E): 2
LogDevObjectVersion:   Dev-Editor (E4B068ED-F494-42E9-A231-DA0B2E46BB41): 17
LogDevObjectVersion:   Dev-Framework (CFFC743F-43B0-4480-9391-14DF171D2073): 23
LogDevObjectVersion:   Dev-Mobile (B02B49B5-BB20-44E9-A304-32B752E40360): 0
LogDevObjectVersion:   Dev-Networking (A4E4105C-59A1-49B5-A7C5-40C4547EDFEE): 0
LogDevObjectVersion:   Dev-Online (39C831C9-5AE6-47DC-9A44-9C173E1C8E7C): 0
LogDevObjectVersion:   Dev-Physics (78F01B33-EBEA-4F98-B9B4-84EACCB95AA2): 0
LogDevObjectVersion:   Dev-Platform (6631380F-2D4D-43E0-8009-CF276956A95A): 0
LogDevObjectVersion:   Dev-Rendering (12F88B9F-8875-4AFC-A67C-D90C383ABD29): 15
LogDevObjectVersion:   Dev-Sequencer (7B5AE74C-D270-4C10-A958-57980B212A5A): 4
LogDevObjectVersion:   Dev-VR (D7296918-1DD6-4BDD-9DE2-64A83CC13884): 0
LogDevObjectVersion:   Dev-LoadTimes (C2A15278-BFE7-4AFE-6C17-90FF531DF755): 1
LogDevObjectVersion:   Private-Geometry (6EACA3D4-40EC-4CC1-B786-8BED09428FC5): 1
LogDevObjectVersion:   Dev-AnimPhys (29E575DD-E0A3-4627-9D10-D276232CDCEA): 3
LogInit: Compiled (64-bit): Jul 28 2017 11:49:47
LogInit: Compiled with Visual C++: 19.00.24215.01
LogInit: Build Configuration: Development
LogInit: Branch Name: ++UE4+Release-4.16
LogInit: Command line:  
LogInit: Base directory: C:/Program Files/Epic Games/UE_4.16/Engine/Binaries/Win64/
LogInit: Installed Engine Build: 1
LogInit: Presizing for max 8388607 objects, including 0 objects not considered by GC, pre-allocating 0 bytes for permanent pool.
LogInit: Object subsystem initialized
[2017.10.16-01.18.42:279][  0]LogInit: Selected Device Profile: [Windows]
[2017.10.16-01.18.42:279][  0]LogInit: Applying CVar settings loaded from the selected device profile: [Windows]
[2017.10.16-01.18.42:307][  0]LogInit: Computer: GAMING
[2017.10.16-01.18.42:307][  0]LogInit: User: Taylor
[2017.10.16-01.18.42:307][  0]LogInit: CPU Page size=4096, Cores=4
[2017.10.16-01.18.42:307][  0]LogInit: High frequency timer resolution =3.410074 MHz
[2017.10.16-01.18.42:307][  0]LogMemory: Memory total: Physical=15.9GB (16GB approx)
[2017.10.16-01.18.42:307][  0]LogMemory: Platform Memory Stats for Windows
[2017.10.16-01.18.42:307][  0]LogMemory: Process Physical Memory: 272.79 MB used, 272.79 MB peak
[2017.10.16-01.18.42:307][  0]LogMemory: Process Virtual Memory: 266.52 MB used, 266.52 MB peak
[2017.10.16-01.18.42:307][  0]LogMemory: Physical Memory: 4510.40 MB used,  11748.56 MB free, 16258.96 MB total
[2017.10.16-01.18.42:307][  0]LogMemory: Virtual Memory: 643.52 MB used,  11748.56 MB free, 134217728.00 MB total
[2017.10.16-01.18.42:395][  0]LogInit: Using OS detected language (en-US).
[2017.10.16-01.18.42:395][  0]LogInit: Using OS detected locale (en-US).
[2017.10.16-01.18.42:398][  0]LogTextLocalizationManager: No specific localization for 'en-US' exists, so the 'en' localization will be used.
[2017.10.16-01.18.43:158][  0]LogD3D11RHI: D3D11 adapters:
[2017.10.16-01.18.43:193][  0]LogD3D11RHI:    0. 'NVIDIA GeForce GTX 970' (Feature Level 11_0)
[2017.10.16-01.18.43:193][  0]LogD3D11RHI:       4059/0/8129 MB DedicatedVideo/DedicatedSystem/SharedSystem, Outputs:2, VendorId:0x10de
[2017.10.16-01.18.43:198][  0]LogD3D11RHI:    1. 'Intel(R) HD Graphics 4600' (Feature Level 11_0)
[2017.10.16-01.18.43:198][  0]LogD3D11RHI:       112/0/2048 MB DedicatedVideo/DedicatedSystem/SharedSystem, Outputs:0, VendorId:0x8086
[2017.10.16-01.18.43:199][  0]LogD3D11RHI:    2. 'Microsoft Basic Render Driver' (Feature Level 11_0)
[2017.10.16-01.18.43:199][  0]LogD3D11RHI:       0/0/8129 MB DedicatedVideo/DedicatedSystem/SharedSystem, Outputs:0, VendorId:0x1414
[2017.10.16-01.18.43:199][  0]LogD3D11RHI: Chosen D3D11 Adapter: 0
[2017.10.16-01.18.43:203][  0]LogD3D11RHI: Creating new Direct3DDevice
[2017.10.16-01.18.43:203][  0]LogD3D11RHI:     GPU DeviceId: 0x13c2 (for the marketing name, search the web for "GPU Device Id")
[2017.10.16-01.18.43:203][  0]LogWindows: EnumDisplayDevices:
[2017.10.16-01.18.43:203][  0]LogWindows:    0. 'NVIDIA GeForce GTX 970' (P:1 D:1)
[2017.10.16-01.18.43:203][  0]LogWindows:    1. 'NVIDIA GeForce GTX 970' (P:0 D:1)
[2017.10.16-01.18.43:203][  0]LogWindows:    2. 'NVIDIA GeForce GTX 970' (P:0 D:0)
[2017.10.16-01.18.43:204][  0]LogWindows:    3. 'NVIDIA GeForce GTX 970' (P:0 D:0)
[2017.10.16-01.18.43:204][  0]LogWindows:    4. 'Intel(R) HD Graphics 4600' (P:0 D:0)
[2017.10.16-01.18.43:204][  0]LogWindows:    5. 'Intel(R) HD Graphics 4600' (P:0 D:0)
[2017.10.16-01.18.43:204][  0]LogWindows:    6. 'Intel(R) HD Graphics 4600' (P:0 D:0)
[2017.10.16-01.18.43:204][  0]LogWindows: DebugString: PrimaryIsNotTheChoosenAdapter PrimaryIsNotTheChoosenAdapter PrimaryIsNotTheChoosenAdapter FoundDriverCount:4 
[2017.10.16-01.18.43:204][  0]LogD3D11RHI:     Adapter Name: NVIDIA GeForce GTX 970
[2017.10.16-01.18.43:204][  0]LogD3D11RHI:   Driver Version: 382.05 (internal:22.21.13.8205, unified:382.05)
[2017.10.16-01.18.43:204][  0]LogD3D11RHI:      Driver Date: 5-1-2017
[2017.10.16-01.18.43:204][  0]LogRHI: Texture pool is 1361 MB (70% of 1945 MB)
[2017.10.16-01.18.43:228][  0]LogD3D11RHI: Async texture creation enabled
[2017.10.16-01.18.43:238][  0]LogD3D11RHI: GPU Timing Frequency: 1000.000000 (Debug: 2 1)
[2017.10.16-01.18.43:293][  0]LogShaderCompilers: Guid format shader working directory is 1 characters bigger than the processId version (../../../../../../Users/Taylor/Desktop/TGorder/Intermediate/Shaders/WorkingDirectory/5652/).
[2017.10.16-01.18.43:293][  0]LogShaderCompilers: Cleaned the shader compiler working directory 'C:/Users/Taylor/AppData/Local/Temp/UnrealShaderWorkingDir/2FEB5F0441FDD052AA88CEBC86DA4365/'.
[2017.10.16-01.18.43:294][  0]LogShaderCompilers:Display: Using Local Shader Compiler.
[2017.10.16-01.18.44:228][  0]LogTemp:Display: Loaded TP AllDesktopTargetPlatform
[2017.10.16-01.18.44:269][  0]LogTemp:Display: Loaded TP MacClientTargetPlatform
[2017.10.16-01.18.44:309][  0]LogTemp:Display: Loaded TP MacNoEditorTargetPlatform
[2017.10.16-01.18.44:350][  0]LogTemp:Display: Loaded TP MacServerTargetPlatform
[2017.10.16-01.18.44:391][  0]LogTemp:Display: Loaded TP MacTargetPlatform
[2017.10.16-01.18.44:433][  0]LogTemp:Display: Loaded TP WindowsClientTargetPlatform
[2017.10.16-01.18.44:474][  0]LogTemp:Display: Loaded TP WindowsNoEditorTargetPlatform
[2017.10.16-01.18.44:514][  0]LogTemp:Display: Loaded TP WindowsServerTargetPlatform
[2017.10.16-01.18.44:550][  0]LogTemp:Display: Loaded TP WindowsTargetPlatform
[2017.10.16-01.18.44:590][  0]LogTemp:Display: Loaded TP AndroidTargetPlatform
[2017.10.16-01.18.44:630][  0]LogTemp:Display: Loaded TP Android_ASTCTargetPlatform
[2017.10.16-01.18.44:670][  0]LogTemp:Display: Loaded TP Android_ATCTargetPlatform
[2017.10.16-01.18.44:709][  0]LogTemp:Display: Loaded TP Android_DXTTargetPlatform
[2017.10.16-01.18.44:749][  0]LogTemp:Display: Loaded TP Android_ETC1TargetPlatform
[2017.10.16-01.18.44:789][  0]LogTemp:Display: Loaded TP Android_ETC2TargetPlatform
[2017.10.16-01.18.44:868][  0]LogTemp:Display: Loaded TP Android_MultiTargetPlatform
[2017.10.16-01.18.44:868][  0]LogTemp:Display: Loaded TP Android_PVRTCTargetPlatform
[2017.10.16-01.18.44:899][  0]LogTemp:Display: Loaded TP HTML5TargetPlatform
[2017.10.16-01.18.44:978][  0]LogTemp:Display: Loaded TP IOSTargetPlatform
[2017.10.16-01.18.45:043][  0]LogTemp:Display: Loaded TP TVOSTargetPlatform
[2017.10.16-01.18.45:102][  0]LogTemp:Display: Loaded TP LinuxClientTargetPlatform
[2017.10.16-01.18.45:142][  0]LogTemp:Display: Loaded TP LinuxNoEditorTargetPlatform
[2017.10.16-01.18.45:182][  0]LogTemp:Display: Loaded TP LinuxServerTargetPlatform
[2017.10.16-01.18.45:223][  0]LogTemp:Display: Loaded TP LinuxTargetPlatform
[2017.10.16-01.18.45:223][  0]LogTargetPlatformManager:Display: Building Assets For Windows
[2017.10.16-01.18.45:630][  0]LogDerivedDataCache:Display: Max Cache Size: 512 MB
[2017.10.16-01.18.45:715][  0]LogDerivedDataCache: Loaded boot cache 0.08s 90MB C:/Users/Taylor/AppData/Local/UnrealEngine/4.16/DerivedDataCache/Boot.ddc.
[2017.10.16-01.18.45:715][  0]LogDerivedDataCache:Display: Loaded Boot cache: C:/Users/Taylor/AppData/Local/UnrealEngine/4.16/DerivedDataCache/Boot.ddc
[2017.10.16-01.18.45:715][  0]LogDerivedDataCache: FDerivedDataBackendGraph:  Pak pak cache file ../../../../../../Users/Taylor/Desktop/TGorder/DerivedDataCache/DDC.ddp not found, will not use a pak cache.
[2017.10.16-01.18.45:715][  0]LogDerivedDataCache: Unable to find inner node Pak for hierarchical cache Hierarchy.
[2017.10.16-01.18.45:715][  0]LogDerivedDataCache: FDerivedDataBackendGraph:  CompressedPak pak cache file ../../../../../../Users/Taylor/Desktop/TGorder/DerivedDataCache/Compressed.ddp not found, will not use a pak cache.
[2017.10.16-01.18.45:715][  0]LogDerivedDataCache: Unable to find inner node CompressedPak for hierarchical cache Hierarchy.
[2017.10.16-01.18.45:728][  0]LogDerivedDataCache:Display: Pak cache opened for reading ../../../Engine/DerivedDataCache/Compressed.ddp.
[2017.10.16-01.18.45:740][  0]LogDerivedDataCache: Using Local data cache path C:/Users/Taylor/AppData/Local/UnrealEngine/Common/DerivedDataCache: Writable
[2017.10.16-01.18.45:748][  0]LogMaterial: Verifying Global Shaders for PCD3D_SM5
[2017.10.16-01.18.45:748][  0]LogSlate: Using Freetype 2.6.0
[2017.10.16-01.18.45:749][  0]LogSlate: SlateFontCache - WITH_FREETYPE: 1, WITH_HARFBUZZ: 1
[2017.10.16-01.18.45:749][  0]LogSlate: SlateFontCache - WITH_FREETYPE: 1, WITH_HARFBUZZ: 1
[2017.10.16-01.18.46:008][  0]LogInit: Selected Device Profile: [Windows]
[2017.10.16-01.18.46:071][  0]LogContentStreaming: Texture pool size is 0.00 MB
[2017.10.16-01.18.46:202][  0]LogMeshUtilities: Using QuadricMeshReduction for automatic static mesh reduction
[2017.10.16-01.18.46:238][  0]LogSimplygon: Simplygon DLL not present - disabling.
[2017.10.16-01.18.46:277][  0]LogMeshUtilities: Using SimplygonSwarm for distributed automatic mesh merging
[2017.10.16-01.18.46:277][  0]LogMeshUtilities: No automatic skeletal mesh reduction module available
[2017.10.16-01.18.46:277][  0]LogMeshUtilities: No automatic mesh merging module available
[2017.10.16-01.18.46:719][  0]LogNetVersion: sep6 , NetCL: 3452394, EngineNetVer: 2, GameNetVer: 0 (Checksum: 1248976798)
[2017.10.16-01.18.46:775][  0]LogAssetRegistry: FAssetRegistry took 0.0247 seconds to start up
[2017.10.16-01.18.46:826][  0]LogPackageLocalizationCache: Processed 4 localized package path(s) for 2 prioritized culture(s) in 0.031280 seconds
[2017.10.16-01.18.46:831][  0]LogUObjectArray: 34194 objects as part of root set at end of initial load.
[2017.10.16-01.18.46:831][  0]LogUObjectAllocator: 7260424 out of 0 bytes used by permanent object pool.
[2017.10.16-01.18.46:831][  0]LogUObjectArray: CloseDisregardForGC: 0/0 objects in disregard for GC pool
[2017.10.16-01.18.46:884][  0]LogInit: WinSock: version 1.1 (2.2), MaxSocks=32767, MaxUdp=65467
[2017.10.16-01.18.48:842][  0]LogTcpMessaging: Initializing TcpMessaging bridge
[2017.10.16-01.18.48:879][  0]LogUdpMessaging: Initializing bridge on interface 0.0.0.0:0 to multicast group 230.0.0.1:6666.
[2017.10.16-01.18.49:356][  0]LogMaterial: Uniform references updated for custom material expression Custom.
[2017.10.16-01.18.49:678][  0]SourceControl: Info Source control is disabled
[2017.10.16-01.18.49:678][  0]SourceControl: Info Source control is disabled
[2017.10.16-01.18.50:303][  0]LogAndroidPermission: UAndroidPermissionCallbackProxy::GetInstance
[2017.10.16-01.18.50:786][  0]LogEngine: Initializing Engine...
[2017.10.16-01.18.50:787][  0]LogHMD: Failed to initialize OpenVR with code 110
[2017.10.16-01.18.50:949][  0]LogStats: UGameplayTagsManager::ConstructGameplayTagTree: Construct from data asset -  0.000 s
[2017.10.16-01.18.50:949][  0]LogStats: UGameplayTagsManager::ConstructGameplayTagTree: GameplayTagTreeChangedEvent.Broadcast -  0.000 s
[2017.10.16-01.18.51:057][  0]LogAIModule: Creating AISystem for world Untitled
[2017.10.16-01.18.51:066][  0]LogInit: XAudio2 using 'Speakers (Realtek High Definition Audio)' : 2 channels at 48 kHz using 32 bits per sample (channel mask 0x3)
[2017.10.16-01.18.51:078][  0]LogInit: FAudioDevice initialized.
[2017.10.16-01.18.51:116][  0]LogDerivedDataCache: Saved boot cache 0.04s 90MB C:/Users/Taylor/AppData/Local/UnrealEngine/4.16/DerivedDataCache/Boot.ddc.
[2017.10.16-01.18.51:126][  0]LogInit: Texture streaming: Enabled
[2017.10.16-01.18.51:207][  0]LogEngineSessionManager: EngineSessionManager initialized
[2017.10.16-01.18.51:380][  0]LogInit: Transaction tracking system initialized
[2017.10.16-01.18.51:629][  0]BlueprintLog: New page: Editor Load
[2017.10.16-01.18.52:379][  0]LocalizationService: Info Localization service is disabled
[2017.10.16-01.18.52:921][  0]LogConsoleResponse:Display: 
[2017.10.16-01.18.53:036][  0]LogCook:Display: Max memory allowance for cook 16384mb min free memory 0mb
[2017.10.16-01.18.53:036][  0]LogCook:Display: Mobile HDR setting 1
[2017.10.16-01.18.54:064][  0]LogFileCache: Scanning file cache for directory 'C:/Users/Taylor/Desktop/TGorder/Content/' took 0.01s
[2017.10.16-01.18.54:065][  0]Cmd: MAP LOAD FILE="../../../../../../Users/Taylor/Desktop/TGorder/Content/MergedLevelTest.umap" TEMPLATE=0 SHOWPROGRESS=1 FEATURELEVEL=3
[2017.10.16-01.18.54:065][  0]LogEditorServer:Warning: Can't find file '../../../../../../Users/Taylor/Desktop/TGorder/Content/MergedLevelTest.umap'
[2017.10.16-01.18.54:065][  0]Cmd: MAP CHECKDEP NOCLEARLOG
[2017.10.16-01.18.54:171][  0]MapCheck: Info Map check complete: 0 Error(s), 0 Warning(s), took 105.579ms to complete.
[2017.10.16-01.18.54:171][  0]LogFileHelpers: Loading map 'MergedLevelTest' took 0.106
[2017.10.16-01.18.54:278][  0]LogWindowsTextInputMethodSystem:Display: IME system now deactivated.
[2017.10.16-01.18.54:354][  0]LogCollectionManager: Loaded 0 collections in 0.001514 seconds
[2017.10.16-01.18.54:426][  0]LogFileCache: Scanning file cache for directory 'C:/Users/Taylor/Desktop/TGorder/Saved/Collections/' took 0.01s
[2017.10.16-01.18.54:426][  0]LogFileCache: Scanning file cache for directory 'C:/Users/Taylor/Desktop/TGorder/Content/Developers/Taylor/Collections/' took 0.01s
[2017.10.16-01.18.54:426][  0]LogFileCache: Scanning file cache for directory 'C:/Users/Taylor/Desktop/TGorder/Content/Collections/' took 0.01s
[2017.10.16-01.18.54:426][  0]LogCollectionManager: Rebuilt the GUID cache for 0 collections in 0.000002 seconds
[2017.10.16-01.18.54:434][  0]LogContentBrowser: Native class hierarchy populated in 0.0075 seconds. Added 2329 classes and 491 folders.
[2017.10.16-01.18.54:486][  0]LogContentBrowser: Native class hierarchy updated for 'WidgetCarousel' in 0.0005 seconds. Added 0 classes and 0 folders.
[2017.10.16-01.18.54:518][  0]LogContentBrowser: Native class hierarchy updated for 'AddContentDialog' in 0.0005 seconds. Added 0 classes and 0 folders.
[2017.10.16-01.18.54:553][  0]LogContentBrowser: Native class hierarchy updated for 'SceneOutliner' in 0.0005 seconds. Added 1 classes and 2 folders.
[2017.10.16-01.18.54:585][  0]LogSourceControl: Attempting 'p4 client -o Tgorder_Gaming_2277'
[2017.10.16-01.18.54:585][  0]LogCrashTracker: Crashtracker disabled due to settings.
[2017.10.16-01.18.54:591][  0]LogSlate: Took 0.000320 seconds to synchronously load lazily loaded font '../../../Engine/Content/Slate/Fonts/Roboto-Regular.ttf' (155K)
[2017.10.16-01.18.54:593][  0]LogSlate: Took 0.000166 seconds to synchronously load lazily loaded font '../../../Engine/Content/Slate/Fonts/Roboto-Bold.ttf' (160K)
[2017.10.16-01.18.54:597][  0]LogSlate: Took 0.000156 seconds to synchronously load lazily loaded font '../../../Engine/Content/Editor/Slate/Fonts/FontAwesome.ttf' (139K)
[2017.10.16-01.18.54:698][  0]LogRenderer: Reallocating scene render targets to support 1208x576 NumSamples 1 (Frame:1).
[2017.10.16-01.18.54:771][  0]LogUObjectGlobals:Warning: Failed to find object 'Class None.'
[2017.10.16-01.18.54:851][  0]LogContentBrowser: Native class hierarchy updated for 'HierarchicalLODOutliner' in 0.0005 seconds. Added 1 classes and 2 folders.
[2017.10.16-01.18.54:851][  0]LogLoad: (Engine Initialization) Total time: 13.99 seconds
[2017.10.16-01.18.54:851][  0]LogLoad: (Engine Initialization) Total Blueprint compile time: 0.03 seconds
[2017.10.16-01.18.54:851][  0]LogExternalProfiler: Found external profiler: VSPerf
[2017.10.16-01.18.54:852][  0]LogExternalProfiler: Using external profiler: VSPerf
[2017.10.16-01.18.54:862][  0]LogOcInput: OculusInput pre-init called
[2017.10.16-01.18.54:862][  0]LogHMD: Starting GearVRController plugin
[2017.10.16-01.18.54:876][  0]LogAssetRegistry: Asset discovery search completed in 8.1227 seconds
[2017.10.16-01.18.54:878][  0]LogCollectionManager: Rebuilt the object cache for 0 collections in 0.000001 seconds (found 0 objects)
[2017.10.16-01.18.54:878][  0]LogCollectionManager: Fixed up redirectors for 0 collections in 0.000023 seconds (updated 0 objects)
[2017.10.16-01.18.54:880][  0]SourceControl: Info Client Tgorder_Gaming_2277
[2017.10.16-01.18.54:880][  0]SourceControl: Info Update 2017/10/16 00:49:41
[2017.10.16-01.18.54:880][  0]SourceControl: Info Access 2017/10/16 01:18:19
[2017.10.16-01.18.54:880][  0]SourceControl: Info Owner Tgorder
[2017.10.16-01.18.54:880][  0]SourceControl: Info Host Gaming
[2017.10.16-01.18.54:880][  0]SourceControl: Info Description Created by Tgorder.

[2017.10.16-01.18.54:880][  0]SourceControl: Info Root C:\Users\Taylor\Desktop\TGorder
[2017.10.16-01.18.54:880][  0]SourceControl: Info Options noallwrite noclobber nocompress unlocked nomodtime normdir
[2017.10.16-01.18.54:880][  0]SourceControl: Info SubmitOptions submitunchanged
[2017.10.16-01.18.54:880][  0]SourceControl: Info LineEnd local
[2017.10.16-01.18.54:880][  0]SourceControl: Info View0 //depot/... //Tgorder_Gaming_2277/...
[2017.10.16-01.18.54:880][  0]SourceControl: Info specFormatted 
[2017.10.16-01.18.54:880][  0]SourceControl: Info func client-FstatInfo
[2017.10.16-01.18.54:880][  0]LogContentStreaming: Texture pool size now 1000 MB
[2017.10.16-01.19.03:273][994]LogSlate: Took 0.000126 seconds to synchronously load lazily loaded font '../../../Engine/Content/Slate/Fonts/Roboto-Light.ttf' (159K)
[2017.10.16-01.19.04:446][135]LogSourceControl: Attempting 'p4 fstat -Or C:/Users/Taylor/Desktop/TGorder/Content/0Levels/HorrorPrototype.umap C:/Users/Taylor/Desktop/TGorder/Content/0Levels/HorrorPrototype_BuiltData.uasset C:/Users/Taylor/Desktop/TGorder/Content/0Levels/I_Core.umap C:/Users/Taylor/Desktop/TGorder/Content/0Levels/MainMenu_BuiltData.uasset C:/Users/Taylor/Desktop/TGorder/Content/0Levels/MergedLevelTest.umap C:/Users/Taylor/Desktop/TGorder/Content/0Levels/VSpath.umap C:/Users/Taylor/Desktop/TGorder/Content/0Levels/wtf_BuiltData.uasset'
[2017.10.16-01.19.04:525][144]SourceControl: Info C:/Users/Taylor/Desktop/TGorder/Content/0Levels/I_Core.umap - no such file(s).

[2017.10.16-01.19.33:317][597]LogSlate: Took 0.000123 seconds to synchronously load lazily loaded font '../../../Engine/Content/Slate/Fonts/Roboto-Light.ttf' (159K)
[2017.10.16-01.19.33:753][597]LogAIModule: Creating AISystem for world I_Core
[2017.10.16-01.19.38:601][962]LogSourceControl: Attempting 'p4 fstat -Or C:/Users/Taylor/Desktop/TGorder/Content/0Levels/I_Core.umap'
[2017.10.16-01.19.38:668][962]SourceControl: Info C:/Users/Taylor/Desktop/TGorder/Content/0Levels/I_Core.umap - no such file(s).

[2017.10.16-01.19.45:554][706]LogContentBrowser: Native class hierarchy updated for 'WorldBrowser' in 0.0006 seconds. Added 1 classes and 3 folders.
[2017.10.16-01.20.05:006][ 23]LogAIModule: Creating AISystem for world VSpath
[2017.10.16-01.20.05:217][ 23]Cmd: MAP LOAD FILE="../../../../../../Users/Taylor/Desktop/TGorder/Content/0Levels/VSpath.umap" TEMPLATE=0 SHOWPROGRESS=1 FEATURELEVEL=3
[2017.10.16-01.20.05:217][ 23]LightingResults: New page: Lighting Build
[2017.10.16-01.20.05:250][ 23]LogContentBrowser: Native class hierarchy updated for 'StatsViewer' in 0.0005 seconds. Added 5 classes and 0 folders.
[2017.10.16-01.20.05:251][ 23]LoadErrors: New page: Loading map: VSpath.umap
[2017.10.16-01.20.05:251][ 23]MapCheck: New page: Map Check
[2017.10.16-01.20.05:251][ 23]LightingResults: New page: Lighting Build
[2017.10.16-01.20.05:509][ 23]LogEditorServer: Finished looking for orphan Actors (0.000 secs)
[2017.10.16-01.20.05:540][ 23]Cmd: MAP CHECKDEP NOCLEARLOG
[2017.10.16-01.20.05:584][ 23]MapCheck: Info Map check complete: 0 Error(s), 0 Warning(s), took 43.826ms to complete.
[2017.10.16-01.20.05:584][ 23]LogFileHelpers: Loading map 'VSpath' took 0.369
[2017.10.16-01.20.07:494][191]LogEditorViewport: Clicking on Actor (LMB): StaticMeshActor (Cube6)
[2017.10.16-01.20.10:653][479]Cmd: DELETE
[2017.10.16-01.20.10:653][479]Cmd: ACTOR DELETE
[2017.10.16-01.20.10:657][479]LogEditorActor: Deleted Actor: StaticMeshActor
[2017.10.16-01.20.10:667][479]LogEditorActor: Deleted 1 Actors (0.014 secs)
[2017.10.16-01.20.10:852][498]LogSourceControl: Attempting 'p4 fstat -Or C:/Users/Taylor/Desktop/TGorder/Content/0Levels/VSpath.umap'
[2017.10.16-01.20.23:591][772]LogSourceControl: Attempting 'p4 client -o Tgorder_Gaming_2277'
[2017.10.16-01.20.23:659][772]SourceControl: Info Client Tgorder_Gaming_2277
[2017.10.16-01.20.23:659][772]SourceControl: Info Update 2017/10/16 00:49:41
[2017.10.16-01.20.23:659][772]SourceControl: Info Access 2017/10/16 01:18:19
[2017.10.16-01.20.23:659][772]SourceControl: Info Owner Tgorder
[2017.10.16-01.20.23:659][772]SourceControl: Info Host Gaming
[2017.10.16-01.20.23:659][772]SourceControl: Info Description Created by Tgorder.

[2017.10.16-01.20.23:659][772]SourceControl: Info Root C:\Users\Taylor\Desktop\TGorder
[2017.10.16-01.20.23:659][772]SourceControl: Info Options noallwrite noclobber nocompress unlocked nomodtime normdir
[2017.10.16-01.20.23:660][772]SourceControl: Info SubmitOptions submitunchanged
[2017.10.16-01.20.23:660][772]SourceControl: Info LineEnd local
[2017.10.16-01.20.23:660][772]SourceControl: Info View0 //depot/... //Tgorder_Gaming_2277/...
[2017.10.16-01.20.23:660][772]SourceControl: Info specFormatted 
[2017.10.16-01.20.23:660][772]SourceControl: Info func client-FstatInfo
[2017.10.16-01.20.23:913][772]LogSourceControl: Attempting 'p4 fstat -Or C:/Users/Taylor/Desktop/TGorder/Content/0Levels/VSpath.umap'
[2017.10.16-01.20.24:336][772]LogSourceControl: Attempting 'p4 fstat -Or C:/Users/Taylor/Desktop/TGorder/Content/0Levels/VSpath.umap'
[2017.10.16-01.20.24:634][772]LogSourceControl: Attempting 'p4 fstat -Or C:/Users/Taylor/Desktop/TGorder/Content/0Levels/VSpath.umap'
[2017.10.16-01.20.27:147][772]LogSourceControl: Attempting 'p4 fstat -Or C:/Users/Taylor/Desktop/TGorder/Content/0Levels/VSpath.umap'
[2017.10.16-01.20.27:467][772]LogSourceControl: Attempting 'p4 edit C:/Users/Taylor/Desktop/TGorder/Content/0Levels/VSpath.umap'
[2017.10.16-01.20.28:122][772]Cmd: OBJ SAVEPACKAGE PACKAGE="/Game/0Levels/I_Core" FILE="../../../../../../Users/Taylor/Desktop/TGorder/Content/0Levels/I_Core.umap" SILENT=true AUTOSAVING=false KEEPDIRTY=false
[2017.10.16-01.20.29:856][772]LogSlate: Took 0.000137 seconds to synchronously load lazily loaded font '../../../Engine/Content/Slate/Fonts/Roboto-Regular.ttf' (155K)
[2017.10.16-01.20.30:453][772]LogSavePackage: Save=2321.00ms
[2017.10.16-01.20.30:453][772]LogSavePackage: Moving '../../../../../../Users/Taylor/Desktop/TGorder/Saved/I_Core30D37E454781C653F43830A9B72FC482.tmp' to '../../../../../../Users/Taylor/Desktop/TGorder/Content/0Levels/I_Core.umap'
[2017.10.16-01.20.30:455][772]LogSavePackage:Display: Finished SavePackage ../../../../../../Users/Taylor/Desktop/TGorder/Content/0Levels/I_Core.umap
[2017.10.16-01.20.30:673][772]LogSourceControl: Attempting 'p4 add C:/Users/Taylor/Desktop/TGorder/Content/0Levels/I_Core.umap'
[2017.10.16-01.20.30:867][772]LogFileHelpers: Saving map 'I_Core' took 2.789
[2017.10.16-01.20.30:875][772]Cmd: OBJ SAVEPACKAGE PACKAGE="/Game/0Levels/VSpath" FILE="../../../../../../Users/Taylor/Desktop/TGorder/Content/0Levels/VSpath.umap" SILENT=true
[2017.10.16-01.20.30:918][772]LogSavePackage: Save=4.20ms
[2017.10.16-01.20.30:918][772]LogSavePackage: Moving '../../../../../../Users/Taylor/Desktop/TGorder/Saved/VSpath7893966845D8BFA298AC01850F51B804.tmp' to '../../../../../../Users/Taylor/Desktop/TGorder/Content/0Levels/VSpath.umap'
[2017.10.16-01.20.30:923][772]LogSavePackage:Display: Finished SavePackage ../../../../../../Users/Taylor/Desktop/TGorder/Content/0Levels/VSpath.umap
[2017.10.16-01.20.31:123][772]LogSourceControl: Attempting 'p4 fstat -Or C:/Users/Taylor/Desktop/TGorder/Content/0Levels/VSpath.umap'
[2017.10.16-01.20.31:422][772]LogSourceControl: Attempting 'p4 integrate C:/Users/Taylor/Desktop/TGorder/Content/0Levels/VSpath.umap C:/Users/Taylor/Desktop/TGorder/Content/0Levels/I_Core.umap'
[2017.10.16-01.20.31:492][772]LogSourceControl: Attempting 'p4 resolve -ay C:/Users/Taylor/Desktop/TGorder/Content/0Levels/I_Core.umap'
[2017.10.16-01.20.35:131][113]Cmd: MAP LOAD FILE="../../../../../../Users/Taylor/Desktop/TGorder/Content/0Levels/I_Core.umap" TEMPLATE=0 SHOWPROGRESS=1 FEATURELEVEL=3
[2017.10.16-01.20.35:131][113]LightingResults: New page: Lighting Build
[2017.10.16-01.20.35:132][113]LoadErrors: New page: Loading map: I_Core.umap
[2017.10.16-01.20.35:139][113]MapCheck: New page: Map Check
[2017.10.16-01.20.35:139][113]LightingResults: New page: Lighting Build
[2017.10.16-01.20.35:279][113]LogAIModule: Creating AISystem for world I_Core
[2017.10.16-01.20.35:573][113]LogEditorServer: Finished looking for orphan Actors (0.000 secs)
[2017.10.16-01.20.35:606][113]Cmd: MAP CHECKDEP NOCLEARLOG
[2017.10.16-01.20.35:649][113]MapCheck: Info Map check complete: 0 Error(s), 0 Warning(s), took 43.589ms to complete.
[2017.10.16-01.20.35:650][113]LogFileHelpers: Loading map 'I_Core' took 0.519
[2017.10.16-01.20.54:361][373]Cmd: OBJ SAVEPACKAGE PACKAGE="/Game/0Levels/I_Lighting" FILE="../../../../../../Users/Taylor/Desktop/TGorder/Content/0Levels/I_Lighting.umap" SILENT=true AUTOSAVING=false KEEPDIRTY=false
[2017.10.16-01.20.54:379][373]LogSavePackage: Save=7.25ms
[2017.10.16-01.20.54:379][373]LogSavePackage: Moving '../../../../../../Users/Taylor/Desktop/TGorder/Saved/I_Lighting21C19C934C48169AD23F1FAB33773FD6.tmp' to '../../../../../../Users/Taylor/Desktop/TGorder/Content/0Levels/I_Lighting.umap'
[2017.10.16-01.20.54:380][373]LogSavePackage:Display: Finished SavePackage ../../../../../../Users/Taylor/Desktop/TGorder/Content/0Levels/I_Lighting.umap
[2017.10.16-01.20.54:590][373]LogSourceControl: Attempting 'p4 add C:/Users/Taylor/Desktop/TGorder/Content/0Levels/I_Lighting.umap'
[2017.10.16-01.20.54:742][373]LogFileHelpers: Saving map 'I_Lighting' took 1.084
[2017.10.16-01.20.54:948][381]LogSourceControl: Attempting 'p4 fstat -Or C:/Users/Taylor/Desktop/TGorder/Content/0Levels/I_Core.umap'
[2017.10.16-01.21.06:753][770]Cmd: OBJ SAVEPACKAGE PACKAGE="/Game/0Levels/I_StaticAssets" FILE="../../../../../../Users/Taylor/Desktop/TGorder/Content/0Levels/I_StaticAssets.umap" SILENT=true AUTOSAVING=false KEEPDIRTY=false
[2017.10.16-01.21.06:773][770]LogSavePackage: Save=8.25ms
[2017.10.16-01.21.06:773][770]LogSavePackage: Moving '../../../../../../Users/Taylor/Desktop/TGorder/Saved/I_StaticAssets3A822A434ED52CFBD890DC80C5F1D324.tmp' to '../../../../../../Users/Taylor/Desktop/TGorder/Content/0Levels/I_StaticAssets.umap'
[2017.10.16-01.21.06:773][770]LogSavePackage:Display: Finished SavePackage ../../../../../../Users/Taylor/Desktop/TGorder/Content/0Levels/I_StaticAssets.umap
[2017.10.16-01.21.06:971][770]LogSourceControl: Attempting 'p4 add C:/Users/Taylor/Desktop/TGorder/Content/0Levels/I_StaticAssets.umap'
[2017.10.16-01.21.07:108][770]LogFileHelpers: Saving map 'I_StaticAssets' took 0.418
[2017.10.16-01.21.15:578][ 77]Cmd: OBJ SAVEPACKAGE PACKAGE="/Game/0Levels/I_DynamicAssets" FILE="../../../../../../Users/Taylor/Desktop/TGorder/Content/0Levels/I_DynamicAssets.umap" SILENT=true AUTOSAVING=false KEEPDIRTY=false
[2017.10.16-01.21.15:594][ 77]LogSavePackage: Save=7.08ms
[2017.10.16-01.21.15:594][ 77]LogSavePackage: Moving '../../../../../../Users/Taylor/Desktop/TGorder/Saved/I_DynamicAssets7486C48D40A64413271767A58117ABAF.tmp' to '../../../../../../Users/Taylor/Desktop/TGorder/Content/0Levels/I_DynamicAssets.umap'
[2017.10.16-01.21.15:596][ 77]LogSavePackage:Display: Finished SavePackage ../../../../../../Users/Taylor/Desktop/TGorder/Content/0Levels/I_DynamicAssets.umap
[2017.10.16-01.21.15:785][ 77]LogSourceControl: Attempting 'p4 add C:/Users/Taylor/Desktop/TGorder/Content/0Levels/I_DynamicAssets.umap'
[2017.10.16-01.21.15:926][ 77]LogFileHelpers: Saving map 'I_DynamicAssets' took 0.414
[2017.10.16-01.21.23:035][409]Cmd: OBJ SAVEPACKAGE PACKAGE="/Game/0Levels/I_Audio" FILE="../../../../../../Users/Taylor/Desktop/TGorder/Content/0Levels/I_Audio.umap" SILENT=true AUTOSAVING=false KEEPDIRTY=false
[2017.10.16-01.21.23:051][409]LogSavePackage: Save=6.98ms
[2017.10.16-01.21.23:051][409]LogSavePackage: Moving '../../../../../../Users/Taylor/Desktop/TGorder/Saved/I_Audio541043254FB3D620BF3845A7EDC25594.tmp' to '../../../../../../Users/Taylor/Desktop/TGorder/Content/0Levels/I_Audio.umap'
[2017.10.16-01.21.23:052][409]LogSavePackage:Display: Finished SavePackage ../../../../../../Users/Taylor/Desktop/TGorder/Content/0Levels/I_Audio.umap
[2017.10.16-01.21.23:259][409]LogSourceControl: Attempting 'p4 add C:/Users/Taylor/Desktop/TGorder/Content/0Levels/I_Audio.umap'
[2017.10.16-01.21.23:391][409]LogFileHelpers: Saving map 'I_Audio' took 0.417
[2017.10.16-01.21.54:836][524]LogSourceControl: Attempting 'p4 client -o Tgorder_Gaming_2277'
[2017.10.16-01.21.54:893][524]SourceControl: Info Client Tgorder_Gaming_2277
[2017.10.16-01.21.54:893][524]SourceControl: Info Update 2017/10/16 00:49:41
[2017.10.16-01.21.54:893][524]SourceControl: Info Access 2017/10/16 01:18:19
[2017.10.16-01.21.54:893][524]SourceControl: Info Owner Tgorder
[2017.10.16-01.21.54:893][524]SourceControl: Info Host Gaming
[2017.10.16-01.21.54:893][524]SourceControl: Info Description Created by Tgorder.

[2017.10.16-01.21.54:893][524]SourceControl: Info Root C:\Users\Taylor\Desktop\TGorder
[2017.10.16-01.21.54:893][524]SourceControl: Info Options noallwrite noclobber nocompress unlocked nomodtime normdir
[2017.10.16-01.21.54:893][524]SourceControl: Info SubmitOptions submitunchanged
[2017.10.16-01.21.54:893][524]SourceControl: Info LineEnd local
[2017.10.16-01.21.54:893][524]SourceControl: Info View0 //depot/... //Tgorder_Gaming_2277/...
[2017.10.16-01.21.54:893][524]SourceControl: Info specFormatted 
[2017.10.16-01.21.54:893][524]SourceControl: Info func client-FstatInfo
[2017.10.16-01.21.55:143][524]LogSourceControl: Attempting 'p4 fstat -Or C:/Users/Taylor/Desktop/TGorder/Content/0Levels/I_StaticAssets.umap C:/Users/Taylor/Desktop/TGorder/Content/0Levels/I_Audio.umap C:/Users/Taylor/Desktop/TGorder/Content/0Levels/I_Core.umap C:/Users/Taylor/Desktop/TGorder/Content/0Levels/I_DynamicAssets.umap C:/Users/Taylor/Desktop/TGorder/Content/0Levels/I_Lighting.umap'
[2017.10.16-01.21.55:462][524]LogSourceControl: Attempting 'p4 fstat -Or C:/Users/Taylor/Desktop/TGorder/Content/0Levels/I_StaticAssets.umap'
[2017.10.16-01.21.55:769][524]LogSourceControl: Attempting 'p4 fstat -Or C:/Users/Taylor/Desktop/TGorder/Content/0Levels/I_Audio.umap'
[2017.10.16-01.21.56:072][524]LogSourceControl: Attempting 'p4 fstat -Or C:/Users/Taylor/Desktop/TGorder/Content/0Levels/I_Core.umap'
[2017.10.16-01.21.56:383][524]LogSourceControl: Attempting 'p4 fstat -Or C:/Users/Taylor/Desktop/TGorder/Content/0Levels/I_DynamicAssets.umap'
[2017.10.16-01.21.56:680][524]LogSourceControl: Attempting 'p4 fstat -Or C:/Users/Taylor/Desktop/TGorder/Content/0Levels/I_Lighting.umap'
[2017.10.16-01.21.56:994][524]LogSourceControl: Attempting 'p4 fstat -Or C:/Users/Taylor/Desktop/TGorder/Content/0Levels/I_StaticAssets.umap C:/Users/Taylor/Desktop/TGorder/Content/0Levels/I_Audio.umap C:/Users/Taylor/Desktop/TGorder/Content/0Levels/I_Core.umap C:/Users/Taylor/Desktop/TGorder/Content/0Levels/I_DynamicAssets.umap C:/Users/Taylor/Desktop/TGorder/Content/0Levels/I_Lighting.umap'
[2017.10.16-01.21.57:288][524]LogSavePackage: Save=7.14ms
[2017.10.16-01.21.57:288][524]LogSavePackage: Moving '../../../../../../Users/Taylor/Desktop/TGorder/Saved/I_StaticAssets3DE29B6C420650A2B77DD88FD09BC7B0.tmp' to '../../../../../../Users/Taylor/Desktop/TGorder/Content/0Levels/Investigator/I_StaticAssets.umap'
[2017.10.16-01.21.57:290][524]LogSavePackage:Display: Finished SavePackage ../../../../../../Users/Taylor/Desktop/TGorder/Content/0Levels/Investigator/I_StaticAssets.umap
[2017.10.16-01.21.57:487][524]LogSourceControl: Attempting 'p4 add C:/Users/Taylor/Desktop/TGorder/Content/0Levels/Investigator/I_StaticAssets.umap'
[2017.10.16-01.21.57:613][524]LogFileHelpers: Saving map 'I_StaticAssets' took 0.387
[2017.10.16-01.21.57:709][524]LogSavePackage: Save=6.93ms
[2017.10.16-01.21.57:709][524]LogSavePackage: Moving '../../../../../../Users/Taylor/Desktop/TGorder/Saved/I_Audio2BED2F0E4F3BF04110A49487D02037A3.tmp' to '../../../../../../Users/Taylor/Desktop/TGorder/Content/0Levels/Investigator/I_Audio.umap'
[2017.10.16-01.21.57:711][524]LogSavePackage:Display: Finished SavePackage ../../../../../../Users/Taylor/Desktop/TGorder/Content/0Levels/Investigator/I_Audio.umap
[2017.10.16-01.21.58:003][524]LogSourceControl: Attempting 'p4 add C:/Users/Taylor/Desktop/TGorder/Content/0Levels/Investigator/I_Audio.umap'
[2017.10.16-01.21.58:144][524]LogFileHelpers: Saving map 'I_Audio' took 0.528
[2017.10.16-01.21.58:211][524]Cmd: OBJ SAVEPACKAGE PACKAGE="/Game/0Levels/Investigator/I_Core" FILE="../../../../../../Users/Taylor/Desktop/TGorder/Content/0Levels/Investigator/I_Core.umap" SILENT=true AUTOSAVING=false KEEPDIRTY=false
[2017.10.16-01.22.00:602][524]LogSavePackage: Save=2381.39ms
[2017.10.16-01.22.00:602][524]LogSavePackage: Moving '../../../../../../Users/Taylor/Desktop/TGorder/Saved/I_CoreC2419C9A4CF5DC29659C5B81E1B58070.tmp' to '../../../../../../Users/Taylor/Desktop/TGorder/Content/0Levels/Investigator/I_Core.umap'
[2017.10.16-01.22.00:605][524]LogSavePackage:Display: Finished SavePackage ../../../../../../Users/Taylor/Desktop/TGorder/Content/0Levels/Investigator/I_Core.umap
[2017.10.16-01.22.00:812][524]LogSourceControl: Attempting 'p4 add C:/Users/Taylor/Desktop/TGorder/Content/0Levels/Investigator/I_Core.umap'
[2017.10.16-01.22.01:029][524]LogFileHelpers: Saving map 'I_Core' took 2.880
[2017.10.16-01.22.01:033][524]Cmd: OBJ SAVEPACKAGE PACKAGE="/Game/0Levels/I_Core" FILE="../../../../../../Users/Taylor/Desktop/TGorder/Content/0Levels/I_Core.umap" SILENT=true
[2017.10.16-01.22.01:073][524]LogSavePackage: Save=4.00ms
[2017.10.16-01.22.01:073][524]LogSavePackage: Moving '../../../../../../Users/Taylor/Desktop/TGorder/Saved/I_CoreEE5A9009414C577D11ABEBB518ADCE67.tmp' to '../../../../../../Users/Taylor/Desktop/TGorder/Content/0Levels/I_Core.umap'
[2017.10.16-01.22.01:081][524]LogSavePackage:Display: Finished SavePackage ../../../../../../Users/Taylor/Desktop/TGorder/Content/0Levels/I_Core.umap
[2017.10.16-01.22.01:145][524]LogSavePackage: Save=7.07ms
[2017.10.16-01.22.01:145][524]LogSavePackage: Moving '../../../../../../Users/Taylor/Desktop/TGorder/Saved/I_DynamicAssets0A096E2944007CE5194D6598F81D55B6.tmp' to '../../../../../../Users/Taylor/Desktop/TGorder/Content/0Levels/Investigator/I_DynamicAssets.umap'
[2017.10.16-01.22.01:147][524]LogSavePackage:Display: Finished SavePackage ../../../../../../Users/Taylor/Desktop/TGorder/Content/0Levels/Investigator/I_DynamicAssets.umap
[2017.10.16-01.22.01:345][524]LogSourceControl: Attempting 'p4 add C:/Users/Taylor/Desktop/TGorder/Content/0Levels/Investigator/I_DynamicAssets.umap'
[2017.10.16-01.22.01:478][524]LogFileHelpers: Saving map 'I_DynamicAssets' took 0.395
[2017.10.16-01.22.01:582][524]LogSavePackage: Save=7.12ms
[2017.10.16-01.22.01:582][524]LogSavePackage: Moving '../../../../../../Users/Taylor/Desktop/TGorder/Saved/I_Lighting6C3DBE384ED1AD26B7846DA8FA8A38EA.tmp' to '../../../../../../Users/Taylor/Desktop/TGorder/Content/0Levels/Investigator/I_Lighting.umap'
[2017.10.16-01.22.01:583][524]LogSavePackage:Display: Finished SavePackage ../../../../../../Users/Taylor/Desktop/TGorder/Content/0Levels/Investigator/I_Lighting.umap
[2017.10.16-01.22.01:806][524]LogSourceControl: Attempting 'p4 add C:/Users/Taylor/Desktop/TGorder/Content/0Levels/Investigator/I_Lighting.umap'
[2017.10.16-01.22.01:937][524]LogFileHelpers: Saving map 'I_Lighting' took 0.454
[2017.10.16-01.22.01:946][524]Cmd: OBJ SAVEPACKAGE PACKAGE="/Game/0Levels/I_Lighting" FILE="../../../../../../Users/Taylor/Desktop/TGorder/Content/0Levels/I_Lighting.umap" SILENT=true
[2017.10.16-01.22.07:758][524]Cmd: OBJ SAVEPACKAGE PACKAGE="/Game/0Levels/I_Lighting" FILE="../../../../../../Users/Taylor/Desktop/TGorder/Content/0Levels/I_Lighting.umap" SILENT=true
[2017.10.16-01.22.17:086][524]EditorErrors: New page: Save Output
[2017.10.16-01.22.17:086][524]EditorErrors:Warning: Warning Map '../../../../../../Users/Taylor/Desktop/TGorder/Content/0Levels/I_Lighting.umap' cannot be saved as it has only been partially loaded
[2017.10.16-01.22.17:086][524]EditorErrors:Warning: Warning Map '../../../../../../Users/Taylor/Desktop/TGorder/Content/0Levels/I_Lighting.umap' cannot be saved as it has only been partially loaded
[2017.10.16-01.22.19:842][524]LogSourceControl: Attempting 'p4 fstat -Or C:/Users/Taylor/Desktop/TGorder/Content/0Levels/I_StaticAssets.umap'
[2017.10.16-01.22.20:145][524]LogSourceControl: Attempting 'p4 integrate C:/Users/Taylor/Desktop/TGorder/Content/0Levels/I_StaticAssets.umap C:/Users/Taylor/Desktop/TGorder/Content/0Levels/Investigator/I_StaticAssets.umap'
[2017.10.16-01.22.20:203][524]SourceControl:Error: Error C:/Users/Taylor/Desktop/TGorder/Content/0Levels/I_StaticAssets.umap - no such file(s).

[2017.10.16-01.22.20:460][524]LogSourceControl: Attempting 'p4 fstat -Or C:/Users/Taylor/Desktop/TGorder/Content/0Levels/I_Audio.umap'
[2017.10.16-01.22.20:778][524]LogSourceControl: Attempting 'p4 integrate C:/Users/Taylor/Desktop/TGorder/Content/0Levels/I_Audio.umap C:/Users/Taylor/Desktop/TGorder/Content/0Levels/Investigator/I_Audio.umap'
[2017.10.16-01.22.20:833][524]SourceControl:Error: Error C:/Users/Taylor/Desktop/TGorder/Content/0Levels/I_Audio.umap - no such file(s).

[2017.10.16-01.22.21:067][524]LogSourceControl: Attempting 'p4 fstat -Or C:/Users/Taylor/Desktop/TGorder/Content/0Levels/I_Core.umap'
[2017.10.16-01.22.21:369][524]LogSourceControl: Attempting 'p4 integrate C:/Users/Taylor/Desktop/TGorder/Content/0Levels/I_Core.umap C:/Users/Taylor/Desktop/TGorder/Content/0Levels/Investigator/I_Core.umap'
[2017.10.16-01.22.21:439][524]SourceControl:Error: Error C:/Users/Taylor/Desktop/TGorder/Content/0Levels/I_Core.umap - no such file(s).

[2017.10.16-01.22.21:686][524]LogSourceControl: Attempting 'p4 fstat -Or C:/Users/Taylor/Desktop/TGorder/Content/0Levels/I_DynamicAssets.umap'
[2017.10.16-01.22.21:981][524]LogSourceControl: Attempting 'p4 integrate C:/Users/Taylor/Desktop/TGorder/Content/0Levels/I_DynamicAssets.umap C:/Users/Taylor/Desktop/TGorder/Content/0Levels/Investigator/I_DynamicAssets.umap'
[2017.10.16-01.22.22:037][524]SourceControl:Error: Error C:/Users/Taylor/Desktop/TGorder/Content/0Levels/I_DynamicAssets.umap - no such file(s).

[2017.10.16-01.22.22:539][524]LogSourceControl: Attempting 'p4 fstat -Or C:/Users/Taylor/Desktop/TGorder/Content/0Levels/I_Lighting.umap'
[2017.10.16-01.22.22:842][524]LogSourceControl: Attempting 'p4 integrate C:/Users/Taylor/Desktop/TGorder/Content/0Levels/I_Lighting.umap C:/Users/Taylor/Desktop/TGorder/Content/0Levels/Investigator/I_Lighting.umap'
[2017.10.16-01.22.22:901][524]SourceControl:Error: Error C:/Users/Taylor/Desktop/TGorder/Content/0Levels/I_Lighting.umap - no such file(s).

[2017.10.16-01.22.23:262][524]LogSourceControl: Attempting 'p4 fstat -Or C:/Users/Taylor/Desktop/TGorder/Content/0Levels/I_DynamicAssets.umap C:/Users/Taylor/Desktop/TGorder/Content/0Levels/I_Audio.umap C:/Users/Taylor/Desktop/TGorder/Content/0Levels/I_StaticAssets.umap'
[2017.10.16-01.22.23:633][524]LogSourceControl: Attempting 'p4 revert C:/Users/Taylor/Desktop/TGorder/Content/0Levels/I_DynamicAssets.umap C:/Users/Taylor/Desktop/TGorder/Content/0Levels/I_Audio.umap C:/Users/Taylor/Desktop/TGorder/Content/0Levels/I_StaticAssets.umap'
[2017.10.16-01.22.33:435][449]LogSourceControl: Attempting 'p4 fstat -Or C:/Users/Taylor/Desktop/TGorder/Content/0Levels/Investigator/I_Audio.umap'
[2017.10.16-01.22.33:642][449]LogSavePackage: Save=10.75ms
[2017.10.16-01.22.33:642][449]LogSavePackage: Moving '../../../../../../Users/Taylor/Desktop/TGorder/Saved/I_Audio03C9E8064791A32ECD0A5B8129975CDF.tmp' to '../../../../../../Users/Taylor/Desktop/TGorder/Content/0Levels/Investigator/I_Audio.umap'
[2017.10.16-01.22.33:643][449]LogSavePackage:Display: Finished SavePackage ../../../../../../Users/Taylor/Desktop/TGorder/Content/0Levels/Investigator/I_Audio.umap
[2017.10.16-01.23.00:503][285]LogSourceControl: Attempting 'p4 fstat -Or C:/Users/Taylor/Desktop/TGorder/Content/0Levels/Nurse/N_Core.uasset'
[2017.10.16-01.23.00:561][285]SourceControl: Info C:/Users/Taylor/Desktop/TGorder/Content/0Levels/Nurse/N_Core.uasset - no such file(s).

[2017.10.16-01.23.00:810][303]LogSourceControl: Attempting 'p4 fstat -Or C:/Users/Taylor/Desktop/TGorder/Content/0Levels/Nurse/N_Core.umap'
[2017.10.16-01.23.00:874][309]SourceControl: Info C:/Users/Taylor/Desktop/TGorder/Content/0Levels/Nurse/N_Core.umap - no such file(s).

[2017.10.16-01.23.07:703][452]LogSourceControl: Attempting 'p4 fstat -Or C:/Users/Taylor/Desktop/TGorder/Content/0Levels/I_Lighting.umap C:/Users/Taylor/Desktop/TGorder/Content/0Levels/Nurse/N_Core.umap'
[2017.10.16-01.23.07:771][452]SourceControl: Info C:/Users/Taylor/Desktop/TGorder/Content/0Levels/Nurse/N_Core.umap - no such file(s).

[2017.10.16-01.23.07:798][452]Cmd: OBJ SAVEPACKAGE PACKAGE="/Game/0Levels/I_Lighting" FILE="../../../../../../Users/Taylor/Desktop/TGorder/Content/0Levels/I_Lighting.umap" SILENT=true
[2017.10.16-01.23.16:429][452]Cmd: OBJ SAVEPACKAGE PACKAGE="/Game/0Levels/Nurse/N_Core" FILE="../../../../../../Users/Taylor/Desktop/TGorder/Content/0Levels/Nurse/N_Core.umap" SILENT=true AUTOSAVING=false KEEPDIRTY=false
[2017.10.16-01.23.16:448][452]LogSavePackage: Save=8.58ms
[2017.10.16-01.23.16:448][452]LogSavePackage: Moving '../../../../../../Users/Taylor/Desktop/TGorder/Saved/N_CoreBA1B29064C6D3AD8088BE994F342B344.tmp' to '../../../../../../Users/Taylor/Desktop/TGorder/Content/0Levels/Nurse/N_Core.umap'
[2017.10.16-01.23.16:450][452]LogSavePackage:Display: Finished SavePackage ../../../../../../Users/Taylor/Desktop/TGorder/Content/0Levels/Nurse/N_Core.umap
[2017.10.16-01.23.16:639][452]LogSourceControl: Attempting 'p4 add C:/Users/Taylor/Desktop/TGorder/Content/0Levels/Nurse/N_Core.umap'
[2017.10.16-01.23.16:786][452]LogFileHelpers: Saving map 'N_Core' took 0.410
[2017.10.16-01.23.16:792][452]EditorErrors: New page: Save Output
[2017.10.16-01.23.16:792][452]EditorErrors:Warning: Warning Map '../../../../../../Users/Taylor/Desktop/TGorder/Content/0Levels/I_Lighting.umap' cannot be saved as it has only been partially loaded
[2017.10.16-01.23.17:718][452]Cmd: MAP LOAD FILE="../../../../../../Users/Taylor/Desktop/TGorder/Content/0Levels/Nurse/N_Core.umap" TEMPLATE=0 SHOWPROGRESS=1 FEATURELEVEL=3
[2017.10.16-01.23.17:720][452]LightingResults: New page: Lighting Build
[2017.10.16-01.23.17:721][452]LoadErrors: New page: Loading map: N_Core.umap
[2017.10.16-01.23.17:729][452]MapCheck: New page: Map Check
[2017.10.16-01.23.17:729][452]LightingResults: New page: Lighting Build
[2017.10.16-01.23.17:757][452]LogEditorServer: Finished looking for orphan Actors (0.000 secs)
[2017.10.16-01.23.17:783][452]LogAIModule: Creating AISystem for world N_Core
[2017.10.16-01.23.17:819][452]Cmd: MAP CHECKDEP NOCLEARLOG
[2017.10.16-01.23.17:861][452]MapCheck: Info Map check complete: 0 Error(s), 0 Warning(s), took 42.821ms to complete.
[2017.10.16-01.23.17:862][452]LogFileHelpers: Loading map 'N_Core' took 0.145
[2017.10.16-01.23.23:073][ 59]Cmd: MAP LOAD FILE="../../../../../../Users/Taylor/Desktop/TGorder/Content/0Levels/Nurse/N_Core.umap" TEMPLATE=0 SHOWPROGRESS=1 FEATURELEVEL=3
[2017.10.16-01.23.23:073][ 59]LightingResults: New page: Lighting Build
[2017.10.16-01.23.23:073][ 59]LoadErrors: New page: Loading map: N_Core.umap
[2017.10.16-01.23.23:073][ 59]MapCheck: New page: Map Check
[2017.10.16-01.23.23:073][ 59]LightingResults: New page: Lighting Build
[2017.10.16-01.23.23:083][ 59]LogAIModule: Creating AISystem for world N_Core
[2017.10.16-01.23.23:084][ 59]LogEditorServer: Finished looking for orphan Actors (0.000 secs)
[2017.10.16-01.23.23:110][ 59]Cmd: MAP CHECKDEP NOCLEARLOG
[2017.10.16-01.23.23:155][ 59]MapCheck: Info Map check complete: 0 Error(s), 0 Warning(s), took 44.977ms to complete.
[2017.10.16-01.23.23:155][ 59]LogFileHelpers: Loading map 'N_Core' took 0.084
[2017.10.16-01.23.28:619][692]LogAIModule: Creating AISystem for world I_Core
[2017.10.16-01.23.28:824][692]Cmd: MAP LOAD FILE="../../../../../../Users/Taylor/Desktop/TGorder/Content/0Levels/Investigator/I_Core.umap" TEMPLATE=0 SHOWPROGRESS=1 FEATURELEVEL=3
[2017.10.16-01.23.28:824][692]LightingResults: New page: Lighting Build
[2017.10.16-01.23.28:825][692]LoadErrors: New page: Loading map: I_Core.umap
[2017.10.16-01.23.28:825][692]MapCheck: New page: Map Check
[2017.10.16-01.23.28:825][692]LightingResults: New page: Lighting Build
[2017.10.16-01.23.29:097][692]LogEditorServer: Finished looking for orphan Actors (0.000 secs)
[2017.10.16-01.23.29:127][692]Cmd: MAP CHECKDEP NOCLEARLOG
[2017.10.16-01.23.29:171][692]MapCheck: Info Map check complete: 0 Error(s), 0 Warning(s), took 43.581ms to complete.
[2017.10.16-01.23.29:171][692]LogFileHelpers: Loading map 'I_Core' took 0.348
[2017.10.16-01.23.35:726][ 22]LogAIModule: Creating AISystem for world N_Core
[2017.10.16-01.23.43:179][673]LogSourceControl: Attempting 'p4 fstat -Or C:/Program Files/Epic Games/UE_4.16/Engine/Content/... C:/Users/Taylor/Desktop/TGorder/Content/... C:/Users/Taylor/Desktop/TGorder/Config/... C:/Users/Taylor/Desktop/TGorder/sep6.uproject'
[2017.10.16-01.23.43:384][697]SourceControl: Info Path 'C:/Program Files/Epic Games/UE_4.16/Engine/Content/...' is not under client's root 'C:\Users\Taylor\Desktop\TGorder'.

[2017.10.16-01.23.52:864][697]LogSourceControl: Attempting 'p4 fstat -Or C:/Users/Taylor/Desktop/TGorder/Content/0Levels/I_Core.umap C:/Users/Taylor/Desktop/TGorder/Content/0Levels/I_Lighting.umap C:/Users/Taylor/Desktop/TGorder/Content/0Levels/Investigator/I_Audio.umap C:/Users/Taylor/Desktop/TGorder/Content/0Levels/Investigator/I_Core.umap C:/Users/Taylor/Desktop/TGorder/Content/0Levels/Investigator/I_DynamicAssets.umap C:/Users/Taylor/Desktop/TGorder/Content/0Levels/Investigator/I_Lighting.umap C:/Users/Taylor/Desktop/TGorder/Content/0Levels/Investigator/I_StaticAssets.umap C:/Users/Taylor/Desktop/TGorder/Content/0Levels/Nurse/N_Core.umap C:/Users/Taylor/Desktop/TGorder/Content/0Levels/VSpath.umap'
[2017.10.16-01.23.52:933][697]LogSourceControl: Attempting 'p4 diff -sa C:/Users/Taylor/Desktop/TGorder/Content/0Levels/I_Core.umap C:/Users/Taylor/Desktop/TGorder/Content/0Levels/I_Lighting.umap C:/Users/Taylor/Desktop/TGorder/Content/0Levels/Investigator/I_Audio.umap C:/Users/Taylor/Desktop/TGorder/Content/0Levels/Investigator/I_Core.umap C:/Users/Taylor/Desktop/TGorder/Content/0Levels/Investigator/I_DynamicAssets.umap C:/Users/Taylor/Desktop/TGorder/Content/0Levels/Investigator/I_Lighting.umap C:/Users/Taylor/Desktop/TGorder/Content/0Levels/Investigator/I_StaticAssets.umap C:/Users/Taylor/Desktop/TGorder/Content/0Levels/Nurse/N_Core.umap C:/Users/Taylor/Desktop/TGorder/Content/0Levels/VSpath.umap'
[2017.10.16-01.23.53:057][697]SourceControl: Info C:/Users/Taylor/Desktop/TGorder/Content/0Levels/I_Core.umap - file(s) not opened for edit.

[2017.10.16-01.23.53:057][697]SourceControl: Info C:/Users/Taylor/Desktop/TGorder/Content/0Levels/I_Lighting.umap - file(s) not opened for edit.

[2017.10.16-01.23.53:057][697]SourceControl: Info C:/Users/Taylor/Desktop/TGorder/Content/0Levels/Investigator/I_Audio.umap - file(s) not opened for edit.

[2017.10.16-01.23.53:057][697]SourceControl: Info C:/Users/Taylor/Desktop/TGorder/Content/0Levels/Investigator/I_Core.umap - file(s) not opened for edit.

[2017.10.16-01.23.53:057][697]SourceControl: Info C:/Users/Taylor/Desktop/TGorder/Content/0Levels/Investigator/I_DynamicAssets.umap - file(s) not opened for edit.

[2017.10.16-01.23.53:057][697]SourceControl: Info C:/Users/Taylor/Desktop/TGorder/Content/0Levels/Investigator/I_Lighting.umap - file(s) not opened for edit.

[2017.10.16-01.23.53:057][697]SourceControl: Info C:/Users/Taylor/Desktop/TGorder/Content/0Levels/Investigator/I_StaticAssets.umap - file(s) not opened for edit.

[2017.10.16-01.23.53:057][697]SourceControl: Info C:/Users/Taylor/Desktop/TGorder/Content/0Levels/Nurse/N_Core.umap - file(s) not opened for edit.

[2017.10.16-01.23.53:412][697]LogSourceControl: Attempting 'p4 reopen -c 3 C:/Users/Taylor/Desktop/TGorder/Content/0Levels/I_Core.umap C:/Users/Taylor/Desktop/TGorder/Content/0Levels/I_Lighting.umap C:/Users/Taylor/Desktop/TGorder/Content/0Levels/Investigator/I_Audio.umap C:/Users/Taylor/Desktop/TGorder/Content/0Levels/Investigator/I_Core.umap C:/Users/Taylor/Desktop/TGorder/Content/0Levels/Investigator/I_DynamicAssets.umap C:/Users/Taylor/Desktop/TGorder/Content/0Levels/Investigator/I_Lighting.umap C:/Users/Taylor/Desktop/TGorder/Content/0Levels/Investigator/I_StaticAssets.umap C:/Users/Taylor/Desktop/TGorder/Content/0Levels/Nurse/N_Core.umap C:/Users/Taylor/Desktop/TGorder/Content/0Levels/VSpath.umap'
[2017.10.16-01.23.53:488][697]LogSourceControl: Attempting 'p4 submit -c 3'
[2017.10.16-01.24.29:419][697]LogModuleManager:Warning: ModuleManager: Attempting to load 'PerforceSourceControl' outside the main thread.  This module was already loaded - so we didn't crash but this isn't safe.  Please call LoadModule on the main/game thread only.  You can use GetModule or GetModuleChecked instead, those are safe to call outside the game thread.
[2017.10.16-01.24.29:468][697]SourceControl: Info Submitted changelist 3
[2017.10.16-01.24.56:459][159]LogSourceControl: Attempting 'p4 fstat -Or C:/Program Files/Epic Games/UE_4.16/Engine/Content/... C:/Users/Taylor/Desktop/TGorder/Content/... C:/Users/Taylor/Desktop/TGorder/Config/... C:/Users/Taylor/Desktop/TGorder/sep6.uproject'
[2017.10.16-01.24.56:663][184]SourceControl: Info Path 'C:/Program Files/Epic Games/UE_4.16/Engine/Content/...' is not under client's root 'C:\Users\Taylor\Desktop\TGorder'.

[2017.10.16-01.24.56:741][184]EditorErrors:Warning: Warning No assets to check in!
[2017.10.16-01.25.15:901][688]Cmd: QUIT_EDITOR
[2017.10.16-01.25.15:951][688]LogWindowsTextInputMethodSystem:Display: IME system now deactivated.
[2017.10.16-01.25.15:979][688]LogExit: Preparing to exit.
[2017.10.16-01.25.17:130][688]LogDirectoryWatcher: A directory notification for 'C:/Users/Taylor/Desktop/TGorder/Content/' was aborted.
[2017.10.16-01.25.17:180][688]LogExit: Editor shut down
[2017.10.16-01.25.17:184][688]LogExit: Transaction tracking system shut down
[2017.10.16-01.25.17:251][688]LogObj: Freed 0b from 0 cluster array pools.
[2017.10.16-01.25.17:251][688]LogExit: Object subsystem successfully closed.
[2017.10.16-01.25.17:272][688]LogD3D11RHI: Shutdown
[2017.10.16-01.25.17:272][688]LogD3D11RHI: CleanupD3DDevice
[2017.10.16-01.25.17:345][688]LogD3D11RHI: ~FD3D11DynamicRHI
[2017.10.16-01.25.17:357][688]LogModuleManager: Shutting down and abandoning module StatsViewer (526)
[2017.10.16-01.25.17:357][688]LogModuleManager: Shutting down and abandoning module WorldBrowser (524)
[2017.10.16-01.25.17:357][688]LogModuleManager: Shutting down and abandoning module HierarchicalLODOutliner (522)
[2017.10.16-01.25.17:357][688]LogModuleManager: Shutting down and abandoning module CrashTracker (520)
[2017.10.16-01.25.17:357][688]LogModuleManager: Shutting down and abandoning module SceneOutliner (518)
[2017.10.16-01.25.17:357][688]LogModuleManager: Shutting down and abandoning module AddContentDialog (516)
[2017.10.16-01.25.17:357][688]LogDirectoryWatcher: A directory notification for 'C:/Program Files/Epic Games/UE_4.16/FeaturePacks/' was aborted.
[2017.10.16-01.25.17:358][688]LogModuleManager: Shutting down and abandoning module WidgetCarousel (515)
[2017.10.16-01.25.17:358][688]LogModuleManager: Shutting down and abandoning module EditorWidgets (512)
[2017.10.16-01.25.17:358][688]LogModuleManager: Shutting down and abandoning module CollectionManager (510)
[2017.10.16-01.25.17:358][688]LogDirectoryWatcher: A directory notification for 'C:/Users/Taylor/Desktop/TGorder/Content/Collections/' was aborted.
[2017.10.16-01.25.17:358][688]LogDirectoryWatcher: A directory notification for 'C:/Users/Taylor/Desktop/TGorder/Content/Developers/Taylor/Collections/' was aborted.
[2017.10.16-01.25.17:358][688]LogDirectoryWatcher: A directory notification for 'C:/Users/Taylor/Desktop/TGorder/Saved/Collections/' was aborted.
[2017.10.16-01.25.17:358][688]LogModuleManager: Shutting down and abandoning module FoliageEdit (508)
[2017.10.16-01.25.17:358][688]LogModuleManager: Shutting down and abandoning module LandscapeEditor (506)
[2017.10.16-01.25.17:358][688]LogModuleManager: Shutting down and abandoning module MeshPaintMode (504)
[2017.10.16-01.25.17:358][688]LogModuleManager: Shutting down and abandoning module SceneDepthPickerMode (502)
[2017.10.16-01.25.17:358][688]LogModuleManager: Shutting down and abandoning module ActorPickerMode (500)
[2017.10.16-01.25.17:358][688]LogModuleManager: Shutting down and abandoning module GeometryMode (498)
[2017.10.16-01.25.17:358][688]LogModuleManager: Shutting down and abandoning module TextureAlignMode (496)
[2017.10.16-01.25.17:358][688]LogModuleManager: Shutting down and abandoning module BspMode (494)
[2017.10.16-01.25.17:358][688]LogModuleManager: Shutting down and abandoning module HardwareSurvey (492)
[2017.10.16-01.25.17:358][688]LogModuleManager: Shutting down and abandoning module SequenceRecorderSections (490)
[2017.10.16-01.25.17:358][688]LogModuleManager: Shutting down and abandoning module AutomationWorker (488)
[2017.10.16-01.25.17:358][688]LogModuleManager: Shutting down and abandoning module MatineeToLevelSequence (486)
[2017.10.16-01.25.17:358][688]LogModuleManager: Shutting down and abandoning module LevelSequenceEditor (484)
[2017.10.16-01.25.17:358][688]LogModuleManager: Shutting down and abandoning module PlacementMode (483)
[2017.10.16-01.25.17:358][688]LogModuleManager: Shutting down and abandoning module WmfMediaFactory (480)
[2017.10.16-01.25.17:358][688]LogModuleManager: Shutting down and abandoning module WmfMediaEditor (478)
[2017.10.16-01.25.17:358][688]LogModuleManager: Shutting down and abandoning module AvfMediaFactory (476)
[2017.10.16-01.25.17:358][688]LogModuleManager: Shutting down and abandoning module AvfMediaEditor (474)
[2017.10.16-01.25.17:358][688]LogModuleManager: Shutting down and abandoning module AndroidMediaFactory (472)
[2017.10.16-01.25.17:358][688]LogModuleManager: Shutting down and abandoning module Media (471)
[2017.10.16-01.25.17:358][688]LogModuleManager: Shutting down and abandoning module AndroidMediaEditor (468)
[2017.10.16-01.25.17:358][688]LogModuleManager: Shutting down and abandoning module CharacterAI (466)
[2017.10.16-01.25.17:358][688]LogModuleManager: Shutting down and abandoning module AudioCapture (464)
[2017.10.16-01.25.17:358][688]LogModuleManager: Shutting down and abandoning module SequenceRecorder (463)
[2017.10.16-01.25.17:358][688]LogModuleManager: Shutting down and abandoning module SmartSnapping (460)
[2017.10.16-01.25.17:358][688]LogModuleManager: Shutting down and abandoning module SessionServices (458)
[2017.10.16-01.25.17:358][688]LogModuleManager: Shutting down and abandoning module ViewportSnapping (456)
[2017.10.16-01.25.17:358][688]LogModuleManager: Shutting down and abandoning module ViewportInteraction (454)
[2017.10.16-01.25.17:358][688]LogModuleManager: Shutting down and abandoning module ClothPainter (452)
[2017.10.16-01.25.17:358][688]LogModuleManager: Shutting down and abandoning module LogVisualizer (450)
[2017.10.16-01.25.17:358][688]LogModuleManager: Shutting down and abandoning module IntroTutorials (448)
[2017.10.16-01.25.17:358][688]LogModuleManager: Shutting down and abandoning module GameProjectGeneration (447)
[2017.10.16-01.25.17:358][688]LogModuleManager: Shutting down and abandoning module EditorLiveStreaming (444)
[2017.10.16-01.25.17:358][688]LogModuleManager: Shutting down and abandoning module IOSPlatformEditor (442)
[2017.10.16-01.25.17:358][688]LogModuleManager: Shutting down and abandoning module HTML5PlatformEditor (440)
[2017.10.16-01.25.17:359][688]LogModuleManager: Shutting down and abandoning module AndroidPlatformEditor (438)
[2017.10.16-01.25.17:359][688]LogModuleManager: Shutting down and abandoning module AndroidDeviceDetection (437)
[2017.10.16-01.25.17:789][688]LogModuleManager: Shutting down and abandoning module IOSRuntimeSettings (434)
[2017.10.16-01.25.17:789][688]LogModuleManager: Shutting down and abandoning module AndroidRuntimeSettings (432)
[2017.10.16-01.25.17:789][688]LogModuleManager: Shutting down and abandoning module InputBindingEditor (430)
[2017.10.16-01.25.17:789][688]LogModuleManager: Shutting down and abandoning module MergeActors (428)
[2017.10.16-01.25.17:789][688]LogModuleManager: Shutting down and abandoning module SizeMap (426)
[2017.10.16-01.25.17:789][688]LogModuleManager: Shutting down and abandoning module TreeMap (424)
[2017.10.16-01.25.17:789][688]LogModuleManager: Shutting down and abandoning module ReferenceViewer (422)
[2017.10.16-01.25.17:789][688]LogModuleManager: Shutting down and abandoning module LocalizationDashboard (420)
[2017.10.16-01.25.17:789][688]LogModuleManager: Shutting down and abandoning module LocalizationService (419)
[2017.10.16-01.25.17:789][688]LogModuleManager: Shutting down and abandoning module HardwareTargeting (416)
[2017.10.16-01.25.17:789][688]LogModuleManager: Shutting down and abandoning module DeviceProfileEditor (414)
[2017.10.16-01.25.17:789][688]LogModuleManager: Shutting down and abandoning module UndoHistory (412)
[2017.10.16-01.25.17:789][688]LogModuleManager: Shutting down and abandoning module UserFeedback (410)
[2017.10.16-01.25.17:789][688]LogModuleManager: Shutting down and abandoning module XmlParser (408)
[2017.10.16-01.25.17:789][688]LogModuleManager: Shutting down and abandoning module Blutility (406)
[2017.10.16-01.25.17:789][688]LogModuleManager: Shutting down and abandoning module ProjectSettingsViewer (404)
[2017.10.16-01.25.17:789][688]LogModuleManager: Shutting down and abandoning module ProjectTargetPlatformEditor (403)
[2017.10.16-01.25.17:789][688]LogModuleManager: Shutting down and abandoning module EditorSettingsViewer (400)
[2017.10.16-01.25.17:789][688]LogModuleManager: Shutting down and abandoning module SettingsEditor (398)
[2017.10.16-01.25.17:789][688]LogModuleManager: Shutting down and abandoning module ProjectLauncher (396)
[2017.10.16-01.25.17:789][688]LogModuleManager: Shutting down and abandoning module SessionFrontend (394)
[2017.10.16-01.25.17:789][688]LogModuleManager: Shutting down and abandoning module ProfilerClient (392)
[2017.10.16-01.25.17:789][688]LogModuleManager: Shutting down and abandoning module DeviceManager (390)
[2017.10.16-01.25.17:789][688]LogModuleManager: Shutting down and abandoning module TargetDeviceServices (389)
[2017.10.16-01.25.17:842][688]LogModuleManager: Shutting down and abandoning module AutomationController (386)
[2017.10.16-01.25.17:842][688]LogModuleManager: Shutting down and abandoning module AutomationWindow (384)
[2017.10.16-01.25.17:843][688]LogModuleManager: Shutting down and abandoning module Layers (382)
[2017.10.16-01.25.17:843][688]LogModuleManager: Shutting down and abandoning module ComponentVisualizers (380)
[2017.10.16-01.25.17:843][688]LogModuleManager: Shutting down and abandoning module DetailCustomizations (378)
[2017.10.16-01.25.17:843][688]LogModuleManager: Shutting down and abandoning module PackagesDialog (376)
[2017.10.16-01.25.17:844][688]LogModuleManager: Shutting down and abandoning module Persona (374)
[2017.10.16-01.25.17:844][688]LogModuleManager: Shutting down and abandoning module AdvancedPreviewScene (373)
[2017.10.16-01.25.17:844][688]LogModuleManager: Shutting down and abandoning module AnimGraph (371)
[2017.10.16-01.25.17:844][688]LogModuleManager: Shutting down and abandoning module Kismet (368)
[2017.10.16-01.25.17:845][688]LogModuleManager: Shutting down and abandoning module ClassViewer (366)
[2017.10.16-01.25.17:845][688]LogModuleManager: Shutting down and abandoning module Toolbox (364)
[2017.10.16-01.25.17:845][688]LogModuleManager: Shutting down and abandoning module ModuleUI (362)
[2017.10.16-01.25.17:845][688]LogModuleManager: Shutting down and abandoning module MovieSceneTools (360)
[2017.10.16-01.25.17:846][688]LogModuleManager: Shutting down and abandoning module OutputLog (358)
[2017.10.16-01.25.17:846][688]LogModuleManager: Shutting down and abandoning module GammaUI (356)
[2017.10.16-01.25.17:846][688]LogModuleManager: Shutting down and abandoning module Documentation (354)
[2017.10.16-01.25.17:846][688]LogModuleManager: Shutting down and abandoning module MovieSceneTracks (352)
[2017.10.16-01.25.17:846][688]LogModuleManager: Shutting down and abandoning module MovieScene (350)
[2017.10.16-01.25.17:846][688]LogModuleManager: Shutting down and abandoning module Niagara (348)
[2017.10.16-01.25.17:846][688]LogModuleManager: Shutting down and abandoning module NiagaraEditor (347)
[2017.10.16-01.25.17:846][688]LogModuleManager: Shutting down and abandoning module StreamingPauseRendering (344)
[2017.10.16-01.25.17:846][688]LogModuleManager: Shutting down and abandoning module AnalyticsET (342)
[2017.10.16-01.25.17:847][688]LogModuleManager: Shutting down and abandoning module PortalServices (340)
[2017.10.16-01.25.17:847][688]LogModuleManager: Shutting down and abandoning module PortalRpc (338)
[2017.10.16-01.25.17:847][688]LogModuleManager: Shutting down and abandoning module MessagingRpc (336)
[2017.10.16-01.25.17:847][688]LogModuleManager: Shutting down and abandoning module AIModule (334)
[2017.10.16-01.25.17:847][688]LogModuleManager: Shutting down and abandoning module GameplayDebugger (333)
[2017.10.16-01.25.17:847][688]LogModuleManager: Shutting down and abandoning module AITestSuite (331)
[2017.10.16-01.25.17:847][688]LogModuleManager: Shutting down and abandoning module ProfilerService (328)
[2017.10.16-01.25.18:001][688]LogModuleManager: Shutting down and abandoning module TaskGraph (326)
[2017.10.16-01.25.18:001][688]LogModuleManager: Shutting down and abandoning module SteamVRController (324)
[2017.10.16-01.25.18:001][688]LogModuleManager: Shutting down and abandoning module SteamVR (322)
[2017.10.16-01.25.18:001][688]LogModuleManager: Shutting down and abandoning module ProceduralMeshComponentEditor (320)
[2017.10.16-01.25.18:001][688]LogModuleManager: Shutting down and abandoning module ProceduralMeshComponent (318)
[2017.10.16-01.25.18:001][688]LogModuleManager: Shutting down and abandoning module OculusLibrary (316)
[2017.10.16-01.25.18:001][688]LogModuleManager: Shutting down and abandoning module OculusInput (314)
[2017.10.16-01.25.18:001][688]LogModuleManager: Shutting down and abandoning module MobilePatchingUtils (312)
[2017.10.16-01.25.18:001][688]LogModuleManager: Shutting down and abandoning module CustomMeshComponent (310)
[2017.10.16-01.25.18:001][688]LogModuleManager: Shutting down and abandoning module CableComponent (308)
[2017.10.16-01.25.18:001][688]LogModuleManager: Shutting down and abandoning module ArchVisCharacter (306)
[2017.10.16-01.25.18:001][688]LogModuleManager: Shutting down and abandoning module AndroidPermission (304)
[2017.10.16-01.25.18:001][688]LogModuleManager: Shutting down and abandoning module MediaPlayerEditor (300)
[2017.10.16-01.25.18:001][688]LogModuleManager: Shutting down and abandoning module HTML5Networking (298)
[2017.10.16-01.25.18:001][688]LogModuleManager: Shutting down and abandoning module AlembicImporter (296)
[2017.10.16-01.25.18:001][688]LogModuleManager: Shutting down and abandoning module AlembicLibrary (295)
[2017.10.16-01.25.18:002][688]LogModuleManager: Shutting down and abandoning module GeometryCache (294)
[2017.10.16-01.25.18:002][688]LogModuleManager: Shutting down and abandoning module GeometryCacheEd (293)
[2017.10.16-01.25.18:002][688]LogModuleManager: Shutting down and abandoning module SuperSearchEditor (288)
[2017.10.16-01.25.18:002][688]LogModuleManager: Shutting down and abandoning module SuperSearch (287)
[2017.10.16-01.25.18:002][688]LogModuleManager: Shutting down and abandoning module SpeedTreeImporter (284)
[2017.10.16-01.25.18:002][688]LogModuleManager: Shutting down and abandoning module PluginBrowser (282)
[2017.10.16-01.25.18:002][688]LogModuleManager: Shutting down and abandoning module MobileLauncherProfileWizard (280)
[2017.10.16-01.25.18:002][688]LogModuleManager: Shutting down and abandoning module VisualStudioSourceCodeAccess (278)
[2017.10.16-01.25.18:002][688]LogModuleManager: Shutting down and abandoning module DesktopPlatform (277)
[2017.10.16-01.25.18:002][688]LogModuleManager: Shutting down and abandoning module UObjectPlugin (274)
[2017.10.16-01.25.18:002][688]LogModuleManager: Shutting down and abandoning module SubversionSourceControl (272)
[2017.10.16-01.25.18:002][688]LogModuleManager: Shutting down and abandoning module PerforceSourceControl (270)
[2017.10.16-01.25.18:003][688]LogModuleManager: Shutting down and abandoning module GitSourceControl (268)
[2017.10.16-01.25.18:003][688]LogModuleManager: Shutting down and abandoning module SourceControl (267)
[2017.10.16-01.25.18:003][688]LogModuleManager: Shutting down and abandoning module LightPropagationVolumeEditor (264)
[2017.10.16-01.25.18:003][688]LogModuleManager: Shutting down and abandoning module PaperTiledImporter (262)
[2017.10.16-01.25.18:003][688]LogModuleManager: Shutting down and abandoning module PaperSpriteSheetImporter (260)
[2017.10.16-01.25.18:003][688]LogModuleManager: Shutting down and abandoning module Paper2DEditor (258)
[2017.10.16-01.25.18:003][688]LogModuleManager: Shutting down and abandoning module MeshPaint (257)
[2017.10.16-01.25.18:003][688]LogModuleManager: Shutting down and abandoning module LevelEditor (255)
[2017.10.16-01.25.18:005][688]LogModuleManager: Shutting down and abandoning module PixelInspectorModule (254)
[2017.10.16-01.25.18:005][688]LogModuleManager: Shutting down and abandoning module MainFrame (252)
[2017.10.16-01.25.18:006][688]LogModuleManager: Shutting down and abandoning module HotReload (251)
[2017.10.16-01.25.18:008][688]LogModuleManager: Shutting down and abandoning module PhysXVehiclesEditor (246)
[2017.10.16-01.25.18:008][688]LogModuleManager: Shutting down and abandoning module PhysXVehicles (244)
[2017.10.16-01.25.18:008][688]LogModuleManager: Shutting down and abandoning module LocationServicesBPLibrary (242)
[2017.10.16-01.25.18:008][688]LogModuleManager: Shutting down and abandoning module ImmediatePhysicsEditor (240)
[2017.10.16-01.25.18:008][688]LogModuleManager: Shutting down and abandoning module ImmediatePhysics (238)
[2017.10.16-01.25.18:008][688]LogModuleManager: Shutting down and abandoning module UdpMessaging (236)
[2017.10.16-01.25.18:109][688]LogModuleManager: Shutting down and abandoning module TcpMessaging (234)
[2017.10.16-01.25.18:209][688]LogModuleManager: Shutting down and abandoning module GameplayTagsEditor (232)
[2017.10.16-01.25.18:209][688]LogModuleManager: Shutting down and abandoning module FacialAnimationEditor (230)
[2017.10.16-01.25.18:209][688]LogModuleManager: Shutting down and abandoning module FacialAnimation (228)
[2017.10.16-01.25.18:209][688]LogModuleManager: Shutting down and abandoning module AssetManagerEditor (226)
[2017.10.16-01.25.18:209][688]LogModuleManager: Shutting down and abandoning module GraphEditor (225)
[2017.10.16-01.25.18:209][688]LogModuleManager: Shutting down and abandoning module ContentBrowser (223)
[2017.10.16-01.25.18:212][688]LogModuleManager: Shutting down and abandoning module LightPropagationVolumeRuntime (220)
[2017.10.16-01.25.18:212][688]LogModuleManager: Shutting down and abandoning module Paper2D (218)
[2017.10.16-01.25.18:213][688]LogModuleManager: Shutting down and abandoning module WindowsMoviePlayer (216)
[2017.10.16-01.25.18:213][688]LogModuleManager: Shutting down and abandoning module WmfMedia (214)
[2017.10.16-01.25.18:213][688]LogModuleManager: Shutting down and abandoning module ClothingSystemEditor (212)
[2017.10.16-01.25.18:213][688]LogModuleManager: Shutting down and abandoning module ClothingSystemRuntime (210)
[2017.10.16-01.25.18:213][688]LogModuleManager: Shutting down and abandoning module MediaAssets (208)
[2017.10.16-01.25.18:213][688]LogModuleManager: Shutting down and abandoning module GameLiveStreaming (206)
[2017.10.16-01.25.18:213][688]LogModuleManager: Shutting down and abandoning module VREditor (204)
[2017.10.16-01.25.18:213][688]LogModuleManager: Shutting down and abandoning module StringTableEditor (202)
[2017.10.16-01.25.18:213][688]LogModuleManager: Shutting down and abandoning module GameplayTasksEditor (200)
[2017.10.16-01.25.18:213][688]LogModuleManager: Shutting down and abandoning module BehaviorTreeEditor (198)
[2017.10.16-01.25.18:213][688]LogModuleManager: Shutting down and abandoning module FunctionalTesting (196)
[2017.10.16-01.25.18:213][688]LogModuleManager: Shutting down and abandoning module CollisionAnalyzer (194)
[2017.10.16-01.25.18:214][688]LogModuleManager: Shutting down and abandoning module UMG (192)
[2017.10.16-01.25.18:214][688]LogModuleManager: Shutting down and abandoning module UMGEditor (191)
[2017.10.16-01.25.18:214][688]LogModuleManager: Shutting down and abandoning module Sequencer (190)
[2017.10.16-01.25.18:214][688]LogModuleManager: Shutting down and abandoning module AssetTools (188)
[2017.10.16-01.25.18:214][688]LogModuleManager: Shutting down and abandoning module MessageLog (187)
[2017.10.16-01.25.18:214][688]LogModuleManager: Shutting down and abandoning module WorkspaceMenuStructure (186)
[2017.10.16-01.25.18:214][688]LogModuleManager: Shutting down and abandoning module SlateReflector (180)
[2017.10.16-01.25.18:214][688]LogModuleManager: Shutting down and abandoning module Slate (178)
[2017.10.16-01.25.18:214][688]LogModuleManager: Shutting down and abandoning module EditorStyle (176)
[2017.10.16-01.25.18:223][688]LogModuleManager: Shutting down and abandoning module SourceCodeAccess (174)
[2017.10.16-01.25.18:223][688]LogModuleManager: Shutting down and abandoning module HeadMountedDisplay (172)
[2017.10.16-01.25.18:223][688]LogModuleManager: Shutting down and abandoning module XAudio2 (170)
[2017.10.16-01.25.18:223][688]LogModuleManager: Shutting down and abandoning module Networking (168)
[2017.10.16-01.25.18:223][688]LogModuleManager: Shutting down and abandoning module Core (164)
[2017.10.16-01.25.18:223][688]LogModuleManager: Shutting down and abandoning module AssetRegistry (162)
[2017.10.16-01.25.18:309][688]LogDirectoryWatcher: A directory notification for '../../../Engine/Content/' was aborted.
[2017.10.16-01.25.18:309][688]LogDirectoryWatcher: A directory notification for '../../../../../../Users/Taylor/Desktop/TGorder/Content/' was aborted.
[2017.10.16-01.25.18:309][688]LogDirectoryWatcher: A directory notification for '../../../Engine/Plugins/2D/Paper2D/Content/' was aborted.
[2017.10.16-01.25.18:309][688]LogDirectoryWatcher: A directory notification for '../../../Engine/Plugins/Runtime/GearVR/Content/' was aborted.
[2017.10.16-01.25.18:313][688]LogModuleManager: Shutting down and abandoning module DirectoryWatcher (161)
[2017.10.16-01.25.18:316][688]LogModuleManager: Shutting down and abandoning module KismetCompiler (158)
[2017.10.16-01.25.18:316][688]LogModuleManager: Shutting down and abandoning module LevelSequence (156)
[2017.10.16-01.25.18:317][688]LogModuleManager: Shutting down and abandoning module PhysXFormats (154)
[2017.10.16-01.25.18:317][688]LogModuleManager: Shutting down and abandoning module MeshUtilities (152)
[2017.10.16-01.25.18:317][688]LogModuleManager: Shutting down and abandoning module SimplygonSwarm (151)
[2017.10.16-01.25.18:317][688]LogModuleManager: Shutting down and abandoning module SimplygonMeshReduction (149)
[2017.10.16-01.25.18:317][688]LogModuleManager: Shutting down and abandoning module QuadricMeshReduction (147)
[2017.10.16-01.25.18:317][688]LogModuleManager: Shutting down and abandoning module DerivedDataCache (144)
[2017.10.16-01.25.18:328][688]LogDerivedDataCache: Shutdown
[2017.10.16-01.25.18:328][688]LogModuleManager: Shutting down and abandoning module TargetPlatform (142)
[2017.10.16-01.25.18:329][688]LogModuleManager: Shutting down and abandoning module VulkanShaderFormat (141)
[2017.10.16-01.25.18:329][688]LogModuleManager: Shutting down and abandoning module ShaderFormatVectorVM (139)
[2017.10.16-01.25.18:329][688]LogModuleManager: Shutting down and abandoning module ShaderFormatOpenGL (137)
[2017.10.16-01.25.18:329][688]LogModuleManager: Shutting down and abandoning module ShaderFormatD3D (135)
[2017.10.16-01.25.18:329][688]LogModuleManager: Shutting down and abandoning module MetalShaderFormat (133)
[2017.10.16-01.25.18:329][688]LogModuleManager: Shutting down and abandoning module TextureFormatUncompressed (131)
[2017.10.16-01.25.18:329][688]LogModuleManager: Shutting down and abandoning module TextureFormatPVR (129)
[2017.10.16-01.25.18:329][688]LogModuleManager: Shutting down and abandoning module TextureFormatDXT (127)
[2017.10.16-01.25.18:329][688]LogModuleManager: Shutting down and abandoning module TextureFormatIntelISPCTexComp (125)
[2017.10.16-01.25.18:329][688]LogModuleManager: Shutting down and abandoning module TextureFormatASTC (123)
[2017.10.16-01.25.18:329][688]LogModuleManager: Shutting down and abandoning module ImageWrapper (122)
[2017.10.16-01.25.18:329][688]LogModuleManager: Shutting down and abandoning module TextureFormatAndroid (119)
[2017.10.16-01.25.18:329][688]LogModuleManager: Shutting down and abandoning module AudioFormatOpus (117)
[2017.10.16-01.25.18:329][688]LogModuleManager: Shutting down and abandoning module AudioFormatOgg (115)
[2017.10.16-01.25.18:329][688]LogModuleManager: Shutting down and abandoning module AudioFormatADPCM (113)
[2017.10.16-01.25.18:329][688]LogModuleManager: Shutting down and abandoning module LinuxTargetPlatform (111)
[2017.10.16-01.25.18:329][688]LogModuleManager: Shutting down and abandoning module LinuxServerTargetPlatform (109)
[2017.10.16-01.25.18:329][688]LogModuleManager: Shutting down and abandoning module LinuxNoEditorTargetPlatform (107)
[2017.10.16-01.25.18:329][688]LogModuleManager: Shutting down and abandoning module LinuxClientTargetPlatform (105)
[2017.10.16-01.25.18:329][688]LogModuleManager: Shutting down and abandoning module TVOSTargetPlatform (103)
[2017.10.16-01.25.18:329][688]LogModuleManager: Shutting down and abandoning module Messaging (101)
[2017.10.16-01.25.18:329][688]LogModuleManager: Shutting down and abandoning module IOSTargetPlatform (99)
[2017.10.16-01.25.18:329][688]LogModuleManager: Shutting down and abandoning module HTML5TargetPlatform (97)
[2017.10.16-01.25.18:329][688]LogModuleManager: Shutting down and abandoning module Android_PVRTCTargetPlatform (95)
[2017.10.16-01.25.18:329][688]LogModuleManager: Shutting down and abandoning module Android_MultiTargetPlatform (93)
[2017.10.16-01.25.18:329][688]LogModuleManager: Shutting down and abandoning module Android_ETC2TargetPlatform (91)
[2017.10.16-01.25.18:329][688]LogModuleManager: Shutting down and abandoning module Android_ETC1TargetPlatform (89)
[2017.10.16-01.25.18:329][688]LogModuleManager: Shutting down and abandoning module Android_DXTTargetPlatform (87)
[2017.10.16-01.25.18:329][688]LogModuleManager: Shutting down and abandoning module Android_ATCTargetPlatform (85)
[2017.10.16-01.25.18:329][688]LogModuleManager: Shutting down and abandoning module Android_ASTCTargetPlatform (83)
[2017.10.16-01.25.18:329][688]LogModuleManager: Shutting down and abandoning module AndroidTargetPlatform (81)
[2017.10.16-01.25.18:329][688]LogModuleManager: Shutting down and abandoning module WindowsTargetPlatform (79)
[2017.10.16-01.25.18:329][688]LogModuleManager: Shutting down and abandoning module WindowsServerTargetPlatform (77)
[2017.10.16-01.25.18:329][688]LogModuleManager: Shutting down and abandoning module WindowsNoEditorTargetPlatform (75)
[2017.10.16-01.25.18:329][688]LogModuleManager: Shutting down and abandoning module WindowsClientTargetPlatform (73)
[2017.10.16-01.25.18:329][688]LogModuleManager: Shutting down and abandoning module MacTargetPlatform (71)
[2017.10.16-01.25.18:329][688]LogModuleManager: Shutting down and abandoning module MacServerTargetPlatform (69)
[2017.10.16-01.25.18:329][688]LogModuleManager: Shutting down and abandoning module MacNoEditorTargetPlatform (67)
[2017.10.16-01.25.18:329][688]LogModuleManager: Shutting down and abandoning module MacClientTargetPlatform (65)
[2017.10.16-01.25.18:329][688]LogModuleManager: Shutting down and abandoning module AllDesktopTargetPlatform (63)
[2017.10.16-01.25.18:329][688]LogModuleManager: Shutting down and abandoning module InputCore (60)
[2017.10.16-01.25.18:329][688]LogModuleManager: Shutting down and abandoning module Settings (58)
[2017.10.16-01.25.18:329][688]LogModuleManager: Shutting down and abandoning module OculusRift (56)
[2017.10.16-01.25.18:329][688]LogModuleManager: Shutting down and abandoning module GearVRController (54)
[2017.10.16-01.25.18:329][688]LogModuleManager: Shutting down and abandoning module GearVR (52)
[2017.10.16-01.25.18:329][688]LogModuleManager: Shutting down and abandoning module ExampleDeviceProfileSelector (50)
[2017.10.16-01.25.18:329][688]LogModuleManager: Shutting down and abandoning module OnlineBlueprintSupport (48)
[2017.10.16-01.25.18:329][688]LogModuleManager: Shutting down and abandoning module OnlineSubsystem (44)
[2017.10.16-01.25.18:329][688]LogOnline:Display: Unloading online subsystem: NULL
[2017.10.16-01.25.18:329][688]LogModuleManager: Shutting down and abandoning module XMPP (43)
[2017.10.16-01.25.18:330][688]LogModuleManager: Shutting down and abandoning module HTTP (41)
[2017.10.16-01.25.18:330][688]LogHttp:Display: Http module shutting down, but needs to wait on 1 outstanding Http requests:
[2017.10.16-01.25.18:330][688]LogHttp:Display: 	verb=[POST] url=[https://datarouter.ol.epicgames.com/datarouter/api/v1/public/data?SessionID=%7B7545F6B8-4B67-9182-640B-61B79656BA29%7D&AppID=UEEditor.Rocket.Release&AppVersion=4.16.3-3561208%2B%2B%2BUE4%2BRelease-4.16&UserID=03c58bf64dafb706ae4f06a14b688c0a%7C99250427ec784fc58e8af63d9baaba26%7Ce9313f6e-9e5b-41c4-961c-b503c2b65b95&AppEnvironment=datacollector-binary&UploadType=eteventstream] status=Processing
[2017.10.16-01.25.18:343][688]LogModuleManager: Shutting down and abandoning module SSL (40)
[2017.10.16-01.25.18:346][688]LogModuleManager: Shutting down and abandoning module HTTPChunkInstaller (36)
[2017.10.16-01.25.18:346][688]LogModuleManager: Shutting down and abandoning module AnimationModifiers (34)
[2017.10.16-01.25.18:346][688]LogModuleManager: Shutting down and abandoning module PropertyEditor (33)
[2017.10.16-01.25.18:346][688]LogModuleManager: Shutting down and abandoning module AudioEditor (30)
[2017.10.16-01.25.18:346][688]LogModuleManager: Shutting down and abandoning module TextureCompressor (28)
[2017.10.16-01.25.18:346][688]LogModuleManager: Shutting down and abandoning module ShaderCore (26)
[2017.10.16-01.25.18:346][688]LogModuleManager: Shutting down and abandoning module Landscape (24)
[2017.10.16-01.25.18:346][688]LogModuleManager: Shutting down and abandoning module SlateRHIRenderer (22)
[2017.10.16-01.25.18:347][688]LogModuleManager: Shutting down and abandoning module OpenGLDrv (20)
[2017.10.16-01.25.18:347][688]LogModuleManager: Shutting down and abandoning module D3D11RHI (18)
[2017.10.16-01.25.18:347][688]LogModuleManager: Shutting down and abandoning module AnimGraphRuntime (16)
[2017.10.16-01.25.18:347][688]LogModuleManager: Shutting down and abandoning module Renderer (14)
[2017.10.16-01.25.18:347][688]LogModuleManager: Shutting down and abandoning module Engine (12)
[2017.10.16-01.25.18:347][688]LogModuleManager: Shutting down and abandoning module CoreUObject (10)
[2017.10.16-01.25.18:347][688]LogModuleManager: Shutting down and abandoning module NetworkFile (8)
[2017.10.16-01.25.18:347][688]LogModuleManager: Shutting down and abandoning module StreamingFile (6)
[2017.10.16-01.25.18:347][688]LogModuleManager: Shutting down and abandoning module SandboxFile (4)
[2017.10.16-01.25.18:347][688]LogModuleManager: Shutting down and abandoning module PakFile (2)
[2017.10.16-01.25.18:350][688]LogExit: Exiting.
[2017.10.16-01.25.18:362][688]Log file closed, 10/15/17 21:25:18
