Log file open, 10/15/17 21:57:17
LogInit:Display: Running engine for game: sep6
LogPlatformFile: Not using cached read wrapper
LogInit:Display: RandInit(-988166953) SRandInit(-988166953).
LogTaskGraph: Started task graph with 5 named threads and 8 total threads with 1 sets of task threads.
LogStats: Stats thread started at 0.083166
LogInit: Using libcurl 7.47.1
LogInit:  - built for x86_64-pc-win32
LogInit:  - supports SSL with OpenSSL/1.0.2g
LogInit:  - supports HTTP deflate (compression) using libz 1.2.8
LogInit:  - other features:
LogInit:      CURL_VERSION_SSL
LogInit:      CURL_VERSION_LIBZ
LogInit:      CURL_VERSION_IPV6
LogInit:      CURL_VERSION_ASYNCHDNS
LogInit:      CURL_VERSION_LARGEFILE
LogInit:      CURL_VERSION_IDN
LogInit:  CurlRequestOptions (configurable via config and command line):
LogInit:  - bVerifyPeer = false  - Libcurl will NOT verify peer certificate
LogInit:  - bUseHttpProxy = false  - Libcurl will NOT use HTTP proxy
LogInit:  - bDontReuseConnections = false  - Libcurl will reuse connections
LogInit:  - CertBundlePath = nullptr  - Libcurl will use whatever was configured at build time.
LogInit: Build: ++UE4+Release-4.16-CL-3561208
LogInit: Engine Version: 4.16.3-3561208+++UE4+Release-4.16
LogInit: Compatible Engine Version: 4.16.0-3452394+++UE4+Release-4.16
LogInit: Net CL: 3452394
LogDevObjectVersion: Number of dev versions registered: 16
LogDevObjectVersion:   Dev-Blueprints (B0D832E4-1F89-4F0D-ACCF-7EB736FD4AA2): 9
LogDevObjectVersion:   Dev-Build (E1C64328-A22C-4D53-A36C-8E866417BD8C): 0
LogDevObjectVersion:   Dev-Core (375EC13C-06E4-48FB-B500-84F0262A717E): 2
LogDevObjectVersion:   Dev-Editor (E4B068ED-F494-42E9-A231-DA0B2E46BB41): 17
LogDevObjectVersion:   Dev-Framework (CFFC743F-43B0-4480-9391-14DF171D2073): 23
LogDevObjectVersion:   Dev-Mobile (B02B49B5-BB20-44E9-A304-32B752E40360): 0
LogDevObjectVersion:   Dev-Networking (A4E4105C-59A1-49B5-A7C5-40C4547EDFEE): 0
LogDevObjectVersion:   Dev-Online (39C831C9-5AE6-47DC-9A44-9C173E1C8E7C): 0
LogDevObjectVersion:   Dev-Physics (78F01B33-EBEA-4F98-B9B4-84EACCB95AA2): 0
LogDevObjectVersion:   Dev-Platform (6631380F-2D4D-43E0-8009-CF276956A95A): 0
LogDevObjectVersion:   Dev-Rendering (12F88B9F-8875-4AFC-A67C-D90C383ABD29): 15
LogDevObjectVersion:   Dev-Sequencer (7B5AE74C-D270-4C10-A958-57980B212A5A): 4
LogDevObjectVersion:   Dev-VR (D7296918-1DD6-4BDD-9DE2-64A83CC13884): 0
LogDevObjectVersion:   Dev-LoadTimes (C2A15278-BFE7-4AFE-6C17-90FF531DF755): 1
LogDevObjectVersion:   Private-Geometry (6EACA3D4-40EC-4CC1-B786-8BED09428FC5): 1
LogDevObjectVersion:   Dev-AnimPhys (29E575DD-E0A3-4627-9D10-D276232CDCEA): 3
LogInit: Compiled (64-bit): Jul 28 2017 11:49:47
LogInit: Compiled with Visual C++: 19.00.24215.01
LogInit: Build Configuration: Development
LogInit: Branch Name: ++UE4+Release-4.16
LogInit: Command line:  
LogInit: Base directory: C:/Program Files/Epic Games/UE_4.16/Engine/Binaries/Win64/
LogInit: Installed Engine Build: 1
LogInit: Presizing for max 8388607 objects, including 0 objects not considered by GC, pre-allocating 0 bytes for permanent pool.
LogInit: Object subsystem initialized
[2017.10.16-01.57.17:948][  0]LogInit: Selected Device Profile: [Windows]
[2017.10.16-01.57.17:948][  0]LogInit: Applying CVar settings loaded from the selected device profile: [Windows]
[2017.10.16-01.57.17:969][  0]LogInit: Computer: GAMING
[2017.10.16-01.57.17:969][  0]LogInit: User: Taylor
[2017.10.16-01.57.17:969][  0]LogInit: CPU Page size=4096, Cores=4
[2017.10.16-01.57.17:969][  0]LogInit: High frequency timer resolution =3.410074 MHz
[2017.10.16-01.57.17:970][  0]LogMemory: Memory total: Physical=15.9GB (16GB approx)
[2017.10.16-01.57.17:970][  0]LogMemory: Platform Memory Stats for Windows
[2017.10.16-01.57.17:970][  0]LogMemory: Process Physical Memory: 272.89 MB used, 272.89 MB peak
[2017.10.16-01.57.17:970][  0]LogMemory: Process Virtual Memory: 266.62 MB used, 266.62 MB peak
[2017.10.16-01.57.17:970][  0]LogMemory: Physical Memory: 4914.67 MB used,  11344.30 MB free, 16258.96 MB total
[2017.10.16-01.57.17:970][  0]LogMemory: Virtual Memory: 643.54 MB used,  11344.30 MB free, 134217728.00 MB total
[2017.10.16-01.57.18:054][  0]LogInit: Using OS detected language (en-US).
[2017.10.16-01.57.18:054][  0]LogInit: Using OS detected locale (en-US).
[2017.10.16-01.57.18:056][  0]LogTextLocalizationManager: No specific localization for 'en-US' exists, so the 'en' localization will be used.
[2017.10.16-01.57.18:816][  0]LogD3D11RHI: D3D11 adapters:
[2017.10.16-01.57.18:853][  0]LogD3D11RHI:    0. 'NVIDIA GeForce GTX 970' (Feature Level 11_0)
[2017.10.16-01.57.18:853][  0]LogD3D11RHI:       4059/0/8129 MB DedicatedVideo/DedicatedSystem/SharedSystem, Outputs:2, VendorId:0x10de
[2017.10.16-01.57.18:857][  0]LogD3D11RHI:    1. 'Intel(R) HD Graphics 4600' (Feature Level 11_0)
[2017.10.16-01.57.18:857][  0]LogD3D11RHI:       112/0/2048 MB DedicatedVideo/DedicatedSystem/SharedSystem, Outputs:0, VendorId:0x8086
[2017.10.16-01.57.18:858][  0]LogD3D11RHI:    2. 'Microsoft Basic Render Driver' (Feature Level 11_0)
[2017.10.16-01.57.18:858][  0]LogD3D11RHI:       0/0/8129 MB DedicatedVideo/DedicatedSystem/SharedSystem, Outputs:0, VendorId:0x1414
[2017.10.16-01.57.18:858][  0]LogD3D11RHI: Chosen D3D11 Adapter: 0
[2017.10.16-01.57.18:862][  0]LogD3D11RHI: Creating new Direct3DDevice
[2017.10.16-01.57.18:862][  0]LogD3D11RHI:     GPU DeviceId: 0x13c2 (for the marketing name, search the web for "GPU Device Id")
[2017.10.16-01.57.18:862][  0]LogWindows: EnumDisplayDevices:
[2017.10.16-01.57.18:862][  0]LogWindows:    0. 'NVIDIA GeForce GTX 970' (P:1 D:1)
[2017.10.16-01.57.18:862][  0]LogWindows:    1. 'NVIDIA GeForce GTX 970' (P:0 D:1)
[2017.10.16-01.57.18:862][  0]LogWindows:    2. 'NVIDIA GeForce GTX 970' (P:0 D:0)
[2017.10.16-01.57.18:862][  0]LogWindows:    3. 'NVIDIA GeForce GTX 970' (P:0 D:0)
[2017.10.16-01.57.18:863][  0]LogWindows:    4. 'Intel(R) HD Graphics 4600' (P:0 D:0)
[2017.10.16-01.57.18:863][  0]LogWindows:    5. 'Intel(R) HD Graphics 4600' (P:0 D:0)
[2017.10.16-01.57.18:863][  0]LogWindows:    6. 'Intel(R) HD Graphics 4600' (P:0 D:0)
[2017.10.16-01.57.18:863][  0]LogWindows: DebugString: PrimaryIsNotTheChoosenAdapter PrimaryIsNotTheChoosenAdapter PrimaryIsNotTheChoosenAdapter FoundDriverCount:4 
[2017.10.16-01.57.18:863][  0]LogD3D11RHI:     Adapter Name: NVIDIA GeForce GTX 970
[2017.10.16-01.57.18:863][  0]LogD3D11RHI:   Driver Version: 382.05 (internal:22.21.13.8205, unified:382.05)
[2017.10.16-01.57.18:863][  0]LogD3D11RHI:      Driver Date: 5-1-2017
[2017.10.16-01.57.18:863][  0]LogRHI: Texture pool is 1361 MB (70% of 1945 MB)
[2017.10.16-01.57.18:890][  0]LogD3D11RHI: Async texture creation enabled
[2017.10.16-01.57.18:900][  0]LogD3D11RHI: GPU Timing Frequency: 1000.000000 (Debug: 2 1)
[2017.10.16-01.57.18:952][  0]LogShaderCompilers: Guid format shader working directory is 1 characters bigger than the processId version (../../../../../../Users/Taylor/Desktop/TGorder/Intermediate/Shaders/WorkingDirectory/9504/).
[2017.10.16-01.57.18:952][  0]LogShaderCompilers: Cleaned the shader compiler working directory 'C:/Users/Taylor/AppData/Local/Temp/UnrealShaderWorkingDir/0E7816014E33788C5F8C22A47D66FCE4/'.
[2017.10.16-01.57.18:952][  0]LogShaderCompilers:Display: Using Local Shader Compiler.
[2017.10.16-01.57.19:875][  0]LogTemp:Display: Loaded TP AllDesktopTargetPlatform
[2017.10.16-01.57.19:915][  0]LogTemp:Display: Loaded TP MacClientTargetPlatform
[2017.10.16-01.57.19:957][  0]LogTemp:Display: Loaded TP MacNoEditorTargetPlatform
[2017.10.16-01.57.19:997][  0]LogTemp:Display: Loaded TP MacServerTargetPlatform
[2017.10.16-01.57.20:039][  0]LogTemp:Display: Loaded TP MacTargetPlatform
[2017.10.16-01.57.20:080][  0]LogTemp:Display: Loaded TP WindowsClientTargetPlatform
[2017.10.16-01.57.20:121][  0]LogTemp:Display: Loaded TP WindowsNoEditorTargetPlatform
[2017.10.16-01.57.20:166][  0]LogTemp:Display: Loaded TP WindowsServerTargetPlatform
[2017.10.16-01.57.20:202][  0]LogTemp:Display: Loaded TP WindowsTargetPlatform
[2017.10.16-01.57.20:242][  0]LogTemp:Display: Loaded TP AndroidTargetPlatform
[2017.10.16-01.57.20:282][  0]LogTemp:Display: Loaded TP Android_ASTCTargetPlatform
[2017.10.16-01.57.20:322][  0]LogTemp:Display: Loaded TP Android_ATCTargetPlatform
[2017.10.16-01.57.20:361][  0]LogTemp:Display: Loaded TP Android_DXTTargetPlatform
[2017.10.16-01.57.20:400][  0]LogTemp:Display: Loaded TP Android_ETC1TargetPlatform
[2017.10.16-01.57.20:440][  0]LogTemp:Display: Loaded TP Android_ETC2TargetPlatform
[2017.10.16-01.57.20:519][  0]LogTemp:Display: Loaded TP Android_MultiTargetPlatform
[2017.10.16-01.57.20:519][  0]LogTemp:Display: Loaded TP Android_PVRTCTargetPlatform
[2017.10.16-01.57.20:551][  0]LogTemp:Display: Loaded TP HTML5TargetPlatform
[2017.10.16-01.57.20:630][  0]LogTemp:Display: Loaded TP IOSTargetPlatform
[2017.10.16-01.57.20:654][  0]LogTemp:Display: Loaded TP TVOSTargetPlatform
[2017.10.16-01.57.20:694][  0]LogTemp:Display: Loaded TP LinuxClientTargetPlatform
[2017.10.16-01.57.20:733][  0]LogTemp:Display: Loaded TP LinuxNoEditorTargetPlatform
[2017.10.16-01.57.20:772][  0]LogTemp:Display: Loaded TP LinuxServerTargetPlatform
[2017.10.16-01.57.20:812][  0]LogTemp:Display: Loaded TP LinuxTargetPlatform
[2017.10.16-01.57.20:812][  0]LogTargetPlatformManager:Display: Building Assets For Windows
[2017.10.16-01.57.21:208][  0]LogDerivedDataCache:Display: Max Cache Size: 512 MB
[2017.10.16-01.57.21:291][  0]LogDerivedDataCache: Loaded boot cache 0.08s 90MB C:/Users/Taylor/AppData/Local/UnrealEngine/4.16/DerivedDataCache/Boot.ddc.
[2017.10.16-01.57.21:291][  0]LogDerivedDataCache:Display: Loaded Boot cache: C:/Users/Taylor/AppData/Local/UnrealEngine/4.16/DerivedDataCache/Boot.ddc
[2017.10.16-01.57.21:291][  0]LogDerivedDataCache: FDerivedDataBackendGraph:  Pak pak cache file ../../../../../../Users/Taylor/Desktop/TGorder/DerivedDataCache/DDC.ddp not found, will not use a pak cache.
[2017.10.16-01.57.21:291][  0]LogDerivedDataCache: Unable to find inner node Pak for hierarchical cache Hierarchy.
[2017.10.16-01.57.21:291][  0]LogDerivedDataCache: FDerivedDataBackendGraph:  CompressedPak pak cache file ../../../../../../Users/Taylor/Desktop/TGorder/DerivedDataCache/Compressed.ddp not found, will not use a pak cache.
[2017.10.16-01.57.21:291][  0]LogDerivedDataCache: Unable to find inner node CompressedPak for hierarchical cache Hierarchy.
[2017.10.16-01.57.21:305][  0]LogDerivedDataCache:Display: Pak cache opened for reading ../../../Engine/DerivedDataCache/Compressed.ddp.
[2017.10.16-01.57.21:317][  0]LogDerivedDataCache: Using Local data cache path C:/Users/Taylor/AppData/Local/UnrealEngine/Common/DerivedDataCache: Writable
[2017.10.16-01.57.21:325][  0]LogMaterial: Verifying Global Shaders for PCD3D_SM5
[2017.10.16-01.57.21:326][  0]LogSlate: Using Freetype 2.6.0
[2017.10.16-01.57.21:326][  0]LogSlate: SlateFontCache - WITH_FREETYPE: 1, WITH_HARFBUZZ: 1
[2017.10.16-01.57.21:326][  0]LogSlate: SlateFontCache - WITH_FREETYPE: 1, WITH_HARFBUZZ: 1
[2017.10.16-01.57.21:587][  0]LogInit: Selected Device Profile: [Windows]
[2017.10.16-01.57.21:646][  0]LogContentStreaming: Texture pool size is 0.00 MB
[2017.10.16-01.57.21:775][  0]LogMeshUtilities: Using QuadricMeshReduction for automatic static mesh reduction
[2017.10.16-01.57.21:811][  0]LogSimplygon: Simplygon DLL not present - disabling.
[2017.10.16-01.57.21:852][  0]LogMeshUtilities: Using SimplygonSwarm for distributed automatic mesh merging
[2017.10.16-01.57.21:852][  0]LogMeshUtilities: No automatic skeletal mesh reduction module available
[2017.10.16-01.57.21:852][  0]LogMeshUtilities: No automatic mesh merging module available
[2017.10.16-01.57.22:288][  0]LogNetVersion: sep6 , NetCL: 3452394, EngineNetVer: 2, GameNetVer: 0 (Checksum: 1248976798)
[2017.10.16-01.57.22:342][  0]LogAssetRegistry: FAssetRegistry took 0.0250 seconds to start up
[2017.10.16-01.57.22:393][  0]LogPackageLocalizationCache: Processed 4 localized package path(s) for 2 prioritized culture(s) in 0.031960 seconds
[2017.10.16-01.57.22:398][  0]LogUObjectArray: 34194 objects as part of root set at end of initial load.
[2017.10.16-01.57.22:398][  0]LogUObjectAllocator: 7260424 out of 0 bytes used by permanent object pool.
[2017.10.16-01.57.22:398][  0]LogUObjectArray: CloseDisregardForGC: 0/0 objects in disregard for GC pool
[2017.10.16-01.57.22:450][  0]LogInit: WinSock: version 1.1 (2.2), MaxSocks=32767, MaxUdp=65467
[2017.10.16-01.57.24:397][  0]LogTcpMessaging: Initializing TcpMessaging bridge
[2017.10.16-01.57.24:434][  0]LogUdpMessaging: Initializing bridge on interface 0.0.0.0:0 to multicast group 230.0.0.1:6666.
[2017.10.16-01.57.24:969][  0]LogMaterial: Uniform references updated for custom material expression Custom.
[2017.10.16-01.57.25:293][  0]SourceControl: Info Source control is disabled
[2017.10.16-01.57.25:294][  0]SourceControl: Info Source control is disabled
[2017.10.16-01.57.25:925][  0]LogAndroidPermission: UAndroidPermissionCallbackProxy::GetInstance
[2017.10.16-01.57.26:410][  0]LogEngine: Initializing Engine...
[2017.10.16-01.57.26:410][  0]LogHMD: Failed to initialize OpenVR with code 110
[2017.10.16-01.57.26:575][  0]LogStats: UGameplayTagsManager::ConstructGameplayTagTree: Construct from data asset -  0.000 s
[2017.10.16-01.57.26:575][  0]LogStats: UGameplayTagsManager::ConstructGameplayTagTree: GameplayTagTreeChangedEvent.Broadcast -  0.000 s
[2017.10.16-01.57.26:679][  0]LogAIModule: Creating AISystem for world Untitled
[2017.10.16-01.57.26:688][  0]LogInit: XAudio2 using 'Speakers (Realtek High Definition Audio)' : 2 channels at 48 kHz using 32 bits per sample (channel mask 0x3)
[2017.10.16-01.57.26:699][  0]LogInit: FAudioDevice initialized.
[2017.10.16-01.57.26:737][  0]LogDerivedDataCache: Saved boot cache 0.04s 90MB C:/Users/Taylor/AppData/Local/UnrealEngine/4.16/DerivedDataCache/Boot.ddc.
[2017.10.16-01.57.26:746][  0]LogInit: Texture streaming: Enabled
[2017.10.16-01.57.26:825][  0]LogEngineSessionManager: EngineSessionManager initialized
[2017.10.16-01.57.26:994][  0]LogInit: Transaction tracking system initialized
[2017.10.16-01.57.27:240][  0]BlueprintLog: New page: Editor Load
[2017.10.16-01.57.27:979][  0]LocalizationService: Info Localization service is disabled
[2017.10.16-01.57.28:518][  0]LogConsoleResponse:Display: 
[2017.10.16-01.57.28:633][  0]LogCook:Display: Max memory allowance for cook 16384mb min free memory 0mb
[2017.10.16-01.57.28:633][  0]LogCook:Display: Mobile HDR setting 1
[2017.10.16-01.57.29:646][  0]LogFileCache: Scanning file cache for directory 'C:/Users/Taylor/Desktop/TGorder/Content/' took 0.01s
[2017.10.16-01.57.29:646][  0]Cmd: MAP LOAD FILE="../../../../../../Users/Taylor/Desktop/TGorder/Content/MergedLevelTest.umap" TEMPLATE=0 SHOWPROGRESS=1 FEATURELEVEL=3
[2017.10.16-01.57.29:647][  0]LogEditorServer:Warning: Can't find file '../../../../../../Users/Taylor/Desktop/TGorder/Content/MergedLevelTest.umap'
[2017.10.16-01.57.29:647][  0]Cmd: MAP CHECKDEP NOCLEARLOG
[2017.10.16-01.57.29:758][  0]MapCheck: Info Map check complete: 0 Error(s), 0 Warning(s), took 110.614ms to complete.
[2017.10.16-01.57.29:758][  0]LogFileHelpers: Loading map 'MergedLevelTest' took 0.111
[2017.10.16-01.57.29:859][  0]LogWindowsTextInputMethodSystem:Display: IME system now deactivated.
[2017.10.16-01.57.29:961][  0]LogCollectionManager: Loaded 0 collections in 0.001522 seconds
[2017.10.16-01.57.30:032][  0]LogFileCache: Scanning file cache for directory 'C:/Users/Taylor/Desktop/TGorder/Saved/Collections/' took 0.01s
[2017.10.16-01.57.30:032][  0]LogFileCache: Scanning file cache for directory 'C:/Users/Taylor/Desktop/TGorder/Content/Developers/Taylor/Collections/' took 0.01s
[2017.10.16-01.57.30:032][  0]LogFileCache: Scanning file cache for directory 'C:/Users/Taylor/Desktop/TGorder/Content/Collections/' took 0.01s
[2017.10.16-01.57.30:032][  0]LogCollectionManager: Rebuilt the GUID cache for 0 collections in 0.000001 seconds
[2017.10.16-01.57.30:040][  0]LogContentBrowser: Native class hierarchy populated in 0.0078 seconds. Added 2329 classes and 491 folders.
[2017.10.16-01.57.30:093][  0]LogSourceControl: Attempting 'p4 client -o Tgorder_Gaming_2277'
[2017.10.16-01.57.30:093][  0]LogContentBrowser: Native class hierarchy updated for 'WidgetCarousel' in 0.0005 seconds. Added 0 classes and 0 folders.
[2017.10.16-01.57.30:126][  0]LogContentBrowser: Native class hierarchy updated for 'AddContentDialog' in 0.0005 seconds. Added 0 classes and 0 folders.
[2017.10.16-01.57.30:161][  0]LogContentBrowser: Native class hierarchy updated for 'SceneOutliner' in 0.0005 seconds. Added 1 classes and 2 folders.
[2017.10.16-01.57.30:193][  0]LogCrashTracker: Crashtracker disabled due to settings.
[2017.10.16-01.57.30:198][  0]LogSlate: Took 0.000189 seconds to synchronously load lazily loaded font '../../../Engine/Content/Slate/Fonts/Roboto-Regular.ttf' (155K)
[2017.10.16-01.57.30:199][  0]LogSlate: Took 0.000153 seconds to synchronously load lazily loaded font '../../../Engine/Content/Slate/Fonts/Roboto-Bold.ttf' (160K)
[2017.10.16-01.57.30:205][  0]LogSlate: Took 0.000165 seconds to synchronously load lazily loaded font '../../../Engine/Content/Editor/Slate/Fonts/FontAwesome.ttf' (139K)
[2017.10.16-01.57.30:307][  0]LogRenderer: Reallocating scene render targets to support 1208x576 NumSamples 1 (Frame:1).
[2017.10.16-01.57.30:419][  0]LogUObjectGlobals:Warning: Failed to find object 'Class None.'
[2017.10.16-01.57.30:523][  0]LogContentBrowser: Native class hierarchy updated for 'HierarchicalLODOutliner' in 0.0005 seconds. Added 1 classes and 2 folders.
[2017.10.16-01.57.30:523][  0]LogLoad: (Engine Initialization) Total time: 14.00 seconds
[2017.10.16-01.57.30:523][  0]LogLoad: (Engine Initialization) Total Blueprint compile time: 0.03 seconds
[2017.10.16-01.57.30:523][  0]LogExternalProfiler: Found external profiler: VSPerf
[2017.10.16-01.57.30:523][  0]LogExternalProfiler: Using external profiler: VSPerf
[2017.10.16-01.57.30:534][  0]LogOcInput: OculusInput pre-init called
[2017.10.16-01.57.30:534][  0]LogHMD: Starting GearVRController plugin
[2017.10.16-01.57.30:548][  0]LogAssetRegistry: Asset discovery search completed in 8.2271 seconds
[2017.10.16-01.57.30:549][  0]LogCollectionManager: Rebuilt the object cache for 0 collections in 0.000001 seconds (found 0 objects)
[2017.10.16-01.57.30:549][  0]LogCollectionManager: Fixed up redirectors for 0 collections in 0.000019 seconds (updated 0 objects)
[2017.10.16-01.57.30:551][  0]SourceControl: Info Client Tgorder_Gaming_2277
[2017.10.16-01.57.30:551][  0]SourceControl: Info Update 2017/10/16 00:49:41
[2017.10.16-01.57.30:551][  0]SourceControl: Info Access 2017/10/16 01:53:19
[2017.10.16-01.57.30:551][  0]SourceControl: Info Owner Tgorder
[2017.10.16-01.57.30:551][  0]SourceControl: Info Host Gaming
[2017.10.16-01.57.30:551][  0]SourceControl: Info Description Created by Tgorder.

[2017.10.16-01.57.30:551][  0]SourceControl: Info Root C:\Users\Taylor\Desktop\TGorder
[2017.10.16-01.57.30:551][  0]SourceControl: Info Options noallwrite noclobber nocompress unlocked nomodtime normdir
[2017.10.16-01.57.30:551][  0]SourceControl: Info SubmitOptions submitunchanged
[2017.10.16-01.57.30:551][  0]SourceControl: Info LineEnd local
[2017.10.16-01.57.30:551][  0]SourceControl: Info View0 //depot/... //Tgorder_Gaming_2277/...
[2017.10.16-01.57.30:551][  0]SourceControl: Info specFormatted 
[2017.10.16-01.57.30:551][  0]SourceControl: Info func client-FstatInfo
[2017.10.16-01.57.30:551][  0]LogContentStreaming: Texture pool size now 1000 MB
[2017.10.16-01.57.30:587][  0]LogSlate: Took 0.000112 seconds to synchronously load lazily loaded font '../../../Engine/Content/Slate/Fonts/Roboto-Light.ttf' (159K)
[2017.10.16-01.57.31:902][154]LogSourceControl: Attempting 'p4 fstat -Or C:/Users/Taylor/Desktop/TGorder/Content/0Levels/Investigator/I_Audio.umap C:/Users/Taylor/Desktop/TGorder/Content/0Levels/Investigator/I_Core.umap C:/Users/Taylor/Desktop/TGorder/Content/0Levels/Investigator/I_DynamicAssets.umap C:/Users/Taylor/Desktop/TGorder/Content/0Levels/Investigator/I_Lighting.umap C:/Users/Taylor/Desktop/TGorder/Content/0Levels/Investigator/I_StaticAssets.umap'
[2017.10.16-01.57.32:187][187]LogSlate: Took 0.000140 seconds to synchronously load lazily loaded font '../../../Engine/Content/Slate/Fonts/Roboto-Light.ttf' (159K)
[2017.10.16-01.57.32:622][187]LogAIModule: Creating AISystem for world I_Core
[2017.10.16-01.57.32:891][187]Cmd: MAP LOAD FILE="../../../../../../Users/Taylor/Desktop/TGorder/Content/0Levels/Investigator/I_Core.umap" TEMPLATE=0 SHOWPROGRESS=1 FEATURELEVEL=3
[2017.10.16-01.57.32:891][187]LightingResults: New page: Lighting Build
[2017.10.16-01.57.32:925][187]LogContentBrowser: Native class hierarchy updated for 'StatsViewer' in 0.0005 seconds. Added 5 classes and 0 folders.
[2017.10.16-01.57.32:925][187]LoadErrors: New page: Loading map: I_Core.umap
[2017.10.16-01.57.32:926][187]MapCheck: New page: Map Check
[2017.10.16-01.57.32:926][187]LightingResults: New page: Lighting Build
[2017.10.16-01.57.33:203][187]LogEditorServer: Finished looking for orphan Actors (0.000 secs)
[2017.10.16-01.57.33:233][187]Cmd: MAP CHECKDEP NOCLEARLOG
[2017.10.16-01.57.33:276][187]MapCheck: Info Map check complete: 0 Error(s), 0 Warning(s), took 42.809ms to complete.
[2017.10.16-01.57.33:276][187]LogFileHelpers: Loading map 'I_Core' took 0.385
[2017.10.16-01.57.39:704][921]LogContentBrowser: Native class hierarchy updated for 'WorldBrowser' in 0.0006 seconds. Added 1 classes and 3 folders.
[2017.10.16-01.57.41:296][107]LogSourceControl: Attempting 'p4 fstat -Or C:/Users/Taylor/Desktop/TGorder/Content/0Levels/Investigator/I_Core.umap'
[2017.10.16-01.57.48:192][900]LogEditorViewport: Clicking on Actor (LMB): StaticMeshActor (Cube6)
[2017.10.16-01.58.34:519][262]LogSourceControl: Attempting 'p4 fstat -Or C:/Users/Taylor/Desktop/TGorder/Content/0Levels/Nurse/N_Core.umap'
[2017.10.16-01.58.41:429][  7]LogSourceControl: Attempting 'p4 fstat -Or C:/Users/Taylor/Desktop/TGorder/Content/0Levels/Investigator/I_StaticAssets.umap'
[2017.10.16-01.59.33:277][104]LogEditorViewport: Clicking on Actor (LMB): ShortDoorWithWall_C (ShortDoorWithWall)
[2017.10.16-01.59.45:445][456]LogEditorViewport: Clicking on Actor (LMB): StaticMeshActor (Side_pillar4)
[2017.10.16-01.59.55:994][707]LogSourceControl: Attempting 'p4 fstat -Or C:/Users/Taylor/Desktop/TGorder/Content/0Levels/HorrorPrototype.umap C:/Users/Taylor/Desktop/TGorder/Content/0Levels/HorrorPrototype_BuiltData.uasset C:/Users/Taylor/Desktop/TGorder/Content/0Levels/I_Lighting.umap C:/Users/Taylor/Desktop/TGorder/Content/0Levels/MainMenu_BuiltData.uasset C:/Users/Taylor/Desktop/TGorder/Content/0Levels/MergedLevelTest.umap C:/Users/Taylor/Desktop/TGorder/Content/0Levels/wtf_BuiltData.uasset'
[2017.10.16-02.00.10:297][384]LogSourceControl: Attempting 'p4 fstat -Or C:/Users/Taylor/Desktop/TGorder/Content/0Levels/Investigator/I_EventHandler.uasset'
[2017.10.16-02.00.10:356][384]SourceControl: Info C:/Users/Taylor/Desktop/TGorder/Content/0Levels/Investigator/I_EventHandler.uasset - no such file(s).

[2017.10.16-02.00.10:601][405]LogSourceControl: Attempting 'p4 fstat -Or C:/Users/Taylor/Desktop/TGorder/Content/0Levels/Investigator/I_EventHandler.umap'
[2017.10.16-02.00.10:661][412]SourceControl: Info C:/Users/Taylor/Desktop/TGorder/Content/0Levels/Investigator/I_EventHandler.umap - no such file(s).

[2017.10.16-02.00.14:228][838]LogEditorViewport: Clicking on Actor (LMB): StaticMeshActor (Cube6)
[2017.10.16-02.00.15:126][936]Cmd: DELETE
[2017.10.16-02.00.15:126][936]Cmd: ACTOR DELETE
[2017.10.16-02.00.15:128][936]LogEditorActor: Deleted Actor: StaticMeshActor
[2017.10.16-02.00.15:137][936]LogEditorActor: Deleted 1 Actors (0.011 secs)
[2017.10.16-02.00.15:852][965]Cmd: DELETE
[2017.10.16-02.00.15:852][965]Cmd: ACTOR DELETE
[2017.10.16-02.00.15:858][965]LogEditorActor: Deleted Actor: Brush
[2017.10.16-02.00.15:929][965]LogEditorActor: Deleted 1 Actors (0.077 secs)
[2017.10.16-02.00.16:121][975]LogSourceControl: Attempting 'p4 fstat -Or C:/Users/Taylor/Desktop/TGorder/Content/0Levels/Investigator/I_DynamicAssets.umap'
[2017.10.16-02.00.16:834][ 50]Cmd: DELETE
[2017.10.16-02.00.16:834][ 50]Cmd: ACTOR DELETE
[2017.10.16-02.00.16:837][ 50]LogEditorActor: Deleted Actor: Brush
[2017.10.16-02.00.17:007][ 50]LogEditorActor: Deleted 1 Actors (0.173 secs)
[2017.10.16-02.00.18:439][215]LogEditorViewport: Clicking on Actor (LMB): StaticMeshActor (Side_pillar4)
[2017.10.16-02.00.34:482][124]LogEditorViewport: Clicking on Actor (LMB): StaticMeshActor (Plane2)
[2017.10.16-02.00.36:816][369]LogSourceControl: Attempting 'p4 fstat -Or C:/Users/Taylor/Desktop/TGorder/Content/0Levels/Investigator/I_Core.umap C:/Users/Taylor/Desktop/TGorder/Content/0Levels/Investigator/I_StaticAssets.umap C:/Users/Taylor/Desktop/TGorder/Content/0Levels/Investigator/I_DynamicAssets.umap C:/Users/Taylor/Desktop/TGorder/Content/0Levels/Investigator/I_EventHandler.umap'
[2017.10.16-02.00.36:883][369]SourceControl: Info C:/Users/Taylor/Desktop/TGorder/Content/0Levels/Investigator/I_EventHandler.umap - no such file(s).

[2017.10.16-02.00.43:367][369]LogSourceControl: Attempting 'p4 fstat -Or C:/Users/Taylor/Desktop/TGorder/Content/0Levels/Investigator/I_Core.umap C:/Users/Taylor/Desktop/TGorder/Content/0Levels/Investigator/I_DynamicAssets.umap C:/Users/Taylor/Desktop/TGorder/Content/0Levels/Investigator/I_StaticAssets.umap'
[2017.10.16-02.00.43:672][369]LogSourceControl: Attempting 'p4 edit C:/Users/Taylor/Desktop/TGorder/Content/0Levels/Investigator/I_Core.umap C:/Users/Taylor/Desktop/TGorder/Content/0Levels/Investigator/I_DynamicAssets.umap C:/Users/Taylor/Desktop/TGorder/Content/0Levels/Investigator/I_StaticAssets.umap'
[2017.10.16-02.00.44:022][369]LogSavePackage: Save=14.62ms
[2017.10.16-02.00.44:022][369]LogSavePackage: Moving '../../../../../../Users/Taylor/Desktop/TGorder/Saved/I_EventHandlerC8FC54974769D0EC44FBD0AC89CE3DEF.tmp' to '../../../../../../Users/Taylor/Desktop/TGorder/Content/0Levels/Investigator/I_EventHandler.umap'
[2017.10.16-02.00.44:025][369]LogSavePackage:Display: Finished SavePackage ../../../../../../Users/Taylor/Desktop/TGorder/Content/0Levels/Investigator/I_EventHandler.umap
[2017.10.16-02.00.44:236][369]LogSourceControl: Attempting 'p4 add C:/Users/Taylor/Desktop/TGorder/Content/0Levels/Investigator/I_EventHandler.umap'
[2017.10.16-02.00.44:370][369]LogFileHelpers: Saving map 'I_EventHandler' took 0.510
[2017.10.16-02.00.44:506][369]Cmd: OBJ SAVEPACKAGE PACKAGE="/Game/0Levels/Investigator/I_Core" FILE="../../../../../../Users/Taylor/Desktop/TGorder/Content/0Levels/Investigator/I_Core.umap" SILENT=true AUTOSAVING=false KEEPDIRTY=false
[2017.10.16-02.00.46:446][369]LogSlate: Took 0.000128 seconds to synchronously load lazily loaded font '../../../Engine/Content/Slate/Fonts/Roboto-Regular.ttf' (155K)
[2017.10.16-02.00.47:277][369]LogSavePackage: Save=2728.80ms
[2017.10.16-02.00.47:277][369]LogSavePackage: Moving '../../../../../../Users/Taylor/Desktop/TGorder/Saved/I_CoreB1E2B9764348BE7EBDB406AF161DE8F7.tmp' to '../../../../../../Users/Taylor/Desktop/TGorder/Content/0Levels/Investigator/I_Core.umap'
[2017.10.16-02.00.47:284][369]LogSavePackage:Display: Finished SavePackage ../../../../../../Users/Taylor/Desktop/TGorder/Content/0Levels/Investigator/I_Core.umap
[2017.10.16-02.00.47:311][369]LogFileHelpers: Saving map 'I_Core' took 2.936
[2017.10.16-02.00.47:380][369]LogSavePackage: Save=7.03ms
[2017.10.16-02.00.47:381][369]LogSavePackage: Moving '../../../../../../Users/Taylor/Desktop/TGorder/Saved/I_DynamicAssetsF20A99EF4799F21F08BD3B892F90269E.tmp' to '../../../../../../Users/Taylor/Desktop/TGorder/Content/0Levels/Investigator/I_DynamicAssets.umap'
[2017.10.16-02.00.47:383][369]LogSavePackage:Display: Finished SavePackage ../../../../../../Users/Taylor/Desktop/TGorder/Content/0Levels/Investigator/I_DynamicAssets.umap
[2017.10.16-02.00.47:383][369]LogFileHelpers: Saving map 'I_DynamicAssets' took 0.069
[2017.10.16-02.00.47:447][369]LogSavePackage: Save=6.96ms
[2017.10.16-02.00.47:447][369]LogSavePackage: Moving '../../../../../../Users/Taylor/Desktop/TGorder/Saved/I_StaticAssets24AAC5F348BFCD65212B5AB125E4837C.tmp' to '../../../../../../Users/Taylor/Desktop/TGorder/Content/0Levels/Investigator/I_StaticAssets.umap'
[2017.10.16-02.00.47:449][369]LogSavePackage:Display: Finished SavePackage ../../../../../../Users/Taylor/Desktop/TGorder/Content/0Levels/Investigator/I_StaticAssets.umap
[2017.10.16-02.00.47:449][369]LogFileHelpers: Saving map 'I_StaticAssets' took 0.064
[2017.10.16-02.00.53:056][ 12]LogSlate: Took 0.000219 seconds to synchronously load lazily loaded font '../../../Engine/Content/Editor/Slate/Fonts/Roboto-Italic.ttf' (157K)
[2017.10.16-02.02.27:004][510]LogSourceControl: Attempting 'p4 opened C:/Program Files/Epic Games/UE_4.16/...'
[2017.10.16-02.02.27:069][517]SourceControl: Info Path 'C:/Program Files/Epic Games/UE_4.16/...' is not under client's root 'C:\Users\Taylor\Desktop\TGorder'.

[2017.10.16-02.02.59:192][338]LogSourceControl: Attempting 'p4 clients -u Tgorder'
[2017.10.16-02.03.01:736][641]LogEditorViewport: Clicking on Actor (LMB): StaticMeshActor (Plane2)
[2017.10.16-02.03.06:593][216]LogSourceControl: Attempting 'p4 client -o Tgorder_Gaming_2277'
[2017.10.16-02.03.06:644][222]SourceControl: Info Client Tgorder_Gaming_2277
[2017.10.16-02.03.06:644][222]SourceControl: Info Update 2017/10/16 00:49:41
[2017.10.16-02.03.06:644][222]SourceControl: Info Access 2017/10/16 01:58:19
[2017.10.16-02.03.06:644][222]SourceControl: Info Owner Tgorder
[2017.10.16-02.03.06:644][222]SourceControl: Info Host Gaming
[2017.10.16-02.03.06:644][222]SourceControl: Info Description Created by Tgorder.

[2017.10.16-02.03.06:644][222]SourceControl: Info Root C:\Users\Taylor\Desktop\TGorder
[2017.10.16-02.03.06:644][222]SourceControl: Info Options noallwrite noclobber nocompress unlocked nomodtime normdir
[2017.10.16-02.03.06:644][222]SourceControl: Info SubmitOptions submitunchanged
[2017.10.16-02.03.06:644][222]SourceControl: Info LineEnd local
[2017.10.16-02.03.06:644][222]SourceControl: Info View0 //depot/... //Tgorder_Gaming_2277/...
[2017.10.16-02.03.06:644][222]SourceControl: Info specFormatted 
[2017.10.16-02.03.06:644][222]SourceControl: Info func client-FstatInfo
[2017.10.16-02.05.32:714][135]LogSourceControl: Attempting 'p4 fstat -Or C:/Program Files/Epic Games/UE_4.16/Engine/Content/... C:/Users/Taylor/Desktop/TGorder/Content/... C:/Users/Taylor/Desktop/TGorder/Config/... C:/Users/Taylor/Desktop/TGorder/sep6.uproject'
[2017.10.16-02.05.32:945][161]SourceControl: Info Path 'C:/Program Files/Epic Games/UE_4.16/Engine/Content/...' is not under client's root 'C:\Users\Taylor\Desktop\TGorder'.

[2017.10.16-02.05.50:637][161]LogSourceControl: Attempting 'p4 fstat -Or C:/Users/Taylor/Desktop/TGorder/Content/0Levels/Investigator/I_Core.umap C:/Users/Taylor/Desktop/TGorder/Content/0Levels/Investigator/I_DynamicAssets.umap C:/Users/Taylor/Desktop/TGorder/Content/0Levels/Investigator/I_EventHandler.umap C:/Users/Taylor/Desktop/TGorder/Content/0Levels/Investigator/I_StaticAssets.umap'
[2017.10.16-02.05.50:715][161]LogSourceControl: Attempting 'p4 diff -sa C:/Users/Taylor/Desktop/TGorder/Content/0Levels/Investigator/I_Core.umap C:/Users/Taylor/Desktop/TGorder/Content/0Levels/Investigator/I_DynamicAssets.umap C:/Users/Taylor/Desktop/TGorder/Content/0Levels/Investigator/I_EventHandler.umap C:/Users/Taylor/Desktop/TGorder/Content/0Levels/Investigator/I_StaticAssets.umap'
[2017.10.16-02.05.50:966][161]SourceControl: Info C:/Users/Taylor/Desktop/TGorder/Content/0Levels/Investigator/I_EventHandler.umap - file(s) not opened for edit.

[2017.10.16-02.05.51:354][161]LogSourceControl: Attempting 'p4 reopen -c 7 C:/Users/Taylor/Desktop/TGorder/Content/0Levels/Investigator/I_Core.umap C:/Users/Taylor/Desktop/TGorder/Content/0Levels/Investigator/I_DynamicAssets.umap C:/Users/Taylor/Desktop/TGorder/Content/0Levels/Investigator/I_EventHandler.umap C:/Users/Taylor/Desktop/TGorder/Content/0Levels/Investigator/I_StaticAssets.umap'
[2017.10.16-02.05.51:413][161]LogSourceControl: Attempting 'p4 submit -c 7'
[2017.10.16-02.06.27:226][161]LogModuleManager:Warning: ModuleManager: Attempting to load 'PerforceSourceControl' outside the main thread.  This module was already loaded - so we didn't crash but this isn't safe.  Please call LoadModule on the main/game thread only.  You can use GetModule or GetModuleChecked instead, those are safe to call outside the game thread.
[2017.10.16-02.06.27:281][161]SourceControl: Info Submitted changelist 7
[2017.10.16-02.06.55:443][454]LogTexture:Display: Building textures: HQ_Lightmap1_1 (AutoDXT, 1024X1024)
[2017.10.16-02.06.55:565][454]LogTexture:Display: Building textures: HQ_Lightmap1_2 (AutoDXT, 128X128)
[2017.10.16-02.06.55:577][454]LogTexture:Display: Building textures: LQ_Lightmap_1_1 (DXT1, 1024X1024)
[2017.10.16-02.06.55:640][454]LogTexture:Display: Building textures: LQ_Lightmap_1_2 (DXT1, 128X128)
[2017.10.16-02.06.55:645][454]LogTexture:Display: Building textures: ShadowMapTexture2D_0 (BGRA8, 512X512)
[2017.10.16-02.06.55:654][454]LogTexture:Display: Building textures: ShadowMapTexture2D_1 (BGRA8, 128X64)
[2017.10.16-02.06.55:716][454]LogAIModule: Creating AISystem for world HorrorPrototype
[2017.10.16-02.06.55:824][454]Cmd: MAP LOAD FILE="../../../../../../Users/Taylor/Desktop/TGorder/Content/0Levels/HorrorPrototype.umap" TEMPLATE=0 SHOWPROGRESS=1 FEATURELEVEL=3
[2017.10.16-02.06.55:824][454]LightingResults: New page: Lighting Build
[2017.10.16-02.06.55:825][454]LoadErrors: New page: Loading map: HorrorPrototype.umap
[2017.10.16-02.06.55:838][454]MapCheck: New page: Map Check
[2017.10.16-02.06.55:838][454]LightingResults: New page: Lighting Build
[2017.10.16-02.06.55:886][454]LogEditorServer: Finished looking for orphan Actors (0.000 secs)
[2017.10.16-02.06.55:921][454]Cmd: MAP CHECKDEP NOCLEARLOG
[2017.10.16-02.06.55:966][454]MapCheck: Info Map check complete: 0 Error(s), 0 Warning(s), took 45.834ms to complete.
[2017.10.16-02.06.55:966][454]LogFileHelpers: Loading map 'HorrorPrototype' took 0.145
[2017.10.16-02.06.58:929][790]LogEditorViewport: Clicking on Actor (LMB): StaticMeshActor (Cylinder)
[2017.10.16-02.07.01:250][ 59]LogSourceControl: Attempting 'p4 fstat -Or C:/Users/Taylor/Desktop/TGorder/Content/0Levels/HorrorPrototype.umap'
[2017.10.16-02.07.01:493][ 66]LogSourceControl: Attempting 'p4 fstat -Or C:/Users/Taylor/Desktop/TGorder/Content/0Levels/HorrorPrototype.umap'
[2017.10.16-02.07.21:211][785]Cmd: TRANSACTION UNDO
[2017.10.16-02.07.21:211][785]LogEditorTransaction: Undo Move Actors
[2017.10.16-02.07.21:221][785]LogSlate: Took 0.000209 seconds to synchronously load lazily loaded font '../../../Engine/Content/Slate/Fonts/Roboto-Light.ttf' (159K)
[2017.10.16-02.07.25:470][256]LogSourceControl: Attempting 'p4 fstat -Or C:/Users/Taylor/Desktop/TGorder/Content/0Levels/HorrorPrototype.umap'
[2017.10.16-02.07.57:557][733]LogAIModule: Creating AISystem for world I_Core
[2017.10.16-02.08.00:268][733]Cmd: MAP LOAD FILE="../../../../../../Users/Taylor/Desktop/TGorder/Content/0Levels/Investigator/I_Core.umap" TEMPLATE=0 SHOWPROGRESS=1 FEATURELEVEL=3
[2017.10.16-02.08.00:270][733]LightingResults: New page: Lighting Build
[2017.10.16-02.08.00:270][733]LoadErrors: New page: Loading map: I_Core.umap
[2017.10.16-02.08.00:271][733]MapCheck: New page: Map Check
[2017.10.16-02.08.00:271][733]LightingResults: New page: Lighting Build
[2017.10.16-02.08.00:551][733]LogEditorServer: Finished looking for orphan Actors (0.000 secs)
[2017.10.16-02.08.00:583][733]Cmd: MAP CHECKDEP NOCLEARLOG
[2017.10.16-02.08.00:628][733]MapCheck: Info Map check complete: 0 Error(s), 0 Warning(s), took 45.477ms to complete.
[2017.10.16-02.08.00:628][733]LogFileHelpers: Loading map 'I_Core' took 0.361
[2017.10.16-02.08.07:100][459]Cmd: QUIT_EDITOR
[2017.10.16-02.08.07:115][459]LogWindowsTextInputMethodSystem:Display: IME system now deactivated.
[2017.10.16-02.08.07:126][459]LogExit: Preparing to exit.
[2017.10.16-02.08.07:814][459]LogDirectoryWatcher: A directory notification for 'C:/Users/Taylor/Desktop/TGorder/Content/' was aborted.
[2017.10.16-02.08.07:873][459]LogExit: Editor shut down
[2017.10.16-02.08.07:876][459]LogExit: Transaction tracking system shut down
[2017.10.16-02.08.07:931][459]LogObj: Freed 0b from 0 cluster array pools.
[2017.10.16-02.08.07:931][459]LogExit: Object subsystem successfully closed.
[2017.10.16-02.08.07:945][459]LogD3D11RHI: Shutdown
[2017.10.16-02.08.07:945][459]LogD3D11RHI: CleanupD3DDevice
[2017.10.16-02.08.08:001][459]LogD3D11RHI: ~FD3D11DynamicRHI
[2017.10.16-02.08.08:012][459]LogModuleManager: Shutting down and abandoning module WorldBrowser (526)
[2017.10.16-02.08.08:012][459]LogModuleManager: Shutting down and abandoning module StatsViewer (524)
[2017.10.16-02.08.08:012][459]LogModuleManager: Shutting down and abandoning module HierarchicalLODOutliner (522)
[2017.10.16-02.08.08:012][459]LogModuleManager: Shutting down and abandoning module CrashTracker (520)
[2017.10.16-02.08.08:012][459]LogModuleManager: Shutting down and abandoning module SceneOutliner (518)
[2017.10.16-02.08.08:012][459]LogModuleManager: Shutting down and abandoning module AddContentDialog (516)
[2017.10.16-02.08.08:013][459]LogDirectoryWatcher: A directory notification for 'C:/Program Files/Epic Games/UE_4.16/FeaturePacks/' was aborted.
[2017.10.16-02.08.08:013][459]LogModuleManager: Shutting down and abandoning module WidgetCarousel (515)
[2017.10.16-02.08.08:013][459]LogModuleManager: Shutting down and abandoning module EditorWidgets (512)
[2017.10.16-02.08.08:013][459]LogModuleManager: Shutting down and abandoning module CollectionManager (510)
[2017.10.16-02.08.08:014][459]LogDirectoryWatcher: A directory notification for 'C:/Users/Taylor/Desktop/TGorder/Content/Collections/' was aborted.
[2017.10.16-02.08.08:014][459]LogDirectoryWatcher: A directory notification for 'C:/Users/Taylor/Desktop/TGorder/Content/Developers/Taylor/Collections/' was aborted.
[2017.10.16-02.08.08:014][459]LogDirectoryWatcher: A directory notification for 'C:/Users/Taylor/Desktop/TGorder/Saved/Collections/' was aborted.
[2017.10.16-02.08.08:014][459]LogModuleManager: Shutting down and abandoning module FoliageEdit (508)
[2017.10.16-02.08.08:014][459]LogModuleManager: Shutting down and abandoning module LandscapeEditor (506)
[2017.10.16-02.08.08:014][459]LogModuleManager: Shutting down and abandoning module MeshPaintMode (504)
[2017.10.16-02.08.08:014][459]LogModuleManager: Shutting down and abandoning module SceneDepthPickerMode (502)
[2017.10.16-02.08.08:014][459]LogModuleManager: Shutting down and abandoning module ActorPickerMode (500)
[2017.10.16-02.08.08:014][459]LogModuleManager: Shutting down and abandoning module GeometryMode (498)
[2017.10.16-02.08.08:014][459]LogModuleManager: Shutting down and abandoning module TextureAlignMode (496)
[2017.10.16-02.08.08:014][459]LogModuleManager: Shutting down and abandoning module BspMode (494)
[2017.10.16-02.08.08:014][459]LogModuleManager: Shutting down and abandoning module HardwareSurvey (492)
[2017.10.16-02.08.08:014][459]LogModuleManager: Shutting down and abandoning module SequenceRecorderSections (490)
[2017.10.16-02.08.08:014][459]LogModuleManager: Shutting down and abandoning module AutomationWorker (488)
[2017.10.16-02.08.08:014][459]LogModuleManager: Shutting down and abandoning module MatineeToLevelSequence (486)
[2017.10.16-02.08.08:014][459]LogModuleManager: Shutting down and abandoning module LevelSequenceEditor (484)
[2017.10.16-02.08.08:014][459]LogModuleManager: Shutting down and abandoning module PlacementMode (483)
[2017.10.16-02.08.08:014][459]LogModuleManager: Shutting down and abandoning module WmfMediaFactory (480)
[2017.10.16-02.08.08:014][459]LogModuleManager: Shutting down and abandoning module WmfMediaEditor (478)
[2017.10.16-02.08.08:014][459]LogModuleManager: Shutting down and abandoning module AvfMediaFactory (476)
[2017.10.16-02.08.08:014][459]LogModuleManager: Shutting down and abandoning module AvfMediaEditor (474)
[2017.10.16-02.08.08:014][459]LogModuleManager: Shutting down and abandoning module AndroidMediaFactory (472)
[2017.10.16-02.08.08:014][459]LogModuleManager: Shutting down and abandoning module Media (471)
[2017.10.16-02.08.08:014][459]LogModuleManager: Shutting down and abandoning module AndroidMediaEditor (468)
[2017.10.16-02.08.08:014][459]LogModuleManager: Shutting down and abandoning module CharacterAI (466)
[2017.10.16-02.08.08:014][459]LogModuleManager: Shutting down and abandoning module AudioCapture (464)
[2017.10.16-02.08.08:014][459]LogModuleManager: Shutting down and abandoning module SequenceRecorder (463)
[2017.10.16-02.08.08:014][459]LogModuleManager: Shutting down and abandoning module SmartSnapping (460)
[2017.10.16-02.08.08:014][459]LogModuleManager: Shutting down and abandoning module SessionServices (458)
[2017.10.16-02.08.08:014][459]LogModuleManager: Shutting down and abandoning module ViewportSnapping (456)
[2017.10.16-02.08.08:014][459]LogModuleManager: Shutting down and abandoning module ViewportInteraction (454)
[2017.10.16-02.08.08:014][459]LogModuleManager: Shutting down and abandoning module ClothPainter (452)
[2017.10.16-02.08.08:014][459]LogModuleManager: Shutting down and abandoning module LogVisualizer (450)
[2017.10.16-02.08.08:014][459]LogModuleManager: Shutting down and abandoning module IntroTutorials (448)
[2017.10.16-02.08.08:014][459]LogModuleManager: Shutting down and abandoning module GameProjectGeneration (447)
[2017.10.16-02.08.08:014][459]LogModuleManager: Shutting down and abandoning module EditorLiveStreaming (444)
[2017.10.16-02.08.08:014][459]LogModuleManager: Shutting down and abandoning module IOSPlatformEditor (442)
[2017.10.16-02.08.08:014][459]LogModuleManager: Shutting down and abandoning module HTML5PlatformEditor (440)
[2017.10.16-02.08.08:014][459]LogModuleManager: Shutting down and abandoning module AndroidPlatformEditor (438)
[2017.10.16-02.08.08:014][459]LogModuleManager: Shutting down and abandoning module AndroidDeviceDetection (437)
[2017.10.16-02.08.08:475][459]LogModuleManager: Shutting down and abandoning module IOSRuntimeSettings (434)
[2017.10.16-02.08.08:475][459]LogModuleManager: Shutting down and abandoning module AndroidRuntimeSettings (432)
[2017.10.16-02.08.08:475][459]LogModuleManager: Shutting down and abandoning module InputBindingEditor (430)
[2017.10.16-02.08.08:475][459]LogModuleManager: Shutting down and abandoning module MergeActors (428)
[2017.10.16-02.08.08:475][459]LogModuleManager: Shutting down and abandoning module SizeMap (426)
[2017.10.16-02.08.08:475][459]LogModuleManager: Shutting down and abandoning module TreeMap (424)
[2017.10.16-02.08.08:475][459]LogModuleManager: Shutting down and abandoning module ReferenceViewer (422)
[2017.10.16-02.08.08:475][459]LogModuleManager: Shutting down and abandoning module LocalizationDashboard (420)
[2017.10.16-02.08.08:475][459]LogModuleManager: Shutting down and abandoning module LocalizationService (419)
[2017.10.16-02.08.08:475][459]LogModuleManager: Shutting down and abandoning module HardwareTargeting (416)
[2017.10.16-02.08.08:475][459]LogModuleManager: Shutting down and abandoning module DeviceProfileEditor (414)
[2017.10.16-02.08.08:475][459]LogModuleManager: Shutting down and abandoning module UndoHistory (412)
[2017.10.16-02.08.08:475][459]LogModuleManager: Shutting down and abandoning module UserFeedback (410)
[2017.10.16-02.08.08:475][459]LogModuleManager: Shutting down and abandoning module XmlParser (408)
[2017.10.16-02.08.08:475][459]LogModuleManager: Shutting down and abandoning module Blutility (406)
[2017.10.16-02.08.08:475][459]LogModuleManager: Shutting down and abandoning module ProjectSettingsViewer (404)
[2017.10.16-02.08.08:475][459]LogModuleManager: Shutting down and abandoning module ProjectTargetPlatformEditor (403)
[2017.10.16-02.08.08:476][459]LogModuleManager: Shutting down and abandoning module EditorSettingsViewer (400)
[2017.10.16-02.08.08:476][459]LogModuleManager: Shutting down and abandoning module SettingsEditor (398)
[2017.10.16-02.08.08:476][459]LogModuleManager: Shutting down and abandoning module ProjectLauncher (396)
[2017.10.16-02.08.08:476][459]LogModuleManager: Shutting down and abandoning module SessionFrontend (394)
[2017.10.16-02.08.08:476][459]LogModuleManager: Shutting down and abandoning module ProfilerClient (392)
[2017.10.16-02.08.08:476][459]LogModuleManager: Shutting down and abandoning module DeviceManager (390)
[2017.10.16-02.08.08:476][459]LogModuleManager: Shutting down and abandoning module TargetDeviceServices (389)
[2017.10.16-02.08.08:528][459]LogModuleManager: Shutting down and abandoning module AutomationController (386)
[2017.10.16-02.08.08:528][459]LogModuleManager: Shutting down and abandoning module AutomationWindow (384)
[2017.10.16-02.08.08:528][459]LogModuleManager: Shutting down and abandoning module Layers (382)
[2017.10.16-02.08.08:528][459]LogModuleManager: Shutting down and abandoning module ComponentVisualizers (380)
[2017.10.16-02.08.08:528][459]LogModuleManager: Shutting down and abandoning module DetailCustomizations (378)
[2017.10.16-02.08.08:528][459]LogModuleManager: Shutting down and abandoning module PackagesDialog (376)
[2017.10.16-02.08.08:529][459]LogModuleManager: Shutting down and abandoning module Persona (374)
[2017.10.16-02.08.08:529][459]LogModuleManager: Shutting down and abandoning module AdvancedPreviewScene (373)
[2017.10.16-02.08.08:529][459]LogModuleManager: Shutting down and abandoning module AnimGraph (371)
[2017.10.16-02.08.08:529][459]LogModuleManager: Shutting down and abandoning module Kismet (368)
[2017.10.16-02.08.08:532][459]LogModuleManager: Shutting down and abandoning module ClassViewer (366)
[2017.10.16-02.08.08:532][459]LogModuleManager: Shutting down and abandoning module Toolbox (364)
[2017.10.16-02.08.08:532][459]LogModuleManager: Shutting down and abandoning module ModuleUI (362)
[2017.10.16-02.08.08:532][459]LogModuleManager: Shutting down and abandoning module MovieSceneTools (360)
[2017.10.16-02.08.08:532][459]LogModuleManager: Shutting down and abandoning module OutputLog (358)
[2017.10.16-02.08.08:532][459]LogModuleManager: Shutting down and abandoning module GammaUI (356)
[2017.10.16-02.08.08:532][459]LogModuleManager: Shutting down and abandoning module Documentation (354)
[2017.10.16-02.08.08:532][459]LogModuleManager: Shutting down and abandoning module MovieSceneTracks (352)
[2017.10.16-02.08.08:532][459]LogModuleManager: Shutting down and abandoning module MovieScene (350)
[2017.10.16-02.08.08:532][459]LogModuleManager: Shutting down and abandoning module Niagara (348)
[2017.10.16-02.08.08:532][459]LogModuleManager: Shutting down and abandoning module NiagaraEditor (347)
[2017.10.16-02.08.08:533][459]LogModuleManager: Shutting down and abandoning module StreamingPauseRendering (344)
[2017.10.16-02.08.08:533][459]LogModuleManager: Shutting down and abandoning module AnalyticsET (342)
[2017.10.16-02.08.08:533][459]LogModuleManager: Shutting down and abandoning module PortalServices (340)
[2017.10.16-02.08.08:533][459]LogModuleManager: Shutting down and abandoning module PortalRpc (338)
[2017.10.16-02.08.08:533][459]LogModuleManager: Shutting down and abandoning module MessagingRpc (336)
[2017.10.16-02.08.08:533][459]LogModuleManager: Shutting down and abandoning module AIModule (334)
[2017.10.16-02.08.08:533][459]LogModuleManager: Shutting down and abandoning module GameplayDebugger (333)
[2017.10.16-02.08.08:533][459]LogModuleManager: Shutting down and abandoning module AITestSuite (331)
[2017.10.16-02.08.08:533][459]LogModuleManager: Shutting down and abandoning module ProfilerService (328)
[2017.10.16-02.08.08:686][459]LogModuleManager: Shutting down and abandoning module TaskGraph (326)
[2017.10.16-02.08.08:686][459]LogModuleManager: Shutting down and abandoning module SteamVRController (324)
[2017.10.16-02.08.08:686][459]LogModuleManager: Shutting down and abandoning module SteamVR (322)
[2017.10.16-02.08.08:686][459]LogModuleManager: Shutting down and abandoning module ProceduralMeshComponentEditor (320)
[2017.10.16-02.08.08:686][459]LogModuleManager: Shutting down and abandoning module ProceduralMeshComponent (318)
[2017.10.16-02.08.08:686][459]LogModuleManager: Shutting down and abandoning module OculusLibrary (316)
[2017.10.16-02.08.08:686][459]LogModuleManager: Shutting down and abandoning module OculusInput (314)
[2017.10.16-02.08.08:686][459]LogModuleManager: Shutting down and abandoning module MobilePatchingUtils (312)
[2017.10.16-02.08.08:686][459]LogModuleManager: Shutting down and abandoning module CustomMeshComponent (310)
[2017.10.16-02.08.08:686][459]LogModuleManager: Shutting down and abandoning module CableComponent (308)
[2017.10.16-02.08.08:686][459]LogModuleManager: Shutting down and abandoning module ArchVisCharacter (306)
[2017.10.16-02.08.08:686][459]LogModuleManager: Shutting down and abandoning module AndroidPermission (304)
[2017.10.16-02.08.08:687][459]LogModuleManager: Shutting down and abandoning module MediaPlayerEditor (300)
[2017.10.16-02.08.08:687][459]LogModuleManager: Shutting down and abandoning module HTML5Networking (298)
[2017.10.16-02.08.08:687][459]LogModuleManager: Shutting down and abandoning module AlembicImporter (296)
[2017.10.16-02.08.08:687][459]LogModuleManager: Shutting down and abandoning module AlembicLibrary (295)
[2017.10.16-02.08.08:687][459]LogModuleManager: Shutting down and abandoning module GeometryCache (294)
[2017.10.16-02.08.08:687][459]LogModuleManager: Shutting down and abandoning module GeometryCacheEd (293)
[2017.10.16-02.08.08:687][459]LogModuleManager: Shutting down and abandoning module SuperSearchEditor (288)
[2017.10.16-02.08.08:687][459]LogModuleManager: Shutting down and abandoning module SuperSearch (287)
[2017.10.16-02.08.08:687][459]LogModuleManager: Shutting down and abandoning module SpeedTreeImporter (284)
[2017.10.16-02.08.08:687][459]LogModuleManager: Shutting down and abandoning module PluginBrowser (282)
[2017.10.16-02.08.08:687][459]LogModuleManager: Shutting down and abandoning module MobileLauncherProfileWizard (280)
[2017.10.16-02.08.08:687][459]LogModuleManager: Shutting down and abandoning module VisualStudioSourceCodeAccess (278)
[2017.10.16-02.08.08:687][459]LogModuleManager: Shutting down and abandoning module DesktopPlatform (277)
[2017.10.16-02.08.08:687][459]LogModuleManager: Shutting down and abandoning module UObjectPlugin (274)
[2017.10.16-02.08.08:687][459]LogModuleManager: Shutting down and abandoning module SubversionSourceControl (272)
[2017.10.16-02.08.08:687][459]LogModuleManager: Shutting down and abandoning module PerforceSourceControl (270)
[2017.10.16-02.08.08:687][459]LogModuleManager: Shutting down and abandoning module GitSourceControl (268)
[2017.10.16-02.08.08:688][459]LogModuleManager: Shutting down and abandoning module SourceControl (267)
[2017.10.16-02.08.08:688][459]LogModuleManager: Shutting down and abandoning module LightPropagationVolumeEditor (264)
[2017.10.16-02.08.08:688][459]LogModuleManager: Shutting down and abandoning module PaperTiledImporter (262)
[2017.10.16-02.08.08:688][459]LogModuleManager: Shutting down and abandoning module PaperSpriteSheetImporter (260)
[2017.10.16-02.08.08:688][459]LogModuleManager: Shutting down and abandoning module Paper2DEditor (258)
[2017.10.16-02.08.08:688][459]LogModuleManager: Shutting down and abandoning module MeshPaint (257)
[2017.10.16-02.08.08:688][459]LogModuleManager: Shutting down and abandoning module LevelEditor (255)
[2017.10.16-02.08.08:690][459]LogModuleManager: Shutting down and abandoning module PixelInspectorModule (254)
[2017.10.16-02.08.08:690][459]LogModuleManager: Shutting down and abandoning module MainFrame (252)
[2017.10.16-02.08.08:690][459]LogModuleManager: Shutting down and abandoning module HotReload (251)
[2017.10.16-02.08.08:692][459]LogModuleManager: Shutting down and abandoning module PhysXVehiclesEditor (246)
[2017.10.16-02.08.08:692][459]LogModuleManager: Shutting down and abandoning module PhysXVehicles (244)
[2017.10.16-02.08.08:692][459]LogModuleManager: Shutting down and abandoning module LocationServicesBPLibrary (242)
[2017.10.16-02.08.08:692][459]LogModuleManager: Shutting down and abandoning module ImmediatePhysicsEditor (240)
[2017.10.16-02.08.08:692][459]LogModuleManager: Shutting down and abandoning module ImmediatePhysics (238)
[2017.10.16-02.08.08:692][459]LogModuleManager: Shutting down and abandoning module UdpMessaging (236)
[2017.10.16-02.08.08:793][459]LogModuleManager: Shutting down and abandoning module TcpMessaging (234)
[2017.10.16-02.08.08:893][459]LogModuleManager: Shutting down and abandoning module GameplayTagsEditor (232)
[2017.10.16-02.08.08:893][459]LogModuleManager: Shutting down and abandoning module FacialAnimationEditor (230)
[2017.10.16-02.08.08:893][459]LogModuleManager: Shutting down and abandoning module FacialAnimation (228)
[2017.10.16-02.08.08:893][459]LogModuleManager: Shutting down and abandoning module AssetManagerEditor (226)
[2017.10.16-02.08.08:893][459]LogModuleManager: Shutting down and abandoning module GraphEditor (225)
[2017.10.16-02.08.08:893][459]LogModuleManager: Shutting down and abandoning module ContentBrowser (223)
[2017.10.16-02.08.08:896][459]LogModuleManager: Shutting down and abandoning module LightPropagationVolumeRuntime (220)
[2017.10.16-02.08.08:896][459]LogModuleManager: Shutting down and abandoning module Paper2D (218)
[2017.10.16-02.08.08:897][459]LogModuleManager: Shutting down and abandoning module WindowsMoviePlayer (216)
[2017.10.16-02.08.08:897][459]LogModuleManager: Shutting down and abandoning module WmfMedia (214)
[2017.10.16-02.08.08:897][459]LogModuleManager: Shutting down and abandoning module ClothingSystemEditor (212)
[2017.10.16-02.08.08:897][459]LogModuleManager: Shutting down and abandoning module ClothingSystemRuntime (210)
[2017.10.16-02.08.08:897][459]LogModuleManager: Shutting down and abandoning module MediaAssets (208)
[2017.10.16-02.08.08:897][459]LogModuleManager: Shutting down and abandoning module GameLiveStreaming (206)
[2017.10.16-02.08.08:897][459]LogModuleManager: Shutting down and abandoning module VREditor (204)
[2017.10.16-02.08.08:897][459]LogModuleManager: Shutting down and abandoning module StringTableEditor (202)
[2017.10.16-02.08.08:897][459]LogModuleManager: Shutting down and abandoning module GameplayTasksEditor (200)
[2017.10.16-02.08.08:897][459]LogModuleManager: Shutting down and abandoning module BehaviorTreeEditor (198)
[2017.10.16-02.08.08:897][459]LogModuleManager: Shutting down and abandoning module FunctionalTesting (196)
[2017.10.16-02.08.08:897][459]LogModuleManager: Shutting down and abandoning module CollisionAnalyzer (194)
[2017.10.16-02.08.08:897][459]LogModuleManager: Shutting down and abandoning module UMG (192)
[2017.10.16-02.08.08:898][459]LogModuleManager: Shutting down and abandoning module UMGEditor (191)
[2017.10.16-02.08.08:898][459]LogModuleManager: Shutting down and abandoning module Sequencer (190)
[2017.10.16-02.08.08:898][459]LogModuleManager: Shutting down and abandoning module AssetTools (188)
[2017.10.16-02.08.08:898][459]LogModuleManager: Shutting down and abandoning module MessageLog (187)
[2017.10.16-02.08.08:898][459]LogModuleManager: Shutting down and abandoning module WorkspaceMenuStructure (186)
[2017.10.16-02.08.08:898][459]LogModuleManager: Shutting down and abandoning module SlateReflector (180)
[2017.10.16-02.08.08:898][459]LogModuleManager: Shutting down and abandoning module Slate (178)
[2017.10.16-02.08.08:898][459]LogModuleManager: Shutting down and abandoning module EditorStyle (176)
[2017.10.16-02.08.08:907][459]LogModuleManager: Shutting down and abandoning module SourceCodeAccess (174)
[2017.10.16-02.08.08:907][459]LogModuleManager: Shutting down and abandoning module HeadMountedDisplay (172)
[2017.10.16-02.08.08:907][459]LogModuleManager: Shutting down and abandoning module XAudio2 (170)
[2017.10.16-02.08.08:907][459]LogModuleManager: Shutting down and abandoning module Networking (168)
[2017.10.16-02.08.08:907][459]LogModuleManager: Shutting down and abandoning module Core (164)
[2017.10.16-02.08.08:907][459]LogModuleManager: Shutting down and abandoning module AssetRegistry (162)
[2017.10.16-02.08.09:026][459]LogDirectoryWatcher: A directory notification for '../../../Engine/Content/' was aborted.
[2017.10.16-02.08.09:026][459]LogDirectoryWatcher: A directory notification for '../../../../../../Users/Taylor/Desktop/TGorder/Content/' was aborted.
[2017.10.16-02.08.09:026][459]LogDirectoryWatcher: A directory notification for '../../../Engine/Plugins/2D/Paper2D/Content/' was aborted.
[2017.10.16-02.08.09:026][459]LogDirectoryWatcher: A directory notification for '../../../Engine/Plugins/Runtime/GearVR/Content/' was aborted.
[2017.10.16-02.08.09:032][459]LogModuleManager: Shutting down and abandoning module DirectoryWatcher (161)
[2017.10.16-02.08.09:033][459]LogModuleManager: Shutting down and abandoning module KismetCompiler (158)
[2017.10.16-02.08.09:033][459]LogModuleManager: Shutting down and abandoning module LevelSequence (156)
[2017.10.16-02.08.09:033][459]LogModuleManager: Shutting down and abandoning module PhysXFormats (154)
[2017.10.16-02.08.09:033][459]LogModuleManager: Shutting down and abandoning module MeshUtilities (152)
[2017.10.16-02.08.09:033][459]LogModuleManager: Shutting down and abandoning module SimplygonSwarm (151)
[2017.10.16-02.08.09:033][459]LogModuleManager: Shutting down and abandoning module SimplygonMeshReduction (149)
[2017.10.16-02.08.09:033][459]LogModuleManager: Shutting down and abandoning module QuadricMeshReduction (147)
[2017.10.16-02.08.09:033][459]LogModuleManager: Shutting down and abandoning module DerivedDataCache (144)
[2017.10.16-02.08.09:118][459]LogDerivedDataCache: Shutdown
[2017.10.16-02.08.09:118][459]LogModuleManager: Shutting down and abandoning module TargetPlatform (142)
[2017.10.16-02.08.09:118][459]LogModuleManager: Shutting down and abandoning module VulkanShaderFormat (141)
[2017.10.16-02.08.09:118][459]LogModuleManager: Shutting down and abandoning module ShaderFormatVectorVM (139)
[2017.10.16-02.08.09:118][459]LogModuleManager: Shutting down and abandoning module ShaderFormatOpenGL (137)
[2017.10.16-02.08.09:118][459]LogModuleManager: Shutting down and abandoning module ShaderFormatD3D (135)
[2017.10.16-02.08.09:118][459]LogModuleManager: Shutting down and abandoning module MetalShaderFormat (133)
[2017.10.16-02.08.09:118][459]LogModuleManager: Shutting down and abandoning module TextureFormatUncompressed (131)
[2017.10.16-02.08.09:118][459]LogModuleManager: Shutting down and abandoning module TextureFormatPVR (129)
[2017.10.16-02.08.09:118][459]LogModuleManager: Shutting down and abandoning module TextureFormatDXT (127)
[2017.10.16-02.08.09:118][459]LogModuleManager: Shutting down and abandoning module TextureFormatIntelISPCTexComp (125)
[2017.10.16-02.08.09:118][459]LogModuleManager: Shutting down and abandoning module TextureFormatASTC (123)
[2017.10.16-02.08.09:118][459]LogModuleManager: Shutting down and abandoning module ImageWrapper (122)
[2017.10.16-02.08.09:118][459]LogModuleManager: Shutting down and abandoning module TextureFormatAndroid (119)
[2017.10.16-02.08.09:118][459]LogModuleManager: Shutting down and abandoning module AudioFormatOpus (117)
[2017.10.16-02.08.09:118][459]LogModuleManager: Shutting down and abandoning module AudioFormatOgg (115)
[2017.10.16-02.08.09:118][459]LogModuleManager: Shutting down and abandoning module AudioFormatADPCM (113)
[2017.10.16-02.08.09:118][459]LogModuleManager: Shutting down and abandoning module LinuxTargetPlatform (111)
[2017.10.16-02.08.09:118][459]LogModuleManager: Shutting down and abandoning module LinuxServerTargetPlatform (109)
[2017.10.16-02.08.09:118][459]LogModuleManager: Shutting down and abandoning module LinuxNoEditorTargetPlatform (107)
[2017.10.16-02.08.09:118][459]LogModuleManager: Shutting down and abandoning module LinuxClientTargetPlatform (105)
[2017.10.16-02.08.09:118][459]LogModuleManager: Shutting down and abandoning module TVOSTargetPlatform (103)
[2017.10.16-02.08.09:118][459]LogModuleManager: Shutting down and abandoning module Messaging (101)
[2017.10.16-02.08.09:118][459]LogModuleManager: Shutting down and abandoning module IOSTargetPlatform (99)
[2017.10.16-02.08.09:118][459]LogModuleManager: Shutting down and abandoning module HTML5TargetPlatform (97)
[2017.10.16-02.08.09:118][459]LogModuleManager: Shutting down and abandoning module Android_PVRTCTargetPlatform (95)
[2017.10.16-02.08.09:118][459]LogModuleManager: Shutting down and abandoning module Android_MultiTargetPlatform (93)
[2017.10.16-02.08.09:118][459]LogModuleManager: Shutting down and abandoning module Android_ETC2TargetPlatform (91)
[2017.10.16-02.08.09:118][459]LogModuleManager: Shutting down and abandoning module Android_ETC1TargetPlatform (89)
[2017.10.16-02.08.09:118][459]LogModuleManager: Shutting down and abandoning module Android_DXTTargetPlatform (87)
[2017.10.16-02.08.09:118][459]LogModuleManager: Shutting down and abandoning module Android_ATCTargetPlatform (85)
[2017.10.16-02.08.09:118][459]LogModuleManager: Shutting down and abandoning module Android_ASTCTargetPlatform (83)
[2017.10.16-02.08.09:118][459]LogModuleManager: Shutting down and abandoning module AndroidTargetPlatform (81)
[2017.10.16-02.08.09:118][459]LogModuleManager: Shutting down and abandoning module WindowsTargetPlatform (79)
[2017.10.16-02.08.09:118][459]LogModuleManager: Shutting down and abandoning module WindowsServerTargetPlatform (77)
[2017.10.16-02.08.09:118][459]LogModuleManager: Shutting down and abandoning module WindowsNoEditorTargetPlatform (75)
[2017.10.16-02.08.09:118][459]LogModuleManager: Shutting down and abandoning module WindowsClientTargetPlatform (73)
[2017.10.16-02.08.09:118][459]LogModuleManager: Shutting down and abandoning module MacTargetPlatform (71)
[2017.10.16-02.08.09:118][459]LogModuleManager: Shutting down and abandoning module MacServerTargetPlatform (69)
[2017.10.16-02.08.09:118][459]LogModuleManager: Shutting down and abandoning module MacNoEditorTargetPlatform (67)
[2017.10.16-02.08.09:118][459]LogModuleManager: Shutting down and abandoning module MacClientTargetPlatform (65)
[2017.10.16-02.08.09:118][459]LogModuleManager: Shutting down and abandoning module AllDesktopTargetPlatform (63)
[2017.10.16-02.08.09:118][459]LogModuleManager: Shutting down and abandoning module InputCore (60)
[2017.10.16-02.08.09:118][459]LogModuleManager: Shutting down and abandoning module Settings (58)
[2017.10.16-02.08.09:118][459]LogModuleManager: Shutting down and abandoning module OculusRift (56)
[2017.10.16-02.08.09:118][459]LogModuleManager: Shutting down and abandoning module GearVRController (54)
[2017.10.16-02.08.09:118][459]LogModuleManager: Shutting down and abandoning module GearVR (52)
[2017.10.16-02.08.09:118][459]LogModuleManager: Shutting down and abandoning module ExampleDeviceProfileSelector (50)
[2017.10.16-02.08.09:118][459]LogModuleManager: Shutting down and abandoning module OnlineBlueprintSupport (48)
[2017.10.16-02.08.09:118][459]LogModuleManager: Shutting down and abandoning module OnlineSubsystem (44)
[2017.10.16-02.08.09:118][459]LogOnline:Display: Unloading online subsystem: NULL
[2017.10.16-02.08.09:118][459]LogModuleManager: Shutting down and abandoning module XMPP (43)
[2017.10.16-02.08.09:119][459]LogModuleManager: Shutting down and abandoning module HTTP (41)
[2017.10.16-02.08.09:119][459]LogHttp:Display: Http module shutting down, but needs to wait on 1 outstanding Http requests:
[2017.10.16-02.08.09:119][459]LogHttp:Display: 	verb=[POST] url=[https://datarouter.ol.epicgames.com/datarouter/api/v1/public/data?SessionID=%7B88A09DEE-4A0D-9C65-6BDC-5EB4343BFAFB%7D&AppID=UEEditor.Rocket.Release&AppVersion=4.16.3-3561208%2B%2B%2BUE4%2BRelease-4.16&UserID=03c58bf64dafb706ae4f06a14b688c0a%7C99250427ec784fc58e8af63d9baaba26%7Ce9313f6e-9e5b-41c4-961c-b503c2b65b95&AppEnvironment=datacollector-binary&UploadType=eteventstream] status=Processing
[2017.10.16-02.08.09:149][459]LogModuleManager: Shutting down and abandoning module SSL (40)
[2017.10.16-02.08.09:152][459]LogModuleManager: Shutting down and abandoning module HTTPChunkInstaller (36)
[2017.10.16-02.08.09:152][459]LogModuleManager: Shutting down and abandoning module AnimationModifiers (34)
[2017.10.16-02.08.09:152][459]LogModuleManager: Shutting down and abandoning module PropertyEditor (33)
[2017.10.16-02.08.09:152][459]LogModuleManager: Shutting down and abandoning module AudioEditor (30)
[2017.10.16-02.08.09:153][459]LogModuleManager: Shutting down and abandoning module TextureCompressor (28)
[2017.10.16-02.08.09:153][459]LogModuleManager: Shutting down and abandoning module ShaderCore (26)
[2017.10.16-02.08.09:153][459]LogModuleManager: Shutting down and abandoning module Landscape (24)
[2017.10.16-02.08.09:153][459]LogModuleManager: Shutting down and abandoning module SlateRHIRenderer (22)
[2017.10.16-02.08.09:155][459]LogModuleManager: Shutting down and abandoning module OpenGLDrv (20)
[2017.10.16-02.08.09:155][459]LogModuleManager: Shutting down and abandoning module D3D11RHI (18)
[2017.10.16-02.08.09:155][459]LogModuleManager: Shutting down and abandoning module AnimGraphRuntime (16)
[2017.10.16-02.08.09:155][459]LogModuleManager: Shutting down and abandoning module Renderer (14)
[2017.10.16-02.08.09:155][459]LogModuleManager: Shutting down and abandoning module Engine (12)
[2017.10.16-02.08.09:155][459]LogModuleManager: Shutting down and abandoning module CoreUObject (10)
[2017.10.16-02.08.09:155][459]LogModuleManager: Shutting down and abandoning module NetworkFile (8)
[2017.10.16-02.08.09:155][459]LogModuleManager: Shutting down and abandoning module StreamingFile (6)
[2017.10.16-02.08.09:155][459]LogModuleManager: Shutting down and abandoning module SandboxFile (4)
[2017.10.16-02.08.09:155][459]LogModuleManager: Shutting down and abandoning module PakFile (2)
[2017.10.16-02.08.09:158][459]LogExit: Exiting.
[2017.10.16-02.08.09:192][459]Log file closed, 10/15/17 22:08:09
