Log file open, 10/11/17 12:19:09
LogInit:Display: Running engine for game: sep6
LogPlatformFile: Not using cached read wrapper
LogInit:Display: RandInit(-1877489147) SRandInit(-1877489147).
LogTaskGraph: Started task graph with 5 named threads and 8 total threads with 1 sets of task threads.
LogStats: Stats thread started at 0.114195
LogInit: Using libcurl 7.47.1
LogInit:  - built for x86_64-pc-win32
LogInit:  - supports SSL with OpenSSL/1.0.2g
LogInit:  - supports HTTP deflate (compression) using libz 1.2.8
LogInit:  - other features:
LogInit:      CURL_VERSION_SSL
LogInit:      CURL_VERSION_LIBZ
LogInit:      CURL_VERSION_IPV6
LogInit:      CURL_VERSION_ASYNCHDNS
LogInit:      CURL_VERSION_LARGEFILE
LogInit:      CURL_VERSION_IDN
LogInit:  CurlRequestOptions (configurable via config and command line):
LogInit:  - bVerifyPeer = false  - Libcurl will NOT verify peer certificate
LogInit:  - bUseHttpProxy = false  - Libcurl will NOT use HTTP proxy
LogInit:  - bDontReuseConnections = false  - Libcurl will reuse connections
LogInit:  - CertBundlePath = nullptr  - Libcurl will use whatever was configured at build time.
LogInit: Build: ++UE4+Release-4.16-CL-3561208
LogInit: Engine Version: 4.16.3-3561208+++UE4+Release-4.16
LogInit: Compatible Engine Version: 4.16.0-3452394+++UE4+Release-4.16
LogInit: Net CL: 3452394
LogDevObjectVersion: Number of dev versions registered: 16
LogDevObjectVersion:   Dev-Blueprints (B0D832E4-1F89-4F0D-ACCF-7EB736FD4AA2): 9
LogDevObjectVersion:   Dev-Build (E1C64328-A22C-4D53-A36C-8E866417BD8C): 0
LogDevObjectVersion:   Dev-Core (375EC13C-06E4-48FB-B500-84F0262A717E): 2
LogDevObjectVersion:   Dev-Editor (E4B068ED-F494-42E9-A231-DA0B2E46BB41): 17
LogDevObjectVersion:   Dev-Framework (CFFC743F-43B0-4480-9391-14DF171D2073): 23
LogDevObjectVersion:   Dev-Mobile (B02B49B5-BB20-44E9-A304-32B752E40360): 0
LogDevObjectVersion:   Dev-Networking (A4E4105C-59A1-49B5-A7C5-40C4547EDFEE): 0
LogDevObjectVersion:   Dev-Online (39C831C9-5AE6-47DC-9A44-9C173E1C8E7C): 0
LogDevObjectVersion:   Dev-Physics (78F01B33-EBEA-4F98-B9B4-84EACCB95AA2): 0
LogDevObjectVersion:   Dev-Platform (6631380F-2D4D-43E0-8009-CF276956A95A): 0
LogDevObjectVersion:   Dev-Rendering (12F88B9F-8875-4AFC-A67C-D90C383ABD29): 15
LogDevObjectVersion:   Dev-Sequencer (7B5AE74C-D270-4C10-A958-57980B212A5A): 4
LogDevObjectVersion:   Dev-VR (D7296918-1DD6-4BDD-9DE2-64A83CC13884): 0
LogDevObjectVersion:   Dev-LoadTimes (C2A15278-BFE7-4AFE-6C17-90FF531DF755): 1
LogDevObjectVersion:   Private-Geometry (6EACA3D4-40EC-4CC1-B786-8BED09428FC5): 1
LogDevObjectVersion:   Dev-AnimPhys (29E575DD-E0A3-4627-9D10-D276232CDCEA): 3
LogInit: Compiled (64-bit): Jul 28 2017 11:49:47
LogInit: Compiled with Visual C++: 19.00.24215.01
LogInit: Build Configuration: Development
LogInit: Branch Name: ++UE4+Release-4.16
LogInit: Command line:  
LogInit: Base directory: C:/Program Files/Epic Games/UE_4.16/Engine/Binaries/Win64/
LogInit: Installed Engine Build: 1
LogInit: Presizing for max 8388607 objects, including 0 objects not considered by GC, pre-allocating 0 bytes for permanent pool.
LogInit: Object subsystem initialized
[2017.10.11-16.19.09:943][  0]LogInit: Selected Device Profile: [Windows]
[2017.10.11-16.19.09:943][  0]LogInit: Applying CVar settings loaded from the selected device profile: [Windows]
[2017.10.11-16.19.09:960][  0]LogInit: Computer: DESKTOP-BVQ6MAL
[2017.10.11-16.19.09:960][  0]LogInit: User: AlexDesktop
[2017.10.11-16.19.09:960][  0]LogInit: CPU Page size=4096, Cores=4
[2017.10.11-16.19.09:960][  0]LogInit: High frequency timer resolution =3.312785 MHz
[2017.10.11-16.19.09:960][  0]LogMemory: Memory total: Physical=16.0GB (16GB approx)
[2017.10.11-16.19.09:960][  0]LogMemory: Platform Memory Stats for Windows
[2017.10.11-16.19.09:960][  0]LogMemory: Process Physical Memory: 274.19 MB used, 274.19 MB peak
[2017.10.11-16.19.09:960][  0]LogMemory: Process Virtual Memory: 261.02 MB used, 261.02 MB peak
[2017.10.11-16.19.09:960][  0]LogMemory: Physical Memory: 6616.93 MB used,  9723.32 MB free, 16340.25 MB total
[2017.10.11-16.19.09:960][  0]LogMemory: Virtual Memory: 638.44 MB used,  9723.32 MB free, 134217728.00 MB total
[2017.10.11-16.19.10:086][  0]LogInit: Using OS detected language (en-US).
[2017.10.11-16.19.10:086][  0]LogInit: Using OS detected locale (en-US).
[2017.10.11-16.19.10:090][  0]LogTextLocalizationManager: No specific localization for 'en-US' exists, so the 'en' localization will be used.
[2017.10.11-16.19.11:550][  0]LogD3D11RHI: D3D11 adapters:
[2017.10.11-16.19.12:336][  0]LogD3D11RHI:    0. 'NVIDIA GeForce GTX 970' (Feature Level 11_0)
[2017.10.11-16.19.12:336][  0]LogD3D11RHI:       4058/0/8170 MB DedicatedVideo/DedicatedSystem/SharedSystem, Outputs:3, VendorId:0x10de
[2017.10.11-16.19.12:338][  0]LogD3D11RHI:    1. 'Microsoft Basic Render Driver' (Feature Level 11_0)
[2017.10.11-16.19.12:338][  0]LogD3D11RHI:       0/0/8170 MB DedicatedVideo/DedicatedSystem/SharedSystem, Outputs:0, VendorId:0x1414
[2017.10.11-16.19.12:338][  0]LogD3D11RHI: Chosen D3D11 Adapter: 0
[2017.10.11-16.19.12:351][  0]LogD3D11RHI: Creating new Direct3DDevice
[2017.10.11-16.19.12:351][  0]LogD3D11RHI:     GPU DeviceId: 0x13c2 (for the marketing name, search the web for "GPU Device Id")
[2017.10.11-16.19.12:351][  0]LogWindows: EnumDisplayDevices:
[2017.10.11-16.19.12:351][  0]LogWindows:    0. 'NVIDIA GeForce GTX 970' (P:0 D:1)
[2017.10.11-16.19.12:351][  0]LogWindows:    1. 'NVIDIA GeForce GTX 970' (P:1 D:1)
[2017.10.11-16.19.12:351][  0]LogWindows:    2. 'NVIDIA GeForce GTX 970' (P:0 D:1)
[2017.10.11-16.19.12:352][  0]LogWindows:    3. 'NVIDIA GeForce GTX 970' (P:0 D:0)
[2017.10.11-16.19.12:352][  0]LogWindows: DebugString: FoundDriverCount:4 
[2017.10.11-16.19.12:352][  0]LogD3D11RHI:     Adapter Name: NVIDIA GeForce GTX 970
[2017.10.11-16.19.12:352][  0]LogD3D11RHI:   Driver Version: 384.76 (internal:22.21.13.8476, unified:384.76)
[2017.10.11-16.19.12:352][  0]LogD3D11RHI:      Driver Date: 6-27-2017
[2017.10.11-16.19.12:352][  0]LogRHI: Texture pool is 1361 MB (70% of 1945 MB)
[2017.10.11-16.19.13:089][  0]LogD3D11RHI: Async texture creation enabled
[2017.10.11-16.19.13:148][  0]LogD3D11RHI: GPU Timing Frequency: 1000.000000 (Debug: 2 1)
[2017.10.11-16.19.13:198][  0]LogShaderCompilers: Guid format shader working directory is 25 characters bigger than the processId version (D:/Alex/UnrealProjects/sep6/Intermediate/Shaders/WorkingDirectory/36656/).
[2017.10.11-16.19.13:199][  0]LogShaderCompilers: Cleaned the shader compiler working directory 'C:/Users/Alex Desktop/AppData/Local/Temp/UnrealShaderWorkingDir/633120094DF7962A191F7E9F54F2A66E/'.
[2017.10.11-16.19.13:199][  0]LogShaderCompilers:Display: Using Local Shader Compiler.
[2017.10.11-16.19.15:011][  0]LogTemp:Display: Loaded TP AllDesktopTargetPlatform
[2017.10.11-16.19.15:105][  0]LogTemp:Display: Loaded TP MacClientTargetPlatform
[2017.10.11-16.19.15:205][  0]LogTemp:Display: Loaded TP MacNoEditorTargetPlatform
[2017.10.11-16.19.15:312][  0]LogTemp:Display: Loaded TP MacServerTargetPlatform
[2017.10.11-16.19.15:404][  0]LogTemp:Display: Loaded TP MacTargetPlatform
[2017.10.11-16.19.15:499][  0]LogTemp:Display: Loaded TP WindowsClientTargetPlatform
[2017.10.11-16.19.15:584][  0]LogTemp:Display: Loaded TP WindowsNoEditorTargetPlatform
[2017.10.11-16.19.15:691][  0]LogTemp:Display: Loaded TP WindowsServerTargetPlatform
[2017.10.11-16.19.15:768][  0]LogTemp:Display: Loaded TP WindowsTargetPlatform
[2017.10.11-16.19.15:882][  0]LogTemp:Display: Loaded TP AndroidTargetPlatform
[2017.10.11-16.19.15:980][  0]LogTemp:Display: Loaded TP Android_ASTCTargetPlatform
[2017.10.11-16.19.16:057][  0]LogTemp:Display: Loaded TP Android_ATCTargetPlatform
[2017.10.11-16.19.16:125][  0]LogTemp:Display: Loaded TP Android_DXTTargetPlatform
[2017.10.11-16.19.16:203][  0]LogTemp:Display: Loaded TP Android_ETC1TargetPlatform
[2017.10.11-16.19.16:288][  0]LogTemp:Display: Loaded TP Android_ETC2TargetPlatform
[2017.10.11-16.19.16:478][  0]LogTemp:Display: Loaded TP Android_MultiTargetPlatform
[2017.10.11-16.19.16:478][  0]LogTemp:Display: Loaded TP Android_PVRTCTargetPlatform
[2017.10.11-16.19.16:561][  0]LogTemp:Display: Loaded TP HTML5TargetPlatform
[2017.10.11-16.19.16:721][  0]LogTemp:Display: Loaded TP IOSTargetPlatform
[2017.10.11-16.19.16:772][  0]LogTemp:Display: Loaded TP TVOSTargetPlatform
[2017.10.11-16.19.16:860][  0]LogTemp:Display: Loaded TP LinuxClientTargetPlatform
[2017.10.11-16.19.16:955][  0]LogTemp:Display: Loaded TP LinuxNoEditorTargetPlatform
[2017.10.11-16.19.17:050][  0]LogTemp:Display: Loaded TP LinuxServerTargetPlatform
[2017.10.11-16.19.17:144][  0]LogTemp:Display: Loaded TP LinuxTargetPlatform
[2017.10.11-16.19.17:144][  0]LogTargetPlatformManager:Display: Building Assets For Windows
[2017.10.11-16.19.18:024][  0]LogDerivedDataCache:Display: Max Cache Size: 512 MB
[2017.10.11-16.19.18:164][  0]LogDerivedDataCache: Loaded boot cache 0.14s 90MB C:/Users/Alex Desktop/AppData/Local/UnrealEngine/4.16/DerivedDataCache/Boot.ddc.
[2017.10.11-16.19.18:164][  0]LogDerivedDataCache:Display: Loaded Boot cache: C:/Users/Alex Desktop/AppData/Local/UnrealEngine/4.16/DerivedDataCache/Boot.ddc
[2017.10.11-16.19.18:164][  0]LogDerivedDataCache: FDerivedDataBackendGraph:  Pak pak cache file D:/Alex/UnrealProjects/sep6/DerivedDataCache/DDC.ddp not found, will not use a pak cache.
[2017.10.11-16.19.18:164][  0]LogDerivedDataCache: Unable to find inner node Pak for hierarchical cache Hierarchy.
[2017.10.11-16.19.18:164][  0]LogDerivedDataCache: FDerivedDataBackendGraph:  CompressedPak pak cache file D:/Alex/UnrealProjects/sep6/DerivedDataCache/Compressed.ddp not found, will not use a pak cache.
[2017.10.11-16.19.18:164][  0]LogDerivedDataCache: Unable to find inner node CompressedPak for hierarchical cache Hierarchy.
[2017.10.11-16.19.18:191][  0]LogDerivedDataCache:Display: Pak cache opened for reading ../../../Engine/DerivedDataCache/Compressed.ddp.
[2017.10.11-16.19.18:203][  0]LogDerivedDataCache: Using Local data cache path C:/Users/Alex Desktop/AppData/Local/UnrealEngine/Common/DerivedDataCache: Writable
[2017.10.11-16.19.18:220][  0]LogMaterial: Verifying Global Shaders for PCD3D_SM5
[2017.10.11-16.19.18:221][  0]LogSlate: Using Freetype 2.6.0
[2017.10.11-16.19.18:222][  0]LogSlate: SlateFontCache - WITH_FREETYPE: 1, WITH_HARFBUZZ: 1
[2017.10.11-16.19.18:222][  0]LogSlate: SlateFontCache - WITH_FREETYPE: 1, WITH_HARFBUZZ: 1
[2017.10.11-16.19.18:806][  0]LogInit: Selected Device Profile: [Windows]
[2017.10.11-16.19.18:912][  0]LogContentStreaming: Texture pool size is 0.00 MB
[2017.10.11-16.19.19:192][  0]LogMeshUtilities: Using QuadricMeshReduction for automatic static mesh reduction
[2017.10.11-16.19.19:271][  0]LogSimplygon: Simplygon DLL not present - disabling.
[2017.10.11-16.19.19:359][  0]LogMeshUtilities: Using SimplygonSwarm for distributed automatic mesh merging
[2017.10.11-16.19.19:359][  0]LogMeshUtilities: No automatic skeletal mesh reduction module available
[2017.10.11-16.19.19:359][  0]LogMeshUtilities: No automatic mesh merging module available
[2017.10.11-16.19.20:273][  0]LogNetVersion: sep6 , NetCL: 3452394, EngineNetVer: 2, GameNetVer: 0 (Checksum: 1248976798)
[2017.10.11-16.19.20:362][  0]LogAssetRegistry: FAssetRegistry took 0.0267 seconds to start up
[2017.10.11-16.19.20:462][  0]LogPackageLocalizationCache: Processed 4 localized package path(s) for 2 prioritized culture(s) in 0.051912 seconds
[2017.10.11-16.19.20:472][  0]LogUObjectArray: 34194 objects as part of root set at end of initial load.
[2017.10.11-16.19.20:472][  0]LogUObjectAllocator: 7260424 out of 0 bytes used by permanent object pool.
[2017.10.11-16.19.20:472][  0]LogUObjectArray: CloseDisregardForGC: 0/0 objects in disregard for GC pool
[2017.10.11-16.19.20:592][  0]LogInit: WinSock: version 1.1 (2.2), MaxSocks=32767, MaxUdp=65467
[2017.10.11-16.19.24:516][  0]LogTcpMessaging: Initializing TcpMessaging bridge
[2017.10.11-16.19.24:575][  0]LogUdpMessaging: Initializing bridge on interface 0.0.0.0:0 to multicast group 230.0.0.1:6666.
[2017.10.11-16.19.25:424][  0]LogMaterial: Uniform references updated for custom material expression Custom.
[2017.10.11-16.19.26:101][  0]SourceControl: Info Source control is disabled
[2017.10.11-16.19.26:150][  0]SourceControl: Info Source control is disabled
[2017.10.11-16.19.26:237][  0]SourceControl: Info Source control is disabled
[2017.10.11-16.19.26:760][  0]LogLinker:Warning: Can't find file '/Game/FirstPersonBP/FirstPersonOverview'
[2017.10.11-16.19.26:760][  0]LogLinker:Warning: Can't find file '/Game/FirstPersonBP/FirstPersonOverview'
[2017.10.11-16.19.26:760][  0]LogUObjectGlobals:Warning: Failed to find object 'Class /Game/FirstPersonBP/FirstPersonOverview.FirstPersonOverview_C'
[2017.10.11-16.19.27:513][  0]LogAndroidPermission: UAndroidPermissionCallbackProxy::GetInstance
[2017.10.11-16.19.28:500][  0]LogEngine: Initializing Engine...
[2017.10.11-16.19.28:514][  0]LogHMD: Failed to initialize OpenVR with code 108
[2017.10.11-16.19.28:822][  0]LogStats: UGameplayTagsManager::ConstructGameplayTagTree: Construct from data asset -  0.000 s
[2017.10.11-16.19.28:823][  0]LogStats: UGameplayTagsManager::ConstructGameplayTagTree: GameplayTagTreeChangedEvent.Broadcast -  0.000 s
[2017.10.11-16.19.29:046][  0]LogAIModule: Creating AISystem for world Untitled
[2017.10.11-16.19.29:072][  0]LogInit: XAudio2 using 'Back of PC (VIA HD Audio)' : 2 channels at 48 kHz using 32 bits per sample (channel mask 0x3)
[2017.10.11-16.19.29:095][  0]LogInit: FAudioDevice initialized.
[2017.10.11-16.19.29:149][  0]LogDerivedDataCache: Saved boot cache 0.05s 90MB C:/Users/Alex Desktop/AppData/Local/UnrealEngine/4.16/DerivedDataCache/Boot.ddc.
[2017.10.11-16.19.29:174][  0]LogInit: Texture streaming: Enabled
[2017.10.11-16.19.29:329][  0]LogEngineSessionManager: EngineSessionManager initialized
[2017.10.11-16.19.29:702][  0]LogInit: Transaction tracking system initialized
[2017.10.11-16.19.30:252][  0]BlueprintLog: New page: Editor Load
[2017.10.11-16.19.31:880][  0]LocalizationService: Info Localization service is disabled
[2017.10.11-16.19.33:040][  0]LogConsoleResponse:Display: 
[2017.10.11-16.19.33:261][  0]LogCook:Display: Max memory allowance for cook 16384mb min free memory 0mb
[2017.10.11-16.19.33:261][  0]LogCook:Display: Mobile HDR setting 1
[2017.10.11-16.19.34:518][  0]LogFileCache: Scanning file cache for directory 'D:/Alex/UnrealProjects/sep6/Content/' took 0.02s
[2017.10.11-16.19.35:218][  0]LogSourceControl: Attempting "svn info --xml "D:/Alex/UnrealProjects/sep6/" --non-interactive --trust-server-cert --password ********"
[2017.10.11-16.19.35:430][  0]LogSourceControl: Unable to detect system-level svn binary.
[2017.10.11-16.19.35:430][  0]LogSourceControl: Using path C:/Program Files/Epic Games/UE_4.16/Engine/Binaries/ThirdParty/svn/Win64/svn.exe for svn operations
[2017.10.11-16.19.35:456][  0]SourceControl:Warning: Warning svn: E155007: 'D:\Alex\UnrealProjects\sep6' is not a working copy
[2017.10.11-16.19.35:456][  0]SourceControl:Warning: Warning Failed to connect to repository 
[2017.10.11-16.19.35:456][  0]Cmd: MAP LOAD FILE="D:/Alex/UnrealProjects/sep6/Content/MainMenu.umap" TEMPLATE=0 SHOWPROGRESS=1 FEATURELEVEL=3
[2017.10.11-16.19.35:520][  0]LogSlate: Took 0.000278 seconds to synchronously load lazily loaded font '../../../Engine/Content/Slate/Fonts/Roboto-Regular.ttf' (155K)
[2017.10.11-16.19.35:545][  0]LogWindowsTextInputMethodSystem:Display: IME system now deactivated.
[2017.10.11-16.19.37:775][  0]LogWindowsTextInputMethodSystem:Display: IME system now deactivated.
[2017.10.11-16.19.37:779][  0]LightingResults: New page: Lighting Build
[2017.10.11-16.19.37:855][  0]MapCheck: New page: Map Check
[2017.10.11-16.19.37:855][  0]LightingResults: New page: Lighting Build
[2017.10.11-16.19.37:879][  0]LogAIModule: Creating AISystem for world Untitled
[2017.10.11-16.19.37:890][  0]LoadErrors: New page: New Map
[2017.10.11-16.19.37:975][  0]LogWindowsTextInputMethodSystem:Display: IME system now deactivated.
[2017.10.11-16.19.38:116][  0]LogSourceControl: Attempting "svn info "D:/Alex/UnrealProjects/sep6/" --xml --non-interactive --trust-server-cert --password ********"
[2017.10.11-16.19.38:117][  0]LogCollectionManager: Loaded 0 collections in 0.001735 seconds
[2017.10.11-16.19.38:233][  0]LogFileCache: Scanning file cache for directory 'D:/Alex/UnrealProjects/sep6/Saved/Collections/' took 0.01s
[2017.10.11-16.19.38:233][  0]LogFileCache: Scanning file cache for directory 'D:/Alex/UnrealProjects/sep6/Content/Developers/AlexDesktop/Collections/' took 0.01s
[2017.10.11-16.19.38:233][  0]LogFileCache: Scanning file cache for directory 'D:/Alex/UnrealProjects/sep6/Content/Collections/' took 0.01s
[2017.10.11-16.19.38:233][  0]LogCollectionManager: Rebuilt the GUID cache for 0 collections in 0.000002 seconds
[2017.10.11-16.19.38:247][  0]LogContentBrowser: Native class hierarchy populated in 0.0130 seconds. Added 2329 classes and 491 folders.
[2017.10.11-16.19.38:359][  0]LogContentBrowser: Native class hierarchy updated for 'WidgetCarousel' in 0.0009 seconds. Added 0 classes and 0 folders.
[2017.10.11-16.19.38:419][  0]LogContentBrowser: Native class hierarchy updated for 'AddContentDialog' in 0.0010 seconds. Added 0 classes and 0 folders.
[2017.10.11-16.19.38:488][  0]LogContentBrowser: Native class hierarchy updated for 'SceneOutliner' in 0.0008 seconds. Added 1 classes and 2 folders.
[2017.10.11-16.19.38:612][  0]LogCrashTracker: Crashtracker disabled due to settings.
[2017.10.11-16.19.38:621][  0]LogSlate: Took 0.000222 seconds to synchronously load lazily loaded font '../../../Engine/Content/Slate/Fonts/Roboto-Bold.ttf' (160K)
[2017.10.11-16.19.38:629][  0]LogSlate: Took 0.000229 seconds to synchronously load lazily loaded font '../../../Engine/Content/Editor/Slate/Fonts/FontAwesome.ttf' (139K)
[2017.10.11-16.19.38:813][  0]LogRenderer: Reallocating scene render targets to support 1208x600 NumSamples 1 (Frame:1).
[2017.10.11-16.19.38:936][  0]LogUObjectGlobals:Warning: Failed to find object 'Class None.'
[2017.10.11-16.19.39:030][  0]LogContentBrowser: Native class hierarchy updated for 'HierarchicalLODOutliner' in 0.0010 seconds. Added 1 classes and 2 folders.
[2017.10.11-16.19.39:031][  0]LogLoad: (Engine Initialization) Total time: 31.60 seconds
[2017.10.11-16.19.39:031][  0]LogLoad: (Engine Initialization) Total Blueprint compile time: 0.09 seconds
[2017.10.11-16.19.39:031][  0]LogExternalProfiler: No external profilers were discovered.  External profiling features will not be available.
[2017.10.11-16.19.39:041][  0]LogOcInput: OculusInput pre-init called
[2017.10.11-16.19.39:041][  0]LogHMD: Starting GearVRController plugin
[2017.10.11-16.19.39:060][  0]SourceControl:Error: Error svn: E155007: 'D:\Alex\UnrealProjects\sep6' is not a working copy
[2017.10.11-16.19.39:060][  0]LogContentStreaming: Texture pool size now 1000 MB
[2017.10.11-16.19.39:088][  0]LogSlate: Took 0.000229 seconds to synchronously load lazily loaded font '../../../Engine/Content/Slate/Fonts/Roboto-Light.ttf' (159K)
[2017.10.11-16.19.39:111][  1]LogAssetRegistry: Asset discovery search completed in 18.7708 seconds
[2017.10.11-16.19.39:114][  1]LogCollectionManager: Rebuilt the object cache for 0 collections in 0.000001 seconds (found 0 objects)
[2017.10.11-16.19.39:114][  1]LogCollectionManager: Fixed up redirectors for 0 collections in 0.000104 seconds (updated 0 objects)
[2017.10.11-16.19.46:289][ 38]LogSourceControl: Attempting "svn status --show-updates --verbose --xml "" --non-interactive --trust-server-cert --password ********"
[2017.10.11-16.19.46:610][ 38]SourceControl: Info svn: warning: W155007: 'C:\Program Files\Epic Games\UE_4.16\Engine\Binaries\Win64' is not a working copy
